2025-02-17 16:07:19.023 [warning] Via 'product.json#extensionEnabledApiProposals' extension 'ms-vscode.vscode-selfhost-test-provider' wants API proposal 'attributableCoverage' but that proposal DOES NOT EXIST. Likely, the proposal has been finalized (check 'vscode.d.ts') or was abandoned.
2025-02-17 16:07:19.024 [warning] Via 'product.json#extensionEnabledApiProposals' extension 'ms-python.python' wants API proposal 'contribIssueReporter' but that proposal DOES NOT EXIST. Likely, the proposal has been finalized (check 'vscode.d.ts') or was abandoned.
2025-02-17 16:07:19.024 [warning] Via 'product.json#extensionEnabledApiProposals' extension 'ms-python.debugpy' wants API proposal 'contribIssueReporter' but that proposal DOES NOT EXIST. Likely, the proposal has been finalized (check 'vscode.d.ts') or was abandoned.
2025-02-17 16:07:19.024 [warning] Via 'product.json#extensionEnabledApiProposals' extension 'redhat.java' wants API proposal 'documentPaste' but that proposal DOES NOT EXIST. Likely, the proposal has been finalized (check 'vscode.d.ts') or was abandoned.
2025-02-17 16:07:19.792 [info] Started local extension host with pid 4578.
2025-02-17 16:07:20.518 [warning] [REditorSupport.r]: Cannot register 'r.rpath.windows'. This property is already registered.
2025-02-17 16:07:20.518 [warning] [REditorSupport.r]: Cannot register 'r.rpath.mac'. This property is already registered.
2025-02-17 16:07:20.519 [warning] [REditorSupport.r]: Cannot register 'r.rpath.linux'. This property is already registered.
2025-02-17 16:07:23.254 [info] Settings Sync: Token updated for the account juanluserra
2025-02-17 16:07:23.468 [info] Settings Sync: Account status changed from uninitialized to available
2025-02-17 16:07:24.660 [warning] Authentication provider sqltools-driver-credentials was not declared in the Extension Manifest.
2025-02-17 16:07:24.901 [info] [perf] Render performance baseline is 50ms
2025-02-17 16:07:31.698 [warning] Authentication provider gitlab was not declared in the Extension Manifest.
2025-02-17 16:07:51.461 [warning] Via 'product.json#extensionEnabledApiProposals' extension 'ms-vscode.vscode-selfhost-test-provider' wants API proposal 'attributableCoverage' but that proposal DOES NOT EXIST. Likely, the proposal has been finalized (check 'vscode.d.ts') or was abandoned.
2025-02-17 16:07:51.461 [warning] Via 'product.json#extensionEnabledApiProposals' extension 'ms-python.python' wants API proposal 'contribIssueReporter' but that proposal DOES NOT EXIST. Likely, the proposal has been finalized (check 'vscode.d.ts') or was abandoned.
2025-02-17 16:07:51.461 [warning] Via 'product.json#extensionEnabledApiProposals' extension 'ms-python.debugpy' wants API proposal 'contribIssueReporter' but that proposal DOES NOT EXIST. Likely, the proposal has been finalized (check 'vscode.d.ts') or was abandoned.
2025-02-17 16:07:51.463 [warning] Via 'product.json#extensionEnabledApiProposals' extension 'redhat.java' wants API proposal 'documentPaste' but that proposal DOES NOT EXIST. Likely, the proposal has been finalized (check 'vscode.d.ts') or was abandoned.
2025-02-17 16:07:51.805 [info] Started local extension host with pid 5319.
2025-02-17 16:07:52.880 [warning] [REditorSupport.r]: Cannot register 'r.rpath.windows'. This property is already registered.
2025-02-17 16:07:52.881 [warning] [REditorSupport.r]: Cannot register 'r.rpath.mac'. This property is already registered.
2025-02-17 16:07:52.881 [warning] [REditorSupport.r]: Cannot register 'r.rpath.linux'. This property is already registered.
2025-02-17 16:07:53.981 [warning] Authentication provider sqltools-driver-credentials was not declared in the Extension Manifest.
2025-02-17 16:07:53.984 [info] Settings Sync: Token updated for the account juanluserra
2025-02-17 16:07:54.036 [info] Settings Sync: Account status changed from uninitialized to available
2025-02-17 16:07:55.355 [info] [perf] Render performance baseline is 77ms
2025-02-17 16:07:58.868 [warning] Authentication provider gitlab was not declared in the Extension Manifest.
2025-02-17 16:08:25.288 [warning] Via 'product.json#extensionEnabledApiProposals' extension 'ms-vscode.vscode-selfhost-test-provider' wants API proposal 'attributableCoverage' but that proposal DOES NOT EXIST. Likely, the proposal has been finalized (check 'vscode.d.ts') or was abandoned.
2025-02-17 16:08:25.289 [warning] Via 'product.json#extensionEnabledApiProposals' extension 'ms-python.python' wants API proposal 'contribIssueReporter' but that proposal DOES NOT EXIST. Likely, the proposal has been finalized (check 'vscode.d.ts') or was abandoned.
2025-02-17 16:08:25.289 [warning] Via 'product.json#extensionEnabledApiProposals' extension 'ms-python.debugpy' wants API proposal 'contribIssueReporter' but that proposal DOES NOT EXIST. Likely, the proposal has been finalized (check 'vscode.d.ts') or was abandoned.
2025-02-17 16:08:25.289 [warning] Via 'product.json#extensionEnabledApiProposals' extension 'redhat.java' wants API proposal 'documentPaste' but that proposal DOES NOT EXIST. Likely, the proposal has been finalized (check 'vscode.d.ts') or was abandoned.
2025-02-17 16:08:25.645 [info] Started local extension host with pid 5825.
2025-02-17 16:08:26.752 [warning] [REditorSupport.r]: Cannot register 'r.rpath.windows'. This property is already registered.
2025-02-17 16:08:26.753 [warning] [REditorSupport.r]: Cannot register 'r.rpath.mac'. This property is already registered.
2025-02-17 16:08:26.753 [warning] [REditorSupport.r]: Cannot register 'r.rpath.linux'. This property is already registered.
2025-02-17 16:08:27.739 [warning] Authentication provider sqltools-driver-credentials was not declared in the Extension Manifest.
2025-02-17 16:08:28.118 [info] Settings Sync: Token updated for the account juanluserra
2025-02-17 16:08:28.211 [info] Settings Sync: Account status changed from uninitialized to available
2025-02-17 16:08:31.029 [info] [perf] Render performance baseline is 74ms
2025-02-17 16:08:31.874 [info] Extension host (LocalProcess pid: 5825) is unresponsive.
2025-02-17 16:08:33.082 [info] UNRESPONSIVE extension host: starting to profile NOW
2025-02-17 16:08:33.727 [info] Extension host (LocalProcess pid: 5825) is responsive.
2025-02-17 16:08:33.727 [info] UNRESPONSIVE extension host: received responsive event and cancelling profiling session
2025-02-17 16:08:35.485 [warning] Authentication provider gitlab was not declared in the Extension Manifest.
2025-02-17 16:08:49.331 [error] Illegal value for lineNumber: Error: Illegal value for lineNumber
    at bf.getLineMaxColumn (vscode-file://vscode-app/usr/share/code/resources/app/out/vs/workbench/workbench.desktop.main.js:252:112)
    at ka.getBottomForLineNumber (vscode-file://vscode-app/usr/share/code/resources/app/out/vs/workbench/workbench.desktop.main.js:261:1594)
    at Q0.findScrollWidgetState (vscode-file://vscode-app/usr/share/code/resources/app/out/vs/workbench/workbench.desktop.main.js:452:33539)
    at Q0.fb (vscode-file://vscode-app/usr/share/code/resources/app/out/vs/workbench/workbench.desktop.main.js:452:32821)
    at async Q0.db (vscode-file://vscode-app/usr/share/code/resources/app/out/vs/workbench/workbench.desktop.main.js:452:32307)
2025-02-17 16:08:52.709 [error] Illegal value for lineNumber: Error: Illegal value for lineNumber
    at bf.getLineMaxColumn (vscode-file://vscode-app/usr/share/code/resources/app/out/vs/workbench/workbench.desktop.main.js:252:112)
    at ka.getBottomForLineNumber (vscode-file://vscode-app/usr/share/code/resources/app/out/vs/workbench/workbench.desktop.main.js:261:1594)
    at Q0.findScrollWidgetState (vscode-file://vscode-app/usr/share/code/resources/app/out/vs/workbench/workbench.desktop.main.js:452:33539)
    at Q0.fb (vscode-file://vscode-app/usr/share/code/resources/app/out/vs/workbench/workbench.desktop.main.js:452:32821)
    at async Q0.db (vscode-file://vscode-app/usr/share/code/resources/app/out/vs/workbench/workbench.desktop.main.js:452:32307)
2025-02-17 16:09:56.194 [error] Illegal value for lineNumber: Error: Illegal value for lineNumber
    at bf.getLineMaxColumn (vscode-file://vscode-app/usr/share/code/resources/app/out/vs/workbench/workbench.desktop.main.js:252:112)
    at ka.getBottomForLineNumber (vscode-file://vscode-app/usr/share/code/resources/app/out/vs/workbench/workbench.desktop.main.js:261:1594)
    at Q0.findScrollWidgetState (vscode-file://vscode-app/usr/share/code/resources/app/out/vs/workbench/workbench.desktop.main.js:452:33539)
    at Q0.fb (vscode-file://vscode-app/usr/share/code/resources/app/out/vs/workbench/workbench.desktop.main.js:452:32821)
    at async Q0.db (vscode-file://vscode-app/usr/share/code/resources/app/out/vs/workbench/workbench.desktop.main.js:452:32307)
2025-02-17 16:09:59.645 [error] Illegal value for lineNumber: Error: Illegal value for lineNumber
    at bf.getLineMaxColumn (vscode-file://vscode-app/usr/share/code/resources/app/out/vs/workbench/workbench.desktop.main.js:252:112)
    at ka.getBottomForLineNumber (vscode-file://vscode-app/usr/share/code/resources/app/out/vs/workbench/workbench.desktop.main.js:261:1594)
    at Q0.findScrollWidgetState (vscode-file://vscode-app/usr/share/code/resources/app/out/vs/workbench/workbench.desktop.main.js:452:33539)
    at Q0.fb (vscode-file://vscode-app/usr/share/code/resources/app/out/vs/workbench/workbench.desktop.main.js:452:32821)
    at async Q0.db (vscode-file://vscode-app/usr/share/code/resources/app/out/vs/workbench/workbench.desktop.main.js:452:32307)
2025-02-17 16:10:23.911 [error] Illegal value for lineNumber: Error: Illegal value for lineNumber
    at bf.getLineMaxColumn (vscode-file://vscode-app/usr/share/code/resources/app/out/vs/workbench/workbench.desktop.main.js:252:112)
    at ka.getBottomForLineNumber (vscode-file://vscode-app/usr/share/code/resources/app/out/vs/workbench/workbench.desktop.main.js:261:1594)
    at Q0.findScrollWidgetState (vscode-file://vscode-app/usr/share/code/resources/app/out/vs/workbench/workbench.desktop.main.js:452:33539)
    at Q0.fb (vscode-file://vscode-app/usr/share/code/resources/app/out/vs/workbench/workbench.desktop.main.js:452:32821)
    at async Q0.db (vscode-file://vscode-app/usr/share/code/resources/app/out/vs/workbench/workbench.desktop.main.js:452:32307)
2025-02-17 16:10:35.982 [error] Illegal value for lineNumber: Error: Illegal value for lineNumber
    at bf.getLineMaxColumn (vscode-file://vscode-app/usr/share/code/resources/app/out/vs/workbench/workbench.desktop.main.js:252:112)
    at ka.getBottomForLineNumber (vscode-file://vscode-app/usr/share/code/resources/app/out/vs/workbench/workbench.desktop.main.js:261:1594)
    at Q0.findScrollWidgetState (vscode-file://vscode-app/usr/share/code/resources/app/out/vs/workbench/workbench.desktop.main.js:452:33539)
    at Q0.fb (vscode-file://vscode-app/usr/share/code/resources/app/out/vs/workbench/workbench.desktop.main.js:452:32821)
    at async Q0.db (vscode-file://vscode-app/usr/share/code/resources/app/out/vs/workbench/workbench.desktop.main.js:452:32307)
2025-02-17 16:10:40.287 [error] Illegal value for lineNumber: Error: Illegal value for lineNumber
    at bf.getLineMaxColumn (vscode-file://vscode-app/usr/share/code/resources/app/out/vs/workbench/workbench.desktop.main.js:252:112)
    at ka.getBottomForLineNumber (vscode-file://vscode-app/usr/share/code/resources/app/out/vs/workbench/workbench.desktop.main.js:261:1594)
    at Q0.findScrollWidgetState (vscode-file://vscode-app/usr/share/code/resources/app/out/vs/workbench/workbench.desktop.main.js:452:33539)
    at Q0.fb (vscode-file://vscode-app/usr/share/code/resources/app/out/vs/workbench/workbench.desktop.main.js:452:32821)
    at async Q0.db (vscode-file://vscode-app/usr/share/code/resources/app/out/vs/workbench/workbench.desktop.main.js:452:32307)
2025-02-17 16:11:52.943 [error] Illegal value for lineNumber: Error: Illegal value for lineNumber
    at bf.getLineMaxColumn (vscode-file://vscode-app/usr/share/code/resources/app/out/vs/workbench/workbench.desktop.main.js:252:112)
    at ka.getBottomForLineNumber (vscode-file://vscode-app/usr/share/code/resources/app/out/vs/workbench/workbench.desktop.main.js:261:1594)
    at Q0.findScrollWidgetState (vscode-file://vscode-app/usr/share/code/resources/app/out/vs/workbench/workbench.desktop.main.js:452:33539)
    at Q0.fb (vscode-file://vscode-app/usr/share/code/resources/app/out/vs/workbench/workbench.desktop.main.js:452:32821)
    at async Q0.db (vscode-file://vscode-app/usr/share/code/resources/app/out/vs/workbench/workbench.desktop.main.js:452:32307)
2025-02-17 16:11:54.817 [error] Illegal value for lineNumber: Error: Illegal value for lineNumber
    at bf.getLineMaxColumn (vscode-file://vscode-app/usr/share/code/resources/app/out/vs/workbench/workbench.desktop.main.js:252:112)
    at ka.getBottomForLineNumber (vscode-file://vscode-app/usr/share/code/resources/app/out/vs/workbench/workbench.desktop.main.js:261:1594)
    at Q0.findScrollWidgetState (vscode-file://vscode-app/usr/share/code/resources/app/out/vs/workbench/workbench.desktop.main.js:452:33539)
    at Q0.fb (vscode-file://vscode-app/usr/share/code/resources/app/out/vs/workbench/workbench.desktop.main.js:452:32821)
    at async Q0.db (vscode-file://vscode-app/usr/share/code/resources/app/out/vs/workbench/workbench.desktop.main.js:452:32307)
2025-02-17 16:11:57.289 [error] Illegal value for lineNumber: Error: Illegal value for lineNumber
    at bf.getLineMaxColumn (vscode-file://vscode-app/usr/share/code/resources/app/out/vs/workbench/workbench.desktop.main.js:252:112)
    at ka.getBottomForLineNumber (vscode-file://vscode-app/usr/share/code/resources/app/out/vs/workbench/workbench.desktop.main.js:261:1594)
    at Q0.findScrollWidgetState (vscode-file://vscode-app/usr/share/code/resources/app/out/vs/workbench/workbench.desktop.main.js:452:33539)
    at Q0.fb (vscode-file://vscode-app/usr/share/code/resources/app/out/vs/workbench/workbench.desktop.main.js:452:32821)
    at async Q0.db (vscode-file://vscode-app/usr/share/code/resources/app/out/vs/workbench/workbench.desktop.main.js:452:32307)
2025-02-17 16:12:04.849 [error] Illegal value for lineNumber: Error: Illegal value for lineNumber
    at bf.getLineMaxColumn (vscode-file://vscode-app/usr/share/code/resources/app/out/vs/workbench/workbench.desktop.main.js:252:112)
    at ka.getBottomForLineNumber (vscode-file://vscode-app/usr/share/code/resources/app/out/vs/workbench/workbench.desktop.main.js:261:1594)
    at Q0.findScrollWidgetState (vscode-file://vscode-app/usr/share/code/resources/app/out/vs/workbench/workbench.desktop.main.js:452:33539)
    at Q0.fb (vscode-file://vscode-app/usr/share/code/resources/app/out/vs/workbench/workbench.desktop.main.js:452:32821)
    at async Q0.db (vscode-file://vscode-app/usr/share/code/resources/app/out/vs/workbench/workbench.desktop.main.js:452:32307)
2025-02-17 16:12:05.894 [error] Illegal value for lineNumber: Error: Illegal value for lineNumber
    at bf.getLineMaxColumn (vscode-file://vscode-app/usr/share/code/resources/app/out/vs/workbench/workbench.desktop.main.js:252:112)
    at ka.getBottomForLineNumber (vscode-file://vscode-app/usr/share/code/resources/app/out/vs/workbench/workbench.desktop.main.js:261:1594)
    at Q0.findScrollWidgetState (vscode-file://vscode-app/usr/share/code/resources/app/out/vs/workbench/workbench.desktop.main.js:452:33539)
    at Q0.fb (vscode-file://vscode-app/usr/share/code/resources/app/out/vs/workbench/workbench.desktop.main.js:452:32821)
    at async Q0.db (vscode-file://vscode-app/usr/share/code/resources/app/out/vs/workbench/workbench.desktop.main.js:452:32307)
2025-02-17 16:12:39.142 [error] Illegal value for lineNumber: Error: Illegal value for lineNumber
    at bf.getLineMaxColumn (vscode-file://vscode-app/usr/share/code/resources/app/out/vs/workbench/workbench.desktop.main.js:252:112)
    at ka.getBottomForLineNumber (vscode-file://vscode-app/usr/share/code/resources/app/out/vs/workbench/workbench.desktop.main.js:261:1594)
    at Q0.findScrollWidgetState (vscode-file://vscode-app/usr/share/code/resources/app/out/vs/workbench/workbench.desktop.main.js:452:33539)
    at Q0.fb (vscode-file://vscode-app/usr/share/code/resources/app/out/vs/workbench/workbench.desktop.main.js:452:32821)
    at async Q0.db (vscode-file://vscode-app/usr/share/code/resources/app/out/vs/workbench/workbench.desktop.main.js:452:32307)
2025-02-17 16:12:41.012 [error] Illegal value for lineNumber: Error: Illegal value for lineNumber
    at bf.getLineMaxColumn (vscode-file://vscode-app/usr/share/code/resources/app/out/vs/workbench/workbench.desktop.main.js:252:112)
    at ka.getBottomForLineNumber (vscode-file://vscode-app/usr/share/code/resources/app/out/vs/workbench/workbench.desktop.main.js:261:1594)
    at Q0.findScrollWidgetState (vscode-file://vscode-app/usr/share/code/resources/app/out/vs/workbench/workbench.desktop.main.js:452:33539)
    at Q0.fb (vscode-file://vscode-app/usr/share/code/resources/app/out/vs/workbench/workbench.desktop.main.js:452:32821)
    at async Q0.db (vscode-file://vscode-app/usr/share/code/resources/app/out/vs/workbench/workbench.desktop.main.js:452:32307)
2025-02-17 16:12:43.064 [error] Illegal value for lineNumber: Error: Illegal value for lineNumber
    at bf.getLineMaxColumn (vscode-file://vscode-app/usr/share/code/resources/app/out/vs/workbench/workbench.desktop.main.js:252:112)
    at ka.getBottomForLineNumber (vscode-file://vscode-app/usr/share/code/resources/app/out/vs/workbench/workbench.desktop.main.js:261:1594)
    at Q0.findScrollWidgetState (vscode-file://vscode-app/usr/share/code/resources/app/out/vs/workbench/workbench.desktop.main.js:452:33539)
    at Q0.fb (vscode-file://vscode-app/usr/share/code/resources/app/out/vs/workbench/workbench.desktop.main.js:452:32821)
    at async Q0.db (vscode-file://vscode-app/usr/share/code/resources/app/out/vs/workbench/workbench.desktop.main.js:452:32307)
2025-02-17 16:12:44.491 [error] Illegal value for lineNumber: Error: Illegal value for lineNumber
    at bf.getLineMaxColumn (vscode-file://vscode-app/usr/share/code/resources/app/out/vs/workbench/workbench.desktop.main.js:252:112)
    at ka.getBottomForLineNumber (vscode-file://vscode-app/usr/share/code/resources/app/out/vs/workbench/workbench.desktop.main.js:261:1594)
    at Q0.findScrollWidgetState (vscode-file://vscode-app/usr/share/code/resources/app/out/vs/workbench/workbench.desktop.main.js:452:33539)
    at Q0.fb (vscode-file://vscode-app/usr/share/code/resources/app/out/vs/workbench/workbench.desktop.main.js:452:32821)
    at async Q0.db (vscode-file://vscode-app/usr/share/code/resources/app/out/vs/workbench/workbench.desktop.main.js:452:32307)
2025-02-17 16:12:45.849 [error] Illegal value for lineNumber: Error: Illegal value for lineNumber
    at bf.getLineMaxColumn (vscode-file://vscode-app/usr/share/code/resources/app/out/vs/workbench/workbench.desktop.main.js:252:112)
    at ka.getBottomForLineNumber (vscode-file://vscode-app/usr/share/code/resources/app/out/vs/workbench/workbench.desktop.main.js:261:1594)
    at Q0.findScrollWidgetState (vscode-file://vscode-app/usr/share/code/resources/app/out/vs/workbench/workbench.desktop.main.js:452:33539)
    at Q0.fb (vscode-file://vscode-app/usr/share/code/resources/app/out/vs/workbench/workbench.desktop.main.js:452:32821)
    at async Q0.db (vscode-file://vscode-app/usr/share/code/resources/app/out/vs/workbench/workbench.desktop.main.js:452:32307)
2025-02-17 16:12:47.064 [error] Illegal value for lineNumber: Error: Illegal value for lineNumber
    at bf.getLineMaxColumn (vscode-file://vscode-app/usr/share/code/resources/app/out/vs/workbench/workbench.desktop.main.js:252:112)
    at ka.getBottomForLineNumber (vscode-file://vscode-app/usr/share/code/resources/app/out/vs/workbench/workbench.desktop.main.js:261:1594)
    at Q0.findScrollWidgetState (vscode-file://vscode-app/usr/share/code/resources/app/out/vs/workbench/workbench.desktop.main.js:452:33539)
    at Q0.fb (vscode-file://vscode-app/usr/share/code/resources/app/out/vs/workbench/workbench.desktop.main.js:452:32821)
    at async Q0.db (vscode-file://vscode-app/usr/share/code/resources/app/out/vs/workbench/workbench.desktop.main.js:452:32307)
2025-02-17 16:12:48.396 [error] Illegal value for lineNumber: Error: Illegal value for lineNumber
    at bf.getLineMaxColumn (vscode-file://vscode-app/usr/share/code/resources/app/out/vs/workbench/workbench.desktop.main.js:252:112)
    at ka.getBottomForLineNumber (vscode-file://vscode-app/usr/share/code/resources/app/out/vs/workbench/workbench.desktop.main.js:261:1594)
    at Q0.findScrollWidgetState (vscode-file://vscode-app/usr/share/code/resources/app/out/vs/workbench/workbench.desktop.main.js:452:33539)
    at Q0.fb (vscode-file://vscode-app/usr/share/code/resources/app/out/vs/workbench/workbench.desktop.main.js:452:32821)
    at async Q0.db (vscode-file://vscode-app/usr/share/code/resources/app/out/vs/workbench/workbench.desktop.main.js:452:32307)
2025-02-17 16:12:51.902 [error] Illegal value for lineNumber: Error: Illegal value for lineNumber
    at bf.getLineMaxColumn (vscode-file://vscode-app/usr/share/code/resources/app/out/vs/workbench/workbench.desktop.main.js:252:112)
    at ka.getBottomForLineNumber (vscode-file://vscode-app/usr/share/code/resources/app/out/vs/workbench/workbench.desktop.main.js:261:1594)
    at Q0.findScrollWidgetState (vscode-file://vscode-app/usr/share/code/resources/app/out/vs/workbench/workbench.desktop.main.js:452:33539)
    at Q0.fb (vscode-file://vscode-app/usr/share/code/resources/app/out/vs/workbench/workbench.desktop.main.js:452:32821)
    at async Q0.db (vscode-file://vscode-app/usr/share/code/resources/app/out/vs/workbench/workbench.desktop.main.js:452:32307)
2025-02-17 16:12:54.175 [error] Illegal value for lineNumber: Error: Illegal value for lineNumber
    at bf.getLineMaxColumn (vscode-file://vscode-app/usr/share/code/resources/app/out/vs/workbench/workbench.desktop.main.js:252:112)
    at ka.getBottomForLineNumber (vscode-file://vscode-app/usr/share/code/resources/app/out/vs/workbench/workbench.desktop.main.js:261:1594)
    at Q0.findScrollWidgetState (vscode-file://vscode-app/usr/share/code/resources/app/out/vs/workbench/workbench.desktop.main.js:452:33539)
    at Q0.fb (vscode-file://vscode-app/usr/share/code/resources/app/out/vs/workbench/workbench.desktop.main.js:452:32821)
    at async Q0.db (vscode-file://vscode-app/usr/share/code/resources/app/out/vs/workbench/workbench.desktop.main.js:452:32307)
2025-02-17 16:12:55.361 [error] Illegal value for lineNumber: Error: Illegal value for lineNumber
    at bf.getLineMaxColumn (vscode-file://vscode-app/usr/share/code/resources/app/out/vs/workbench/workbench.desktop.main.js:252:112)
    at ka.getBottomForLineNumber (vscode-file://vscode-app/usr/share/code/resources/app/out/vs/workbench/workbench.desktop.main.js:261:1594)
    at Q0.findScrollWidgetState (vscode-file://vscode-app/usr/share/code/resources/app/out/vs/workbench/workbench.desktop.main.js:452:33539)
    at Q0.fb (vscode-file://vscode-app/usr/share/code/resources/app/out/vs/workbench/workbench.desktop.main.js:452:32821)
    at async Q0.db (vscode-file://vscode-app/usr/share/code/resources/app/out/vs/workbench/workbench.desktop.main.js:452:32307)
2025-02-17 16:12:56.579 [error] Illegal value for lineNumber: Error: Illegal value for lineNumber
    at bf.getLineMaxColumn (vscode-file://vscode-app/usr/share/code/resources/app/out/vs/workbench/workbench.desktop.main.js:252:112)
    at ka.getBottomForLineNumber (vscode-file://vscode-app/usr/share/code/resources/app/out/vs/workbench/workbench.desktop.main.js:261:1594)
    at Q0.findScrollWidgetState (vscode-file://vscode-app/usr/share/code/resources/app/out/vs/workbench/workbench.desktop.main.js:452:33539)
    at Q0.fb (vscode-file://vscode-app/usr/share/code/resources/app/out/vs/workbench/workbench.desktop.main.js:452:32821)
    at async Q0.db (vscode-file://vscode-app/usr/share/code/resources/app/out/vs/workbench/workbench.desktop.main.js:452:32307)
2025-02-17 16:12:58.996 [error] Illegal value for lineNumber: Error: Illegal value for lineNumber
    at bf.getLineMaxColumn (vscode-file://vscode-app/usr/share/code/resources/app/out/vs/workbench/workbench.desktop.main.js:252:112)
    at ka.getBottomForLineNumber (vscode-file://vscode-app/usr/share/code/resources/app/out/vs/workbench/workbench.desktop.main.js:261:1594)
    at Q0.findScrollWidgetState (vscode-file://vscode-app/usr/share/code/resources/app/out/vs/workbench/workbench.desktop.main.js:452:33539)
    at Q0.fb (vscode-file://vscode-app/usr/share/code/resources/app/out/vs/workbench/workbench.desktop.main.js:452:32821)
    at async Q0.db (vscode-file://vscode-app/usr/share/code/resources/app/out/vs/workbench/workbench.desktop.main.js:452:32307)
2025-02-17 16:13:00.258 [error] Illegal value for lineNumber: Error: Illegal value for lineNumber
    at bf.getLineMaxColumn (vscode-file://vscode-app/usr/share/code/resources/app/out/vs/workbench/workbench.desktop.main.js:252:112)
    at ka.getBottomForLineNumber (vscode-file://vscode-app/usr/share/code/resources/app/out/vs/workbench/workbench.desktop.main.js:261:1594)
    at Q0.findScrollWidgetState (vscode-file://vscode-app/usr/share/code/resources/app/out/vs/workbench/workbench.desktop.main.js:452:33539)
    at Q0.fb (vscode-file://vscode-app/usr/share/code/resources/app/out/vs/workbench/workbench.desktop.main.js:452:32821)
    at async Q0.db (vscode-file://vscode-app/usr/share/code/resources/app/out/vs/workbench/workbench.desktop.main.js:452:32307)
2025-02-17 16:13:01.541 [error] Illegal value for lineNumber: Error: Illegal value for lineNumber
    at bf.getLineMaxColumn (vscode-file://vscode-app/usr/share/code/resources/app/out/vs/workbench/workbench.desktop.main.js:252:112)
    at ka.getBottomForLineNumber (vscode-file://vscode-app/usr/share/code/resources/app/out/vs/workbench/workbench.desktop.main.js:261:1594)
    at Q0.findScrollWidgetState (vscode-file://vscode-app/usr/share/code/resources/app/out/vs/workbench/workbench.desktop.main.js:452:33539)
    at Q0.fb (vscode-file://vscode-app/usr/share/code/resources/app/out/vs/workbench/workbench.desktop.main.js:452:32821)
    at async Q0.db (vscode-file://vscode-app/usr/share/code/resources/app/out/vs/workbench/workbench.desktop.main.js:452:32307)
2025-02-17 16:13:03.233 [error] Illegal value for lineNumber: Error: Illegal value for lineNumber
    at bf.getLineMaxColumn (vscode-file://vscode-app/usr/share/code/resources/app/out/vs/workbench/workbench.desktop.main.js:252:112)
    at ka.getBottomForLineNumber (vscode-file://vscode-app/usr/share/code/resources/app/out/vs/workbench/workbench.desktop.main.js:261:1594)
    at Q0.findScrollWidgetState (vscode-file://vscode-app/usr/share/code/resources/app/out/vs/workbench/workbench.desktop.main.js:452:33539)
    at Q0.fb (vscode-file://vscode-app/usr/share/code/resources/app/out/vs/workbench/workbench.desktop.main.js:452:32821)
    at async Q0.db (vscode-file://vscode-app/usr/share/code/resources/app/out/vs/workbench/workbench.desktop.main.js:452:32307)
2025-02-17 16:14:38.466 [error] Illegal value for lineNumber: Error: Illegal value for lineNumber
    at bf.getLineMaxColumn (vscode-file://vscode-app/usr/share/code/resources/app/out/vs/workbench/workbench.desktop.main.js:252:112)
    at ka.getBottomForLineNumber (vscode-file://vscode-app/usr/share/code/resources/app/out/vs/workbench/workbench.desktop.main.js:261:1594)
    at Q0.findScrollWidgetState (vscode-file://vscode-app/usr/share/code/resources/app/out/vs/workbench/workbench.desktop.main.js:452:33539)
    at Q0.fb (vscode-file://vscode-app/usr/share/code/resources/app/out/vs/workbench/workbench.desktop.main.js:452:32821)
    at async Q0.db (vscode-file://vscode-app/usr/share/code/resources/app/out/vs/workbench/workbench.desktop.main.js:452:32307)
2025-02-17 16:14:40.399 [error] Illegal value for lineNumber: Error: Illegal value for lineNumber
    at bf.getLineMaxColumn (vscode-file://vscode-app/usr/share/code/resources/app/out/vs/workbench/workbench.desktop.main.js:252:112)
    at ka.getBottomForLineNumber (vscode-file://vscode-app/usr/share/code/resources/app/out/vs/workbench/workbench.desktop.main.js:261:1594)
    at Q0.findScrollWidgetState (vscode-file://vscode-app/usr/share/code/resources/app/out/vs/workbench/workbench.desktop.main.js:452:33539)
    at Q0.fb (vscode-file://vscode-app/usr/share/code/resources/app/out/vs/workbench/workbench.desktop.main.js:452:32821)
    at async Q0.db (vscode-file://vscode-app/usr/share/code/resources/app/out/vs/workbench/workbench.desktop.main.js:452:32307)
2025-02-17 16:14:43.005 [error] Illegal value for lineNumber: Error: Illegal value for lineNumber
    at bf.getLineMaxColumn (vscode-file://vscode-app/usr/share/code/resources/app/out/vs/workbench/workbench.desktop.main.js:252:112)
    at ka.getBottomForLineNumber (vscode-file://vscode-app/usr/share/code/resources/app/out/vs/workbench/workbench.desktop.main.js:261:1594)
    at Q0.findScrollWidgetState (vscode-file://vscode-app/usr/share/code/resources/app/out/vs/workbench/workbench.desktop.main.js:452:33539)
    at Q0.fb (vscode-file://vscode-app/usr/share/code/resources/app/out/vs/workbench/workbench.desktop.main.js:452:32821)
    at async Q0.db (vscode-file://vscode-app/usr/share/code/resources/app/out/vs/workbench/workbench.desktop.main.js:452:32307)
2025-02-17 16:14:47.729 [error] Illegal value for lineNumber: Error: Illegal value for lineNumber
    at bf.getLineMaxColumn (vscode-file://vscode-app/usr/share/code/resources/app/out/vs/workbench/workbench.desktop.main.js:252:112)
    at ka.getBottomForLineNumber (vscode-file://vscode-app/usr/share/code/resources/app/out/vs/workbench/workbench.desktop.main.js:261:1594)
    at Q0.findScrollWidgetState (vscode-file://vscode-app/usr/share/code/resources/app/out/vs/workbench/workbench.desktop.main.js:452:33539)
    at Q0.fb (vscode-file://vscode-app/usr/share/code/resources/app/out/vs/workbench/workbench.desktop.main.js:452:32821)
    at async Q0.db (vscode-file://vscode-app/usr/share/code/resources/app/out/vs/workbench/workbench.desktop.main.js:452:32307)
2025-02-17 16:14:50.326 [error] Illegal value for lineNumber: Error: Illegal value for lineNumber
    at bf.getLineMaxColumn (vscode-file://vscode-app/usr/share/code/resources/app/out/vs/workbench/workbench.desktop.main.js:252:112)
    at ka.getBottomForLineNumber (vscode-file://vscode-app/usr/share/code/resources/app/out/vs/workbench/workbench.desktop.main.js:261:1594)
    at Q0.findScrollWidgetState (vscode-file://vscode-app/usr/share/code/resources/app/out/vs/workbench/workbench.desktop.main.js:452:33539)
    at Q0.fb (vscode-file://vscode-app/usr/share/code/resources/app/out/vs/workbench/workbench.desktop.main.js:452:32821)
    at async Q0.db (vscode-file://vscode-app/usr/share/code/resources/app/out/vs/workbench/workbench.desktop.main.js:452:32307)
2025-02-17 16:14:53.379 [error] Illegal value for lineNumber: Error: Illegal value for lineNumber
    at bf.getLineMaxColumn (vscode-file://vscode-app/usr/share/code/resources/app/out/vs/workbench/workbench.desktop.main.js:252:112)
    at ka.getBottomForLineNumber (vscode-file://vscode-app/usr/share/code/resources/app/out/vs/workbench/workbench.desktop.main.js:261:1594)
    at Q0.findScrollWidgetState (vscode-file://vscode-app/usr/share/code/resources/app/out/vs/workbench/workbench.desktop.main.js:452:33539)
    at Q0.fb (vscode-file://vscode-app/usr/share/code/resources/app/out/vs/workbench/workbench.desktop.main.js:452:32821)
    at async Q0.db (vscode-file://vscode-app/usr/share/code/resources/app/out/vs/workbench/workbench.desktop.main.js:452:32307)
2025-02-17 16:14:54.543 [error] Illegal value for lineNumber: Error: Illegal value for lineNumber
    at bf.getLineMaxColumn (vscode-file://vscode-app/usr/share/code/resources/app/out/vs/workbench/workbench.desktop.main.js:252:112)
    at ka.getBottomForLineNumber (vscode-file://vscode-app/usr/share/code/resources/app/out/vs/workbench/workbench.desktop.main.js:261:1594)
    at Q0.findScrollWidgetState (vscode-file://vscode-app/usr/share/code/resources/app/out/vs/workbench/workbench.desktop.main.js:452:33539)
    at Q0.fb (vscode-file://vscode-app/usr/share/code/resources/app/out/vs/workbench/workbench.desktop.main.js:452:32821)
    at async Q0.db (vscode-file://vscode-app/usr/share/code/resources/app/out/vs/workbench/workbench.desktop.main.js:452:32307)
2025-02-17 16:14:56.011 [error] Illegal value for lineNumber: Error: Illegal value for lineNumber
    at bf.getLineMaxColumn (vscode-file://vscode-app/usr/share/code/resources/app/out/vs/workbench/workbench.desktop.main.js:252:112)
    at ka.getBottomForLineNumber (vscode-file://vscode-app/usr/share/code/resources/app/out/vs/workbench/workbench.desktop.main.js:261:1594)
    at Q0.findScrollWidgetState (vscode-file://vscode-app/usr/share/code/resources/app/out/vs/workbench/workbench.desktop.main.js:452:33539)
    at Q0.fb (vscode-file://vscode-app/usr/share/code/resources/app/out/vs/workbench/workbench.desktop.main.js:452:32821)
    at async Q0.db (vscode-file://vscode-app/usr/share/code/resources/app/out/vs/workbench/workbench.desktop.main.js:452:32307)
2025-02-17 16:15:01.702 [error] Illegal value for lineNumber: Error: Illegal value for lineNumber
    at bf.getLineMaxColumn (vscode-file://vscode-app/usr/share/code/resources/app/out/vs/workbench/workbench.desktop.main.js:252:112)
    at ka.getBottomForLineNumber (vscode-file://vscode-app/usr/share/code/resources/app/out/vs/workbench/workbench.desktop.main.js:261:1594)
    at Q0.findScrollWidgetState (vscode-file://vscode-app/usr/share/code/resources/app/out/vs/workbench/workbench.desktop.main.js:452:33539)
    at Q0.fb (vscode-file://vscode-app/usr/share/code/resources/app/out/vs/workbench/workbench.desktop.main.js:452:32821)
    at async Q0.db (vscode-file://vscode-app/usr/share/code/resources/app/out/vs/workbench/workbench.desktop.main.js:452:32307)
2025-02-17 16:15:03.522 [error] Illegal value for lineNumber: Error: Illegal value for lineNumber
    at bf.getLineMaxColumn (vscode-file://vscode-app/usr/share/code/resources/app/out/vs/workbench/workbench.desktop.main.js:252:112)
    at ka.getBottomForLineNumber (vscode-file://vscode-app/usr/share/code/resources/app/out/vs/workbench/workbench.desktop.main.js:261:1594)
    at Q0.findScrollWidgetState (vscode-file://vscode-app/usr/share/code/resources/app/out/vs/workbench/workbench.desktop.main.js:452:33539)
    at Q0.fb (vscode-file://vscode-app/usr/share/code/resources/app/out/vs/workbench/workbench.desktop.main.js:452:32821)
    at async Q0.db (vscode-file://vscode-app/usr/share/code/resources/app/out/vs/workbench/workbench.desktop.main.js:452:32307)
2025-02-17 16:15:08.443 [error] Illegal value for lineNumber: Error: Illegal value for lineNumber
    at bf.getLineMaxColumn (vscode-file://vscode-app/usr/share/code/resources/app/out/vs/workbench/workbench.desktop.main.js:252:112)
    at ka.getBottomForLineNumber (vscode-file://vscode-app/usr/share/code/resources/app/out/vs/workbench/workbench.desktop.main.js:261:1594)
    at Q0.findScrollWidgetState (vscode-file://vscode-app/usr/share/code/resources/app/out/vs/workbench/workbench.desktop.main.js:452:33539)
    at Q0.fb (vscode-file://vscode-app/usr/share/code/resources/app/out/vs/workbench/workbench.desktop.main.js:452:32821)
    at async Q0.db (vscode-file://vscode-app/usr/share/code/resources/app/out/vs/workbench/workbench.desktop.main.js:452:32307)
2025-02-17 16:15:10.547 [error] Illegal value for lineNumber: Error: Illegal value for lineNumber
    at bf.getLineMaxColumn (vscode-file://vscode-app/usr/share/code/resources/app/out/vs/workbench/workbench.desktop.main.js:252:112)
    at ka.getBottomForLineNumber (vscode-file://vscode-app/usr/share/code/resources/app/out/vs/workbench/workbench.desktop.main.js:261:1594)
    at Q0.findScrollWidgetState (vscode-file://vscode-app/usr/share/code/resources/app/out/vs/workbench/workbench.desktop.main.js:452:33539)
    at Q0.fb (vscode-file://vscode-app/usr/share/code/resources/app/out/vs/workbench/workbench.desktop.main.js:452:32821)
    at async Q0.db (vscode-file://vscode-app/usr/share/code/resources/app/out/vs/workbench/workbench.desktop.main.js:452:32307)
2025-02-17 16:15:11.607 [error] Illegal value for lineNumber: Error: Illegal value for lineNumber
    at bf.getLineMaxColumn (vscode-file://vscode-app/usr/share/code/resources/app/out/vs/workbench/workbench.desktop.main.js:252:112)
    at ka.getBottomForLineNumber (vscode-file://vscode-app/usr/share/code/resources/app/out/vs/workbench/workbench.desktop.main.js:261:1594)
    at Q0.findScrollWidgetState (vscode-file://vscode-app/usr/share/code/resources/app/out/vs/workbench/workbench.desktop.main.js:452:33539)
    at Q0.fb (vscode-file://vscode-app/usr/share/code/resources/app/out/vs/workbench/workbench.desktop.main.js:452:32821)
    at async Q0.db (vscode-file://vscode-app/usr/share/code/resources/app/out/vs/workbench/workbench.desktop.main.js:452:32307)
2025-02-17 16:15:13.264 [error] Illegal value for lineNumber: Error: Illegal value for lineNumber
    at bf.getLineMaxColumn (vscode-file://vscode-app/usr/share/code/resources/app/out/vs/workbench/workbench.desktop.main.js:252:112)
    at ka.getBottomForLineNumber (vscode-file://vscode-app/usr/share/code/resources/app/out/vs/workbench/workbench.desktop.main.js:261:1594)
    at Q0.findScrollWidgetState (vscode-file://vscode-app/usr/share/code/resources/app/out/vs/workbench/workbench.desktop.main.js:452:33539)
    at Q0.fb (vscode-file://vscode-app/usr/share/code/resources/app/out/vs/workbench/workbench.desktop.main.js:452:32821)
    at async Q0.db (vscode-file://vscode-app/usr/share/code/resources/app/out/vs/workbench/workbench.desktop.main.js:452:32307)
2025-02-17 16:15:15.236 [error] Illegal value for lineNumber: Error: Illegal value for lineNumber
    at bf.getLineMaxColumn (vscode-file://vscode-app/usr/share/code/resources/app/out/vs/workbench/workbench.desktop.main.js:252:112)
    at ka.getBottomForLineNumber (vscode-file://vscode-app/usr/share/code/resources/app/out/vs/workbench/workbench.desktop.main.js:261:1594)
    at Q0.findScrollWidgetState (vscode-file://vscode-app/usr/share/code/resources/app/out/vs/workbench/workbench.desktop.main.js:452:33539)
    at Q0.fb (vscode-file://vscode-app/usr/share/code/resources/app/out/vs/workbench/workbench.desktop.main.js:452:32821)
    at async Q0.db (vscode-file://vscode-app/usr/share/code/resources/app/out/vs/workbench/workbench.desktop.main.js:452:32307)
2025-02-17 16:15:16.474 [error] Illegal value for lineNumber: Error: Illegal value for lineNumber
    at bf.getLineMaxColumn (vscode-file://vscode-app/usr/share/code/resources/app/out/vs/workbench/workbench.desktop.main.js:252:112)
    at ka.getBottomForLineNumber (vscode-file://vscode-app/usr/share/code/resources/app/out/vs/workbench/workbench.desktop.main.js:261:1594)
    at Q0.findScrollWidgetState (vscode-file://vscode-app/usr/share/code/resources/app/out/vs/workbench/workbench.desktop.main.js:452:33539)
    at Q0.fb (vscode-file://vscode-app/usr/share/code/resources/app/out/vs/workbench/workbench.desktop.main.js:452:32821)
    at async Q0.db (vscode-file://vscode-app/usr/share/code/resources/app/out/vs/workbench/workbench.desktop.main.js:452:32307)
2025-02-17 16:15:19.307 [error] Illegal value for lineNumber: Error: Illegal value for lineNumber
    at bf.getLineMaxColumn (vscode-file://vscode-app/usr/share/code/resources/app/out/vs/workbench/workbench.desktop.main.js:252:112)
    at ka.getBottomForLineNumber (vscode-file://vscode-app/usr/share/code/resources/app/out/vs/workbench/workbench.desktop.main.js:261:1594)
    at Q0.findScrollWidgetState (vscode-file://vscode-app/usr/share/code/resources/app/out/vs/workbench/workbench.desktop.main.js:452:33539)
    at Q0.fb (vscode-file://vscode-app/usr/share/code/resources/app/out/vs/workbench/workbench.desktop.main.js:452:32821)
    at async Q0.db (vscode-file://vscode-app/usr/share/code/resources/app/out/vs/workbench/workbench.desktop.main.js:452:32307)
2025-02-17 16:15:57.625 [error] Illegal value for lineNumber: Error: Illegal value for lineNumber
    at bf.getLineMaxColumn (vscode-file://vscode-app/usr/share/code/resources/app/out/vs/workbench/workbench.desktop.main.js:252:112)
    at ka.getBottomForLineNumber (vscode-file://vscode-app/usr/share/code/resources/app/out/vs/workbench/workbench.desktop.main.js:261:1594)
    at Q0.findScrollWidgetState (vscode-file://vscode-app/usr/share/code/resources/app/out/vs/workbench/workbench.desktop.main.js:452:33539)
    at Q0.fb (vscode-file://vscode-app/usr/share/code/resources/app/out/vs/workbench/workbench.desktop.main.js:452:32821)
    at async Q0.db (vscode-file://vscode-app/usr/share/code/resources/app/out/vs/workbench/workbench.desktop.main.js:452:32307)
2025-02-17 16:15:59.360 [error] Illegal value for lineNumber: Error: Illegal value for lineNumber
    at bf.getLineMaxColumn (vscode-file://vscode-app/usr/share/code/resources/app/out/vs/workbench/workbench.desktop.main.js:252:112)
    at ka.getBottomForLineNumber (vscode-file://vscode-app/usr/share/code/resources/app/out/vs/workbench/workbench.desktop.main.js:261:1594)
    at Q0.findScrollWidgetState (vscode-file://vscode-app/usr/share/code/resources/app/out/vs/workbench/workbench.desktop.main.js:452:33539)
    at Q0.fb (vscode-file://vscode-app/usr/share/code/resources/app/out/vs/workbench/workbench.desktop.main.js:452:32821)
    at async Q0.db (vscode-file://vscode-app/usr/share/code/resources/app/out/vs/workbench/workbench.desktop.main.js:452:32307)
2025-02-17 16:16:05.002 [error] Illegal value for lineNumber: Error: Illegal value for lineNumber
    at bf.getLineMaxColumn (vscode-file://vscode-app/usr/share/code/resources/app/out/vs/workbench/workbench.desktop.main.js:252:112)
    at ka.getBottomForLineNumber (vscode-file://vscode-app/usr/share/code/resources/app/out/vs/workbench/workbench.desktop.main.js:261:1594)
    at Q0.findScrollWidgetState (vscode-file://vscode-app/usr/share/code/resources/app/out/vs/workbench/workbench.desktop.main.js:452:33539)
    at Q0.fb (vscode-file://vscode-app/usr/share/code/resources/app/out/vs/workbench/workbench.desktop.main.js:452:32821)
    at async Q0.db (vscode-file://vscode-app/usr/share/code/resources/app/out/vs/workbench/workbench.desktop.main.js:452:32307)
2025-02-17 16:16:06.082 [error] Illegal value for lineNumber: Error: Illegal value for lineNumber
    at bf.getLineMaxColumn (vscode-file://vscode-app/usr/share/code/resources/app/out/vs/workbench/workbench.desktop.main.js:252:112)
    at ka.getBottomForLineNumber (vscode-file://vscode-app/usr/share/code/resources/app/out/vs/workbench/workbench.desktop.main.js:261:1594)
    at Q0.findScrollWidgetState (vscode-file://vscode-app/usr/share/code/resources/app/out/vs/workbench/workbench.desktop.main.js:452:33539)
    at Q0.fb (vscode-file://vscode-app/usr/share/code/resources/app/out/vs/workbench/workbench.desktop.main.js:452:32821)
    at async Q0.db (vscode-file://vscode-app/usr/share/code/resources/app/out/vs/workbench/workbench.desktop.main.js:452:32307)
2025-02-17 16:16:07.302 [error] Illegal value for lineNumber: Error: Illegal value for lineNumber
    at bf.getLineMaxColumn (vscode-file://vscode-app/usr/share/code/resources/app/out/vs/workbench/workbench.desktop.main.js:252:112)
    at ka.getBottomForLineNumber (vscode-file://vscode-app/usr/share/code/resources/app/out/vs/workbench/workbench.desktop.main.js:261:1594)
    at Q0.findScrollWidgetState (vscode-file://vscode-app/usr/share/code/resources/app/out/vs/workbench/workbench.desktop.main.js:452:33539)
    at Q0.fb (vscode-file://vscode-app/usr/share/code/resources/app/out/vs/workbench/workbench.desktop.main.js:452:32821)
    at async Q0.db (vscode-file://vscode-app/usr/share/code/resources/app/out/vs/workbench/workbench.desktop.main.js:452:32307)
2025-02-17 16:16:08.857 [error] Illegal value for lineNumber: Error: Illegal value for lineNumber
    at bf.getLineMaxColumn (vscode-file://vscode-app/usr/share/code/resources/app/out/vs/workbench/workbench.desktop.main.js:252:112)
    at ka.getBottomForLineNumber (vscode-file://vscode-app/usr/share/code/resources/app/out/vs/workbench/workbench.desktop.main.js:261:1594)
    at Q0.findScrollWidgetState (vscode-file://vscode-app/usr/share/code/resources/app/out/vs/workbench/workbench.desktop.main.js:452:33539)
    at Q0.fb (vscode-file://vscode-app/usr/share/code/resources/app/out/vs/workbench/workbench.desktop.main.js:452:32821)
    at async Q0.db (vscode-file://vscode-app/usr/share/code/resources/app/out/vs/workbench/workbench.desktop.main.js:452:32307)
2025-02-17 16:16:10.608 [error] Illegal value for lineNumber: Error: Illegal value for lineNumber
    at bf.getLineMaxColumn (vscode-file://vscode-app/usr/share/code/resources/app/out/vs/workbench/workbench.desktop.main.js:252:112)
    at ka.getBottomForLineNumber (vscode-file://vscode-app/usr/share/code/resources/app/out/vs/workbench/workbench.desktop.main.js:261:1594)
    at Q0.findScrollWidgetState (vscode-file://vscode-app/usr/share/code/resources/app/out/vs/workbench/workbench.desktop.main.js:452:33539)
    at Q0.fb (vscode-file://vscode-app/usr/share/code/resources/app/out/vs/workbench/workbench.desktop.main.js:452:32821)
    at async Q0.db (vscode-file://vscode-app/usr/share/code/resources/app/out/vs/workbench/workbench.desktop.main.js:452:32307)
2025-02-17 16:16:14.599 [error] Illegal value for lineNumber: Error: Illegal value for lineNumber
    at bf.getLineMaxColumn (vscode-file://vscode-app/usr/share/code/resources/app/out/vs/workbench/workbench.desktop.main.js:252:112)
    at ka.getBottomForLineNumber (vscode-file://vscode-app/usr/share/code/resources/app/out/vs/workbench/workbench.desktop.main.js:261:1594)
    at Q0.findScrollWidgetState (vscode-file://vscode-app/usr/share/code/resources/app/out/vs/workbench/workbench.desktop.main.js:452:33539)
    at Q0.fb (vscode-file://vscode-app/usr/share/code/resources/app/out/vs/workbench/workbench.desktop.main.js:452:32821)
    at async Q0.db (vscode-file://vscode-app/usr/share/code/resources/app/out/vs/workbench/workbench.desktop.main.js:452:32307)
2025-02-17 16:16:16.251 [error] Illegal value for lineNumber: Error: Illegal value for lineNumber
    at bf.getLineMaxColumn (vscode-file://vscode-app/usr/share/code/resources/app/out/vs/workbench/workbench.desktop.main.js:252:112)
    at ka.getBottomForLineNumber (vscode-file://vscode-app/usr/share/code/resources/app/out/vs/workbench/workbench.desktop.main.js:261:1594)
    at Q0.findScrollWidgetState (vscode-file://vscode-app/usr/share/code/resources/app/out/vs/workbench/workbench.desktop.main.js:452:33539)
    at Q0.fb (vscode-file://vscode-app/usr/share/code/resources/app/out/vs/workbench/workbench.desktop.main.js:452:32821)
    at async Q0.db (vscode-file://vscode-app/usr/share/code/resources/app/out/vs/workbench/workbench.desktop.main.js:452:32307)
2025-02-17 16:16:18.744 [error] Illegal value for lineNumber: Error: Illegal value for lineNumber
    at bf.getLineMaxColumn (vscode-file://vscode-app/usr/share/code/resources/app/out/vs/workbench/workbench.desktop.main.js:252:112)
    at ka.getBottomForLineNumber (vscode-file://vscode-app/usr/share/code/resources/app/out/vs/workbench/workbench.desktop.main.js:261:1594)
    at Q0.findScrollWidgetState (vscode-file://vscode-app/usr/share/code/resources/app/out/vs/workbench/workbench.desktop.main.js:452:33539)
    at Q0.fb (vscode-file://vscode-app/usr/share/code/resources/app/out/vs/workbench/workbench.desktop.main.js:452:32821)
    at async Q0.db (vscode-file://vscode-app/usr/share/code/resources/app/out/vs/workbench/workbench.desktop.main.js:452:32307)
2025-02-17 16:16:20.549 [error] Illegal value for lineNumber: Error: Illegal value for lineNumber
    at bf.getLineMaxColumn (vscode-file://vscode-app/usr/share/code/resources/app/out/vs/workbench/workbench.desktop.main.js:252:112)
    at ka.getBottomForLineNumber (vscode-file://vscode-app/usr/share/code/resources/app/out/vs/workbench/workbench.desktop.main.js:261:1594)
    at Q0.findScrollWidgetState (vscode-file://vscode-app/usr/share/code/resources/app/out/vs/workbench/workbench.desktop.main.js:452:33539)
    at Q0.fb (vscode-file://vscode-app/usr/share/code/resources/app/out/vs/workbench/workbench.desktop.main.js:452:32821)
    at async Q0.db (vscode-file://vscode-app/usr/share/code/resources/app/out/vs/workbench/workbench.desktop.main.js:452:32307)
2025-02-17 16:16:22.750 [error] Illegal value for lineNumber: Error: Illegal value for lineNumber
    at bf.getLineMaxColumn (vscode-file://vscode-app/usr/share/code/resources/app/out/vs/workbench/workbench.desktop.main.js:252:112)
    at ka.getBottomForLineNumber (vscode-file://vscode-app/usr/share/code/resources/app/out/vs/workbench/workbench.desktop.main.js:261:1594)
    at Q0.findScrollWidgetState (vscode-file://vscode-app/usr/share/code/resources/app/out/vs/workbench/workbench.desktop.main.js:452:33539)
    at Q0.fb (vscode-file://vscode-app/usr/share/code/resources/app/out/vs/workbench/workbench.desktop.main.js:452:32821)
    at async Q0.db (vscode-file://vscode-app/usr/share/code/resources/app/out/vs/workbench/workbench.desktop.main.js:452:32307)
2025-02-17 16:16:24.217 [error] Illegal value for lineNumber: Error: Illegal value for lineNumber
    at bf.getLineMaxColumn (vscode-file://vscode-app/usr/share/code/resources/app/out/vs/workbench/workbench.desktop.main.js:252:112)
    at ka.getBottomForLineNumber (vscode-file://vscode-app/usr/share/code/resources/app/out/vs/workbench/workbench.desktop.main.js:261:1594)
    at Q0.findScrollWidgetState (vscode-file://vscode-app/usr/share/code/resources/app/out/vs/workbench/workbench.desktop.main.js:452:33539)
    at Q0.fb (vscode-file://vscode-app/usr/share/code/resources/app/out/vs/workbench/workbench.desktop.main.js:452:32821)
    at async Q0.db (vscode-file://vscode-app/usr/share/code/resources/app/out/vs/workbench/workbench.desktop.main.js:452:32307)
2025-02-17 16:16:26.113 [error] Illegal value for lineNumber: Error: Illegal value for lineNumber
    at bf.getLineMaxColumn (vscode-file://vscode-app/usr/share/code/resources/app/out/vs/workbench/workbench.desktop.main.js:252:112)
    at ka.getBottomForLineNumber (vscode-file://vscode-app/usr/share/code/resources/app/out/vs/workbench/workbench.desktop.main.js:261:1594)
    at Q0.findScrollWidgetState (vscode-file://vscode-app/usr/share/code/resources/app/out/vs/workbench/workbench.desktop.main.js:452:33539)
    at Q0.fb (vscode-file://vscode-app/usr/share/code/resources/app/out/vs/workbench/workbench.desktop.main.js:452:32821)
    at async Q0.db (vscode-file://vscode-app/usr/share/code/resources/app/out/vs/workbench/workbench.desktop.main.js:452:32307)
2025-02-17 16:16:28.792 [error] Illegal value for lineNumber: Error: Illegal value for lineNumber
    at bf.getLineMaxColumn (vscode-file://vscode-app/usr/share/code/resources/app/out/vs/workbench/workbench.desktop.main.js:252:112)
    at ka.getBottomForLineNumber (vscode-file://vscode-app/usr/share/code/resources/app/out/vs/workbench/workbench.desktop.main.js:261:1594)
    at Q0.findScrollWidgetState (vscode-file://vscode-app/usr/share/code/resources/app/out/vs/workbench/workbench.desktop.main.js:452:33539)
    at Q0.fb (vscode-file://vscode-app/usr/share/code/resources/app/out/vs/workbench/workbench.desktop.main.js:452:32821)
    at async Q0.db (vscode-file://vscode-app/usr/share/code/resources/app/out/vs/workbench/workbench.desktop.main.js:452:32307)
2025-02-17 16:16:30.840 [error] Illegal value for lineNumber: Error: Illegal value for lineNumber
    at bf.getLineMaxColumn (vscode-file://vscode-app/usr/share/code/resources/app/out/vs/workbench/workbench.desktop.main.js:252:112)
    at ka.getBottomForLineNumber (vscode-file://vscode-app/usr/share/code/resources/app/out/vs/workbench/workbench.desktop.main.js:261:1594)
    at Q0.findScrollWidgetState (vscode-file://vscode-app/usr/share/code/resources/app/out/vs/workbench/workbench.desktop.main.js:452:33539)
    at Q0.fb (vscode-file://vscode-app/usr/share/code/resources/app/out/vs/workbench/workbench.desktop.main.js:452:32821)
    at async Q0.db (vscode-file://vscode-app/usr/share/code/resources/app/out/vs/workbench/workbench.desktop.main.js:452:32307)
2025-02-17 16:16:31.933 [error] Illegal value for lineNumber: Error: Illegal value for lineNumber
    at bf.getLineMaxColumn (vscode-file://vscode-app/usr/share/code/resources/app/out/vs/workbench/workbench.desktop.main.js:252:112)
    at ka.getBottomForLineNumber (vscode-file://vscode-app/usr/share/code/resources/app/out/vs/workbench/workbench.desktop.main.js:261:1594)
    at Q0.findScrollWidgetState (vscode-file://vscode-app/usr/share/code/resources/app/out/vs/workbench/workbench.desktop.main.js:452:33539)
    at Q0.fb (vscode-file://vscode-app/usr/share/code/resources/app/out/vs/workbench/workbench.desktop.main.js:452:32821)
    at async Q0.db (vscode-file://vscode-app/usr/share/code/resources/app/out/vs/workbench/workbench.desktop.main.js:452:32307)
2025-02-17 16:16:33.297 [error] Illegal value for lineNumber: Error: Illegal value for lineNumber
    at bf.getLineMaxColumn (vscode-file://vscode-app/usr/share/code/resources/app/out/vs/workbench/workbench.desktop.main.js:252:112)
    at ka.getBottomForLineNumber (vscode-file://vscode-app/usr/share/code/resources/app/out/vs/workbench/workbench.desktop.main.js:261:1594)
    at Q0.findScrollWidgetState (vscode-file://vscode-app/usr/share/code/resources/app/out/vs/workbench/workbench.desktop.main.js:452:33539)
    at Q0.fb (vscode-file://vscode-app/usr/share/code/resources/app/out/vs/workbench/workbench.desktop.main.js:452:32821)
    at async Q0.db (vscode-file://vscode-app/usr/share/code/resources/app/out/vs/workbench/workbench.desktop.main.js:452:32307)
2025-02-17 16:16:37.160 [error] Illegal value for lineNumber: Error: Illegal value for lineNumber
    at bf.getLineMaxColumn (vscode-file://vscode-app/usr/share/code/resources/app/out/vs/workbench/workbench.desktop.main.js:252:112)
    at ka.getBottomForLineNumber (vscode-file://vscode-app/usr/share/code/resources/app/out/vs/workbench/workbench.desktop.main.js:261:1594)
    at Q0.findScrollWidgetState (vscode-file://vscode-app/usr/share/code/resources/app/out/vs/workbench/workbench.desktop.main.js:452:33539)
    at Q0.fb (vscode-file://vscode-app/usr/share/code/resources/app/out/vs/workbench/workbench.desktop.main.js:452:32821)
    at async Q0.db (vscode-file://vscode-app/usr/share/code/resources/app/out/vs/workbench/workbench.desktop.main.js:452:32307)
2025-02-17 16:16:38.668 [error] Illegal value for lineNumber: Error: Illegal value for lineNumber
    at bf.getLineMaxColumn (vscode-file://vscode-app/usr/share/code/resources/app/out/vs/workbench/workbench.desktop.main.js:252:112)
    at ka.getBottomForLineNumber (vscode-file://vscode-app/usr/share/code/resources/app/out/vs/workbench/workbench.desktop.main.js:261:1594)
    at Q0.findScrollWidgetState (vscode-file://vscode-app/usr/share/code/resources/app/out/vs/workbench/workbench.desktop.main.js:452:33539)
    at Q0.fb (vscode-file://vscode-app/usr/share/code/resources/app/out/vs/workbench/workbench.desktop.main.js:452:32821)
    at async Q0.db (vscode-file://vscode-app/usr/share/code/resources/app/out/vs/workbench/workbench.desktop.main.js:452:32307)
2025-02-17 16:17:47.749 [error] Illegal value for lineNumber: Error: Illegal value for lineNumber
    at bf.getLineMaxColumn (vscode-file://vscode-app/usr/share/code/resources/app/out/vs/workbench/workbench.desktop.main.js:252:112)
    at ka.getBottomForLineNumber (vscode-file://vscode-app/usr/share/code/resources/app/out/vs/workbench/workbench.desktop.main.js:261:1594)
    at Q0.findScrollWidgetState (vscode-file://vscode-app/usr/share/code/resources/app/out/vs/workbench/workbench.desktop.main.js:452:33539)
    at Q0.fb (vscode-file://vscode-app/usr/share/code/resources/app/out/vs/workbench/workbench.desktop.main.js:452:32821)
    at async Q0.db (vscode-file://vscode-app/usr/share/code/resources/app/out/vs/workbench/workbench.desktop.main.js:452:32307)
2025-02-17 16:17:49.327 [error] Illegal value for lineNumber: Error: Illegal value for lineNumber
    at bf.getLineMaxColumn (vscode-file://vscode-app/usr/share/code/resources/app/out/vs/workbench/workbench.desktop.main.js:252:112)
    at ka.getBottomForLineNumber (vscode-file://vscode-app/usr/share/code/resources/app/out/vs/workbench/workbench.desktop.main.js:261:1594)
    at Q0.findScrollWidgetState (vscode-file://vscode-app/usr/share/code/resources/app/out/vs/workbench/workbench.desktop.main.js:452:33539)
    at Q0.fb (vscode-file://vscode-app/usr/share/code/resources/app/out/vs/workbench/workbench.desktop.main.js:452:32821)
    at async Q0.db (vscode-file://vscode-app/usr/share/code/resources/app/out/vs/workbench/workbench.desktop.main.js:452:32307)
2025-02-17 16:18:22.702 [error] Illegal value for lineNumber: Error: Illegal value for lineNumber
    at bf.getLineMaxColumn (vscode-file://vscode-app/usr/share/code/resources/app/out/vs/workbench/workbench.desktop.main.js:252:112)
    at ka.getBottomForLineNumber (vscode-file://vscode-app/usr/share/code/resources/app/out/vs/workbench/workbench.desktop.main.js:261:1594)
    at Q0.findScrollWidgetState (vscode-file://vscode-app/usr/share/code/resources/app/out/vs/workbench/workbench.desktop.main.js:452:33539)
    at Q0.fb (vscode-file://vscode-app/usr/share/code/resources/app/out/vs/workbench/workbench.desktop.main.js:452:32821)
    at async Q0.db (vscode-file://vscode-app/usr/share/code/resources/app/out/vs/workbench/workbench.desktop.main.js:452:32307)
2025-02-17 16:18:24.494 [error] Illegal value for lineNumber: Error: Illegal value for lineNumber
    at bf.getLineMaxColumn (vscode-file://vscode-app/usr/share/code/resources/app/out/vs/workbench/workbench.desktop.main.js:252:112)
    at ka.getBottomForLineNumber (vscode-file://vscode-app/usr/share/code/resources/app/out/vs/workbench/workbench.desktop.main.js:261:1594)
    at Q0.findScrollWidgetState (vscode-file://vscode-app/usr/share/code/resources/app/out/vs/workbench/workbench.desktop.main.js:452:33539)
    at Q0.fb (vscode-file://vscode-app/usr/share/code/resources/app/out/vs/workbench/workbench.desktop.main.js:452:32821)
    at async Q0.db (vscode-file://vscode-app/usr/share/code/resources/app/out/vs/workbench/workbench.desktop.main.js:452:32307)
2025-02-17 16:18:29.128 [error] Illegal value for lineNumber: Error: Illegal value for lineNumber
    at bf.getLineMaxColumn (vscode-file://vscode-app/usr/share/code/resources/app/out/vs/workbench/workbench.desktop.main.js:252:112)
    at ka.getBottomForLineNumber (vscode-file://vscode-app/usr/share/code/resources/app/out/vs/workbench/workbench.desktop.main.js:261:1594)
    at Q0.findScrollWidgetState (vscode-file://vscode-app/usr/share/code/resources/app/out/vs/workbench/workbench.desktop.main.js:452:33539)
    at Q0.fb (vscode-file://vscode-app/usr/share/code/resources/app/out/vs/workbench/workbench.desktop.main.js:452:32821)
    at async Q0.db (vscode-file://vscode-app/usr/share/code/resources/app/out/vs/workbench/workbench.desktop.main.js:452:32307)
2025-02-17 16:18:32.552 [error] Illegal value for lineNumber: Error: Illegal value for lineNumber
    at bf.getLineMaxColumn (vscode-file://vscode-app/usr/share/code/resources/app/out/vs/workbench/workbench.desktop.main.js:252:112)
    at ka.getBottomForLineNumber (vscode-file://vscode-app/usr/share/code/resources/app/out/vs/workbench/workbench.desktop.main.js:261:1594)
    at Q0.findScrollWidgetState (vscode-file://vscode-app/usr/share/code/resources/app/out/vs/workbench/workbench.desktop.main.js:452:33539)
    at Q0.fb (vscode-file://vscode-app/usr/share/code/resources/app/out/vs/workbench/workbench.desktop.main.js:452:32821)
    at async Q0.db (vscode-file://vscode-app/usr/share/code/resources/app/out/vs/workbench/workbench.desktop.main.js:452:32307)
2025-02-17 16:18:35.411 [error] Illegal value for lineNumber: Error: Illegal value for lineNumber
    at bf.getLineMaxColumn (vscode-file://vscode-app/usr/share/code/resources/app/out/vs/workbench/workbench.desktop.main.js:252:112)
    at ka.getBottomForLineNumber (vscode-file://vscode-app/usr/share/code/resources/app/out/vs/workbench/workbench.desktop.main.js:261:1594)
    at Q0.findScrollWidgetState (vscode-file://vscode-app/usr/share/code/resources/app/out/vs/workbench/workbench.desktop.main.js:452:33539)
    at Q0.fb (vscode-file://vscode-app/usr/share/code/resources/app/out/vs/workbench/workbench.desktop.main.js:452:32821)
    at async Q0.db (vscode-file://vscode-app/usr/share/code/resources/app/out/vs/workbench/workbench.desktop.main.js:452:32307)
2025-02-17 16:18:37.120 [error] Illegal value for lineNumber: Error: Illegal value for lineNumber
    at bf.getLineMaxColumn (vscode-file://vscode-app/usr/share/code/resources/app/out/vs/workbench/workbench.desktop.main.js:252:112)
    at ka.getBottomForLineNumber (vscode-file://vscode-app/usr/share/code/resources/app/out/vs/workbench/workbench.desktop.main.js:261:1594)
    at Q0.findScrollWidgetState (vscode-file://vscode-app/usr/share/code/resources/app/out/vs/workbench/workbench.desktop.main.js:452:33539)
    at Q0.fb (vscode-file://vscode-app/usr/share/code/resources/app/out/vs/workbench/workbench.desktop.main.js:452:32821)
    at async Q0.db (vscode-file://vscode-app/usr/share/code/resources/app/out/vs/workbench/workbench.desktop.main.js:452:32307)
2025-02-17 16:18:38.556 [error] Illegal value for lineNumber: Error: Illegal value for lineNumber
    at bf.getLineMaxColumn (vscode-file://vscode-app/usr/share/code/resources/app/out/vs/workbench/workbench.desktop.main.js:252:112)
    at ka.getBottomForLineNumber (vscode-file://vscode-app/usr/share/code/resources/app/out/vs/workbench/workbench.desktop.main.js:261:1594)
    at Q0.findScrollWidgetState (vscode-file://vscode-app/usr/share/code/resources/app/out/vs/workbench/workbench.desktop.main.js:452:33539)
    at Q0.fb (vscode-file://vscode-app/usr/share/code/resources/app/out/vs/workbench/workbench.desktop.main.js:452:32821)
    at async Q0.db (vscode-file://vscode-app/usr/share/code/resources/app/out/vs/workbench/workbench.desktop.main.js:452:32307)
2025-02-17 16:18:55.613 [error] Illegal value for lineNumber: Error: Illegal value for lineNumber
    at bf.getLineMaxColumn (vscode-file://vscode-app/usr/share/code/resources/app/out/vs/workbench/workbench.desktop.main.js:252:112)
    at ka.getBottomForLineNumber (vscode-file://vscode-app/usr/share/code/resources/app/out/vs/workbench/workbench.desktop.main.js:261:1594)
    at Q0.findScrollWidgetState (vscode-file://vscode-app/usr/share/code/resources/app/out/vs/workbench/workbench.desktop.main.js:452:33539)
    at Q0.fb (vscode-file://vscode-app/usr/share/code/resources/app/out/vs/workbench/workbench.desktop.main.js:452:32821)
    at async Q0.db (vscode-file://vscode-app/usr/share/code/resources/app/out/vs/workbench/workbench.desktop.main.js:452:32307)
2025-02-17 16:18:57.409 [error] Illegal value for lineNumber: Error: Illegal value for lineNumber
    at bf.getLineMaxColumn (vscode-file://vscode-app/usr/share/code/resources/app/out/vs/workbench/workbench.desktop.main.js:252:112)
    at ka.getBottomForLineNumber (vscode-file://vscode-app/usr/share/code/resources/app/out/vs/workbench/workbench.desktop.main.js:261:1594)
    at Q0.findScrollWidgetState (vscode-file://vscode-app/usr/share/code/resources/app/out/vs/workbench/workbench.desktop.main.js:452:33539)
    at Q0.fb (vscode-file://vscode-app/usr/share/code/resources/app/out/vs/workbench/workbench.desktop.main.js:452:32821)
    at async Q0.db (vscode-file://vscode-app/usr/share/code/resources/app/out/vs/workbench/workbench.desktop.main.js:452:32307)
2025-02-17 16:19:02.558 [error] Illegal value for lineNumber: Error: Illegal value for lineNumber
    at bf.getLineMaxColumn (vscode-file://vscode-app/usr/share/code/resources/app/out/vs/workbench/workbench.desktop.main.js:252:112)
    at ka.getBottomForLineNumber (vscode-file://vscode-app/usr/share/code/resources/app/out/vs/workbench/workbench.desktop.main.js:261:1594)
    at Q0.findScrollWidgetState (vscode-file://vscode-app/usr/share/code/resources/app/out/vs/workbench/workbench.desktop.main.js:452:33539)
    at Q0.fb (vscode-file://vscode-app/usr/share/code/resources/app/out/vs/workbench/workbench.desktop.main.js:452:32821)
    at async Q0.db (vscode-file://vscode-app/usr/share/code/resources/app/out/vs/workbench/workbench.desktop.main.js:452:32307)
2025-02-17 16:19:03.959 [error] Illegal value for lineNumber: Error: Illegal value for lineNumber
    at bf.getLineMaxColumn (vscode-file://vscode-app/usr/share/code/resources/app/out/vs/workbench/workbench.desktop.main.js:252:112)
    at ka.getBottomForLineNumber (vscode-file://vscode-app/usr/share/code/resources/app/out/vs/workbench/workbench.desktop.main.js:261:1594)
    at Q0.findScrollWidgetState (vscode-file://vscode-app/usr/share/code/resources/app/out/vs/workbench/workbench.desktop.main.js:452:33539)
    at Q0.fb (vscode-file://vscode-app/usr/share/code/resources/app/out/vs/workbench/workbench.desktop.main.js:452:32821)
    at async Q0.db (vscode-file://vscode-app/usr/share/code/resources/app/out/vs/workbench/workbench.desktop.main.js:452:32307)
2025-02-17 16:19:07.607 [error] Illegal value for lineNumber: Error: Illegal value for lineNumber
    at bf.getLineMaxColumn (vscode-file://vscode-app/usr/share/code/resources/app/out/vs/workbench/workbench.desktop.main.js:252:112)
    at ka.getBottomForLineNumber (vscode-file://vscode-app/usr/share/code/resources/app/out/vs/workbench/workbench.desktop.main.js:261:1594)
    at Q0.findScrollWidgetState (vscode-file://vscode-app/usr/share/code/resources/app/out/vs/workbench/workbench.desktop.main.js:452:33539)
    at Q0.fb (vscode-file://vscode-app/usr/share/code/resources/app/out/vs/workbench/workbench.desktop.main.js:452:32821)
    at async Q0.db (vscode-file://vscode-app/usr/share/code/resources/app/out/vs/workbench/workbench.desktop.main.js:452:32307)
2025-02-17 16:19:10.835 [error] Illegal value for lineNumber: Error: Illegal value for lineNumber
    at bf.getLineMaxColumn (vscode-file://vscode-app/usr/share/code/resources/app/out/vs/workbench/workbench.desktop.main.js:252:112)
    at ka.getBottomForLineNumber (vscode-file://vscode-app/usr/share/code/resources/app/out/vs/workbench/workbench.desktop.main.js:261:1594)
    at Q0.findScrollWidgetState (vscode-file://vscode-app/usr/share/code/resources/app/out/vs/workbench/workbench.desktop.main.js:452:33539)
    at Q0.fb (vscode-file://vscode-app/usr/share/code/resources/app/out/vs/workbench/workbench.desktop.main.js:452:32821)
    at async Q0.db (vscode-file://vscode-app/usr/share/code/resources/app/out/vs/workbench/workbench.desktop.main.js:452:32307)
2025-02-17 16:19:19.508 [error] Illegal value for lineNumber: Error: Illegal value for lineNumber
    at bf.getLineMaxColumn (vscode-file://vscode-app/usr/share/code/resources/app/out/vs/workbench/workbench.desktop.main.js:252:112)
    at ka.getBottomForLineNumber (vscode-file://vscode-app/usr/share/code/resources/app/out/vs/workbench/workbench.desktop.main.js:261:1594)
    at Q0.findScrollWidgetState (vscode-file://vscode-app/usr/share/code/resources/app/out/vs/workbench/workbench.desktop.main.js:452:33539)
    at Q0.fb (vscode-file://vscode-app/usr/share/code/resources/app/out/vs/workbench/workbench.desktop.main.js:452:32821)
    at async Q0.db (vscode-file://vscode-app/usr/share/code/resources/app/out/vs/workbench/workbench.desktop.main.js:452:32307)
2025-02-17 16:54:22.427 [error] Illegal value for lineNumber: Error: Illegal value for lineNumber
    at bf.getLineMaxColumn (vscode-file://vscode-app/usr/share/code/resources/app/out/vs/workbench/workbench.desktop.main.js:252:112)
    at ka.getBottomForLineNumber (vscode-file://vscode-app/usr/share/code/resources/app/out/vs/workbench/workbench.desktop.main.js:261:1594)
    at Q0.findScrollWidgetState (vscode-file://vscode-app/usr/share/code/resources/app/out/vs/workbench/workbench.desktop.main.js:452:33539)
    at Q0.fb (vscode-file://vscode-app/usr/share/code/resources/app/out/vs/workbench/workbench.desktop.main.js:452:32821)
    at async Q0.db (vscode-file://vscode-app/usr/share/code/resources/app/out/vs/workbench/workbench.desktop.main.js:452:32307)
