2025-02-17 10:08:09.936 [info] Reading sessions from keychain...
2025-02-17 10:08:09.936 [info] Getting sessions for all scopes...
2025-02-17 10:08:09.936 [info] Getting sessions for all scopes...
2025-02-17 10:08:09.936 [info] Getting sessions for all scopes...
2025-02-17 10:08:09.936 [info] Got stored sessions!
2025-02-17 10:08:09.936 [info] Got 2 verified sessions.
2025-02-17 10:08:09.936 [info] Got 2 sessions for ...
2025-02-17 10:08:09.936 [info] Got 2 sessions for ...
2025-02-17 10:08:09.936 [info] Got 2 sessions for ...
2025-02-17 10:08:09.936 [info] Getting sessions for user:email...
2025-02-17 10:08:09.936 [info] Got 1 sessions for user:email...
2025-02-17 10:08:09.936 [info] Getting sessions for all scopes...
2025-02-17 10:08:09.937 [info] Got 2 sessions for ...
2025-02-17 10:08:09.937 [info] Getting sessions for all scopes...
2025-02-17 10:08:09.937 [info] Got 2 sessions for ...
2025-02-17 10:08:09.937 [info] Getting sessions for all scopes...
2025-02-17 10:08:09.937 [info] Got 2 sessions for ...
2025-02-17 10:08:09.937 [info] Getting sessions for all scopes...
2025-02-17 10:08:09.937 [info] Got 2 sessions for ...
2025-02-17 10:08:09.937 [info] Getting sessions for all scopes...
2025-02-17 10:08:09.937 [info] Got 2 sessions for ...
2025-02-17 10:08:15.988 [info] Getting sessions for all scopes...
2025-02-17 10:08:15.988 [info] Got 2 sessions for ...
2025-02-17 10:08:17.607 [info] Getting sessions for read:user,repo,user:email...
2025-02-17 10:08:17.607 [info] Got 0 sessions for read:user,repo,user:email...
2025-02-17 10:08:17.607 [info] Getting sessions for read:user,repo,user:email,workflow...
2025-02-17 10:08:17.607 [info] Got 1 sessions for read:user,repo,user:email,workflow...
2025-02-17 10:08:17.652 [info] Getting sessions for all scopes...
2025-02-17 10:08:17.652 [info] Got 2 sessions for ...
2025-02-17 10:08:17.654 [info] Getting sessions for all scopes...
2025-02-17 10:08:17.654 [info] Got 2 sessions for ...
2025-02-17 10:08:17.707 [info] Getting sessions for project,read:org,read:user,repo,user:email,workflow...
2025-02-17 10:08:17.707 [info] Got 0 sessions for project,read:org,read:user,repo,user:email,workflow...
2025-02-17 10:08:17.911 [info] Getting sessions for read:user,repo,user:email,workflow...
2025-02-17 10:08:17.911 [info] Got 1 sessions for read:user,repo,user:email,workflow...
2025-02-17 10:08:17.912 [info] Getting sessions for read:user,repo,user:email,workflow...
2025-02-17 10:08:17.912 [info] Got 1 sessions for read:user,repo,user:email,workflow...
2025-02-17 10:08:18.441 [info] Getting sessions for all scopes...
2025-02-17 10:08:18.441 [info] Got 2 sessions for ...
2025-02-17 10:08:21.344 [info] Getting sessions for read:user,repo,user:email,workflow...
2025-02-17 10:08:21.344 [info] Got 1 sessions for read:user,repo,user:email,workflow...
2025-02-17 10:08:21.487 [info] Getting sessions for read:user,repo,user:email...
2025-02-17 10:08:21.487 [info] Got 0 sessions for read:user,repo,user:email...
2025-02-17 10:08:21.558 [info] Getting sessions for read:user,repo,user:email,workflow...
2025-02-17 10:08:21.558 [info] Got 1 sessions for read:user,repo,user:email,workflow...
2025-02-17 10:08:22.114 [info] Getting sessions for all scopes...
2025-02-17 10:08:22.114 [info] Got 2 sessions for ...
2025-02-17 10:08:22.494 [info] Getting sessions for read:user,repo,user:email,workflow...
2025-02-17 10:08:22.494 [info] Got 1 sessions for read:user,repo,user:email,workflow...
2025-02-17 10:08:23.189 [info] Getting sessions for read:user,repo,user:email,workflow...
2025-02-17 10:08:23.189 [info] Got 1 sessions for read:user,repo,user:email,workflow...
2025-02-17 10:08:23.565 [info] Getting sessions for all scopes...
2025-02-17 10:08:23.565 [info] Got 2 sessions for ...
2025-02-17 10:08:23.703 [info] Getting sessions for read:user,repo,user:email,workflow...
2025-02-17 10:08:23.703 [info] Got 1 sessions for read:user,repo,user:email,workflow...
2025-02-17 10:08:23.703 [info] Getting sessions for all scopes...
2025-02-17 10:08:23.703 [info] Got 2 sessions for ...
2025-02-17 10:08:23.772 [info] Getting sessions for read:user,repo,user:email,workflow...
2025-02-17 10:08:23.772 [info] Got 1 sessions for read:user,repo,user:email,workflow...
2025-02-17 10:08:23.806 [info] Getting sessions for all scopes...
2025-02-17 10:08:23.806 [info] Got 2 sessions for ...
2025-02-17 10:08:23.814 [info] Getting sessions for read:user,repo,user:email,workflow...
2025-02-17 10:08:23.814 [info] Got 1 sessions for read:user,repo,user:email,workflow...
2025-02-17 10:08:24.006 [info] Getting sessions for all scopes...
2025-02-17 10:08:24.006 [info] Got 2 sessions for ...
2025-02-17 10:08:24.074 [info] Getting sessions for read:user,repo,user:email,workflow...
2025-02-17 10:08:24.074 [info] Got 1 sessions for read:user,repo,user:email,workflow...
2025-02-17 10:08:24.932 [info] Getting sessions for all scopes...
2025-02-17 10:08:24.932 [info] Got 2 sessions for ...
2025-02-17 10:08:24.943 [info] Getting sessions for read:user,repo,user:email,workflow...
2025-02-17 10:08:24.943 [info] Got 1 sessions for read:user,repo,user:email,workflow...
2025-02-17 10:10:10.991 [info] Getting sessions for read:user,repo,user:email...
2025-02-17 10:10:10.992 [info] Got 0 sessions for read:user,repo,user:email...
2025-02-17 10:10:50.191 [info] Getting sessions for read:user,repo,user:email...
2025-02-17 10:10:50.191 [info] Got 0 sessions for read:user,repo,user:email...
