2025-02-13T18:55:53:746 [info]: PacProxyAgent not found
2025-02-13T18:55:57:630 [warning]: There is no GitLab account available with access to suggestions
2025-02-13T18:55:57:694 [info]: handleRegisterCapability: {
      "id": "992dcee7-6d56-432f-9568-2658afb5db86",
      "method": "workspace/didChangeWatchedFiles",
      "registerOptions": {
        "watchers": [
          {
            "globPattern": "**/*"
          }
        ]
      }
    }
2025-02-13T18:55:57:782 [info]: Extracted urls: []
2025-02-13T18:55:57:783 [warning]: GitExtensionWrapper is missing repository for file:///home/juanluis/git-repositories/TFM-BigData
2025-02-13T18:55:57:786 [warning]: GitExtensionWrapper is missing repository for file:///home/juanluis/git-repositories/TFM-BigData
2025-02-13T18:55:57:786 [warning]: GitExtensionWrapper is missing repository for file:///home/juanluis/git-repositories/TFM-BigData
2025-02-13T18:55:57:786 [warning]: GitExtensionWrapper is missing repository for file:///home/juanluis/git-repositories/TFM-BigData
2025-02-13T18:55:57:786 [info]: Found 0 projects for urls: []
2025-02-13T18:55:57:786 [warning]: There is no GitLab account available with access to suggestions
2025-02-13T18:55:58:210 [info]: Extracted urls: [
      "https://github.com/juanluserra/TFM-BigData.git"
    ]
2025-02-13T18:55:58:212 [info]: Found 0 projects for urls: [
      "https://github.com/juanluserra/TFM-BigData.git"
    ]
2025-02-13T18:55:58:212 [warning]: There is no GitLab account available with access to suggestions
