2025-02-13 18:52:52.564 [info] [main] Log level: Info
2025-02-13 18:52:52.564 [info] [main] Validating found git in: "git"
2025-02-13 18:52:52.564 [info] [main] Using git "2.48.1" from "git"
2025-02-13 18:52:52.564 [info] [Model][doInitialScan] Initial repository scan started
2025-02-13 18:52:52.564 [info] > git rev-parse --show-toplevel [2632ms]
2025-02-13 18:52:52.564 [info] > git rev-parse --git-dir --git-common-dir [143ms]
2025-02-13 18:52:52.564 [info] [Model][openRepository] Opened repository: /home/juanluis/git-repositories/TFM-BigData
2025-02-13 18:52:52.564 [info] > git rev-parse --show-toplevel [12ms]
2025-02-13 18:52:52.564 [info] > git config --get commit.template [28ms]
2025-02-13 18:52:52.634 [info] > git rev-parse --show-toplevel [57ms]
2025-02-13 18:52:52.707 [info] > git for-each-ref --format=%(refname)%00%(upstream:short)%00%(objectname)%00%(upstream:track)%00%(upstream:remotename)%00%(upstream:remoteref) refs/heads/main refs/remotes/main [94ms]
2025-02-13 18:52:52.722 [info] > git rev-parse --show-toplevel [22ms]
2025-02-13 18:52:54.439 [info] > git rev-parse --show-toplevel [1682ms]
2025-02-13 18:52:54.940 [info] > git check-ignore -v -z --stdin [484ms]
2025-02-13 18:52:54.942 [info] > git status -z -uall [402ms]
2025-02-13 18:52:54.943 [info] > git rev-parse --show-toplevel [367ms]
2025-02-13 18:52:54.943 [info] > git for-each-ref --sort -committerdate --format %(refname) %(objectname) %(*objectname) [387ms]
2025-02-13 18:52:55.067 [info] > git for-each-ref --format=%(refname)%00%(upstream:short)%00%(objectname)%00%(upstream:track)%00%(upstream:remotename)%00%(upstream:remoteref) refs/heads/main refs/remotes/main [93ms]
2025-02-13 18:52:55.109 [info] > git config --get --local branch.main.vscode-merge-base [25ms]
2025-02-13 18:52:55.127 [info] > git config --get commit.template [78ms]
2025-02-13 18:52:55.127 [info] > git rev-parse --show-toplevel [92ms]
2025-02-13 18:52:55.129 [info] [Model][doInitialScan] Initial repository scan completed - repositories (1), closed repositories (0), parent repositories (0), unsafe repositories (0)
2025-02-13 18:52:55.199 [info] > git show --textconv :apuntes/ApuntesLennard.tex [53ms]
2025-02-13 18:52:55.199 [info] > git ls-files --stage -- /home/juanluis/git-repositories/TFM-BigData/apuntes/ApuntesLennard.tex [39ms]
2025-02-13 18:52:55.215 [info] > git for-each-ref --format=%(refname)%00%(upstream:short)%00%(objectname)%00%(upstream:track)%00%(upstream:remotename)%00%(upstream:remoteref) refs/heads/origin/main refs/remotes/origin/main [88ms]
2025-02-13 18:52:55.607 [info] > git merge-base refs/heads/main refs/remotes/origin/main [376ms]
2025-02-13 18:52:55.623 [info] > git cat-file -s 6fc981f4691ddf8d18151c87fb72b9076e2b2d4e [410ms]
2025-02-13 18:52:55.700 [info] > git diff --name-status -z --diff-filter=ADMR a932a8b6b1236aaa63f74a23d601b1bac1f38e0e...refs/remotes/origin/main [77ms]
2025-02-13 18:52:55.700 [info] > git for-each-ref --format=%(refname)%00%(upstream:short)%00%(objectname)%00%(upstream:track)%00%(upstream:remotename)%00%(upstream:remoteref) refs/heads/main refs/remotes/main [397ms]
2025-02-13 18:52:55.724 [info] > git rev-parse --show-toplevel [40ms]
2025-02-13 18:52:55.910 [info] > git status -z -uall [23ms]
2025-02-13 18:52:55.911 [info] > git for-each-ref --sort -committerdate --format %(refname) %(objectname) %(*objectname) [6ms]
2025-02-13 18:52:56.252 [info] > git config --get commit.template [26ms]
2025-02-13 18:52:56.252 [info] > git blame --root --incremental a932a8b6b1236aaa63f74a23d601b1bac1f38e0e -- /home/juanluis/git-repositories/TFM-BigData/apuntes/ApuntesLennard.tex [47ms]
2025-02-13 18:52:56.399 [info] > git config --get --local branch.main.github-pr-owner-number [85ms]
2025-02-13 18:52:56.399 [warning] [Git][config] git config failed: Failed to execute git
2025-02-13 18:52:56.438 [info] > git for-each-ref --format=%(refname)%00%(upstream:short)%00%(objectname)%00%(upstream:track)%00%(upstream:remotename)%00%(upstream:remoteref) refs/heads/main refs/remotes/main [145ms]
2025-02-13 18:52:56.493 [info] > git rev-parse --show-toplevel [16ms]
2025-02-13 18:52:56.573 [info] > git status -z -uall [21ms]
2025-02-13 18:52:56.573 [info] > git for-each-ref --sort -committerdate --format %(refname) %(objectname) %(*objectname) [6ms]
2025-02-13 18:52:56.602 [info] > git config --get commit.template [6ms]
2025-02-13 18:52:56.682 [info] > git for-each-ref --format=%(refname)%00%(upstream:short)%00%(objectname)%00%(upstream:track)%00%(upstream:remotename)%00%(upstream:remoteref) refs/heads/main refs/remotes/main [37ms]
2025-02-13 18:52:56.727 [info] > git status -z -uall [25ms]
2025-02-13 18:52:56.728 [info] > git for-each-ref --sort -committerdate --format %(refname) %(objectname) %(*objectname) [9ms]
2025-02-13 18:52:57.267 [info] > git rev-parse --show-toplevel [22ms]
