2025-02-17 17:05:47.042 [info] [main] Log level: Info
2025-02-17 17:05:47.042 [info] [main] Validating found git in: "git"
2025-02-17 17:05:47.042 [info] [main] Using git "2.48.1" from "git"
2025-02-17 17:05:47.042 [info] [Model][doInitialScan] Initial repository scan started
2025-02-17 17:05:47.042 [info] > git rev-parse --show-toplevel [336ms]
2025-02-17 17:05:47.042 [info] > git rev-parse --git-dir --git-common-dir [25ms]
2025-02-17 17:05:47.042 [info] [Model][openRepository] Opened repository: /home/juanluis/git-repositories/master_bigdata
2025-02-17 17:05:47.042 [info] > git rev-parse --show-toplevel [3626ms]
2025-02-17 17:05:47.042 [info] > git config --get commit.template [3664ms]
2025-02-17 17:05:47.042 [info] > git check-ignore -v -z --stdin [297ms]
2025-02-17 17:05:47.069 [info] > git rev-parse --show-toplevel [298ms]
2025-02-17 17:05:47.200 [info] > git for-each-ref --format=%(refname)%00%(upstream:short)%00%(objectname)%00%(upstream:track)%00%(upstream:remotename)%00%(upstream:remoteref) refs/heads/main refs/remotes/main [160ms]
2025-02-17 17:05:47.407 [info] > git rev-parse --show-toplevel [154ms]
2025-02-17 17:05:47.869 [info] > git status -z -uall [32ms]
2025-02-17 17:05:47.869 [info] > git rev-parse --show-toplevel [87ms]
2025-02-17 17:05:47.963 [info] > git for-each-ref --sort -committerdate --format %(refname) %(objectname) %(*objectname) [106ms]
2025-02-17 17:05:48.109 [info] > git for-each-ref --format=%(refname)%00%(upstream:short)%00%(objectname)%00%(upstream:track)%00%(upstream:remotename)%00%(upstream:remoteref) refs/heads/main refs/remotes/main [113ms]
2025-02-17 17:05:48.129 [info] > git rev-parse --show-toplevel [169ms]
2025-02-17 17:05:49.943 [info] > git config --get --local branch.main.vscode-merge-base [1815ms]
2025-02-17 17:05:49.963 [info] > git config --get commit.template [1922ms]
2025-02-17 17:05:50.008 [info] > git for-each-ref --format=%(refname)%00%(upstream:short)%00%(objectname)%00%(upstream:track)%00%(upstream:remotename)%00%(upstream:remoteref) refs/heads/origin/main refs/remotes/origin/main [45ms]
2025-02-17 17:05:50.028 [info] > git rev-parse --show-toplevel [111ms]
2025-02-17 17:05:50.139 [info] > git merge-base refs/heads/main refs/remotes/origin/main [112ms]
2025-02-17 17:05:50.281 [info] > git diff --name-status -z --diff-filter=ADMR 60eaa35b76e03ae550f9e4e0db49f4729f9da50d...refs/remotes/origin/main [121ms]
2025-02-17 17:05:50.281 [info] > git rev-parse --show-toplevel [153ms]
2025-02-17 17:05:50.281 [info] > git for-each-ref --format=%(refname)%00%(upstream:short)%00%(objectname)%00%(upstream:track)%00%(upstream:remotename)%00%(upstream:remoteref) refs/heads/main refs/remotes/main [172ms]
2025-02-17 17:05:50.443 [info] > git rev-parse --show-toplevel [104ms]
2025-02-17 17:05:50.567 [info] > git rev-parse --show-toplevel [87ms]
2025-02-17 17:05:50.600 [info] > git status -z -uall [58ms]
2025-02-17 17:05:50.601 [info] > git for-each-ref --sort -committerdate --format %(refname) %(objectname) %(*objectname) [41ms]
2025-02-17 17:05:50.612 [info] > git rev-parse --show-toplevel [19ms]
2025-02-17 17:05:50.757 [info] > git rev-parse --show-toplevel [124ms]
2025-02-17 17:05:50.760 [info] [Model][doInitialScan] Initial repository scan completed - repositories (1), closed repositories (0), parent repositories (0), unsafe repositories (0)
2025-02-17 17:05:50.839 [info] > git show --textconv :IOT/apuntes.tex [61ms]
2025-02-17 17:05:50.841 [info] > git ls-files --stage -- /home/juanluis/git-repositories/master_bigdata/IOT/apuntes.tex [46ms]
2025-02-17 17:05:51.234 [info] > git cat-file -s 1e21896367964e0b568081c6eb823d27032102de [374ms]
2025-02-17 17:05:51.235 [info] > git rev-parse --show-toplevel [401ms]
2025-02-17 17:05:51.235 [info] > git config --get commit.template [418ms]
2025-02-17 17:05:51.340 [info] > git rev-parse --show-toplevel [42ms]
2025-02-17 17:05:51.372 [info] > git for-each-ref --format=%(refname)%00%(upstream:short)%00%(objectname)%00%(upstream:track)%00%(upstream:remotename)%00%(upstream:remoteref) refs/heads/main refs/remotes/main [34ms]
2025-02-17 17:05:51.378 [info] > git rev-parse --show-toplevel [7ms]
2025-02-17 17:05:51.439 [info] > git rev-parse --show-toplevel [12ms]
2025-02-17 17:05:51.502 [info] > git status -z -uall [43ms]
2025-02-17 17:05:51.505 [info] > git blame --root --incremental 60eaa35b76e03ae550f9e4e0db49f4729f9da50d -- /home/juanluis/git-repositories/master_bigdata/IOT/apuntes.tex [6ms]
2025-02-17 17:05:51.506 [info] > git for-each-ref --sort -committerdate --format %(refname) %(objectname) %(*objectname) [29ms]
2025-02-17 17:05:51.537 [info] > git config --get commit.template [4ms]
2025-02-17 17:05:51.562 [info] > git for-each-ref --format=%(refname)%00%(upstream:short)%00%(objectname)%00%(upstream:track)%00%(upstream:remotename)%00%(upstream:remoteref) refs/heads/main refs/remotes/main [3ms]
2025-02-17 17:05:51.625 [info] > git status -z -uall [38ms]
2025-02-17 17:05:51.625 [info] > git for-each-ref --sort -committerdate --format %(refname) %(objectname) %(*objectname) [13ms]
2025-02-17 17:05:51.834 [info] > git config --get --local branch.main.github-pr-owner-number [125ms]
2025-02-17 17:05:51.834 [warning] [Git][config] git config failed: Failed to execute git
2025-02-17 17:05:52.194 [info] > git rev-parse --show-toplevel [4ms]
2025-02-17 17:05:52.225 [info] > git rev-parse --show-toplevel [11ms]
2025-02-17 17:05:52.580 [info] > git diff --name-status -z --diff-filter=ADMR 60eaa35b76e03ae550f9e4e0db49f4729f9da50d [6ms]
