2025-02-17 16:07:32.150 [warning] /home/juanluis/.ssh/config: ENOENT: no such file or directory, open '/home/juanluis/.ssh/config'
2025-02-17 16:07:32.150 [info] Activation> Extension version: 0.104.1
2025-02-17 16:07:35.455 [info] Looking for git repository
2025-02-17 16:07:35.455 [info] Found 0 repositories during activation
2025-02-17 16:07:35.455 [info] Git repository found, initializing review manager and pr tree view.
2025-02-17 16:07:35.463 [info] Registering git provider
2025-02-17 16:07:35.463 [info] Review+0> Validate state in progress
2025-02-17 16:07:35.463 [info] Review+0> Validating state...
2025-02-17 16:07:35.600 [info] Found GitHub remote for folder /home/juanluis/git-repositories/TFM-BigData
2025-02-17 16:07:36.020 [info] Repo state for file:///home/juanluis/git-repositories/TFM-BigData changed.
2025-02-17 16:07:36.020 [info] Repo file:///home/juanluis/git-repositories/TFM-BigData has already been setup.
2025-02-17 16:07:36.797 [info] FolderRepositoryManager+0> Trying to use globalState for assignableUsers.
2025-02-17 16:07:37.024 [info] Review+0> No matching pull request metadata found locally for current branch main
2025-02-17 16:07:37.129 [info] FolderRepositoryManager+0> Using globalState assignableUsers for 1.
2025-02-17 16:07:37.539 [info] Review+0> No matching pull request metadata found on GitHub for current branch main
2025-02-17 16:07:59.096 [warning] /home/juanluis/.ssh/config: ENOENT: no such file or directory, open '/home/juanluis/.ssh/config'
2025-02-17 16:07:59.097 [info] Activation> Extension version: 0.104.1
2025-02-17 16:08:01.604 [info] Looking for git repository
2025-02-17 16:08:01.604 [info] Found 0 repositories during activation
2025-02-17 16:08:01.604 [info] Git repository found, initializing review manager and pr tree view.
2025-02-17 16:08:01.605 [info] Registering git provider
2025-02-17 16:08:35.626 [warning] /home/juanluis/.ssh/config: ENOENT: no such file or directory, open '/home/juanluis/.ssh/config'
2025-02-17 16:08:35.626 [info] Activation> Extension version: 0.104.1
2025-02-17 16:08:38.385 [info] Looking for git repository
2025-02-17 16:08:38.385 [info] Found 0 repositories during activation
2025-02-17 16:08:38.385 [info] Git repository found, initializing review manager and pr tree view.
2025-02-17 16:08:38.390 [info] Registering git provider
2025-02-17 16:08:38.621 [info] Repo state for file:///home/juanluis/git-repositories/master_bigdata changed.
2025-02-17 16:08:38.621 [info] Repo file:///home/juanluis/git-repositories/master_bigdata has already been setup.
2025-02-17 16:08:38.682 [info] Git initialization state changed: state=initialized
2025-02-17 16:08:38.682 [info] Review+0> Validate state in progress
2025-02-17 16:08:38.682 [info] Review+0> Validating state...
2025-02-17 16:08:38.783 [info] Found GitHub remote for folder /home/juanluis/git-repositories/master_bigdata
2025-02-17 16:08:39.474 [info] FolderRepositoryManager+0> Trying to use globalState for assignableUsers.
2025-02-17 16:08:39.685 [info] Review+0> No matching pull request metadata found locally for current branch main
2025-02-17 16:08:39.784 [info] FolderRepositoryManager+0> Using globalState assignableUsers for 1.
2025-02-17 16:08:40.631 [info] Review+0> No matching pull request metadata found on GitHub for current branch main
