2025-02-12T19:05:06:904 [info]: PacProxyAgent not found
2025-02-12T19:05:09:777 [warning]: There is no GitLab account available with access to suggestions
2025-02-12T19:05:09:976 [info]: handleRegisterCapability: {
      "id": "663a4f11-6110-44c8-bb6b-597ec162f7c5",
      "method": "workspace/didChangeWatchedFiles",
      "registerOptions": {
        "watchers": [
          {
            "globPattern": "**/*"
          }
        ]
      }
    }
2025-02-12T19:05:10:062 [info]: Extracted urls: []
2025-02-12T19:05:10:066 [info]: Found 0 projects for urls: []
2025-02-12T19:05:10:066 [warning]: There is no GitLab account available with access to suggestions
2025-02-12T19:05:10:484 [info]: Extracted urls: [
      "https://github.com/juanluserra/TFM-BigData.git"
    ]
2025-02-12T19:05:10:487 [info]: Found 0 projects for urls: [
      "https://github.com/juanluserra/TFM-BigData.git"
    ]
2025-02-12T19:05:10:487 [warning]: There is no GitLab account available with access to suggestions
2025-02-12T20:25:56:805 [info]: Extracted urls: []
2025-02-12T20:25:58:166 [info]: Found 0 projects for urls: []
