2025-02-12T19:05:08:418 [info]: fetch: Detected no proxy settings
2025-02-12T19:05:08:425 [info]: [SupportedLanguageService] Initialized. Enabling the default Code Suggestions languages: c,cpp,csharp,go,haml,handlebars,java,javascript,javascriptreact,kotlin,python,php,ruby,rust,scala,shellscript,sql,swift,typescript,typescriptreact,svelte,terraform,terragrunt,vue
2025-02-12T19:05:08:506 [info]: GitLab Language Server is starting (v7.13.0)
2025-02-12T19:05:08:506 [info]: Applying 0 endpoints to connection.
2025-02-12T19:05:08:544 [info]: [HttpServer]: server listening on http://127.0.0.1:45177/
2025-02-12T19:05:08:547 [info]: GitLab Language Server has started
2025-02-12T19:05:08:554 [info]: [VirtualFileSystemService] Emitting files for workspace file:///home/juanluis/git-repositories/TFM-BigData
2025-02-12T19:05:08:564 [info]: [RepositoryService] Clearing repositories for workspace file:///home/juanluis/git-repositories/TFM-BigData
2025-02-12T19:05:08:565 [info]: [RepositoryService] Detected repository at file:///home/juanluis/git-repositories/TFM-BigData/.git/config
2025-02-12T19:05:08:566 [info]: [RepositoryService] Detected 1 repositories for workspace file:///home/juanluis/git-repositories/TFM-BigData
2025-02-12T19:05:08:566 [info]: [RepositoryService] Adding repository file:///home/juanluis/git-repositories/TFM-BigData to workspace file:///home/juanluis/git-repositories/TFM-BigData
2025-02-12T19:05:08:566 [info]: [RepositoryService] Added 1 repositories to workspace file:///home/juanluis/git-repositories/TFM-BigData
2025-02-12T19:05:08:574 [warning]: DuoProjectAccessCache: no projects found for workspace folder file:///home/juanluis/git-repositories/TFM-BigData
2025-02-12T19:05:08:610 [info]: [File Policy] .ai-context-policy.yml file was not found, using default policy
2025-02-12T19:05:08:610 [info]: [File Policy] Using the config: {"ai_context_policy":"allow","exclude":[]}
2025-02-12T19:05:09:774 [info]: [VirtualFileSystemService] Registering watchers
2025-02-12T19:06:19:983 [error]: [RepositoryService] Error handling file update file:///home/juanluis/git-repositories/TFM-BigData/apuntes/build/ApuntesLennard.synctex%28busy%29
    Error: ENOENT: no such file or directory, lstat '/home/juanluis/git-repositories/TFM-BigData/apuntes/build/ApuntesLennard.synctex(busy)'
2025-02-12T19:06:21:336 [error]: [RepositoryService] Error handling file update file:///home/juanluis/git-repositories/TFM-BigData/apuntes/build/ApuntesLennard.synctex%28busy%29
    Error: ENOENT: no such file or directory, lstat '/home/juanluis/git-repositories/TFM-BigData/apuntes/build/ApuntesLennard.synctex(busy)'
2025-02-12T19:56:43:581 [error]: [RepositoryService] Error handling file update file:///home/juanluis/git-repositories/TFM-BigData/apuntes/build/ApuntesLennard.synctex%28busy%29
    Error: ENOENT: no such file or directory, lstat '/home/juanluis/git-repositories/TFM-BigData/apuntes/build/ApuntesLennard.synctex(busy)'
2025-02-12T19:59:25:839 [error]: [RepositoryService] Error handling file update file:///home/juanluis/git-repositories/TFM-BigData/apuntes/build/ApuntesLennard.synctex%28busy%29
    Error: ENOENT: no such file or directory, lstat '/home/juanluis/git-repositories/TFM-BigData/apuntes/build/ApuntesLennard.synctex(busy)'
2025-02-12T20:01:53:235 [error]: [RepositoryService] Error handling file update file:///home/juanluis/git-repositories/TFM-BigData/apuntes/build/ApuntesLennard.synctex%28busy%29
    Error: ENOENT: no such file or directory, lstat '/home/juanluis/git-repositories/TFM-BigData/apuntes/build/ApuntesLennard.synctex(busy)'
2025-02-12T20:02:06:096 [error]: [RepositoryService] Error handling file update file:///home/juanluis/git-repositories/TFM-BigData/apuntes/build/ApuntesLennard.synctex%28busy%29
    Error: ENOENT: no such file or directory, lstat '/home/juanluis/git-repositories/TFM-BigData/apuntes/build/ApuntesLennard.synctex(busy)'
2025-02-12T20:02:12:356 [error]: [RepositoryService] Error handling file update file:///home/juanluis/git-repositories/TFM-BigData/apuntes/build/ApuntesLennard.synctex%28busy%29
    Error: ENOENT: no such file or directory, lstat '/home/juanluis/git-repositories/TFM-BigData/apuntes/build/ApuntesLennard.synctex(busy)'
2025-02-12T20:02:53:871 [error]: [RepositoryService] Error handling file update file:///home/juanluis/git-repositories/TFM-BigData/apuntes/build/ApuntesLennard.synctex%28busy%29
    Error: ENOENT: no such file or directory, lstat '/home/juanluis/git-repositories/TFM-BigData/apuntes/build/ApuntesLennard.synctex(busy)'
2025-02-12T20:04:00:792 [error]: [RepositoryService] Error handling file update file:///home/juanluis/git-repositories/TFM-BigData/apuntes/build/ApuntesLennard.synctex%28busy%29
    Error: ENOENT: no such file or directory, lstat '/home/juanluis/git-repositories/TFM-BigData/apuntes/build/ApuntesLennard.synctex(busy)'
2025-02-12T20:07:35:359 [error]: [RepositoryService] Error handling file update file:///home/juanluis/git-repositories/TFM-BigData/apuntes/build/ApuntesLennard.synctex%28busy%29
    Error: ENOENT: no such file or directory, lstat '/home/juanluis/git-repositories/TFM-BigData/apuntes/build/ApuntesLennard.synctex(busy)'
2025-02-12T20:13:41:737 [error]: [RepositoryService] Error handling file update file:///home/juanluis/git-repositories/TFM-BigData/apuntes/build/ApuntesLennard.synctex%28busy%29
    Error: ENOENT: no such file or directory, lstat '/home/juanluis/git-repositories/TFM-BigData/apuntes/build/ApuntesLennard.synctex(busy)'
2025-02-12T20:14:20:398 [error]: [RepositoryService] Error handling file update file:///home/juanluis/git-repositories/TFM-BigData/apuntes/build/ApuntesLennard.synctex%28busy%29
    Error: ENOENT: no such file or directory, lstat '/home/juanluis/git-repositories/TFM-BigData/apuntes/build/ApuntesLennard.synctex(busy)'
2025-02-12T20:14:39:213 [error]: [RepositoryService] Error handling file update file:///home/juanluis/git-repositories/TFM-BigData/apuntes/build/ApuntesLennard.synctex%28busy%29
    Error: ENOENT: no such file or directory, lstat '/home/juanluis/git-repositories/TFM-BigData/apuntes/build/ApuntesLennard.synctex(busy)'
2025-02-12T20:16:18:796 [error]: [RepositoryService] Error handling file update file:///home/juanluis/git-repositories/TFM-BigData/apuntes/build/ApuntesLennard.synctex%28busy%29
    Error: ENOENT: no such file or directory, lstat '/home/juanluis/git-repositories/TFM-BigData/apuntes/build/ApuntesLennard.synctex(busy)'
2025-02-12T20:16:26:962 [error]: [RepositoryService] Error handling file update file:///home/juanluis/git-repositories/TFM-BigData/apuntes/build/ApuntesLennard.synctex%28busy%29
    Error: ENOENT: no such file or directory, lstat '/home/juanluis/git-repositories/TFM-BigData/apuntes/build/ApuntesLennard.synctex(busy)'
2025-02-12T20:18:24:801 [error]: [RepositoryService] Error handling file update file:///home/juanluis/git-repositories/TFM-BigData/apuntes/build/ApuntesLennard.synctex%28busy%29
    Error: ENOENT: no such file or directory, lstat '/home/juanluis/git-repositories/TFM-BigData/apuntes/build/ApuntesLennard.synctex(busy)'
2025-02-12T20:25:32:857 [error]: [RepositoryService] Error handling file update file:///home/juanluis/git-repositories/TFM-BigData/.git/index.lock
    Error: ENOENT: no such file or directory, lstat '/home/juanluis/git-repositories/TFM-BigData/.git/index.lock'
