[1739383482985] INFO  (ext): SQLTools is starting
[1739383482988] INFO  (ext): initializing language client...
[1739383482990] INFO  (ext): Registering client for languages [{"scheme":"sqltools"},{"language":"sql","scheme":"untitled"},{"language":"sql","scheme":"file"},{"language":"sql","scheme":"sqltools"}]
    ns: "lc"
[1739383483001] INFO  (ext): loading plugins...
[1739383483001] INFO  (ext): registering Formatter Plugin.
    plugin: {
      "name": "Formatter Plugin"
    }
[1739383483002] INFO  (ext): registering Connection Manager Plugin.
    plugin: {
      "name": "Connection Manager Plugin"
    }
[1739383483003] INFO  (ext): registering CodeLens Plugin.
    plugin: {
      "name": "CodeLens Plugin",
      "registeredLanguages": []
    }
[1739383483006] INFO  (ext): registering Dependency Manager Plugin.
    plugin: {
      "name": "Dependency Manager Plugin",
      "installingDrivers": []
    }
[1739383483011] INFO  (ext): Connection explorer changed. Will be updated.
    ns: "conn-man:explorer"
[1739383483011] INFO  (ext): registering History Manager Plugin.
    plugin: {
      "name": "History Manager Plugin"
    }
[1739383483013] INFO  (ext): registering Bookmarks Manager Plugin.
    plugin: {
      "name": "Bookmarks Manager Plugin"
    }
[1739383483015] INFO  (ext): registering Authentication Provider Plugin.
    plugin: {
      "name": "Authentication Provider Plugin",
      "isRegistered": false
    }
[1739383483015] INFO  (ext): registering Object Drop-in Provider (plugin).
    plugin: {
      "type": "plugin",
      "name": "Object Drop-in Provider",
      "isRegistered": false
    }
[1739383483017] INFO  (ext): SQLTools activation completed. 31.382226 ms
[1739383483017] INFO  (ext): Formatter Plugin registered!
[1739383483017] INFO  (ext): CodeLens Plugin registered!
[1739383483017] INFO  (ext): Dependency Manager Plugin registered!
[1739383483017] INFO  (ext): Connection Manager Plugin registered!
[1739383483017] INFO  (ext): History Manager Plugin registered!
[1739383483017] INFO  (ext): Bookmarks Manager Plugin registered!
[1739383483017] INFO  (ext): Authentication Provider Plugin registered!
[1739383483017] INFO  (ext): Object Drop-in Provider (plugin) registered!
[1739383483316] INFO  (ls): SQLTools Server started!
===============================
Using node runtime?: no
ExecPath: /usr/share/code/code 
===============================
[1739383483418] INFO  (ext): LanguageClient ready
    ns: "lc"
[1739383483415] INFO  (ls): Initialized with node version:v20.18.1
[1739383484091] INFO  (ext): EXECUTING COMMAND => sqltools.refreshTree
[1739383484091] INFO  (ext): Connection explorer changed. Will be updated.
    ns: "conn-man:explorer"
[1739383487232] INFO  (ext): Connection explorer changed. Will be updated.
    ns: "conn-man:explorer"
[1739383487763] INFO  (ext): Connection explorer changed. Will be updated.
    ns: "conn-man:explorer"
[1739383488825] INFO  (ext): Connection explorer changed. Will be updated.
    ns: "conn-man:explorer"
[1739383488958] INFO  (ext): Connection explorer changed. Will be updated.
    ns: "conn-man:explorer"
[1739383493139] INFO  (ext): Connection explorer changed. Will be updated.
    ns: "conn-man:explorer"
[1739383493439] INFO  (ext): Connection explorer changed. Will be updated.
    ns: "conn-man:explorer"
