2025-02-12T19:04:50:532 [info]: fetch: Detected no proxy settings
2025-02-12T19:04:50:540 [info]: [SupportedLanguageService] Initialized. Enabling the default Code Suggestions languages: c,cpp,csharp,go,haml,handlebars,java,javascript,javascriptreact,kotlin,python,php,ruby,rust,scala,shellscript,sql,swift,typescript,typescriptreact,svelte,terraform,terragrunt,vue
2025-02-12T19:04:50:635 [info]: GitLab Language Server is starting (v7.13.0)
2025-02-12T19:04:50:636 [info]: Applying 0 endpoints to connection.
2025-02-12T19:04:50:672 [info]: [HttpServer]: server listening on http://127.0.0.1:34309/
2025-02-12T19:04:50:674 [info]: GitLab Language Server has started
2025-02-12T19:04:50:680 [info]: [VirtualFileSystemService] Emitting files for workspace file:///home/juanluis
2025-02-12T19:04:52:578 [info]: [RepositoryService] Clearing repositories for workspace file:///home/juanluis
2025-02-12T19:04:52:606 [info]: [RepositoryService] Detected repository at file:///home/juanluis/.oh-my-zsh/.git/config
2025-02-12T19:04:52:607 [info]: [RepositoryService] Detected repository at file:///home/juanluis/fastfetch-examples/.git/config
2025-02-12T19:04:52:607 [info]: [RepositoryService] Detected repository at file:///home/juanluis/neofetch/.git/config
2025-02-12T19:04:52:608 [info]: [RepositoryService] Detected repository at file:///home/juanluis/configs/.oh-my-zsh/.git/config
2025-02-12T19:04:52:608 [info]: [RepositoryService] Detected repository at file:///home/juanluis/git-repositories/TFM-BigData/.git/config
2025-02-12T19:04:52:608 [info]: [RepositoryService] Detected repository at file:///home/juanluis/git-repositories/master_bigdata/.git/config
2025-02-12T19:04:52:608 [info]: [RepositoryService] Detected repository at file:///home/juanluis/git-repositories/latex-templates/.git/config
2025-02-12T19:04:52:608 [info]: [RepositoryService] Detected repository at file:///home/juanluis/.local/share/lunarvim/lvim/.git/config
2025-02-12T19:04:52:608 [info]: [RepositoryService] Detected repository at file:///home/juanluis/.oh-my-zsh/custom/plugins/zsh-syntax-highlighting/.git/config
2025-02-12T19:04:52:608 [info]: [RepositoryService] Detected repository at file:///home/juanluis/.oh-my-zsh/custom/themes/powerlevel10k/.git/config
2025-02-12T19:04:52:608 [info]: [RepositoryService] Detected repository at file:///home/juanluis/.oh-my-zsh/custom/plugins/zsh-autosuggestions/.git/config
2025-02-12T19:04:52:609 [info]: [RepositoryService] Detected repository at file:///home/juanluis/.local/share/nvim/lazy/LuaSnip/.git/config
2025-02-12T19:04:52:609 [info]: [RepositoryService] Detected repository at file:///home/juanluis/.local/share/nvim/lazy/catppuccin/.git/config
2025-02-12T19:04:52:609 [info]: [RepositoryService] Detected repository at file:///home/juanluis/.local/share/nvim/lazy/cmp-nvim-lsp/.git/config
2025-02-12T19:04:52:609 [info]: [RepositoryService] Detected repository at file:///home/juanluis/.local/share/nvim/lazy/cmp-path/.git/config
2025-02-12T19:04:52:609 [info]: [RepositoryService] Detected repository at file:///home/juanluis/.local/share/nvim/lazy/coc.nvim/.git/config
2025-02-12T19:04:52:609 [info]: [RepositoryService] Detected repository at file:///home/juanluis/.local/share/nvim/lazy/cmp_luasnip/.git/config
2025-02-12T19:04:52:609 [info]: [RepositoryService] Detected repository at file:///home/juanluis/.local/share/nvim/lazy/conform.nvim/.git/config
2025-02-12T19:04:52:609 [info]: [RepositoryService] Detected repository at file:///home/juanluis/.local/share/nvim/lazy/fidget.nvim/.git/config
2025-02-12T19:04:52:609 [info]: [RepositoryService] Detected repository at file:///home/juanluis/.local/share/nvim/lazy/gitsigns.nvim/.git/config
2025-02-12T19:04:52:610 [info]: [RepositoryService] Detected repository at file:///home/juanluis/.local/share/nvim/lazy/mason-lspconfig.nvim/.git/config
2025-02-12T19:04:52:610 [info]: [RepositoryService] Detected repository at file:///home/juanluis/.local/share/nvim/lazy/mason-tool-installer.nvim/.git/config
2025-02-12T19:04:52:610 [info]: [RepositoryService] Detected repository at file:///home/juanluis/.local/share/nvim/lazy/lazy.nvim/.git/config
2025-02-12T19:04:52:610 [info]: [RepositoryService] Detected repository at file:///home/juanluis/.local/share/nvim/lazy/lazydev.nvim/.git/config
2025-02-12T19:04:52:610 [info]: [RepositoryService] Detected repository at file:///home/juanluis/.local/share/nvim/lazy/mini.nvim/.git/config
2025-02-12T19:04:52:610 [info]: [RepositoryService] Detected repository at file:///home/juanluis/.local/share/nvim/lazy/nvim-lspconfig/.git/config
2025-02-12T19:04:52:610 [info]: [RepositoryService] Detected repository at file:///home/juanluis/.local/share/nvim/lazy/mason.nvim/.git/config
2025-02-12T19:04:52:610 [info]: [RepositoryService] Detected repository at file:///home/juanluis/.local/share/nvim/lazy/nvim-cmp/.git/config
2025-02-12T19:04:52:610 [info]: [RepositoryService] Detected repository at file:///home/juanluis/.local/share/nvim/lazy/nvim-treesitter/.git/config
2025-02-12T19:04:52:610 [info]: [RepositoryService] Detected repository at file:///home/juanluis/.local/share/nvim/lazy/plenary.nvim/.git/config
2025-02-12T19:04:52:610 [info]: [RepositoryService] Detected repository at file:///home/juanluis/.local/share/nvim/lazy/telescope-fzf-native.nvim/.git/config
2025-02-12T19:04:52:611 [info]: [RepositoryService] Detected repository at file:///home/juanluis/.local/share/nvim/lazy/telescope-ui-select.nvim/.git/config
2025-02-12T19:04:52:611 [info]: [RepositoryService] Detected repository at file:///home/juanluis/.local/share/nvim/lazy/todo-comments.nvim/.git/config
2025-02-12T19:04:52:611 [info]: [RepositoryService] Detected repository at file:///home/juanluis/.local/share/nvim/lazy/telescope.nvim/.git/config
2025-02-12T19:04:52:611 [info]: [RepositoryService] Detected repository at file:///home/juanluis/.local/share/nvim/lazy/tokyonight.nvim/.git/config
2025-02-12T19:04:52:611 [info]: [RepositoryService] Detected repository at file:///home/juanluis/.local/share/nvim/lazy/vim-sleuth/.git/config
2025-02-12T19:04:52:611 [info]: [RepositoryService] Detected repository at file:///home/juanluis/.local/share/nvim/lazy/which-key.nvim/.git/config
2025-02-12T19:04:52:611 [info]: [RepositoryService] Detected repository at file:///home/juanluis/configs/.oh-my-zsh/custom/themes/powerlevel10k/.git/config
2025-02-12T19:04:52:611 [info]: [RepositoryService] Detected repository at file:///home/juanluis/configs/.oh-my-zsh/custom/plugins/zsh-syntax-highlighting/.git/config
2025-02-12T19:04:52:611 [info]: [RepositoryService] Detected repository at file:///home/juanluis/configs/.oh-my-zsh/custom/plugins/zsh-autosuggestions/.git/config
2025-02-12T19:04:52:611 [info]: [RepositoryService] Detected repository at file:///home/juanluis/.local/share/lunarvim/site/pack/lazy/opt/Comment.nvim/.git/config
2025-02-12T19:04:52:611 [info]: [RepositoryService] Detected repository at file:///home/juanluis/.local/share/lunarvim/site/pack/lazy/opt/LuaSnip/.git/config
2025-02-12T19:04:52:611 [info]: [RepositoryService] Detected repository at file:///home/juanluis/.local/share/lunarvim/site/pack/lazy/opt/alpha-nvim/.git/config
2025-02-12T19:04:52:611 [info]: [RepositoryService] Detected repository at file:///home/juanluis/.local/share/lunarvim/site/pack/lazy/opt/bigfile.nvim/.git/config
2025-02-12T19:04:52:612 [info]: [RepositoryService] Detected repository at file:///home/juanluis/.local/share/lunarvim/site/pack/lazy/opt/cmp-nvim-lsp/.git/config
2025-02-12T19:04:52:612 [info]: [RepositoryService] Detected repository at file:///home/juanluis/.local/share/lunarvim/site/pack/lazy/opt/bufferline.nvim/.git/config
2025-02-12T19:04:52:612 [info]: [RepositoryService] Detected repository at file:///home/juanluis/.local/share/lunarvim/site/pack/lazy/opt/cmp-buffer/.git/config
2025-02-12T19:04:52:612 [info]: [RepositoryService] Detected repository at file:///home/juanluis/.local/share/lunarvim/site/pack/lazy/opt/cmp-path/.git/config
2025-02-12T19:04:52:612 [info]: [RepositoryService] Detected repository at file:///home/juanluis/.local/share/lunarvim/site/pack/lazy/opt/cmp_luasnip/.git/config
2025-02-12T19:04:52:612 [info]: [RepositoryService] Detected repository at file:///home/juanluis/.local/share/lunarvim/site/pack/lazy/opt/friendly-snippets/.git/config
2025-02-12T19:04:52:612 [info]: [RepositoryService] Detected repository at file:///home/juanluis/.local/share/lunarvim/site/pack/lazy/opt/gitsigns.nvim/.git/config
2025-02-12T19:04:52:612 [info]: [RepositoryService] Detected repository at file:///home/juanluis/.local/share/lunarvim/site/pack/lazy/opt/indent-blankline.nvim/.git/config
2025-02-12T19:04:52:612 [info]: [RepositoryService] Detected repository at file:///home/juanluis/.local/share/lunarvim/site/pack/lazy/opt/lazy.nvim/.git/config
2025-02-12T19:04:52:612 [info]: [RepositoryService] Detected repository at file:///home/juanluis/.local/share/lunarvim/site/pack/lazy/opt/lir.nvim/.git/config
2025-02-12T19:04:52:612 [info]: [RepositoryService] Detected repository at file:///home/juanluis/.local/share/lunarvim/site/pack/lazy/opt/lualine.nvim/.git/config
2025-02-12T19:04:52:612 [info]: [RepositoryService] Detected repository at file:///home/juanluis/.local/share/lunarvim/site/pack/lazy/opt/lunar.nvim/.git/config
2025-02-12T19:04:52:613 [info]: [RepositoryService] Detected repository at file:///home/juanluis/.local/share/lunarvim/site/pack/lazy/opt/mason-lspconfig.nvim/.git/config
2025-02-12T19:04:52:613 [info]: [RepositoryService] Detected repository at file:///home/juanluis/.local/share/lunarvim/site/pack/lazy/opt/mason.nvim/.git/config
2025-02-12T19:04:52:613 [info]: [RepositoryService] Detected repository at file:///home/juanluis/.local/share/lunarvim/site/pack/lazy/opt/neodev.nvim/.git/config
2025-02-12T19:04:52:613 [info]: [RepositoryService] Detected repository at file:///home/juanluis/.local/share/lunarvim/site/pack/lazy/opt/nlsp-settings.nvim/.git/config
2025-02-12T19:04:52:613 [info]: [RepositoryService] Detected repository at file:///home/juanluis/.local/share/lunarvim/site/pack/lazy/opt/none-ls.nvim/.git/config
2025-02-12T19:04:52:613 [info]: [RepositoryService] Detected repository at file:///home/juanluis/.local/share/lunarvim/site/pack/lazy/opt/nvim-autopairs/.git/config
2025-02-12T19:04:52:613 [info]: [RepositoryService] Detected repository at file:///home/juanluis/.local/share/lunarvim/site/pack/lazy/opt/nvim-cmp/.git/config
2025-02-12T19:04:52:613 [info]: [RepositoryService] Detected repository at file:///home/juanluis/.local/share/lunarvim/site/pack/lazy/opt/nvim-dap/.git/config
2025-02-12T19:04:52:613 [info]: [RepositoryService] Detected repository at file:///home/juanluis/.local/share/lunarvim/site/pack/lazy/opt/nvim-dap-ui/.git/config
2025-02-12T19:04:52:613 [info]: [RepositoryService] Detected repository at file:///home/juanluis/.local/share/lunarvim/site/pack/lazy/opt/nvim-lspconfig/.git/config
2025-02-12T19:04:52:613 [info]: [RepositoryService] Detected repository at file:///home/juanluis/.local/share/lunarvim/site/pack/lazy/opt/nvim-navic/.git/config
2025-02-12T19:04:52:613 [info]: [RepositoryService] Detected repository at file:///home/juanluis/.local/share/lunarvim/site/pack/lazy/opt/nvim-treesitter/.git/config
2025-02-12T19:04:52:613 [info]: [RepositoryService] Detected repository at file:///home/juanluis/.local/share/lunarvim/site/pack/lazy/opt/nvim-ts-context-commentstring/.git/config
2025-02-12T19:04:52:613 [info]: [RepositoryService] Detected repository at file:///home/juanluis/.local/share/lunarvim/site/pack/lazy/opt/nvim-tree.lua/.git/config
2025-02-12T19:04:52:613 [info]: [RepositoryService] Detected repository at file:///home/juanluis/.local/share/lunarvim/site/pack/lazy/opt/project.nvim/.git/config
2025-02-12T19:04:52:614 [info]: [RepositoryService] Detected repository at file:///home/juanluis/.local/share/lunarvim/site/pack/lazy/opt/nvim-web-devicons/.git/config
2025-02-12T19:04:52:614 [info]: [RepositoryService] Detected repository at file:///home/juanluis/.local/share/lunarvim/site/pack/lazy/opt/plenary.nvim/.git/config
2025-02-12T19:04:52:614 [info]: [RepositoryService] Detected repository at file:///home/juanluis/.local/share/lunarvim/site/pack/lazy/opt/onedarker.nvim/.git/config
2025-02-12T19:04:52:614 [info]: [RepositoryService] Detected repository at file:///home/juanluis/.local/share/lunarvim/site/pack/lazy/opt/schemastore.nvim/.git/config
2025-02-12T19:04:52:614 [info]: [RepositoryService] Detected repository at file:///home/juanluis/.local/share/lunarvim/site/pack/lazy/opt/telescope-fzf-native.nvim/.git/config
2025-02-12T19:04:52:614 [info]: [RepositoryService] Detected repository at file:///home/juanluis/.local/share/lunarvim/site/pack/lazy/opt/structlog.nvim/.git/config
2025-02-12T19:04:52:614 [info]: [RepositoryService] Detected repository at file:///home/juanluis/.local/share/lunarvim/site/pack/lazy/opt/telescope.nvim/.git/config
2025-02-12T19:04:52:614 [info]: [RepositoryService] Detected repository at file:///home/juanluis/.local/share/lunarvim/site/pack/lazy/opt/tokyonight.nvim/.git/config
2025-02-12T19:04:52:614 [info]: [RepositoryService] Detected repository at file:///home/juanluis/.local/share/lunarvim/site/pack/lazy/opt/toggleterm.nvim/.git/config
2025-02-12T19:04:52:614 [info]: [RepositoryService] Detected repository at file:///home/juanluis/.local/share/lunarvim/site/pack/lazy/opt/vim-illuminate/.git/config
2025-02-12T19:04:52:614 [info]: [RepositoryService] Detected repository at file:///home/juanluis/.local/share/lunarvim/site/pack/lazy/opt/which-key.nvim/.git/config
2025-02-12T19:04:52:615 [info]: [RepositoryService] Detected 82 repositories for workspace file:///home/juanluis
2025-02-12T19:04:52:615 [info]: [RepositoryService] Adding repository file:///home/juanluis/.oh-my-zsh to workspace file:///home/juanluis
2025-02-12T19:04:52:615 [info]: [RepositoryService] Adding repository file:///home/juanluis/fastfetch-examples to workspace file:///home/juanluis
2025-02-12T19:04:52:615 [info]: [RepositoryService] Adding repository file:///home/juanluis/neofetch to workspace file:///home/juanluis
2025-02-12T19:04:52:615 [info]: [RepositoryService] Adding repository file:///home/juanluis/configs/.oh-my-zsh to workspace file:///home/juanluis
2025-02-12T19:04:52:615 [info]: [RepositoryService] Adding repository file:///home/juanluis/git-repositories/TFM-BigData to workspace file:///home/juanluis
2025-02-12T19:04:52:616 [info]: [RepositoryService] Adding repository file:///home/juanluis/git-repositories/master_bigdata to workspace file:///home/juanluis
2025-02-12T19:04:52:616 [info]: [RepositoryService] Adding repository file:///home/juanluis/git-repositories/latex-templates to workspace file:///home/juanluis
2025-02-12T19:04:52:616 [info]: [RepositoryService] Adding repository file:///home/juanluis/.local/share/lunarvim/lvim to workspace file:///home/juanluis
2025-02-12T19:04:52:616 [info]: [RepositoryService] Adding repository file:///home/juanluis/.oh-my-zsh/custom/plugins/zsh-syntax-highlighting to workspace file:///home/juanluis
2025-02-12T19:04:52:616 [info]: [RepositoryService] Adding repository file:///home/juanluis/.oh-my-zsh/custom/themes/powerlevel10k to workspace file:///home/juanluis
2025-02-12T19:04:52:616 [info]: [RepositoryService] Adding repository file:///home/juanluis/.oh-my-zsh/custom/plugins/zsh-autosuggestions to workspace file:///home/juanluis
2025-02-12T19:04:52:616 [info]: [RepositoryService] Adding repository file:///home/juanluis/.local/share/nvim/lazy/LuaSnip to workspace file:///home/juanluis
2025-02-12T19:04:52:616 [info]: [RepositoryService] Adding repository file:///home/juanluis/.local/share/nvim/lazy/catppuccin to workspace file:///home/juanluis
2025-02-12T19:04:52:616 [info]: [RepositoryService] Adding repository file:///home/juanluis/.local/share/nvim/lazy/cmp-nvim-lsp to workspace file:///home/juanluis
2025-02-12T19:04:52:616 [info]: [RepositoryService] Adding repository file:///home/juanluis/.local/share/nvim/lazy/cmp-path to workspace file:///home/juanluis
2025-02-12T19:04:52:616 [info]: [RepositoryService] Adding repository file:///home/juanluis/.local/share/nvim/lazy/coc.nvim to workspace file:///home/juanluis
2025-02-12T19:04:52:617 [info]: [RepositoryService] Adding repository file:///home/juanluis/.local/share/nvim/lazy/cmp_luasnip to workspace file:///home/juanluis
2025-02-12T19:04:52:617 [info]: [RepositoryService] Adding repository file:///home/juanluis/.local/share/nvim/lazy/conform.nvim to workspace file:///home/juanluis
2025-02-12T19:04:52:617 [info]: [RepositoryService] Adding repository file:///home/juanluis/.local/share/nvim/lazy/fidget.nvim to workspace file:///home/juanluis
2025-02-12T19:04:52:617 [info]: [RepositoryService] Adding repository file:///home/juanluis/.local/share/nvim/lazy/gitsigns.nvim to workspace file:///home/juanluis
2025-02-12T19:04:52:617 [info]: [RepositoryService] Adding repository file:///home/juanluis/.local/share/nvim/lazy/mason-lspconfig.nvim to workspace file:///home/juanluis
2025-02-12T19:04:52:617 [info]: [RepositoryService] Adding repository file:///home/juanluis/.local/share/nvim/lazy/mason-tool-installer.nvim to workspace file:///home/juanluis
2025-02-12T19:04:52:617 [info]: [RepositoryService] Adding repository file:///home/juanluis/.local/share/nvim/lazy/lazy.nvim to workspace file:///home/juanluis
2025-02-12T19:04:52:617 [info]: [RepositoryService] Adding repository file:///home/juanluis/.local/share/nvim/lazy/lazydev.nvim to workspace file:///home/juanluis
2025-02-12T19:04:52:617 [info]: [RepositoryService] Adding repository file:///home/juanluis/.local/share/nvim/lazy/mini.nvim to workspace file:///home/juanluis
2025-02-12T19:04:52:617 [info]: [RepositoryService] Adding repository file:///home/juanluis/.local/share/nvim/lazy/nvim-lspconfig to workspace file:///home/juanluis
2025-02-12T19:04:52:617 [info]: [RepositoryService] Adding repository file:///home/juanluis/.local/share/nvim/lazy/mason.nvim to workspace file:///home/juanluis
2025-02-12T19:04:52:617 [info]: [RepositoryService] Adding repository file:///home/juanluis/.local/share/nvim/lazy/nvim-cmp to workspace file:///home/juanluis
2025-02-12T19:04:52:618 [info]: [RepositoryService] Adding repository file:///home/juanluis/.local/share/nvim/lazy/nvim-treesitter to workspace file:///home/juanluis
2025-02-12T19:04:52:618 [info]: [RepositoryService] Adding repository file:///home/juanluis/.local/share/nvim/lazy/plenary.nvim to workspace file:///home/juanluis
2025-02-12T19:04:52:618 [info]: [RepositoryService] Adding repository file:///home/juanluis/.local/share/nvim/lazy/telescope-fzf-native.nvim to workspace file:///home/juanluis
2025-02-12T19:04:52:618 [info]: [RepositoryService] Adding repository file:///home/juanluis/.local/share/nvim/lazy/telescope-ui-select.nvim to workspace file:///home/juanluis
2025-02-12T19:04:52:618 [info]: [RepositoryService] Adding repository file:///home/juanluis/.local/share/nvim/lazy/todo-comments.nvim to workspace file:///home/juanluis
2025-02-12T19:04:52:618 [info]: [RepositoryService] Adding repository file:///home/juanluis/.local/share/nvim/lazy/telescope.nvim to workspace file:///home/juanluis
2025-02-12T19:04:52:618 [info]: [RepositoryService] Adding repository file:///home/juanluis/.local/share/nvim/lazy/tokyonight.nvim to workspace file:///home/juanluis
2025-02-12T19:04:52:618 [info]: [RepositoryService] Adding repository file:///home/juanluis/.local/share/nvim/lazy/vim-sleuth to workspace file:///home/juanluis
2025-02-12T19:04:52:618 [info]: [RepositoryService] Adding repository file:///home/juanluis/.local/share/nvim/lazy/which-key.nvim to workspace file:///home/juanluis
2025-02-12T19:04:52:618 [info]: [RepositoryService] Adding repository file:///home/juanluis/configs/.oh-my-zsh/custom/themes/powerlevel10k to workspace file:///home/juanluis
2025-02-12T19:04:52:618 [info]: [RepositoryService] Adding repository file:///home/juanluis/configs/.oh-my-zsh/custom/plugins/zsh-syntax-highlighting to workspace file:///home/juanluis
2025-02-12T19:04:52:618 [info]: [RepositoryService] Adding repository file:///home/juanluis/configs/.oh-my-zsh/custom/plugins/zsh-autosuggestions to workspace file:///home/juanluis
2025-02-12T19:04:52:618 [info]: [RepositoryService] Adding repository file:///home/juanluis/.local/share/lunarvim/site/pack/lazy/opt/Comment.nvim to workspace file:///home/juanluis
2025-02-12T19:04:52:618 [info]: [RepositoryService] Adding repository file:///home/juanluis/.local/share/lunarvim/site/pack/lazy/opt/LuaSnip to workspace file:///home/juanluis
2025-02-12T19:04:52:618 [info]: [RepositoryService] Adding repository file:///home/juanluis/.local/share/lunarvim/site/pack/lazy/opt/alpha-nvim to workspace file:///home/juanluis
2025-02-12T19:04:52:618 [info]: [RepositoryService] Adding repository file:///home/juanluis/.local/share/lunarvim/site/pack/lazy/opt/bigfile.nvim to workspace file:///home/juanluis
2025-02-12T19:04:52:619 [info]: [RepositoryService] Adding repository file:///home/juanluis/.local/share/lunarvim/site/pack/lazy/opt/cmp-nvim-lsp to workspace file:///home/juanluis
2025-02-12T19:04:52:619 [info]: [RepositoryService] Adding repository file:///home/juanluis/.local/share/lunarvim/site/pack/lazy/opt/bufferline.nvim to workspace file:///home/juanluis
2025-02-12T19:04:52:619 [info]: [RepositoryService] Adding repository file:///home/juanluis/.local/share/lunarvim/site/pack/lazy/opt/cmp-buffer to workspace file:///home/juanluis
2025-02-12T19:04:52:619 [info]: [RepositoryService] Adding repository file:///home/juanluis/.local/share/lunarvim/site/pack/lazy/opt/cmp-path to workspace file:///home/juanluis
2025-02-12T19:04:52:619 [info]: [RepositoryService] Adding repository file:///home/juanluis/.local/share/lunarvim/site/pack/lazy/opt/cmp_luasnip to workspace file:///home/juanluis
2025-02-12T19:04:52:619 [info]: [RepositoryService] Adding repository file:///home/juanluis/.local/share/lunarvim/site/pack/lazy/opt/friendly-snippets to workspace file:///home/juanluis
2025-02-12T19:04:52:619 [info]: [RepositoryService] Adding repository file:///home/juanluis/.local/share/lunarvim/site/pack/lazy/opt/gitsigns.nvim to workspace file:///home/juanluis
2025-02-12T19:04:52:619 [info]: [RepositoryService] Adding repository file:///home/juanluis/.local/share/lunarvim/site/pack/lazy/opt/indent-blankline.nvim to workspace file:///home/juanluis
2025-02-12T19:04:52:619 [info]: [RepositoryService] Adding repository file:///home/juanluis/.local/share/lunarvim/site/pack/lazy/opt/lazy.nvim to workspace file:///home/juanluis
2025-02-12T19:04:52:619 [info]: [RepositoryService] Adding repository file:///home/juanluis/.local/share/lunarvim/site/pack/lazy/opt/lir.nvim to workspace file:///home/juanluis
2025-02-12T19:04:52:619 [info]: [RepositoryService] Adding repository file:///home/juanluis/.local/share/lunarvim/site/pack/lazy/opt/lualine.nvim to workspace file:///home/juanluis
2025-02-12T19:04:52:619 [info]: [RepositoryService] Adding repository file:///home/juanluis/.local/share/lunarvim/site/pack/lazy/opt/lunar.nvim to workspace file:///home/juanluis
2025-02-12T19:04:52:619 [info]: [RepositoryService] Adding repository file:///home/juanluis/.local/share/lunarvim/site/pack/lazy/opt/mason-lspconfig.nvim to workspace file:///home/juanluis
2025-02-12T19:04:52:619 [info]: [RepositoryService] Adding repository file:///home/juanluis/.local/share/lunarvim/site/pack/lazy/opt/mason.nvim to workspace file:///home/juanluis
2025-02-12T19:04:52:620 [info]: [RepositoryService] Adding repository file:///home/juanluis/.local/share/lunarvim/site/pack/lazy/opt/neodev.nvim to workspace file:///home/juanluis
2025-02-12T19:04:52:620 [info]: [RepositoryService] Adding repository file:///home/juanluis/.local/share/lunarvim/site/pack/lazy/opt/nlsp-settings.nvim to workspace file:///home/juanluis
2025-02-12T19:04:52:620 [info]: [RepositoryService] Adding repository file:///home/juanluis/.local/share/lunarvim/site/pack/lazy/opt/none-ls.nvim to workspace file:///home/juanluis
2025-02-12T19:04:52:620 [info]: [RepositoryService] Adding repository file:///home/juanluis/.local/share/lunarvim/site/pack/lazy/opt/nvim-autopairs to workspace file:///home/juanluis
2025-02-12T19:04:52:620 [info]: [RepositoryService] Adding repository file:///home/juanluis/.local/share/lunarvim/site/pack/lazy/opt/nvim-cmp to workspace file:///home/juanluis
2025-02-12T19:04:52:620 [info]: [RepositoryService] Adding repository file:///home/juanluis/.local/share/lunarvim/site/pack/lazy/opt/nvim-dap to workspace file:///home/juanluis
2025-02-12T19:04:52:620 [info]: [RepositoryService] Adding repository file:///home/juanluis/.local/share/lunarvim/site/pack/lazy/opt/nvim-dap-ui to workspace file:///home/juanluis
2025-02-12T19:04:52:620 [info]: [RepositoryService] Adding repository file:///home/juanluis/.local/share/lunarvim/site/pack/lazy/opt/nvim-lspconfig to workspace file:///home/juanluis
2025-02-12T19:04:52:620 [info]: [RepositoryService] Adding repository file:///home/juanluis/.local/share/lunarvim/site/pack/lazy/opt/nvim-navic to workspace file:///home/juanluis
2025-02-12T19:04:52:620 [info]: [RepositoryService] Adding repository file:///home/juanluis/.local/share/lunarvim/site/pack/lazy/opt/nvim-treesitter to workspace file:///home/juanluis
2025-02-12T19:04:52:620 [info]: [RepositoryService] Adding repository file:///home/juanluis/.local/share/lunarvim/site/pack/lazy/opt/nvim-ts-context-commentstring to workspace file:///home/juanluis
2025-02-12T19:04:52:620 [info]: [RepositoryService] Adding repository file:///home/juanluis/.local/share/lunarvim/site/pack/lazy/opt/nvim-tree.lua to workspace file:///home/juanluis
2025-02-12T19:04:52:620 [info]: [RepositoryService] Adding repository file:///home/juanluis/.local/share/lunarvim/site/pack/lazy/opt/project.nvim to workspace file:///home/juanluis
2025-02-12T19:04:52:620 [info]: [RepositoryService] Adding repository file:///home/juanluis/.local/share/lunarvim/site/pack/lazy/opt/nvim-web-devicons to workspace file:///home/juanluis
2025-02-12T19:04:52:620 [info]: [RepositoryService] Adding repository file:///home/juanluis/.local/share/lunarvim/site/pack/lazy/opt/plenary.nvim to workspace file:///home/juanluis
2025-02-12T19:04:52:620 [info]: [RepositoryService] Adding repository file:///home/juanluis/.local/share/lunarvim/site/pack/lazy/opt/onedarker.nvim to workspace file:///home/juanluis
2025-02-12T19:04:52:620 [info]: [RepositoryService] Adding repository file:///home/juanluis/.local/share/lunarvim/site/pack/lazy/opt/schemastore.nvim to workspace file:///home/juanluis
2025-02-12T19:04:52:620 [info]: [RepositoryService] Adding repository file:///home/juanluis/.local/share/lunarvim/site/pack/lazy/opt/telescope-fzf-native.nvim to workspace file:///home/juanluis
2025-02-12T19:04:52:620 [info]: [RepositoryService] Adding repository file:///home/juanluis/.local/share/lunarvim/site/pack/lazy/opt/structlog.nvim to workspace file:///home/juanluis
2025-02-12T19:04:52:620 [info]: [RepositoryService] Adding repository file:///home/juanluis/.local/share/lunarvim/site/pack/lazy/opt/telescope.nvim to workspace file:///home/juanluis
2025-02-12T19:04:52:620 [info]: [RepositoryService] Adding repository file:///home/juanluis/.local/share/lunarvim/site/pack/lazy/opt/tokyonight.nvim to workspace file:///home/juanluis
2025-02-12T19:04:52:621 [info]: [RepositoryService] Adding repository file:///home/juanluis/.local/share/lunarvim/site/pack/lazy/opt/toggleterm.nvim to workspace file:///home/juanluis
2025-02-12T19:04:52:621 [info]: [RepositoryService] Adding repository file:///home/juanluis/.local/share/lunarvim/site/pack/lazy/opt/vim-illuminate to workspace file:///home/juanluis
2025-02-12T19:04:52:621 [info]: [RepositoryService] Adding repository file:///home/juanluis/.local/share/lunarvim/site/pack/lazy/opt/which-key.nvim to workspace file:///home/juanluis
2025-02-12T19:04:52:621 [info]: [RepositoryService] Added 82 repositories to workspace file:///home/juanluis
2025-02-12T19:04:52:622 [warning]: [RepositoryService] No matching repository found for file file:///home/juanluis/.bash-preexec.sh
2025-02-12T19:04:52:622 [warning]: [RepositoryService] No matching repository found for file file:///home/juanluis/.bash_history
2025-02-12T19:04:52:622 [warning]: [RepositoryService] No matching repository found for file file:///home/juanluis/.bash_logout
2025-02-12T19:04:52:622 [warning]: [RepositoryService] No matching repository found for file file:///home/juanluis/.bash_profile
2025-02-12T19:04:52:622 [warning]: [RepositoryService] No matching repository found for file file:///home/juanluis/.bashrc
2025-02-12T19:04:52:622 [warning]: [RepositoryService] No matching repository found for file file:///home/juanluis/.fonts.conf
2025-02-12T19:04:52:622 [warning]: [RepositoryService] No matching repository found for file file:///home/juanluis/.gitconfig
2025-02-12T19:04:52:622 [warning]: [RepositoryService] No matching repository found for file file:///home/juanluis/.gtkrc-2.0
2025-02-12T19:04:52:623 [warning]: [RepositoryService] No matching repository found for file file:///home/juanluis/.gtkrc-2.0-kde4
2025-02-12T19:04:52:623 [warning]: [RepositoryService] No matching repository found for file file:///home/juanluis/.p10k.zsh
2025-02-12T19:04:52:623 [warning]: [RepositoryService] No matching repository found for file file:///home/juanluis/.profile
2025-02-12T19:04:52:623 [warning]: [RepositoryService] No matching repository found for file file:///home/juanluis/.python_history
2025-02-12T19:04:52:623 [warning]: [RepositoryService] No matching repository found for file file:///home/juanluis/.radian_history
2025-02-12T19:04:52:623 [warning]: [RepositoryService] No matching repository found for file file:///home/juanluis/.tig_history
2025-02-12T19:04:52:623 [warning]: [RepositoryService] No matching repository found for file file:///home/juanluis/.tmux.conf
2025-02-12T19:04:52:623 [warning]: [RepositoryService] No matching repository found for file file:///home/juanluis/.xsession-errors
2025-02-12T19:04:52:624 [warning]: [RepositoryService] No matching repository found for file file:///home/juanluis/.zcompdump-fedora-5.9
2025-02-12T19:04:52:624 [warning]: [RepositoryService] No matching repository found for file file:///home/juanluis/.zcompdump-fedora-5.9.zwc
2025-02-12T19:04:52:624 [warning]: [RepositoryService] No matching repository found for file file:///home/juanluis/.zsh_history
2025-02-12T19:04:52:624 [warning]: [RepositoryService] No matching repository found for file file:///home/juanluis/.zshrc
2025-02-12T19:04:52:624 [warning]: [RepositoryService] No matching repository found for file file:///home/juanluis/.zshrc.pre-oh-my-zsh
2025-02-12T19:04:52:624 [warning]: [RepositoryService] No matching repository found for file file:///home/juanluis/clean-flatpak.sh
2025-02-12T19:04:52:624 [warning]: [RepositoryService] No matching repository found for file file:///home/juanluis/fastfetch_output.txt
2025-02-12T19:04:52:624 [warning]: [RepositoryService] No matching repository found for file file:///home/juanluis/test-selected
2025-02-12T19:04:52:625 [warning]: [RepositoryService] No matching repository found for file file:///home/juanluis/windows-key-codified
2025-02-12T19:04:52:625 [warning]: [RepositoryService] No matching repository found for file file:///home/juanluis/.cache/event-sound-cache.tdb.2ddcb0dafa5b462fa77a16fdead96d80.x86_64-redhat-linux-gnu
2025-02-12T19:04:52:625 [warning]: [RepositoryService] No matching repository found for file file:///home/juanluis/.cache/icon-cache.kcache
2025-02-12T19:04:52:625 [warning]: [RepositoryService] No matching repository found for file file:///home/juanluis/.cache/ksvg-elements
2025-02-12T19:04:52:625 [warning]: [RepositoryService] No matching repository found for file file:///home/juanluis/.cache/ksycoca6_es_0KNsUQ3ZsqxwZGypdX6CrmavsWQ%3D
2025-02-12T19:04:52:625 [warning]: [RepositoryService] No matching repository found for file file:///home/juanluis/.cache/ksycoca6_es_9dL6OJnP_oOrnu1CeMdCceeodtM%3D
2025-02-12T19:04:52:625 [warning]: [RepositoryService] No matching repository found for file file:///home/juanluis/.cache/ksycoca6_es_Cegfmz477VDjcoyMqX5jY0ux4Q0%3D
2025-02-12T19:04:52:625 [warning]: [RepositoryService] No matching repository found for file file:///home/juanluis/.cache/ksycoca6_es_DxVabyyJYwAShmZxtCV8Ace0Hts%3D
2025-02-12T19:04:52:625 [warning]: [RepositoryService] No matching repository found for file file:///home/juanluis/.cache/ksycoca6_es_EOo_o140woo_kqId24J7Xzx0dJM%3D
2025-02-12T19:04:52:625 [warning]: [RepositoryService] No matching repository found for file file:///home/juanluis/.cache/ksycoca6_es_G3qkwb0WmSXwQa4ulbJSxEnmT7g%3D
2025-02-12T19:04:52:625 [warning]: [RepositoryService] No matching repository found for file file:///home/juanluis/.cache/ksycoca6_es_HlhXjNbnEicxONolpZKTf374rIo%3D
2025-02-12T19:04:52:625 [warning]: [RepositoryService] No matching repository found for file file:///home/juanluis/.cache/ksycoca6_es_KI_w7udishLlg_erFlu6y4zKjBA%3D
2025-02-12T19:04:52:625 [warning]: [RepositoryService] No matching repository found for file file:///home/juanluis/.cache/ksycoca6_es_MXT9k55XHNZNOezH45mExhXUMzU%3D
2025-02-12T19:04:52:625 [warning]: [RepositoryService] No matching repository found for file file:///home/juanluis/.cache/ksycoca6_es_Octf2GMmqclrR_lgZX7CGpwVOEM%3D
2025-02-12T19:04:52:625 [warning]: [RepositoryService] No matching repository found for file file:///home/juanluis/.cache/ksycoca6_es_PbEyJJMyA1A49MkTJ5eMKnN5ZsM%3D
2025-02-12T19:04:52:625 [warning]: [RepositoryService] No matching repository found for file file:///home/juanluis/.cache/ksycoca6_es_QJR_UaOvB%2BAPEjjbnwB1HG5RMLg%3D
2025-02-12T19:04:52:625 [warning]: [RepositoryService] No matching repository found for file file:///home/juanluis/.cache/ksycoca6_es_QyyjM7iK5sexxoTLb5%2B1iDRYCE4%3D
2025-02-12T19:04:52:625 [warning]: [RepositoryService] No matching repository found for file file:///home/juanluis/.cache/ksycoca6_es_QzXuExDcyzID6UhuRX_RbjT7z10%3D
2025-02-12T19:04:52:625 [warning]: [RepositoryService] No matching repository found for file file:///home/juanluis/.cache/ksycoca6_es_TAXDYRyDBjTmA544C0x1M1tFXNk%3D
2025-02-12T19:04:52:626 [warning]: [RepositoryService] No matching repository found for file file:///home/juanluis/.cache/ksycoca6_es_TiHGLrtHYQS7m7sj%2BTupN4GUeBs%3D
2025-02-12T19:04:52:626 [warning]: [RepositoryService] No matching repository found for file file:///home/juanluis/.cache/ksycoca6_es_Z3vN7vcfslH%2BYlPkCWxwWvomtfg%3D
2025-02-12T19:04:52:626 [warning]: [RepositoryService] No matching repository found for file file:///home/juanluis/.cache/ksycoca6_es_swHJevXRb5nCnVOvWHRzrtypeZI%3D
2025-02-12T19:04:52:626 [warning]: [RepositoryService] No matching repository found for file file:///home/juanluis/.cache/p10k-dump-juanluis.zsh
2025-02-12T19:04:52:626 [warning]: [RepositoryService] No matching repository found for file file:///home/juanluis/.cache/p10k-dump-juanluis.zsh.zwc
2025-02-12T19:04:52:626 [warning]: [RepositoryService] No matching repository found for file file:///home/juanluis/.cache/p10k-instant-prompt-juanluis.zsh
2025-02-12T19:04:52:626 [warning]: [RepositoryService] No matching repository found for file file:///home/juanluis/.cache/p10k-instant-prompt-juanluis.zsh.zwc
2025-02-12T19:04:52:626 [warning]: [RepositoryService] No matching repository found for file file:///home/juanluis/.cache/plasma_theme_Dracula.kcache
2025-02-12T19:04:52:626 [warning]: [RepositoryService] No matching repository found for file file:///home/juanluis/.cache/plasma_theme_Sweet.kcache
2025-02-12T19:04:52:626 [warning]: [RepositoryService] No matching repository found for file file:///home/juanluis/.cache/plasma_theme_default.kcache
2025-02-12T19:04:52:626 [warning]: [RepositoryService] No matching repository found for file file:///home/juanluis/.cache/wayland-errors
2025-02-12T19:04:52:626 [warning]: [RepositoryService] No matching repository found for file file:///home/juanluis/.cache/xsession-errors
2025-02-12T19:04:52:626 [warning]: [RepositoryService] No matching repository found for file file:///home/juanluis/.docker/config.json
2025-02-12T19:04:52:626 [warning]: [RepositoryService] No matching repository found for file file:///home/juanluis/.docker/daemon.json
2025-02-12T19:04:52:626 [warning]: [RepositoryService] No matching repository found for file file:///home/juanluis/.config/KDE-xdg-terminals.list
2025-02-12T19:04:52:626 [warning]: [RepositoryService] No matching repository found for file file:///home/juanluis/.config/PlasmaDiscoverUpdates
2025-02-12T19:04:52:626 [warning]: [RepositoryService] No matching repository found for file file:///home/juanluis/.config/PlasmaUserFeedback
2025-02-12T19:04:52:626 [warning]: [RepositoryService] No matching repository found for file file:///home/juanluis/.config/QtProject.conf
2025-02-12T19:04:52:626 [warning]: [RepositoryService] No matching repository found for file file:///home/juanluis/.config/Trolltech.conf
2025-02-12T19:04:52:627 [warning]: [RepositoryService] No matching repository found for file file:///home/juanluis/.config/akonadi-firstrunrc
2025-02-12T19:04:52:627 [warning]: [RepositoryService] No matching repository found for file file:///home/juanluis/.config/akonadi-migrationrc
2025-02-12T19:04:52:627 [warning]: [RepositoryService] No matching repository found for file file:///home/juanluis/.config/akonadi_akonotes_resource_0rc
2025-02-12T19:04:52:627 [warning]: [RepositoryService] No matching repository found for file file:///home/juanluis/.config/akonadi_contacts_resource_0rc
2025-02-12T19:04:52:627 [warning]: [RepositoryService] No matching repository found for file file:///home/juanluis/.config/akonadi_ical_resource_0rc
2025-02-12T19:04:52:627 [warning]: [RepositoryService] No matching repository found for file file:///home/juanluis/.config/akonadi_indexing_agentrc
2025-02-12T19:04:52:627 [warning]: [RepositoryService] No matching repository found for file file:///home/juanluis/.config/akonadi_maildir_resource_0rc
2025-02-12T19:04:52:627 [warning]: [RepositoryService] No matching repository found for file file:///home/juanluis/.config/akregatorrc
2025-02-12T19:04:52:627 [warning]: [RepositoryService] No matching repository found for file file:///home/juanluis/.config/arkrc
2025-02-12T19:04:52:627 [warning]: [RepositoryService] No matching repository found for file file:///home/juanluis/.config/auroraerc
2025-02-12T19:04:52:627 [warning]: [RepositoryService] No matching repository found for file file:///home/juanluis/.config/baloofileinformationrc
2025-02-12T19:04:52:627 [warning]: [RepositoryService] No matching repository found for file file:///home/juanluis/.config/baloofilerc
2025-02-12T19:04:52:627 [warning]: [RepositoryService] No matching repository found for file file:///home/juanluis/.config/bluedevilglobalrc
2025-02-12T19:04:52:627 [warning]: [RepositoryService] No matching repository found for file file:///home/juanluis/.config/defaultcalendarrc
2025-02-12T19:04:52:627 [warning]: [RepositoryService] No matching repository found for file file:///home/juanluis/.config/discoverrc
2025-02-12T19:04:52:628 [warning]: [RepositoryService] No matching repository found for file file:///home/juanluis/.config/dolphinrc
2025-02-12T19:04:52:628 [warning]: [RepositoryService] No matching repository found for file file:///home/juanluis/.config/dragonplayerrc
2025-02-12T19:04:52:628 [warning]: [RepositoryService] No matching repository found for file file:///home/juanluis/.config/drkonqirc
2025-02-12T19:04:52:628 [warning]: [RepositoryService] No matching repository found for file file:///home/juanluis/.config/emaildefaults
2025-02-12T19:04:52:629 [warning]: [RepositoryService] No matching repository found for file file:///home/juanluis/.config/emailidentities
2025-02-12T19:04:52:629 [warning]: [RepositoryService] No matching repository found for file file:///home/juanluis/.config/eventviewsrc
2025-02-12T19:04:52:629 [warning]: [RepositoryService] No matching repository found for file file:///home/juanluis/.config/fedora-plasma-cacherc
2025-02-12T19:04:52:629 [warning]: [RepositoryService] No matching repository found for file file:///home/juanluis/.config/filetypesrc
2025-02-12T19:04:52:629 [warning]: [RepositoryService] No matching repository found for file file:///home/juanluis/.config/gtkrc
2025-02-12T19:04:52:629 [warning]: [RepositoryService] No matching repository found for file file:///home/juanluis/.config/gtkrc-2.0
2025-02-12T19:04:52:629 [warning]: [RepositoryService] No matching repository found for file file:///home/juanluis/.config/gwenviewrc
2025-02-12T19:04:52:629 [warning]: [RepositoryService] No matching repository found for file file:///home/juanluis/.config/kactivitymanagerd-statsrc
2025-02-12T19:04:52:629 [warning]: [RepositoryService] No matching repository found for file file:///home/juanluis/.config/kactivitymanagerdrc
2025-02-12T19:04:52:629 [warning]: [RepositoryService] No matching repository found for file file:///home/juanluis/.config/kalendaracrc
2025-02-12T19:04:52:629 [warning]: [RepositoryService] No matching repository found for file file:///home/juanluis/.config/katevirc
2025-02-12T19:04:52:629 [warning]: [RepositoryService] No matching repository found for file file:///home/juanluis/.config/kcalcrc
2025-02-12T19:04:52:629 [warning]: [RepositoryService] No matching repository found for file file:///home/juanluis/.config/kcharselectrc
2025-02-12T19:04:52:629 [warning]: [RepositoryService] No matching repository found for file file:///home/juanluis/.config/kcminputrc
2025-02-12T19:04:52:629 [warning]: [RepositoryService] No matching repository found for file file:///home/juanluis/.config/kconf_updaterc
2025-02-12T19:04:52:630 [warning]: [RepositoryService] No matching repository found for file file:///home/juanluis/.config/kded5rc
2025-02-12T19:04:52:631 [warning]: [RepositoryService] No matching repository found for file file:///home/juanluis/.config/kdeglobals
2025-02-12T19:04:52:631 [warning]: [RepositoryService] No matching repository found for file file:///home/juanluis/.config/kfontinstuirc
2025-02-12T19:04:52:631 [warning]: [RepositoryService] No matching repository found for file file:///home/juanluis/.config/kglobalshortcutsrc
2025-02-12T19:04:52:631 [warning]: [RepositoryService] No matching repository found for file file:///home/juanluis/.config/kiorc
2025-02-12T19:04:52:631 [warning]: [RepositoryService] No matching repository found for file file:///home/juanluis/.config/kminesrc
2025-02-12T19:04:52:631 [warning]: [RepositoryService] No matching repository found for file file:///home/juanluis/.config/knfsshare
2025-02-12T19:04:52:631 [warning]: [RepositoryService] No matching repository found for file file:///home/juanluis/.config/konsolerc
2025-02-12T19:04:52:631 [warning]: [RepositoryService] No matching repository found for file file:///home/juanluis/.config/konsolesshconfig
2025-02-12T19:04:52:631 [warning]: [RepositoryService] No matching repository found for file file:///home/juanluis/.config/korganizerrc
2025-02-12T19:04:52:631 [warning]: [RepositoryService] No matching repository found for file file:///home/juanluis/.config/krdpserverrc
2025-02-12T19:04:52:631 [warning]: [RepositoryService] No matching repository found for file file:///home/juanluis/.config/kscreenlockerrc
2025-02-12T19:04:52:631 [warning]: [RepositoryService] No matching repository found for file file:///home/juanluis/.config/ktimezonedrc
2025-02-12T19:04:52:631 [warning]: [RepositoryService] No matching repository found for file file:///home/juanluis/.config/kunifiedpush-org.kde.neochat
2025-02-12T19:04:52:631 [warning]: [RepositoryService] No matching repository found for file file:///home/juanluis/.config/kwalletrc
2025-02-12T19:04:52:631 [warning]: [RepositoryService] No matching repository found for file file:///home/juanluis/.config/kwinoutputconfig.json
2025-02-12T19:04:52:632 [warning]: [RepositoryService] No matching repository found for file file:///home/juanluis/.config/kwinrc
2025-02-12T19:04:52:632 [warning]: [RepositoryService] No matching repository found for file file:///home/juanluis/.config/kwriterc
2025-02-12T19:04:52:632 [warning]: [RepositoryService] No matching repository found for file file:///home/juanluis/.config/mimeapps.list
2025-02-12T19:04:52:632 [warning]: [RepositoryService] No matching repository found for file file:///home/juanluis/.config/okularpartrc
2025-02-12T19:04:52:632 [warning]: [RepositoryService] No matching repository found for file file:///home/juanluis/.config/okularrc
2025-02-12T19:04:52:632 [warning]: [RepositoryService] No matching repository found for file file:///home/juanluis/.config/partitionmanagerrc
2025-02-12T19:04:52:632 [warning]: [RepositoryService] No matching repository found for file file:///home/juanluis/.config/phishingurlrc
2025-02-12T19:04:52:632 [warning]: [RepositoryService] No matching repository found for file file:///home/juanluis/.config/plasma-localerc
2025-02-12T19:04:52:632 [warning]: [RepositoryService] No matching repository found for file file:///home/juanluis/.config/plasma-nm
2025-02-12T19:04:52:632 [warning]: [RepositoryService] No matching repository found for file file:///home/juanluis/.config/plasma-org.kde.plasma.desktop-appletsrc
2025-02-12T19:04:52:632 [warning]: [RepositoryService] No matching repository found for file file:///home/juanluis/.config/plasma-welcomerc
2025-02-12T19:04:52:632 [warning]: [RepositoryService] No matching repository found for file file:///home/juanluis/.config/plasmanotifyrc
2025-02-12T19:04:52:632 [warning]: [RepositoryService] No matching repository found for file file:///home/juanluis/.config/plasmaparc
2025-02-12T19:04:52:633 [warning]: [RepositoryService] No matching repository found for file file:///home/juanluis/.config/plasmarc
2025-02-12T19:04:52:633 [warning]: [RepositoryService] No matching repository found for file file:///home/juanluis/.config/plasmashellrc
2025-02-12T19:04:52:633 [warning]: [RepositoryService] No matching repository found for file file:///home/juanluis/.config/powerdevilrc
2025-02-12T19:04:52:633 [warning]: [RepositoryService] No matching repository found for file file:///home/juanluis/.config/powermanagementprofilesrc
2025-02-12T19:04:52:633 [warning]: [RepositoryService] No matching repository found for file file:///home/juanluis/.config/sieveeditorrc
2025-02-12T19:04:52:633 [warning]: [RepositoryService] No matching repository found for file file:///home/juanluis/.config/skanpagerc
2025-02-12T19:04:52:633 [warning]: [RepositoryService] No matching repository found for file file:///home/juanluis/.config/specialmailcollectionsrc
2025-02-12T19:04:52:633 [warning]: [RepositoryService] No matching repository found for file file:///home/juanluis/.config/spectaclerc
2025-02-12T19:04:52:633 [warning]: [RepositoryService] No matching repository found for file file:///home/juanluis/.config/systemmonitorrc
2025-02-12T19:04:52:633 [warning]: [RepositoryService] No matching repository found for file file:///home/juanluis/.config/systemsettingsrc
2025-02-12T19:04:52:634 [warning]: [RepositoryService] No matching repository found for file file:///home/juanluis/.config/trashrc
2025-02-12T19:04:52:634 [warning]: [RepositoryService] No matching repository found for file file:///home/juanluis/.config/user-dirs.dirs
2025-02-12T19:04:52:634 [warning]: [RepositoryService] No matching repository found for file file:///home/juanluis/.config/user-dirs.locale
2025-02-12T19:04:52:634 [warning]: [RepositoryService] No matching repository found for file file:///home/juanluis/.config/vlcrc
2025-02-12T19:04:52:634 [warning]: [RepositoryService] No matching repository found for file file:///home/juanluis/.config/xdg-desktop-portal-kderc
2025-02-12T19:04:52:634 [warning]: [RepositoryService] No matching repository found for file file:///home/juanluis/.config/xdg-terminals.list
2025-02-12T19:04:52:634 [warning]: [RepositoryService] No matching repository found for file file:///home/juanluis/.gnupg/common.conf
2025-02-12T19:04:52:634 [warning]: [RepositoryService] No matching repository found for file file:///home/juanluis/.gnupg/trustdb.gpg
2025-02-12T19:04:52:635 [warning]: [RepositoryService] No matching repository found for file file:///home/juanluis/.hplip/hplip.conf
2025-02-12T19:04:52:635 [warning]: [RepositoryService] No matching repository found for file file:///home/juanluis/.minecraft/bootstrap_log.txt
2025-02-12T19:04:52:635 [warning]: [RepositoryService] No matching repository found for file file:///home/juanluis/.minecraft/bootstrap_log0.txt
2025-02-12T19:04:52:635 [warning]: [RepositoryService] No matching repository found for file file:///home/juanluis/.minecraft/bootstrap_log1.txt
2025-02-12T19:04:52:635 [warning]: [RepositoryService] No matching repository found for file file:///home/juanluis/.minecraft/bootstrap_log2.txt
2025-02-12T19:04:52:635 [warning]: [RepositoryService] No matching repository found for file file:///home/juanluis/.minecraft/bootstrap_log3.txt
2025-02-12T19:04:52:635 [warning]: [RepositoryService] No matching repository found for file file:///home/juanluis/.minecraft/bootstrap_log4.txt
2025-02-12T19:04:52:635 [warning]: [RepositoryService] No matching repository found for file file:///home/juanluis/.minecraft/bootstrap_log6.txt
2025-02-12T19:04:52:635 [warning]: [RepositoryService] No matching repository found for file file:///home/juanluis/.minecraft/bootstrap_log7.txt
2025-02-12T19:04:52:635 [warning]: [RepositoryService] No matching repository found for file file:///home/juanluis/.minecraft/bootstrap_log8.txt
2025-02-12T19:04:52:635 [warning]: [RepositoryService] No matching repository found for file file:///home/juanluis/.minecraft/bootstrap_log9.txt
2025-02-12T19:04:52:635 [warning]: [RepositoryService] No matching repository found for file file:///home/juanluis/.minecraft/launcher_accounts.json
2025-02-12T19:04:52:635 [warning]: [RepositoryService] No matching repository found for file file:///home/juanluis/.minecraft/launcher_cef_log.txt
2025-02-12T19:04:52:635 [warning]: [RepositoryService] No matching repository found for file file:///home/juanluis/.minecraft/launcher_entitlements.json
2025-02-12T19:04:52:636 [warning]: [RepositoryService] No matching repository found for file file:///home/juanluis/.minecraft/launcher_gamer_pics.json
2025-02-12T19:04:52:636 [warning]: [RepositoryService] No matching repository found for file file:///home/juanluis/.minecraft/launcher_log.txt
2025-02-12T19:04:52:636 [warning]: [RepositoryService] No matching repository found for file file:///home/juanluis/.minecraft/launcher_log0.txt
2025-02-12T19:04:52:636 [warning]: [RepositoryService] No matching repository found for file file:///home/juanluis/.minecraft/launcher_log1.txt
2025-02-12T19:04:52:636 [warning]: [RepositoryService] No matching repository found for file file:///home/juanluis/.minecraft/launcher_log2.txt
2025-02-12T19:04:52:636 [warning]: [RepositoryService] No matching repository found for file file:///home/juanluis/.minecraft/launcher_log3.txt
2025-02-12T19:04:52:636 [warning]: [RepositoryService] No matching repository found for file file:///home/juanluis/.minecraft/launcher_log5.txt
2025-02-12T19:04:52:636 [warning]: [RepositoryService] No matching repository found for file file:///home/juanluis/.minecraft/launcher_log6.txt
2025-02-12T19:04:52:636 [warning]: [RepositoryService] No matching repository found for file file:///home/juanluis/.minecraft/launcher_log7.txt
2025-02-12T19:04:52:636 [warning]: [RepositoryService] No matching repository found for file file:///home/juanluis/.minecraft/launcher_log8.txt
2025-02-12T19:04:52:636 [warning]: [RepositoryService] No matching repository found for file file:///home/juanluis/.minecraft/launcher_log9.txt
2025-02-12T19:04:52:636 [warning]: [RepositoryService] No matching repository found for file file:///home/juanluis/.minecraft/launcher_msa_credentials.bin
2025-02-12T19:04:52:636 [warning]: [RepositoryService] No matching repository found for file file:///home/juanluis/.minecraft/launcher_product_state.json
2025-02-12T19:04:52:636 [warning]: [RepositoryService] No matching repository found for file file:///home/juanluis/.minecraft/launcher_profiles.json
2025-02-12T19:04:52:636 [warning]: [RepositoryService] No matching repository found for file file:///home/juanluis/.minecraft/launcher_quick_play.json
2025-02-12T19:04:52:636 [warning]: [RepositoryService] No matching repository found for file file:///home/juanluis/.minecraft/launcher_settings.json
2025-02-12T19:04:52:636 [warning]: [RepositoryService] No matching repository found for file file:///home/juanluis/.minecraft/launcher_ui_state.json
2025-02-12T19:04:52:636 [warning]: [RepositoryService] No matching repository found for file file:///home/juanluis/.minecraft/options.txt
2025-02-12T19:04:52:636 [warning]: [RepositoryService] No matching repository found for file file:///home/juanluis/.minecraft/realms_persistence.json
2025-02-12T19:04:52:636 [warning]: [RepositoryService] No matching repository found for file file:///home/juanluis/.minecraft/treatment_tags.json
2025-02-12T19:04:52:637 [warning]: [RepositoryService] No matching repository found for file file:///home/juanluis/.minecraft/updateSourceCache.json
2025-02-12T19:04:52:637 [warning]: [RepositoryService] No matching repository found for file file:///home/juanluis/.minecraft/usercache.json
2025-02-12T19:04:52:637 [warning]: [RepositoryService] No matching repository found for file file:///home/juanluis/.minecraft/window_settings_launcher.conf
2025-02-12T19:04:52:637 [warning]: [RepositoryService] No matching repository found for file file:///home/juanluis/.minecraft/window_settings_xal_login.conf
2025-02-12T19:04:52:638 [warning]: [RepositoryService] No matching repository found for file file:///home/juanluis/.mplayer/config
2025-02-12T19:04:52:638 [warning]: [RepositoryService] No matching repository found for file file:///home/juanluis/.subversion/README.txt
2025-02-12T19:04:52:638 [warning]: [RepositoryService] No matching repository found for file file:///home/juanluis/.subversion/config
2025-02-12T19:04:52:638 [warning]: [RepositoryService] No matching repository found for file file:///home/juanluis/.subversion/servers
2025-02-12T19:04:52:638 [warning]: [RepositoryService] No matching repository found for file file:///home/juanluis/.venv10/lib64
2025-02-12T19:04:52:638 [warning]: [RepositoryService] No matching repository found for file file:///home/juanluis/.venv10/pyvenv.cfg
2025-02-12T19:04:52:638 [warning]: [RepositoryService] No matching repository found for file file:///home/juanluis/.venv13/.gitignore
2025-02-12T19:04:52:638 [warning]: [RepositoryService] No matching repository found for file file:///home/juanluis/.venv13/lib64
2025-02-12T19:04:52:638 [warning]: [RepositoryService] No matching repository found for file file:///home/juanluis/.venv13/pyvenv.cfg
2025-02-12T19:04:52:638 [warning]: [RepositoryService] No matching repository found for file file:///home/juanluis/.vscode/argv.json
2025-02-12T19:04:52:638 [warning]: [RepositoryService] No matching repository found for file file:///home/juanluis/.vscode-R/init.R
2025-02-12T19:04:52:639 [warning]: [RepositoryService] No matching repository found for file file:///home/juanluis/.vscode-R/request.lock
2025-02-12T19:04:52:639 [warning]: [RepositoryService] No matching repository found for file file:///home/juanluis/.vscode-R/request.log
2025-02-12T19:04:52:639 [warning]: [RepositoryService] No matching repository found for file file:///home/juanluis/.vscode-R/settings.json
2025-02-12T19:04:52:639 [warning]: [RepositoryService] No matching repository found for file file:///home/juanluis/.wine/.update-timestamp
2025-02-12T19:04:52:639 [warning]: [RepositoryService] No matching repository found for file file:///home/juanluis/.wine/system.reg
2025-02-12T19:04:52:639 [warning]: [RepositoryService] No matching repository found for file file:///home/juanluis/.wine/user.reg
2025-02-12T19:04:52:639 [warning]: [RepositoryService] No matching repository found for file file:///home/juanluis/.wine/userdef.reg
2025-02-12T19:04:52:639 [warning]: [RepositoryService] No matching repository found for file file:///home/juanluis/Descargas/Cita_D173001.pdf
2025-02-12T19:04:52:639 [warning]: [RepositoryService] No matching repository found for file file:///home/juanluis/Documentos/.Rprofile
2025-02-12T19:04:52:639 [warning]: [RepositoryService] No matching repository found for file file:///home/juanluis/Documentos/Autorizacion%20de%20entrevistas.docx
2025-02-12T19:04:52:639 [warning]: [RepositoryService] No matching repository found for file file:///home/juanluis/Documentos/ManualEquipo.pdf
2025-02-12T19:04:52:639 [warning]: [RepositoryService] No matching repository found for file file:///home/juanluis/Documentos/Mi%20m%C3%BAsica
2025-02-12T19:04:52:639 [warning]: [RepositoryService] No matching repository found for file file:///home/juanluis/Documentos/Mis%20im%C3%A1genes
2025-02-12T19:04:52:639 [warning]: [RepositoryService] No matching repository found for file file:///home/juanluis/Documentos/Mis%20v%C3%ADdeos
2025-02-12T19:04:52:639 [warning]: [RepositoryService] No matching repository found for file file:///home/juanluis/Documentos/desktop.ini
2025-02-12T19:04:52:639 [warning]: [RepositoryService] No matching repository found for file file:///home/juanluis/Escritorio/.directory
2025-02-12T19:04:52:639 [warning]: [RepositoryService] No matching repository found for file file:///home/juanluis/Im%C3%A1genes/JurassicPark-Logo.png
2025-02-12T19:04:52:640 [warning]: [RepositoryService] No matching repository found for file file:///home/juanluis/bin/OOopict
2025-02-12T19:04:52:640 [warning]: [RepositoryService] No matching repository found for file file:///home/juanluis/bin/a2ping
2025-02-12T19:04:52:640 [warning]: [RepositoryService] No matching repository found for file file:///home/juanluis/bin/a5toa4
2025-02-12T19:04:52:640 [warning]: [RepositoryService] No matching repository found for file file:///home/juanluis/bin/abs2rel
2025-02-12T19:04:52:640 [warning]: [RepositoryService] No matching repository found for file file:///home/juanluis/bin/afm2afm
2025-02-12T19:04:52:640 [warning]: [RepositoryService] No matching repository found for file file:///home/juanluis/bin/afm2tfm
2025-02-12T19:04:52:640 [warning]: [RepositoryService] No matching repository found for file file:///home/juanluis/bin/albatross
2025-02-12T19:04:52:640 [warning]: [RepositoryService] No matching repository found for file file:///home/juanluis/bin/amstex
2025-02-12T19:04:52:640 [warning]: [RepositoryService] No matching repository found for file file:///home/juanluis/bin/arara
2025-02-12T19:04:52:640 [warning]: [RepositoryService] No matching repository found for file file:///home/juanluis/bin/arlatex
2025-02-12T19:04:52:640 [warning]: [RepositoryService] No matching repository found for file file:///home/juanluis/bin/authorindex
2025-02-12T19:04:52:640 [warning]: [RepositoryService] No matching repository found for file file:///home/juanluis/bin/autoinst
2025-02-12T19:04:52:640 [warning]: [RepositoryService] No matching repository found for file file:///home/juanluis/bin/autosp
2025-02-12T19:04:52:640 [warning]: [RepositoryService] No matching repository found for file file:///home/juanluis/bin/axohelp
2025-02-12T19:04:52:640 [warning]: [RepositoryService] No matching repository found for file file:///home/juanluis/bin/bagpipe
2025-02-12T19:04:52:640 [warning]: [RepositoryService] No matching repository found for file file:///home/juanluis/bin/bagpipex
2025-02-12T19:04:52:640 [warning]: [RepositoryService] No matching repository found for file file:///home/juanluis/bin/bg5conv
2025-02-12T19:04:52:641 [warning]: [RepositoryService] No matching repository found for file file:///home/juanluis/bin/bg5latex
2025-02-12T19:04:52:641 [warning]: [RepositoryService] No matching repository found for file file:///home/juanluis/bin/bg5pdflatex
2025-02-12T19:04:52:641 [warning]: [RepositoryService] No matching repository found for file file:///home/juanluis/bin/bg5platex
2025-02-12T19:04:52:641 [warning]: [RepositoryService] No matching repository found for file file:///home/juanluis/bin/bg5pluslatex
2025-02-12T19:04:52:641 [warning]: [RepositoryService] No matching repository found for file file:///home/juanluis/bin/bg5pluspdflatex
2025-02-12T19:04:52:641 [warning]: [RepositoryService] No matching repository found for file file:///home/juanluis/bin/bg5ppdflatex
2025-02-12T19:04:52:641 [warning]: [RepositoryService] No matching repository found for file file:///home/juanluis/bin/bib2gls
2025-02-12T19:04:52:641 [warning]: [RepositoryService] No matching repository found for file file:///home/juanluis/bin/bib2xhtml
2025-02-12T19:04:52:641 [warning]: [RepositoryService] No matching repository found for file file:///home/juanluis/bin/bibcop
2025-02-12T19:04:52:641 [warning]: [RepositoryService] No matching repository found for file file:///home/juanluis/bin/bibdoiadd
2025-02-12T19:04:52:642 [warning]: [RepositoryService] No matching repository found for file file:///home/juanluis/bin/biber
2025-02-12T19:04:52:642 [warning]: [RepositoryService] No matching repository found for file file:///home/juanluis/bin/biber-ms
2025-02-12T19:04:52:642 [warning]: [RepositoryService] No matching repository found for file file:///home/juanluis/bin/bibexport
2025-02-12T19:04:52:643 [warning]: [RepositoryService] No matching repository found for file file:///home/juanluis/bin/bibhtml
2025-02-12T19:04:52:643 [warning]: [RepositoryService] No matching repository found for file file:///home/juanluis/bin/bibsort
2025-02-12T19:04:52:643 [warning]: [RepositoryService] No matching repository found for file file:///home/juanluis/bin/bibtex
2025-02-12T19:04:52:643 [warning]: [RepositoryService] No matching repository found for file file:///home/juanluis/bin/bibtex8
2025-02-12T19:04:52:643 [warning]: [RepositoryService] No matching repository found for file file:///home/juanluis/bin/bibtexu
2025-02-12T19:04:52:643 [warning]: [RepositoryService] No matching repository found for file file:///home/juanluis/bin/bibzbladd
2025-02-12T19:04:52:643 [warning]: [RepositoryService] No matching repository found for file file:///home/juanluis/bin/biokey2html
2025-02-12T19:04:52:643 [warning]: [RepositoryService] No matching repository found for file file:///home/juanluis/bin/birm
2025-02-12T19:04:52:643 [warning]: [RepositoryService] No matching repository found for file file:///home/juanluis/bin/bmeditor
2025-02-12T19:04:52:643 [warning]: [RepositoryService] No matching repository found for file file:///home/juanluis/bin/bplain
2025-02-12T19:04:52:643 [warning]: [RepositoryService] No matching repository found for file file:///home/juanluis/bin/bundledoc
2025-02-12T19:04:52:643 [warning]: [RepositoryService] No matching repository found for file file:///home/juanluis/bin/cef5conv
2025-02-12T19:04:52:643 [warning]: [RepositoryService] No matching repository found for file file:///home/juanluis/bin/cef5latex
2025-02-12T19:04:52:644 [warning]: [RepositoryService] No matching repository found for file file:///home/juanluis/bin/cef5pdflatex
2025-02-12T19:04:52:644 [warning]: [RepositoryService] No matching repository found for file file:///home/juanluis/bin/cefconv
2025-02-12T19:04:52:644 [warning]: [RepositoryService] No matching repository found for file file:///home/juanluis/bin/ceflatex
2025-02-12T19:04:52:644 [warning]: [RepositoryService] No matching repository found for file file:///home/juanluis/bin/cefpdflatex
2025-02-12T19:04:52:644 [warning]: [RepositoryService] No matching repository found for file file:///home/juanluis/bin/cefsconv
2025-02-12T19:04:52:644 [warning]: [RepositoryService] No matching repository found for file file:///home/juanluis/bin/cefslatex
2025-02-12T19:04:52:644 [warning]: [RepositoryService] No matching repository found for file file:///home/juanluis/bin/cefspdflatex
2025-02-12T19:04:52:644 [warning]: [RepositoryService] No matching repository found for file file:///home/juanluis/bin/cfftot1
2025-02-12T19:04:52:644 [warning]: [RepositoryService] No matching repository found for file file:///home/juanluis/bin/checkcites
2025-02-12T19:04:52:644 [warning]: [RepositoryService] No matching repository found for file file:///home/juanluis/bin/chklref
2025-02-12T19:04:52:644 [warning]: [RepositoryService] No matching repository found for file file:///home/juanluis/bin/chktex
2025-02-12T19:04:52:644 [warning]: [RepositoryService] No matching repository found for file file:///home/juanluis/bin/citeproc
2025-02-12T19:04:52:644 [warning]: [RepositoryService] No matching repository found for file file:///home/juanluis/bin/cjk-gs-integrate
2025-02-12T19:04:52:644 [warning]: [RepositoryService] No matching repository found for file file:///home/juanluis/bin/cluttex
2025-02-12T19:04:52:644 [warning]: [RepositoryService] No matching repository found for file file:///home/juanluis/bin/convertgls2bib
2025-02-12T19:04:52:644 [warning]: [RepositoryService] No matching repository found for file file:///home/juanluis/bin/creatdtx
2025-02-12T19:04:52:644 [warning]: [RepositoryService] No matching repository found for file file:///home/juanluis/bin/cslatex
2025-02-12T19:04:52:644 [warning]: [RepositoryService] No matching repository found for file file:///home/juanluis/bin/csplain
2025-02-12T19:04:52:644 [warning]: [RepositoryService] No matching repository found for file file:///home/juanluis/bin/csvtools
2025-02-12T19:04:52:645 [warning]: [RepositoryService] No matching repository found for file file:///home/juanluis/bin/ctan-o-mat
2025-02-12T19:04:52:645 [warning]: [RepositoryService] No matching repository found for file file:///home/juanluis/bin/ctanbib
2025-02-12T19:04:52:645 [warning]: [RepositoryService] No matching repository found for file file:///home/juanluis/bin/ctangle
2025-02-12T19:04:52:645 [warning]: [RepositoryService] No matching repository found for file file:///home/juanluis/bin/ctanify
2025-02-12T19:04:52:645 [warning]: [RepositoryService] No matching repository found for file file:///home/juanluis/bin/ctanupload
2025-02-12T19:04:52:645 [warning]: [RepositoryService] No matching repository found for file file:///home/juanluis/bin/ctwill
2025-02-12T19:04:52:645 [warning]: [RepositoryService] No matching repository found for file file:///home/juanluis/bin/ctwill-refsort
2025-02-12T19:04:52:645 [warning]: [RepositoryService] No matching repository found for file file:///home/juanluis/bin/ctwill-twinx
2025-02-12T19:04:52:645 [warning]: [RepositoryService] No matching repository found for file file:///home/juanluis/bin/cweave
2025-02-12T19:04:52:645 [warning]: [RepositoryService] No matching repository found for file file:///home/juanluis/bin/dad-to-utf8
2025-02-12T19:04:52:645 [warning]: [RepositoryService] No matching repository found for file file:///home/juanluis/bin/de-macro
2025-02-12T19:04:52:645 [warning]: [RepositoryService] No matching repository found for file file:///home/juanluis/bin/depythontex
2025-02-12T19:04:52:645 [warning]: [RepositoryService] No matching repository found for file file:///home/juanluis/bin/devnag
2025-02-12T19:04:52:645 [warning]: [RepositoryService] No matching repository found for file file:///home/juanluis/bin/digestif
2025-02-12T19:04:52:645 [warning]: [RepositoryService] No matching repository found for file file:///home/juanluis/bin/dosepsbin
2025-02-12T19:04:52:645 [warning]: [RepositoryService] No matching repository found for file file:///home/juanluis/bin/dtxgen
2025-02-12T19:04:52:646 [warning]: [RepositoryService] No matching repository found for file file:///home/juanluis/bin/dviasm
2025-02-12T19:04:52:646 [warning]: [RepositoryService] No matching repository found for file file:///home/juanluis/bin/dvicopy
2025-02-12T19:04:52:646 [warning]: [RepositoryService] No matching repository found for file file:///home/juanluis/bin/dviinfox
2025-02-12T19:04:52:646 [warning]: [RepositoryService] No matching repository found for file file:///home/juanluis/bin/dvilollipop
2025-02-12T19:04:52:646 [warning]: [RepositoryService] No matching repository found for file file:///home/juanluis/bin/dvilualatex
2025-02-12T19:04:52:646 [warning]: [RepositoryService] No matching repository found for file file:///home/juanluis/bin/dvilualatex-dev
2025-02-12T19:04:52:646 [warning]: [RepositoryService] No matching repository found for file file:///home/juanluis/bin/dvilualollipop
2025-02-12T19:04:52:646 [warning]: [RepositoryService] No matching repository found for file file:///home/juanluis/bin/dviluatex
2025-02-12T19:04:52:646 [warning]: [RepositoryService] No matching repository found for file file:///home/juanluis/bin/dvipdfm
2025-02-12T19:04:52:646 [warning]: [RepositoryService] No matching repository found for file file:///home/juanluis/bin/dvipdfmx
2025-02-12T19:04:52:646 [warning]: [RepositoryService] No matching repository found for file file:///home/juanluis/bin/dvipdft
2025-02-12T19:04:52:646 [warning]: [RepositoryService] No matching repository found for file file:///home/juanluis/bin/dvipng
2025-02-12T19:04:52:646 [warning]: [RepositoryService] No matching repository found for file file:///home/juanluis/bin/dvips
2025-02-12T19:04:52:646 [warning]: [RepositoryService] No matching repository found for file file:///home/juanluis/bin/dvisvgm
2025-02-12T19:04:52:646 [warning]: [RepositoryService] No matching repository found for file file:///home/juanluis/bin/dvitomp
2025-02-12T19:04:52:646 [warning]: [RepositoryService] No matching repository found for file file:///home/juanluis/bin/dvitype
2025-02-12T19:04:52:646 [warning]: [RepositoryService] No matching repository found for file file:///home/juanluis/bin/ebb
2025-02-12T19:04:52:646 [warning]: [RepositoryService] No matching repository found for file file:///home/juanluis/bin/edtx2dtx
2025-02-12T19:04:52:647 [warning]: [RepositoryService] No matching repository found for file file:///home/juanluis/bin/emo
2025-02-12T19:04:52:647 [warning]: [RepositoryService] No matching repository found for file file:///home/juanluis/bin/epsffit
2025-02-12T19:04:52:647 [warning]: [RepositoryService] No matching repository found for file file:///home/juanluis/bin/epspdf
2025-02-12T19:04:52:647 [warning]: [RepositoryService] No matching repository found for file file:///home/juanluis/bin/epstopdf
2025-02-12T19:04:52:647 [warning]: [RepositoryService] No matching repository found for file file:///home/juanluis/bin/eptex
2025-02-12T19:04:52:647 [warning]: [RepositoryService] No matching repository found for file file:///home/juanluis/bin/etex
2025-02-12T19:04:52:647 [warning]: [RepositoryService] No matching repository found for file file:///home/juanluis/bin/etexdef
2025-02-12T19:04:52:647 [warning]: [RepositoryService] No matching repository found for file file:///home/juanluis/bin/euptex
2025-02-12T19:04:52:647 [warning]: [RepositoryService] No matching repository found for file file:///home/juanluis/bin/exceltex
2025-02-12T19:04:52:647 [warning]: [RepositoryService] No matching repository found for file file:///home/juanluis/bin/explcheck
2025-02-12T19:04:52:647 [warning]: [RepositoryService] No matching repository found for file file:///home/juanluis/bin/extconv
2025-02-12T19:04:52:647 [warning]: [RepositoryService] No matching repository found for file file:///home/juanluis/bin/extractbb
2025-02-12T19:04:52:648 [warning]: [RepositoryService] No matching repository found for file file:///home/juanluis/bin/extractres
2025-02-12T19:04:52:648 [warning]: [RepositoryService] No matching repository found for file file:///home/juanluis/bin/feynmf
2025-02-12T19:04:52:648 [warning]: [RepositoryService] No matching repository found for file file:///home/juanluis/bin/fig4latex
2025-02-12T19:04:52:648 [warning]: [RepositoryService] No matching repository found for file file:///home/juanluis/bin/findhyph
2025-02-12T19:04:52:648 [warning]: [RepositoryService] No matching repository found for file file:///home/juanluis/bin/fribidixetex
2025-02-12T19:04:52:648 [warning]: [RepositoryService] No matching repository found for file file:///home/juanluis/bin/fullref
2025-02-12T19:04:52:648 [warning]: [RepositoryService] No matching repository found for file file:///home/juanluis/bin/gbklatex
2025-02-12T19:04:52:648 [warning]: [RepositoryService] No matching repository found for file file:///home/juanluis/bin/gbkpdflatex
2025-02-12T19:04:52:648 [warning]: [RepositoryService] No matching repository found for file file:///home/juanluis/bin/getmapdl
2025-02-12T19:04:52:648 [warning]: [RepositoryService] No matching repository found for file file:///home/juanluis/bin/gfi-run
2025-02-12T19:04:52:648 [warning]: [RepositoryService] No matching repository found for file file:///home/juanluis/bin/gftodvi
2025-02-12T19:04:52:648 [warning]: [RepositoryService] No matching repository found for file file:///home/juanluis/bin/gftopk
2025-02-12T19:04:52:648 [warning]: [RepositoryService] No matching repository found for file file:///home/juanluis/bin/gftype
2025-02-12T19:04:52:648 [warning]: [RepositoryService] No matching repository found for file file:///home/juanluis/bin/git-latexdiff
2025-02-12T19:04:52:648 [warning]: [RepositoryService] No matching repository found for file file:///home/juanluis/bin/gregorio
2025-02-12T19:04:52:649 [warning]: [RepositoryService] No matching repository found for file file:///home/juanluis/bin/hbf2gf
2025-02-12T19:04:52:649 [warning]: [RepositoryService] No matching repository found for file file:///home/juanluis/bin/hilatex
2025-02-12T19:04:52:649 [warning]: [RepositoryService] No matching repository found for file file:///home/juanluis/bin/hilatex-dev
2025-02-12T19:04:52:649 [warning]: [RepositoryService] No matching repository found for file file:///home/juanluis/bin/hishrink
2025-02-12T19:04:52:650 [warning]: [RepositoryService] No matching repository found for file file:///home/juanluis/bin/histretch
2025-02-12T19:04:52:650 [warning]: [RepositoryService] No matching repository found for file file:///home/juanluis/bin/hitex
2025-02-12T19:04:52:650 [warning]: [RepositoryService] No matching repository found for file file:///home/juanluis/bin/ht
2025-02-12T19:04:52:651 [warning]: [RepositoryService] No matching repository found for file file:///home/juanluis/bin/htcontext
2025-02-12T19:04:52:651 [warning]: [RepositoryService] No matching repository found for file file:///home/juanluis/bin/htcopy
2025-02-12T19:04:52:651 [warning]: [RepositoryService] No matching repository found for file file:///home/juanluis/bin/htlatex
2025-02-12T19:04:52:651 [warning]: [RepositoryService] No matching repository found for file file:///home/juanluis/bin/htmex
2025-02-12T19:04:52:651 [warning]: [RepositoryService] No matching repository found for file file:///home/juanluis/bin/htmove
2025-02-12T19:04:52:651 [warning]: [RepositoryService] No matching repository found for file file:///home/juanluis/bin/httex
2025-02-12T19:04:52:651 [warning]: [RepositoryService] No matching repository found for file file:///home/juanluis/bin/httexi
2025-02-12T19:04:52:651 [warning]: [RepositoryService] No matching repository found for file file:///home/juanluis/bin/htxelatex
2025-02-12T19:04:52:651 [warning]: [RepositoryService] No matching repository found for file file:///home/juanluis/bin/htxetex
2025-02-12T19:04:52:651 [warning]: [RepositoryService] No matching repository found for file file:///home/juanluis/bin/ibyhyph
2025-02-12T19:04:52:651 [warning]: [RepositoryService] No matching repository found for file file:///home/juanluis/bin/inimf
2025-02-12T19:04:52:651 [warning]: [RepositoryService] No matching repository found for file file:///home/juanluis/bin/initex
2025-02-12T19:04:52:651 [warning]: [RepositoryService] No matching repository found for file file:///home/juanluis/bin/isi2bibtex
2025-02-12T19:04:52:651 [warning]: [RepositoryService] No matching repository found for file file:///home/juanluis/bin/jadetex
2025-02-12T19:04:52:651 [warning]: [RepositoryService] No matching repository found for file file:///home/juanluis/bin/jamo-normalize
2025-02-12T19:04:52:651 [warning]: [RepositoryService] No matching repository found for file file:///home/juanluis/bin/jfmutil
2025-02-12T19:04:52:652 [warning]: [RepositoryService] No matching repository found for file file:///home/juanluis/bin/kanji-config-updmap
2025-02-12T19:04:52:652 [warning]: [RepositoryService] No matching repository found for file file:///home/juanluis/bin/kanji-config-updmap-sys
2025-02-12T19:04:52:652 [warning]: [RepositoryService] No matching repository found for file file:///home/juanluis/bin/kanji-config-updmap-user
2025-02-12T19:04:52:652 [warning]: [RepositoryService] No matching repository found for file file:///home/juanluis/bin/kanji-fontmap-creator
2025-02-12T19:04:52:652 [warning]: [RepositoryService] No matching repository found for file file:///home/juanluis/bin/ketcindy
2025-02-12T19:04:52:652 [warning]: [RepositoryService] No matching repository found for file file:///home/juanluis/bin/komkindex
2025-02-12T19:04:52:652 [warning]: [RepositoryService] No matching repository found for file file:///home/juanluis/bin/kpsewhich
2025-02-12T19:04:52:652 [warning]: [RepositoryService] No matching repository found for file file:///home/juanluis/bin/l3build
2025-02-12T19:04:52:652 [warning]: [RepositoryService] No matching repository found for file file:///home/juanluis/bin/l3sys-query
2025-02-12T19:04:52:652 [warning]: [RepositoryService] No matching repository found for file file:///home/juanluis/bin/lacheck
2025-02-12T19:04:52:652 [warning]: [RepositoryService] No matching repository found for file file:///home/juanluis/bin/latex
2025-02-12T19:04:52:652 [warning]: [RepositoryService] No matching repository found for file file:///home/juanluis/bin/latex-dev
2025-02-12T19:04:52:652 [warning]: [RepositoryService] No matching repository found for file file:///home/juanluis/bin/latex-git-log
2025-02-12T19:04:52:652 [warning]: [RepositoryService] No matching repository found for file file:///home/juanluis/bin/latex-papersize
2025-02-12T19:04:52:652 [warning]: [RepositoryService] No matching repository found for file file:///home/juanluis/bin/latex2man
2025-02-12T19:04:52:652 [warning]: [RepositoryService] No matching repository found for file file:///home/juanluis/bin/latex2nemeth
2025-02-12T19:04:52:652 [warning]: [RepositoryService] No matching repository found for file file:///home/juanluis/bin/latexdef
2025-02-12T19:04:52:652 [warning]: [RepositoryService] No matching repository found for file file:///home/juanluis/bin/latexdiff
2025-02-12T19:04:52:652 [warning]: [RepositoryService] No matching repository found for file file:///home/juanluis/bin/latexdiff-fast
2025-02-12T19:04:52:653 [warning]: [RepositoryService] No matching repository found for file file:///home/juanluis/bin/latexdiff-so
2025-02-12T19:04:52:653 [warning]: [RepositoryService] No matching repository found for file file:///home/juanluis/bin/latexdiff-vc
2025-02-12T19:04:52:653 [warning]: [RepositoryService] No matching repository found for file file:///home/juanluis/bin/latexindent
2025-02-12T19:04:52:653 [warning]: [RepositoryService] No matching repository found for file file:///home/juanluis/bin/latexmk
2025-02-12T19:04:52:653 [warning]: [RepositoryService] No matching repository found for file file:///home/juanluis/bin/latexpand
2025-02-12T19:04:52:653 [warning]: [RepositoryService] No matching repository found for file file:///home/juanluis/bin/latexrevise
2025-02-12T19:04:52:653 [warning]: [RepositoryService] No matching repository found for file file:///home/juanluis/bin/latexscreenshooter
2025-02-12T19:04:52:653 [warning]: [RepositoryService] No matching repository found for file file:///home/juanluis/bin/llmk
2025-02-12T19:04:52:653 [warning]: [RepositoryService] No matching repository found for file file:///home/juanluis/bin/lollipop
2025-02-12T19:04:52:653 [warning]: [RepositoryService] No matching repository found for file file:///home/juanluis/bin/ltx2crossrefxml
2025-02-12T19:04:52:653 [warning]: [RepositoryService] No matching repository found for file file:///home/juanluis/bin/ltximg
2025-02-12T19:04:52:653 [warning]: [RepositoryService] No matching repository found for file file:///home/juanluis/bin/luacolor
2025-02-12T19:04:52:653 [warning]: [RepositoryService] No matching repository found for file file:///home/juanluis/bin/luafindfont
2025-02-12T19:04:52:653 [warning]: [RepositoryService] No matching repository found for file file:///home/juanluis/bin/luahblatex
2025-02-12T19:04:52:653 [warning]: [RepositoryService] No matching repository found for file file:///home/juanluis/bin/luahblatex-dev
2025-02-12T19:04:52:653 [warning]: [RepositoryService] No matching repository found for file file:///home/juanluis/bin/luahbtex
2025-02-12T19:04:52:653 [warning]: [RepositoryService] No matching repository found for file file:///home/juanluis/bin/lualatex
2025-02-12T19:04:52:653 [warning]: [RepositoryService] No matching repository found for file file:///home/juanluis/bin/lualatex-dev
2025-02-12T19:04:52:653 [warning]: [RepositoryService] No matching repository found for file file:///home/juanluis/bin/lualatexdef
2025-02-12T19:04:52:654 [warning]: [RepositoryService] No matching repository found for file file:///home/juanluis/bin/lualollipop
2025-02-12T19:04:52:654 [warning]: [RepositoryService] No matching repository found for file file:///home/juanluis/bin/luamesh
2025-02-12T19:04:52:654 [warning]: [RepositoryService] No matching repository found for file file:///home/juanluis/bin/luaotfload-tool
2025-02-12T19:04:52:654 [warning]: [RepositoryService] No matching repository found for file file:///home/juanluis/bin/luatex
2025-02-12T19:04:52:654 [warning]: [RepositoryService] No matching repository found for file file:///home/juanluis/bin/luatexdef
2025-02-12T19:04:52:654 [warning]: [RepositoryService] No matching repository found for file file:///home/juanluis/bin/lwarpmk
2025-02-12T19:04:52:654 [warning]: [RepositoryService] No matching repository found for file file:///home/juanluis/bin/lyluatex
2025-02-12T19:04:52:654 [warning]: [RepositoryService] No matching repository found for file file:///home/juanluis/bin/m-tx
