2025-02-12 18:40:13.675 [info] Reading sessions from keychain...
2025-02-12 18:40:13.675 [info] Getting sessions for all scopes...
2025-02-12 18:40:13.675 [info] Getting sessions for all scopes...
2025-02-12 18:40:13.675 [info] Getting sessions for all scopes...
2025-02-12 18:40:13.675 [info] Getting sessions for user:email...
2025-02-12 18:40:13.675 [info] Got stored sessions!
2025-02-12 18:40:13.675 [info] Got 2 verified sessions.
2025-02-12 18:40:13.675 [info] Got 2 sessions for ...
2025-02-12 18:40:13.675 [info] Got 2 sessions for ...
2025-02-12 18:40:13.675 [info] Got 2 sessions for ...
2025-02-12 18:40:13.675 [info] Got 1 sessions for user:email...
2025-02-12 18:40:13.690 [info] Getting sessions for all scopes...
2025-02-12 18:40:13.690 [info] Got 2 sessions for ...
2025-02-12 18:40:13.691 [info] Getting sessions for all scopes...
2025-02-12 18:40:13.691 [info] Got 2 sessions for ...
2025-02-12 18:40:13.691 [info] Getting sessions for all scopes...
2025-02-12 18:40:13.691 [info] Got 2 sessions for ...
2025-02-12 18:40:13.691 [info] Getting sessions for all scopes...
2025-02-12 18:40:13.691 [info] Got 2 sessions for ...
2025-02-12 18:40:13.692 [info] Getting sessions for all scopes...
2025-02-12 18:40:13.692 [info] Got 2 sessions for ...
2025-02-12 18:40:22.981 [info] Getting sessions for all scopes...
2025-02-12 18:40:22.981 [info] Got 2 sessions for ...
2025-02-12 18:40:23.631 [info] Getting sessions for read:user,repo,user:email...
2025-02-12 18:40:23.631 [info] Got 0 sessions for read:user,repo,user:email...
2025-02-12 18:40:23.656 [info] Getting sessions for read:user,repo,user:email,workflow...
2025-02-12 18:40:23.657 [info] Got 1 sessions for read:user,repo,user:email,workflow...
2025-02-12 18:40:23.657 [info] Getting sessions for all scopes...
2025-02-12 18:40:23.657 [info] Got 2 sessions for ...
2025-02-12 18:40:23.657 [info] Getting sessions for all scopes...
2025-02-12 18:40:23.657 [info] Got 2 sessions for ...
2025-02-12 18:40:23.658 [info] Getting sessions for project,read:org,read:user,repo,user:email,workflow...
2025-02-12 18:40:23.658 [info] Got 0 sessions for project,read:org,read:user,repo,user:email,workflow...
2025-02-12 18:40:23.959 [info] Getting sessions for read:user,repo,user:email,workflow...
2025-02-12 18:40:23.959 [info] Got 1 sessions for read:user,repo,user:email,workflow...
2025-02-12 18:40:23.960 [info] Getting sessions for read:user,repo,user:email,workflow...
2025-02-12 18:40:23.960 [info] Got 1 sessions for read:user,repo,user:email,workflow...
2025-02-12 18:40:24.449 [info] Getting sessions for all scopes...
2025-02-12 18:40:24.449 [info] Got 2 sessions for ...
2025-02-12 18:40:27.781 [info] Getting sessions for read:user,repo,user:email,workflow...
2025-02-12 18:40:27.781 [info] Got 1 sessions for read:user,repo,user:email,workflow...
2025-02-12 18:40:28.038 [info] Getting sessions for all scopes...
2025-02-12 18:40:28.038 [info] Got 2 sessions for ...
2025-02-12 18:40:28.135 [info] Getting sessions for read:user,repo,user:email,workflow...
2025-02-12 18:40:28.135 [info] Got 1 sessions for read:user,repo,user:email,workflow...
2025-02-12 18:40:28.992 [info] Getting sessions for read:user,repo,user:email,workflow...
2025-02-12 18:40:28.992 [info] Got 1 sessions for read:user,repo,user:email,workflow...
2025-02-12 18:40:29.287 [info] Getting sessions for all scopes...
2025-02-12 18:40:29.287 [info] Got 2 sessions for ...
2025-02-12 18:40:29.288 [info] Getting sessions for all scopes...
2025-02-12 18:40:29.288 [info] Got 2 sessions for ...
2025-02-12 18:40:29.633 [info] Getting sessions for read:user,repo,user:email,workflow...
2025-02-12 18:40:29.633 [info] Got 1 sessions for read:user,repo,user:email,workflow...
2025-02-12 18:40:30.009 [info] Getting sessions for read:user,repo,user:email...
2025-02-12 18:40:30.009 [info] Got 0 sessions for read:user,repo,user:email...
2025-02-12 18:40:30.100 [info] Getting sessions for all scopes...
2025-02-12 18:40:30.100 [info] Got 2 sessions for ...
2025-02-12 18:40:30.217 [info] Getting sessions for read:user,repo,user:email...
2025-02-12 18:40:30.217 [info] Got 0 sessions for read:user,repo,user:email...
2025-02-12 18:40:30.249 [info] Getting sessions for read:user,repo,user:email,workflow...
2025-02-12 18:40:30.249 [info] Got 1 sessions for read:user,repo,user:email,workflow...
2025-02-12 18:40:31.136 [info] Getting sessions for read:user,repo,user:email...
2025-02-12 18:40:31.136 [info] Got 0 sessions for read:user,repo,user:email...
2025-02-12 18:40:31.152 [info] Getting sessions for all scopes...
2025-02-12 18:40:31.152 [info] Got 2 sessions for ...
2025-02-12 18:40:31.240 [info] Getting sessions for read:user,repo,user:email,workflow...
2025-02-12 18:40:31.240 [info] Got 1 sessions for read:user,repo,user:email,workflow...
2025-02-12 18:40:33.123 [info] Getting sessions for read:user,repo,user:email,workflow...
2025-02-12 18:40:33.123 [info] Got 1 sessions for read:user,repo,user:email,workflow...
2025-02-12 18:40:33.131 [info] Getting sessions for all scopes...
2025-02-12 18:40:33.131 [info] Got 2 sessions for ...
2025-02-12 18:40:33.844 [info] Getting sessions for read:user,repo,user:email,workflow...
2025-02-12 18:40:33.844 [info] Got 1 sessions for read:user,repo,user:email,workflow...
2025-02-12 18:40:35.514 [info] Getting sessions for all scopes...
2025-02-12 18:40:35.514 [info] Got 2 sessions for ...
2025-02-12 18:40:35.554 [info] Getting sessions for read:user,repo,user:email,workflow...
2025-02-12 18:40:35.554 [info] Got 1 sessions for read:user,repo,user:email,workflow...
2025-02-12 18:40:35.861 [info] Getting sessions for all scopes...
2025-02-12 18:40:35.861 [info] Got 2 sessions for ...
2025-02-12 18:40:35.871 [info] Getting sessions for read:user,repo,user:email,workflow...
2025-02-12 18:40:35.871 [info] Got 1 sessions for read:user,repo,user:email,workflow...
2025-02-12 18:55:31.276 [info] Getting sessions for all scopes...
2025-02-12 18:55:31.276 [info] Got 2 sessions for ...
2025-02-12 18:55:31.278 [info] Getting sessions for read:user,repo,user:email,workflow...
2025-02-12 18:55:31.278 [info] Got 1 sessions for read:user,repo,user:email,workflow...
