2025-02-17 10:08:17.982 [info] [main] Log level: Info
2025-02-17 10:08:17.982 [info] [main] Validating found git in: "git"
2025-02-17 10:08:17.982 [info] [main] Using git "2.48.1" from "git"
2025-02-17 10:08:17.982 [info] [Model][doInitialScan] Initial repository scan started
2025-02-17 10:08:17.982 [info] > git rev-parse --show-toplevel [4058ms]
2025-02-17 10:08:17.982 [info] > git rev-parse --git-dir --git-common-dir [284ms]
2025-02-17 10:08:17.982 [info] [Model][openRepository] Opened repository: /home/juanluis/git-repositories/TFM-BigData
2025-02-17 10:08:17.982 [info] > git rev-parse --show-toplevel [52ms]
2025-02-17 10:08:17.982 [info] > git config --get commit.template [80ms]
2025-02-17 10:08:18.079 [info] > git rev-parse --show-toplevel [75ms]
2025-02-17 10:08:18.263 [info] > git for-each-ref --format=%(refname)%00%(upstream:short)%00%(objectname)%00%(upstream:track)%00%(upstream:remotename)%00%(upstream:remoteref) refs/heads/main refs/remotes/main [203ms]
2025-02-17 10:08:18.401 [info] > git rev-parse --show-toplevel [201ms]
2025-02-17 10:08:20.637 [info] > git check-ignore -v -z --stdin [2210ms]
2025-02-17 10:08:20.639 [info] > git rev-parse --show-toplevel [2174ms]
2025-02-17 10:08:21.267 [info] > git status -z -uall [177ms]
2025-02-17 10:08:21.270 [info] > git rev-parse --show-toplevel [135ms]
2025-02-17 10:08:21.271 [info] > git for-each-ref --sort -committerdate --format %(refname) %(objectname) %(*objectname) [161ms]
2025-02-17 10:08:21.414 [info] > git for-each-ref --format=%(refname)%00%(upstream:short)%00%(objectname)%00%(upstream:track)%00%(upstream:remotename)%00%(upstream:remoteref) refs/heads/main refs/remotes/main [116ms]
2025-02-17 10:08:21.462 [info] > git config --get --local branch.main.vscode-merge-base [30ms]
2025-02-17 10:08:21.485 [info] > git config --get commit.template [97ms]
2025-02-17 10:08:21.485 [info] > git rev-parse --show-toplevel [114ms]
2025-02-17 10:08:21.536 [info] > git for-each-ref --format=%(refname)%00%(upstream:short)%00%(objectname)%00%(upstream:track)%00%(upstream:remotename)%00%(upstream:remoteref) refs/heads/origin/main refs/remotes/origin/main [52ms]
2025-02-17 10:08:21.972 [info] > git merge-base refs/heads/main refs/remotes/origin/main [418ms]
2025-02-17 10:08:21.993 [info] > git rev-parse --show-toplevel [464ms]
2025-02-17 10:08:22.098 [info] > git diff --name-status -z --diff-filter=ADMR d1cf5ceea5d72f7b0e9ff6715ac128840fd3d136...refs/remotes/origin/main [105ms]
2025-02-17 10:08:22.099 [info] > git for-each-ref --format=%(refname)%00%(upstream:short)%00%(objectname)%00%(upstream:track)%00%(upstream:remotename)%00%(upstream:remoteref) refs/heads/main refs/remotes/main [503ms]
2025-02-17 10:08:22.124 [info] > git rev-parse --show-toplevel [33ms]
2025-02-17 10:08:22.126 [info] [Model][doInitialScan] Initial repository scan completed - repositories (1), closed repositories (0), parent repositories (0), unsafe repositories (0)
2025-02-17 10:08:22.194 [info] > git show --textconv :apuntes/ApuntesLennard.tex [46ms]
2025-02-17 10:08:22.195 [info] > git ls-files --stage -- /home/juanluis/git-repositories/TFM-BigData/apuntes/ApuntesLennard.tex [26ms]
2025-02-17 10:08:22.380 [info] > git cat-file -s 45963d388e089e3952e1ce043ef8e13116a05f36 [165ms]
2025-02-17 10:08:22.381 [info] > git rev-parse --show-toplevel [190ms]
2025-02-17 10:08:22.477 [info] > git status -z -uall [65ms]
2025-02-17 10:08:22.477 [info] > git for-each-ref --sort -committerdate --format %(refname) %(objectname) %(*objectname) [41ms]
2025-02-17 10:08:23.056 [info] > git config --get commit.template [136ms]
2025-02-17 10:08:23.151 [info] > git rev-parse --show-toplevel [64ms]
2025-02-17 10:08:23.180 [info] > git for-each-ref --format=%(refname)%00%(upstream:short)%00%(objectname)%00%(upstream:track)%00%(upstream:remotename)%00%(upstream:remoteref) refs/heads/main refs/remotes/main [33ms]
2025-02-17 10:08:23.193 [info] > git blame --root --incremental d1cf5ceea5d72f7b0e9ff6715ac128840fd3d136 -- /home/juanluis/git-repositories/TFM-BigData/apuntes/ApuntesLennard.tex [14ms]
2025-02-17 10:08:23.335 [info] > git status -z -uall [50ms]
2025-02-17 10:08:23.336 [info] > git for-each-ref --sort -committerdate --format %(refname) %(objectname) %(*objectname) [29ms]
2025-02-17 10:08:23.578 [info] > git config --get --local branch.main.github-pr-owner-number [161ms]
2025-02-17 10:08:23.578 [warning] [Git][config] git config failed: Failed to execute git
2025-02-17 10:08:23.950 [info] > git rev-parse --show-toplevel [10ms]
2025-02-17 10:08:57.436 [info] > git config --get commit.template [4ms]
2025-02-17 10:08:57.468 [info] > git for-each-ref --format=%(refname)%00%(upstream:short)%00%(objectname)%00%(upstream:track)%00%(upstream:remotename)%00%(upstream:remoteref) refs/heads/main refs/remotes/main [4ms]
2025-02-17 10:08:57.513 [info] > git status -z -uall [21ms]
2025-02-17 10:08:57.519 [info] > git for-each-ref --sort -committerdate --format %(refname) %(objectname) %(*objectname) [7ms]
2025-02-17 10:08:58.039 [info] > git rev-parse --show-toplevel [1ms]
2025-02-17 10:09:02.563 [info] > git config --get commit.template [19ms]
2025-02-17 10:09:02.565 [info] > git for-each-ref --format=%(refname)%00%(upstream:short)%00%(objectname)%00%(upstream:track)%00%(upstream:remotename)%00%(upstream:remoteref) refs/heads/main refs/remotes/main [3ms]
2025-02-17 10:09:02.602 [info] > git status -z -uall [19ms]
2025-02-17 10:09:02.604 [info] > git for-each-ref --sort -committerdate --format %(refname) %(objectname) %(*objectname) [2ms]
2025-02-17 10:09:03.124 [info] > git rev-parse --show-toplevel [1ms]
2025-02-17 10:09:41.787 [info] > git config --get commit.template [2ms]
2025-02-17 10:09:41.808 [info] > git for-each-ref --format=%(refname)%00%(upstream:short)%00%(objectname)%00%(upstream:track)%00%(upstream:remotename)%00%(upstream:remoteref) refs/heads/main refs/remotes/main [3ms]
2025-02-17 10:09:41.848 [info] > git status -z -uall [22ms]
2025-02-17 10:09:41.848 [info] > git for-each-ref --sort -committerdate --format %(refname) %(objectname) %(*objectname) [3ms]
2025-02-17 10:09:42.366 [info] > git rev-parse --show-toplevel [2ms]
2025-02-17 10:09:46.888 [info] > git config --get commit.template [17ms]
2025-02-17 10:09:46.889 [info] > git for-each-ref --format=%(refname)%00%(upstream:short)%00%(objectname)%00%(upstream:track)%00%(upstream:remotename)%00%(upstream:remoteref) refs/heads/main refs/remotes/main [2ms]
2025-02-17 10:09:46.926 [info] > git status -z -uall [21ms]
2025-02-17 10:09:46.926 [info] > git for-each-ref --sort -committerdate --format %(refname) %(objectname) %(*objectname) [4ms]
2025-02-17 10:09:47.444 [info] > git rev-parse --show-toplevel [1ms]
2025-02-17 10:09:52.022 [info] > git config --get commit.template [20ms]
2025-02-17 10:09:52.023 [info] > git for-each-ref --format=%(refname)%00%(upstream:short)%00%(objectname)%00%(upstream:track)%00%(upstream:remotename)%00%(upstream:remoteref) refs/heads/main refs/remotes/main [2ms]
2025-02-17 10:09:52.060 [info] > git status -z -uall [18ms]
2025-02-17 10:09:52.061 [info] > git for-each-ref --sort -committerdate --format %(refname) %(objectname) %(*objectname) [2ms]
2025-02-17 10:09:52.106 [info] > git ls-files --stage -- /home/juanluis/git-repositories/TFM-BigData/apuntes/ApuntesLennard.tex [2ms]
2025-02-17 10:09:52.127 [info] > git cat-file -s 45963d388e089e3952e1ce043ef8e13116a05f36 [2ms]
2025-02-17 10:09:52.151 [info] > git show --textconv :apuntes/ApuntesLennard.tex [3ms]
2025-02-17 10:09:52.583 [info] > git rev-parse --show-toplevel [2ms]
2025-02-17 10:09:57.209 [info] > git config --get commit.template [17ms]
2025-02-17 10:09:57.210 [info] > git for-each-ref --format=%(refname)%00%(upstream:short)%00%(objectname)%00%(upstream:track)%00%(upstream:remotename)%00%(upstream:remoteref) refs/heads/main refs/remotes/main [2ms]
2025-02-17 10:09:57.243 [info] > git status -z -uall [16ms]
2025-02-17 10:09:57.245 [info] > git for-each-ref --sort -committerdate --format %(refname) %(objectname) %(*objectname) [1ms]
2025-02-17 10:09:57.295 [info] > git ls-files --stage -- /home/juanluis/git-repositories/TFM-BigData/apuntes/ApuntesLennard.tex [1ms]
2025-02-17 10:09:57.312 [info] > git cat-file -s fb572a7038730107d5b2f3bbffd5cb9767c1a70c [1ms]
2025-02-17 10:09:57.334 [info] > git show --textconv :apuntes/ApuntesLennard.tex [3ms]
2025-02-17 10:09:57.592 [info] > git show --textconv HEAD:apuntes/ApuntesLennard.tex [18ms]
2025-02-17 10:09:57.593 [info] > git ls-tree -l HEAD -- /home/juanluis/git-repositories/TFM-BigData/apuntes/ApuntesLennard.tex [1ms]
2025-02-17 10:09:57.767 [info] > git rev-parse --show-toplevel [2ms]
2025-02-17 10:10:06.271 [info] > git config --get commit.template [16ms]
2025-02-17 10:10:06.272 [info] > git for-each-ref --format=%(refname)%00%(upstream:short)%00%(objectname)%00%(upstream:track)%00%(upstream:remotename)%00%(upstream:remoteref) refs/heads/main refs/remotes/main [2ms]
2025-02-17 10:10:06.306 [info] > git status -z -uall [18ms]
2025-02-17 10:10:06.307 [info] > git for-each-ref --sort -committerdate --format %(refname) %(objectname) %(*objectname) [2ms]
2025-02-17 10:10:06.440 [info] > git merge-base refs/heads/main refs/remotes/origin/main [86ms]
2025-02-17 10:10:06.456 [info] > git blame --root --incremental 39313a0a642ccf8159fef6fb568fcab2b9ab81f6 -- /home/juanluis/git-repositories/TFM-BigData/apuntes/ApuntesLennard.tex [125ms]
2025-02-17 10:10:06.477 [info] > git diff --name-status -z --diff-filter=ADMR d1cf5ceea5d72f7b0e9ff6715ac128840fd3d136...refs/remotes/origin/main [21ms]
2025-02-17 10:10:06.514 [info] > git ls-files --stage -- /home/juanluis/git-repositories/TFM-BigData/apuntes/ApuntesLennard.tex [20ms]
2025-02-17 10:10:06.531 [info] > git config --get --local branch.main.github-pr-owner-number [55ms]
2025-02-17 10:10:06.531 [warning] [Git][config] git config failed: Failed to execute git
2025-02-17 10:10:06.550 [info] > git cat-file -s fb572a7038730107d5b2f3bbffd5cb9767c1a70c [19ms]
2025-02-17 10:10:06.551 [info] > git ls-tree -l HEAD -- /home/juanluis/git-repositories/TFM-BigData/apuntes/ApuntesLennard.tex [40ms]
2025-02-17 10:10:06.602 [info] > git show --textconv :apuntes/ApuntesLennard.tex [32ms]
2025-02-17 10:10:06.604 [info] > git show --textconv HEAD:apuntes/ApuntesLennard.tex [3ms]
2025-02-17 10:10:06.830 [info] > git rev-parse --show-toplevel [2ms]
2025-02-17 10:10:11.788 [info] > git for-each-ref --format=%(refname)%00%(upstream:short)%00%(objectname)%00%(upstream:track)%00%(upstream:remotename)%00%(upstream:remoteref) refs/heads/main refs/remotes/main [5ms]
2025-02-17 10:10:11.789 [info] > git config --get commit.template [27ms]
2025-02-17 10:10:11.830 [info] > git status -z -uall [23ms]
2025-02-17 10:10:11.831 [info] > git for-each-ref --sort -committerdate --format %(refname) %(objectname) %(*objectname) [2ms]
2025-02-17 10:10:11.871 [info] > git merge-base refs/heads/main refs/remotes/origin/main [8ms]
2025-02-17 10:10:11.919 [info] > git diff --name-status -z --diff-filter=ADMR 39313a0a642ccf8159fef6fb568fcab2b9ab81f6...refs/remotes/origin/main [22ms]
2025-02-17 10:10:11.975 [info] > git ls-files --stage -- /home/juanluis/git-repositories/TFM-BigData/apuntes/ApuntesLennard.tex [18ms]
2025-02-17 10:10:11.992 [info] > git config --get --local branch.main.github-pr-owner-number [74ms]
2025-02-17 10:10:11.992 [warning] [Git][config] git config failed: Failed to execute git
2025-02-17 10:10:12.009 [info] > git cat-file -s fb572a7038730107d5b2f3bbffd5cb9767c1a70c [18ms]
2025-02-17 10:10:12.010 [info] > git ls-tree -l HEAD -- /home/juanluis/git-repositories/TFM-BigData/apuntes/ApuntesLennard.tex [36ms]
2025-02-17 10:10:12.048 [info] > git show --textconv :apuntes/ApuntesLennard.tex [20ms]
2025-02-17 10:10:12.050 [info] > git show --textconv HEAD:apuntes/ApuntesLennard.tex [3ms]
2025-02-17 10:10:12.351 [info] > git rev-parse --show-toplevel [2ms]
2025-02-17 10:10:35.210 [info] > git config --get commit.template [4ms]
2025-02-17 10:10:35.232 [info] > git for-each-ref --format=%(refname)%00%(upstream:short)%00%(objectname)%00%(upstream:track)%00%(upstream:remotename)%00%(upstream:remoteref) refs/heads/main refs/remotes/main [3ms]
2025-02-17 10:10:35.272 [info] > git status -z -uall [19ms]
2025-02-17 10:10:35.274 [info] > git for-each-ref --sort -committerdate --format %(refname) %(objectname) %(*objectname) [2ms]
2025-02-17 10:10:35.794 [info] > git rev-parse --show-toplevel [2ms]
2025-02-17 10:10:42.812 [info] > git config --get commit.template [17ms]
2025-02-17 10:10:42.812 [info] > git for-each-ref --format=%(refname)%00%(upstream:short)%00%(objectname)%00%(upstream:track)%00%(upstream:remotename)%00%(upstream:remoteref) refs/heads/main refs/remotes/main [1ms]
2025-02-17 10:10:42.853 [info] > git status -z -uall [22ms]
2025-02-17 10:10:42.855 [info] > git for-each-ref --sort -committerdate --format %(refname) %(objectname) %(*objectname) [3ms]
2025-02-17 10:10:42.919 [info] > git ls-files --stage -- /home/juanluis/git-repositories/TFM-BigData/apuntes/ApuntesLennard.tex [20ms]
2025-02-17 10:10:42.939 [info] > git ls-tree -l HEAD -- /home/juanluis/git-repositories/TFM-BigData/apuntes/ApuntesLennard.tex [20ms]
2025-02-17 10:10:42.940 [info] > git cat-file -s fb572a7038730107d5b2f3bbffd5cb9767c1a70c [2ms]
2025-02-17 10:10:42.976 [info] > git show --textconv HEAD:apuntes/ApuntesLennard.tex [19ms]
2025-02-17 10:10:42.977 [info] > git show --textconv :apuntes/ApuntesLennard.tex [2ms]
2025-02-17 10:10:43.374 [info] > git rev-parse --show-toplevel [2ms]
2025-02-17 10:10:45.066 [info] > git ls-files --stage -- /home/juanluis/git-repositories/TFM-BigData/apuntes/ApuntesLennard.tex [18ms]
2025-02-17 10:10:45.100 [info] > git cat-file -s 900b4f9b350349e3201f367a410939fbbd36d337 [17ms]
2025-02-17 10:10:45.100 [info] > git ls-tree -l HEAD -- /home/juanluis/git-repositories/TFM-BigData/apuntes/ApuntesLennard.tex [35ms]
2025-02-17 10:10:45.137 [info] > git show --textconv :apuntes/ApuntesLennard.tex [19ms]
2025-02-17 10:10:45.139 [info] > git show --textconv HEAD:apuntes/ApuntesLennard.tex [2ms]
2025-02-17 10:10:47.526 [info] > git ls-files --stage -- /home/juanluis/git-repositories/TFM-BigData/apuntes/ApuntesLennard.tex [18ms]
2025-02-17 10:10:47.545 [info] > git ls-tree -l HEAD -- /home/juanluis/git-repositories/TFM-BigData/apuntes/ApuntesLennard.tex [19ms]
2025-02-17 10:10:47.547 [info] > git cat-file -s 900b4f9b350349e3201f367a410939fbbd36d337 [3ms]
2025-02-17 10:10:47.587 [info] > git show --textconv HEAD:apuntes/ApuntesLennard.tex [20ms]
2025-02-17 10:10:47.589 [info] > git show --textconv :apuntes/ApuntesLennard.tex [3ms]
2025-02-17 10:10:47.893 [info] > git config --get commit.template [18ms]
2025-02-17 10:10:47.894 [info] > git for-each-ref --format=%(refname)%00%(upstream:short)%00%(objectname)%00%(upstream:track)%00%(upstream:remotename)%00%(upstream:remoteref) refs/heads/main refs/remotes/main [2ms]
2025-02-17 10:10:47.935 [info] > git status -z -uall [22ms]
2025-02-17 10:10:47.937 [info] > git for-each-ref --sort -committerdate --format %(refname) %(objectname) %(*objectname) [2ms]
2025-02-17 10:10:48.044 [info] > git merge-base refs/heads/main refs/remotes/origin/main [59ms]
2025-02-17 10:10:48.063 [info] > git blame --root --incremental f64f186ded4ca09de895c37b4c4333178331c33a -- /home/juanluis/git-repositories/TFM-BigData/apuntes/ApuntesLennard.tex [96ms]
2025-02-17 10:10:48.084 [info] > git diff --name-status -z --diff-filter=ADMR 39313a0a642ccf8159fef6fb568fcab2b9ab81f6...refs/remotes/origin/main [22ms]
2025-02-17 10:10:48.086 [info] > git config --get --local branch.main.github-pr-owner-number [2ms]
2025-02-17 10:10:48.086 [warning] [Git][config] git config failed: Failed to execute git
2025-02-17 10:10:48.459 [info] > git rev-parse --show-toplevel [1ms]
2025-02-17 10:10:51.076 [info] > git ls-files --stage -- /home/juanluis/git-repositories/TFM-BigData/apuntes/ApuntesLennard.tex [18ms]
2025-02-17 10:10:51.095 [info] > git ls-tree -l HEAD -- /home/juanluis/git-repositories/TFM-BigData/apuntes/ApuntesLennard.tex [20ms]
2025-02-17 10:10:51.095 [info] > git cat-file -s 900b4f9b350349e3201f367a410939fbbd36d337 [2ms]
2025-02-17 10:10:51.136 [info] > git show --textconv HEAD:apuntes/ApuntesLennard.tex [20ms]
2025-02-17 10:10:51.138 [info] > git show --textconv :apuntes/ApuntesLennard.tex [3ms]
2025-02-17 10:10:53.019 [info] > git config --get commit.template [17ms]
2025-02-17 10:10:53.021 [info] > git for-each-ref --format=%(refname)%00%(upstream:short)%00%(objectname)%00%(upstream:track)%00%(upstream:remotename)%00%(upstream:remoteref) refs/heads/main refs/remotes/main [2ms]
2025-02-17 10:10:53.056 [info] > git status -z -uall [19ms]
2025-02-17 10:10:53.058 [info] > git for-each-ref --sort -committerdate --format %(refname) %(objectname) %(*objectname) [3ms]
2025-02-17 10:10:53.082 [info] > git merge-base refs/heads/main refs/remotes/origin/main [2ms]
2025-02-17 10:10:53.101 [info] > git diff --name-status -z --diff-filter=ADMR f64f186ded4ca09de895c37b4c4333178331c33a...refs/remotes/origin/main [1ms]
2025-02-17 10:10:53.121 [info] > git config --get --local branch.main.github-pr-owner-number [1ms]
2025-02-17 10:10:53.121 [warning] [Git][config] git config failed: Failed to execute git
2025-02-17 10:10:53.579 [info] > git rev-parse --show-toplevel [2ms]
