2025-02-12 19:04:49.497 [warning] /home/juanluis/.ssh/config: ENOENT: no such file or directory, open '/home/juanluis/.ssh/config'
2025-02-12 19:04:49.497 [info] Activation> Extension version: 0.104.0
2025-02-12 19:04:52.218 [info] Looking for git repository
2025-02-12 19:04:52.218 [info] Found 0 repositories during activation
2025-02-12 19:04:52.218 [info] Git repository found, initializing review manager and pr tree view.
2025-02-12 19:04:52.222 [info] Registering git provider
2025-02-12 19:04:53.078 [info] Repository file:///home/juanluis/fastfetch-examples has been opened
2025-02-12 19:04:53.323 [info] Repository file:///home/juanluis/neofetch has been opened
2025-02-12 19:04:53.467 [info] Git initialization state changed: state=initialized
2025-02-12 19:04:53.467 [info] Review+0> Validate state in progress
2025-02-12 19:04:53.467 [info] Review+0> Validating state...
2025-02-12 19:04:53.467 [info] Review+1> Validate state in progress
2025-02-12 19:04:53.467 [info] Review+1> Validating state...
2025-02-12 19:04:53.467 [info] Review+2> Validate state in progress
2025-02-12 19:04:53.467 [info] Review+2> Validating state...
2025-02-12 19:04:53.468 [warning] No remotes found. The following remotes are missing: origin, upstream
2025-02-12 19:04:53.468 [info] No GitHub remotes found for folder /home/juanluis/neofetch
2025-02-12 19:04:53.553 [info] Found GitHub remote for folder /home/juanluis/.oh-my-zsh
2025-02-12 19:04:53.579 [info] Found GitHub remote for folder /home/juanluis/fastfetch-examples
2025-02-12 19:04:53.767 [info] Review+2> Validate state in progress
2025-02-12 19:04:53.767 [info] Review+2> Validating state...
2025-02-12 19:04:53.767 [info] Repo state for file:///home/juanluis/neofetch changed.
2025-02-12 19:04:53.767 [info] Repo file:///home/juanluis/neofetch has already been setup.
2025-02-12 19:04:53.863 [info] Found GitHub remote for folder /home/juanluis/neofetch
2025-02-12 19:04:54.026 [info] Repo state for file:///home/juanluis/.oh-my-zsh changed.
2025-02-12 19:04:54.026 [info] Repo file:///home/juanluis/.oh-my-zsh has already been setup.
2025-02-12 19:04:54.140 [info] FolderRepositoryManager+0> Trying to use globalState for assignableUsers.
2025-02-12 19:04:54.233 [info] Review+1> Queuing additional validate state
2025-02-12 19:04:54.233 [info] Repo state for file:///home/juanluis/fastfetch-examples changed.
2025-02-12 19:04:54.233 [info] Repo file:///home/juanluis/fastfetch-examples has already been setup.
2025-02-12 19:04:54.251 [info] FolderRepositoryManager+1> Trying to use globalState for assignableUsers.
2025-02-12 19:04:54.353 [info] Review+0> No matching pull request metadata found locally for current branch master
2025-02-12 19:04:54.403 [info] Review+1> No matching pull request metadata found locally for current branch master
2025-02-12 19:04:54.484 [info] FolderRepositoryManager+0> Using globalState assignableUsers for 1.
2025-02-12 19:04:55.028 [info] FolderRepositoryManager+1> Using globalState assignableUsers for 1.
2025-02-12 19:04:55.222 [info] FolderRepositoryManager+2> Trying to use globalState for assignableUsers.
2025-02-12 19:04:55.316 [info] Review+2> No matching pull request metadata found locally for current branch master
2025-02-12 19:04:55.396 [info] FolderRepositoryManager+2> Using globalState assignableUsers for 1.
2025-02-12 19:04:56.019 [info] Review+1> No matching pull request metadata found on GitHub for current branch master
2025-02-12 19:04:56.024 [info] Review+1> Validating state...
2025-02-12 19:04:56.024 [info] Found GitHub remote for folder /home/juanluis/fastfetch-examples
2025-02-12 19:04:56.025 [info] Using in-memory cached assignable users.
2025-02-12 19:04:56.040 [info] Review+1> No matching pull request metadata found locally for current branch master
2025-02-12 19:04:56.700 [info] Review+0> No matching pull request metadata found on GitHub for current branch master
2025-02-12 19:04:56.728 [info] Review+2> No matching pull request metadata found on GitHub for current branch master
2025-02-12 19:04:56.795 [info] Review+1> No matching pull request metadata found on GitHub for current branch master
2025-02-12 19:05:07.277 [warning] /home/juanluis/.ssh/config: ENOENT: no such file or directory, open '/home/juanluis/.ssh/config'
2025-02-12 19:05:07.278 [info] Activation> Extension version: 0.104.0
2025-02-12 19:05:09.709 [info] Looking for git repository
2025-02-12 19:05:09.709 [info] Found 0 repositories during activation
2025-02-12 19:05:09.709 [info] Git repository found, initializing review manager and pr tree view.
2025-02-12 19:05:09.713 [info] Registering git provider
2025-02-12 19:05:09.803 [info] Git initialization state changed: state=initialized
2025-02-12 19:05:09.803 [info] Review+0> Validate state in progress
2025-02-12 19:05:09.803 [info] Review+0> Validating state...
2025-02-12 19:05:09.887 [info] Found GitHub remote for folder /home/juanluis/git-repositories/TFM-BigData
2025-02-12 19:05:10.206 [info] Repo state for file:///home/juanluis/git-repositories/TFM-BigData changed.
2025-02-12 19:05:10.207 [info] Repo file:///home/juanluis/git-repositories/TFM-BigData has already been setup.
2025-02-12 19:05:10.592 [info] FolderRepositoryManager+0> Trying to use globalState for assignableUsers.
2025-02-12 19:05:10.718 [info] Review+0> No matching pull request metadata found locally for current branch main
2025-02-12 19:05:10.753 [info] FolderRepositoryManager+0> Using globalState assignableUsers for 1.
2025-02-12 19:05:11.166 [info] Review+0> No matching pull request metadata found on GitHub for current branch main
2025-02-12 20:25:50.673 [info] Review+0> Validate state in progress
2025-02-12 20:25:50.673 [info] Review+0> Validating state...
2025-02-12 20:25:50.822 [info] Found GitHub remote for folder /home/juanluis/git-repositories/TFM-BigData
2025-02-12 20:25:50.823 [info] Using in-memory cached assignable users.
2025-02-12 20:25:50.870 [info] Review+0> No matching pull request metadata found locally for current branch main
2025-02-12 20:25:51.288 [info] Review+0> No matching pull request metadata found on GitHub for current branch main
2025-02-12 20:25:55.778 [info] Review+0> Validate state in progress
2025-02-12 20:25:55.778 [info] Review+0> Validating state...
2025-02-12 20:25:55.820 [info] Found GitHub remote for folder /home/juanluis/git-repositories/TFM-BigData
2025-02-12 20:25:55.820 [info] Using in-memory cached assignable users.
2025-02-12 20:25:55.843 [info] Review+0> No matching pull request metadata found locally for current branch main
2025-02-12 20:25:56.243 [info] Review+0> No matching pull request metadata found on GitHub for current branch main
