2025-02-13 18:55:49.178 [info] [AutoSync] Using settings sync service https://vscode-sync.trafficmanager.net/
2025-02-13 18:55:49.178 [info] [AutoSync] Enabled.
2025-02-13 18:55:49.178 [info] [AutoSync] Suspended until auth token is available.
2025-02-13 18:55:49.297 [info] [AutoSync] Triggered by Interval
2025-02-13 18:55:49.297 [info] Sync started.
2025-02-13 18:55:51.216 [info] Settings: No changes found during synchronizing settings.
2025-02-13 18:55:51.258 [info] Keybindings: No changes found during synchronizing keybindings.
2025-02-13 18:55:51.310 [info] Snippets: No changes found during synchronizing snippets.
2025-02-13 18:55:51.352 [info] Tasks: No changes found during synchronizing tasks.
2025-02-13 18:55:51.357 [info] GlobalState: No changes found during synchronizing ui state.
2025-02-13 18:55:51.435 [info] Extensions: No changes found during synchronizing extensions.
2025-02-13 18:55:51.436 [info] Profiles: No changes found during synchronizing profiles.
2025-02-13 18:55:51.438 [info] Sync done. Took 2141ms
2025-02-13 18:56:08.987 [info] [AutoSync] Triggered by Activity
2025-02-13 18:56:08.988 [info] Sync started.
2025-02-13 18:56:09.078 [info] Settings: No changes found during synchronizing settings.
2025-02-13 18:56:09.084 [info] Keybindings: No changes found during synchronizing keybindings.
2025-02-13 18:56:09.087 [info] Snippets: No changes found during synchronizing snippets.
2025-02-13 18:56:09.090 [info] Tasks: No changes found during synchronizing tasks.
2025-02-13 18:56:09.094 [info] GlobalState: No changes found during synchronizing ui state.
2025-02-13 18:56:09.173 [info] Extensions: No changes found during synchronizing extensions.
2025-02-13 18:56:09.176 [info] Profiles: No changes found during synchronizing profiles.
2025-02-13 18:56:09.178 [info] Sync done. Took 193ms
2025-02-13 18:56:29.856 [info] [AutoSync] Triggered by Activity
2025-02-13 18:56:29.856 [info] Sync started.
2025-02-13 18:56:29.934 [info] Settings: No changes found during synchronizing settings.
2025-02-13 18:56:29.941 [info] Keybindings: No changes found during synchronizing keybindings.
2025-02-13 18:56:29.944 [info] Snippets: No changes found during synchronizing snippets.
2025-02-13 18:56:29.946 [info] Tasks: No changes found during synchronizing tasks.
2025-02-13 18:56:29.950 [info] GlobalState: No changes found during synchronizing ui state.
2025-02-13 18:56:30.071 [info] Extensions: No changes found during synchronizing extensions.
2025-02-13 18:56:30.073 [info] Profiles: No changes found during synchronizing profiles.
2025-02-13 18:56:30.074 [info] Sync done. Took 219ms
2025-02-13 18:58:45.823 [info] [AutoSync] Triggered by Activity
2025-02-13 18:58:45.823 [info] Sync started.
2025-02-13 18:58:46.095 [info] Settings: No changes found during synchronizing settings.
2025-02-13 18:58:46.103 [info] Keybindings: No changes found during synchronizing keybindings.
2025-02-13 18:58:46.105 [info] Snippets: No changes found during synchronizing snippets.
2025-02-13 18:58:46.108 [info] Tasks: No changes found during synchronizing tasks.
2025-02-13 18:58:46.111 [info] GlobalState: No changes found during synchronizing ui state.
2025-02-13 18:58:46.220 [info] Extensions: No changes found during synchronizing extensions.
2025-02-13 18:58:46.221 [info] Profiles: No changes found during synchronizing profiles.
2025-02-13 18:58:46.223 [info] Sync done. Took 400ms
2025-02-13 18:59:03.150 [info] [AutoSync] Triggered by Activity
2025-02-13 18:59:03.150 [info] Sync started.
2025-02-13 18:59:03.234 [info] Settings: No changes found during synchronizing settings.
2025-02-13 18:59:03.239 [info] Keybindings: No changes found during synchronizing keybindings.
2025-02-13 18:59:03.242 [info] Snippets: No changes found during synchronizing snippets.
2025-02-13 18:59:03.245 [info] Tasks: No changes found during synchronizing tasks.
2025-02-13 18:59:03.249 [info] GlobalState: No changes found during synchronizing ui state.
2025-02-13 18:59:03.372 [info] Extensions: No changes found during synchronizing extensions.
2025-02-13 18:59:03.374 [info] Profiles: No changes found during synchronizing profiles.
2025-02-13 18:59:03.376 [info] Sync done. Took 226ms
2025-02-13 18:59:20.303 [info] [AutoSync] Triggered by Activity
2025-02-13 18:59:20.303 [info] Sync started.
2025-02-13 18:59:20.383 [info] Settings: No changes found during synchronizing settings.
2025-02-13 18:59:20.389 [info] Keybindings: No changes found during synchronizing keybindings.
2025-02-13 18:59:20.392 [info] Snippets: No changes found during synchronizing snippets.
2025-02-13 18:59:20.394 [info] Tasks: No changes found during synchronizing tasks.
2025-02-13 18:59:20.398 [info] GlobalState: No changes found during synchronizing ui state.
2025-02-13 18:59:20.505 [info] Extensions: No changes found during synchronizing extensions.
2025-02-13 18:59:20.509 [info] Profiles: No changes found during synchronizing profiles.
2025-02-13 18:59:20.511 [info] Sync done. Took 209ms
2025-02-13 18:59:45.520 [info] [AutoSync] Triggered by Activity
2025-02-13 18:59:45.521 [info] Sync started.
2025-02-13 18:59:45.589 [info] Settings: No changes found during synchronizing settings.
2025-02-13 18:59:45.594 [info] Keybindings: No changes found during synchronizing keybindings.
2025-02-13 18:59:45.597 [info] Snippets: No changes found during synchronizing snippets.
2025-02-13 18:59:45.599 [info] Tasks: No changes found during synchronizing tasks.
2025-02-13 18:59:45.603 [info] GlobalState: No changes found during synchronizing ui state.
2025-02-13 18:59:45.723 [info] Extensions: No changes found during synchronizing extensions.
2025-02-13 18:59:45.725 [info] Profiles: No changes found during synchronizing profiles.
2025-02-13 18:59:45.726 [info] Sync done. Took 205ms
2025-02-13 19:00:02.944 [info] [AutoSync] Triggered by Activity
2025-02-13 19:00:02.945 [info] Sync started.
2025-02-13 19:00:03.023 [info] Settings: No changes found during synchronizing settings.
2025-02-13 19:00:03.030 [info] Keybindings: No changes found during synchronizing keybindings.
2025-02-13 19:00:03.034 [info] Snippets: No changes found during synchronizing snippets.
2025-02-13 19:00:03.036 [info] Tasks: No changes found during synchronizing tasks.
2025-02-13 19:00:03.040 [info] GlobalState: No changes found during synchronizing ui state.
2025-02-13 19:00:03.139 [info] Extensions: No changes found during synchronizing extensions.
2025-02-13 19:00:03.141 [info] Profiles: No changes found during synchronizing profiles.
2025-02-13 19:00:03.143 [info] Sync done. Took 199ms
2025-02-13 19:05:03.158 [info] [AutoSync] Triggered by Interval
2025-02-13 19:05:03.158 [info] Sync started.
2025-02-13 19:05:03.444 [info] Settings: No changes found during synchronizing settings.
2025-02-13 19:05:03.493 [info] Keybindings: No changes found during synchronizing keybindings.
2025-02-13 19:05:03.496 [info] Snippets: No changes found during synchronizing snippets.
2025-02-13 19:05:03.499 [info] Tasks: No changes found during synchronizing tasks.
2025-02-13 19:05:03.504 [info] GlobalState: No changes found during synchronizing ui state.
2025-02-13 19:05:03.646 [info] Extensions: No changes found during synchronizing extensions.
2025-02-13 19:05:03.648 [info] Profiles: No changes found during synchronizing profiles.
2025-02-13 19:05:03.649 [info] Sync done. Took 491ms
2025-02-13 19:10:03.664 [info] [AutoSync] Triggered by Interval
2025-02-13 19:10:03.664 [info] Sync started.
2025-02-13 19:10:03.919 [info] Settings: No changes found during synchronizing settings.
2025-02-13 19:10:03.926 [info] Keybindings: No changes found during synchronizing keybindings.
2025-02-13 19:10:03.930 [info] Snippets: No changes found during synchronizing snippets.
2025-02-13 19:10:03.932 [info] Tasks: No changes found during synchronizing tasks.
2025-02-13 19:10:03.937 [info] GlobalState: No changes found during synchronizing ui state.
2025-02-13 19:10:04.047 [info] Extensions: No changes found during synchronizing extensions.
2025-02-13 19:10:04.048 [info] Profiles: No changes found during synchronizing profiles.
2025-02-13 19:10:04.049 [info] Sync done. Took 386ms
2025-02-13 19:14:44.109 [info] [AutoSync] Triggered by Activity
2025-02-13 19:14:44.110 [info] Sync started.
2025-02-13 19:14:44.377 [info] Settings: No changes found during synchronizing settings.
2025-02-13 19:14:44.383 [info] Keybindings: No changes found during synchronizing keybindings.
2025-02-13 19:14:44.385 [info] Snippets: No changes found during synchronizing snippets.
2025-02-13 19:14:44.388 [info] Tasks: No changes found during synchronizing tasks.
2025-02-13 19:14:44.393 [info] GlobalState: No changes found during synchronizing ui state.
2025-02-13 19:14:44.502 [info] Extensions: No changes found during synchronizing extensions.
2025-02-13 19:14:44.504 [info] Profiles: No changes found during synchronizing profiles.
2025-02-13 19:14:44.505 [info] Sync done. Took 397ms
2025-02-13 19:18:02.106 [info] [AutoSync] Triggered by Activity
2025-02-13 19:18:02.106 [info] Sync started.
2025-02-13 19:18:02.357 [info] Settings: No changes found during synchronizing settings.
2025-02-13 19:18:02.363 [info] Keybindings: No changes found during synchronizing keybindings.
2025-02-13 19:18:02.366 [info] Snippets: No changes found during synchronizing snippets.
2025-02-13 19:18:02.369 [info] Tasks: No changes found during synchronizing tasks.
2025-02-13 19:18:02.373 [info] GlobalState: No changes found during synchronizing ui state.
2025-02-13 19:18:02.474 [info] Extensions: No changes found during synchronizing extensions.
2025-02-13 19:18:02.476 [info] Profiles: No changes found during synchronizing profiles.
2025-02-13 19:18:02.477 [info] Sync done. Took 371ms
2025-02-13 19:19:17.155 [info] [AutoSync] Triggered by Activity
2025-02-13 19:19:17.155 [info] Sync started.
2025-02-13 19:19:17.234 [info] Settings: No changes found during synchronizing settings.
2025-02-13 19:19:17.239 [info] Keybindings: No changes found during synchronizing keybindings.
2025-02-13 19:19:17.242 [info] Snippets: No changes found during synchronizing snippets.
2025-02-13 19:19:17.244 [info] Tasks: No changes found during synchronizing tasks.
2025-02-13 19:19:17.248 [info] GlobalState: No changes found during synchronizing ui state.
2025-02-13 19:19:17.348 [info] Extensions: No changes found during synchronizing extensions.
2025-02-13 19:19:17.350 [info] Profiles: No changes found during synchronizing profiles.
2025-02-13 19:19:17.351 [info] Sync done. Took 197ms
2025-02-13 19:19:36.217 [info] [AutoSync] Triggered by Activity
2025-02-13 19:19:36.217 [info] Sync started.
2025-02-13 19:19:36.291 [info] Settings: No changes found during synchronizing settings.
2025-02-13 19:19:36.298 [info] Keybindings: No changes found during synchronizing keybindings.
2025-02-13 19:19:36.302 [info] Snippets: No changes found during synchronizing snippets.
2025-02-13 19:19:36.305 [info] Tasks: No changes found during synchronizing tasks.
2025-02-13 19:19:36.308 [info] GlobalState: No changes found during synchronizing ui state.
2025-02-13 19:19:36.449 [info] Extensions: No changes found during synchronizing extensions.
2025-02-13 19:19:36.450 [info] Profiles: No changes found during synchronizing profiles.
2025-02-13 19:19:36.452 [info] Sync done. Took 235ms
2025-02-13 19:19:47.313 [info] [AutoSync] Triggered by Activity
2025-02-13 19:19:47.313 [info] Sync started.
2025-02-13 19:19:47.411 [info] Settings: No changes found during synchronizing settings.
2025-02-13 19:19:47.419 [info] Keybindings: No changes found during synchronizing keybindings.
2025-02-13 19:19:47.424 [info] Snippets: No changes found during synchronizing snippets.
2025-02-13 19:19:47.429 [info] Tasks: No changes found during synchronizing tasks.
2025-02-13 19:19:47.435 [info] GlobalState: No changes found during synchronizing ui state.
2025-02-13 19:19:47.584 [info] Extensions: No changes found during synchronizing extensions.
2025-02-13 19:19:47.587 [info] Profiles: No changes found during synchronizing profiles.
2025-02-13 19:19:47.588 [info] Sync done. Took 276ms
2025-02-13 19:19:57.371 [info] [AutoSync] Triggered by Activity
2025-02-13 19:19:57.371 [info] Sync started.
2025-02-13 19:19:57.447 [info] Settings: No changes found during synchronizing settings.
2025-02-13 19:19:57.455 [info] Keybindings: No changes found during synchronizing keybindings.
2025-02-13 19:19:57.458 [info] Snippets: No changes found during synchronizing snippets.
2025-02-13 19:19:57.460 [info] Tasks: No changes found during synchronizing tasks.
2025-02-13 19:19:57.464 [info] GlobalState: No changes found during synchronizing ui state.
2025-02-13 19:19:57.557 [info] Extensions: No changes found during synchronizing extensions.
2025-02-13 19:19:57.560 [info] Profiles: No changes found during synchronizing profiles.
2025-02-13 19:19:57.561 [info] Sync done. Took 191ms
2025-02-13 19:20:07.903 [info] [AutoSync] Triggered by Activity
2025-02-13 19:20:07.903 [info] Sync started.
2025-02-13 19:20:07.980 [info] Settings: No changes found during synchronizing settings.
2025-02-13 19:20:07.986 [info] Keybindings: No changes found during synchronizing keybindings.
2025-02-13 19:20:07.989 [info] Snippets: No changes found during synchronizing snippets.
2025-02-13 19:20:07.991 [info] Tasks: No changes found during synchronizing tasks.
2025-02-13 19:20:07.995 [info] GlobalState: No changes found during synchronizing ui state.
2025-02-13 19:20:08.090 [info] Extensions: No changes found during synchronizing extensions.
2025-02-13 19:20:08.099 [info] Profiles: No changes found during synchronizing profiles.
2025-02-13 19:20:08.101 [info] Sync done. Took 198ms
2025-02-13 19:23:06.056 [info] [AutoSync] Triggered by Activity
2025-02-13 19:23:06.057 [info] Sync started.
2025-02-13 19:23:06.319 [info] Settings: No changes found during synchronizing settings.
2025-02-13 19:23:06.326 [info] Keybindings: No changes found during synchronizing keybindings.
2025-02-13 19:23:06.330 [info] Snippets: No changes found during synchronizing snippets.
2025-02-13 19:23:06.332 [info] Tasks: No changes found during synchronizing tasks.
2025-02-13 19:23:06.337 [info] GlobalState: No changes found during synchronizing ui state.
2025-02-13 19:23:06.458 [info] Extensions: No changes found during synchronizing extensions.
2025-02-13 19:23:06.461 [info] Profiles: No changes found during synchronizing profiles.
2025-02-13 19:23:06.463 [info] Sync done. Took 406ms
2025-02-13 19:23:56.369 [info] [AutoSync] Triggered by Activity
2025-02-13 19:23:56.369 [info] Sync started.
2025-02-13 19:23:56.452 [info] Settings: No changes found during synchronizing settings.
2025-02-13 19:23:56.510 [info] Keybindings: No changes found during synchronizing keybindings.
2025-02-13 19:23:56.514 [info] Snippets: No changes found during synchronizing snippets.
2025-02-13 19:23:56.517 [info] Tasks: No changes found during synchronizing tasks.
2025-02-13 19:23:56.522 [info] GlobalState: No changes found during synchronizing ui state.
2025-02-13 19:23:56.630 [info] Extensions: No changes found during synchronizing extensions.
2025-02-13 19:23:56.631 [info] Profiles: No changes found during synchronizing profiles.
2025-02-13 19:23:56.632 [info] Sync done. Took 264ms
2025-02-13 19:24:28.489 [info] [AutoSync] Triggered by Activity
2025-02-13 19:24:28.490 [info] Sync started.
2025-02-13 19:24:28.568 [info] Settings: No changes found during synchronizing settings.
2025-02-13 19:24:28.574 [info] Keybindings: No changes found during synchronizing keybindings.
2025-02-13 19:24:28.577 [info] Snippets: No changes found during synchronizing snippets.
2025-02-13 19:24:28.580 [info] Tasks: No changes found during synchronizing tasks.
2025-02-13 19:24:28.584 [info] GlobalState: No changes found during synchronizing ui state.
2025-02-13 19:24:28.709 [info] Extensions: No changes found during synchronizing extensions.
2025-02-13 19:24:28.710 [info] Profiles: No changes found during synchronizing profiles.
2025-02-13 19:24:28.711 [info] Sync done. Took 222ms
2025-02-13 19:24:41.172 [info] [AutoSync] Triggered by Activity
2025-02-13 19:24:41.172 [info] Sync started.
2025-02-13 19:24:41.257 [info] Settings: No changes found during synchronizing settings.
2025-02-13 19:24:41.262 [info] Keybindings: No changes found during synchronizing keybindings.
2025-02-13 19:24:41.265 [info] Snippets: No changes found during synchronizing snippets.
2025-02-13 19:24:41.267 [info] Tasks: No changes found during synchronizing tasks.
2025-02-13 19:24:41.271 [info] GlobalState: No changes found during synchronizing ui state.
2025-02-13 19:24:41.375 [info] Extensions: No changes found during synchronizing extensions.
2025-02-13 19:24:41.379 [info] Profiles: No changes found during synchronizing profiles.
2025-02-13 19:24:41.381 [info] Sync done. Took 209ms
2025-02-13 19:25:52.121 [info] [AutoSync] Triggered by Activity
2025-02-13 19:25:52.121 [info] Sync started.
2025-02-13 19:25:52.205 [info] Settings: No changes found during synchronizing settings.
2025-02-13 19:25:52.210 [info] Keybindings: No changes found during synchronizing keybindings.
2025-02-13 19:25:52.214 [info] Snippets: No changes found during synchronizing snippets.
2025-02-13 19:25:52.216 [info] Tasks: No changes found during synchronizing tasks.
2025-02-13 19:25:52.220 [info] GlobalState: No changes found during synchronizing ui state.
2025-02-13 19:25:52.322 [info] Extensions: No changes found during synchronizing extensions.
2025-02-13 19:25:52.324 [info] Profiles: No changes found during synchronizing profiles.
2025-02-13 19:25:52.326 [info] Sync done. Took 205ms
2025-02-13 19:26:31.955 [info] [AutoSync] Triggered by Activity
2025-02-13 19:26:31.955 [info] Sync started.
2025-02-13 19:26:32.033 [info] Settings: No changes found during synchronizing settings.
2025-02-13 19:26:32.038 [info] Keybindings: No changes found during synchronizing keybindings.
2025-02-13 19:26:32.040 [info] Snippets: No changes found during synchronizing snippets.
2025-02-13 19:26:32.042 [info] Tasks: No changes found during synchronizing tasks.
2025-02-13 19:26:32.046 [info] GlobalState: No changes found during synchronizing ui state.
2025-02-13 19:26:32.165 [info] Extensions: No changes found during synchronizing extensions.
2025-02-13 19:26:32.167 [info] Profiles: No changes found during synchronizing profiles.
2025-02-13 19:26:32.169 [info] Sync done. Took 215ms
2025-02-13 19:26:58.394 [info] [AutoSync] Triggered by Activity
2025-02-13 19:26:58.394 [info] Sync started.
2025-02-13 19:26:58.480 [info] Settings: No changes found during synchronizing settings.
2025-02-13 19:26:58.485 [info] Keybindings: No changes found during synchronizing keybindings.
2025-02-13 19:26:58.488 [info] Snippets: No changes found during synchronizing snippets.
2025-02-13 19:26:58.490 [info] Tasks: No changes found during synchronizing tasks.
2025-02-13 19:26:58.493 [info] GlobalState: No changes found during synchronizing ui state.
2025-02-13 19:26:58.595 [info] Extensions: No changes found during synchronizing extensions.
2025-02-13 19:26:58.596 [info] Profiles: No changes found during synchronizing profiles.
2025-02-13 19:26:58.597 [info] Sync done. Took 204ms
2025-02-13 19:27:31.239 [info] [AutoSync] Triggered by Activity
2025-02-13 19:27:31.240 [info] Sync started.
2025-02-13 19:27:31.319 [info] Settings: No changes found during synchronizing settings.
2025-02-13 19:27:31.325 [info] Keybindings: No changes found during synchronizing keybindings.
2025-02-13 19:27:31.328 [info] Snippets: No changes found during synchronizing snippets.
2025-02-13 19:27:31.330 [info] Tasks: No changes found during synchronizing tasks.
2025-02-13 19:27:31.335 [info] GlobalState: No changes found during synchronizing ui state.
2025-02-13 19:27:31.487 [info] Extensions: No changes found during synchronizing extensions.
2025-02-13 19:27:31.492 [info] Profiles: No changes found during synchronizing profiles.
2025-02-13 19:27:31.494 [info] Sync done. Took 255ms
2025-02-13 19:53:24.121 [info] [AutoSync] Triggered by Activity
2025-02-13 19:53:24.121 [info] Sync started.
2025-02-13 19:53:24.126 [info] Request failed https://vscode-sync.trafficmanager.net/v1/manifest
2025-02-13 19:53:24.126 [error] RequestFailed (UserDataSyncError) syncResource:unknown operationId:unknown: Connection refused for the request 'https://vscode-sync.trafficmanager.net/v1/manifest'.
    at _h.D (file:///usr/share/code/resources/app/out/vs/code/electron-utility/sharedProcess/sharedProcessMain.js:102:21961)
    at async _h.manifest (file:///usr/share/code/resources/app/out/vs/code/electron-utility/sharedProcess/sharedProcessMain.js:102:19808)
    at async vu.createSyncTask (file:///usr/share/code/resources/app/out/vs/code/electron-utility/sharedProcess/sharedProcessMain.js:102:120874)
    at async yf.I (file:///usr/share/code/resources/app/out/vs/code/electron-utility/sharedProcess/sharedProcessMain.js:109:9218)
    at async yf.H (file:///usr/share/code/resources/app/out/vs/code/electron-utility/sharedProcess/sharedProcessMain.js:109:8862)
2025-02-13 19:53:24.127 [error] RequestFailed (UserDataSyncError) syncResource:unknown operationId:unknown: Connection refused for the request 'https://vscode-sync.trafficmanager.net/v1/manifest'.
    at _h.D (file:///usr/share/code/resources/app/out/vs/code/electron-utility/sharedProcess/sharedProcessMain.js:102:21961)
    at async _h.manifest (file:///usr/share/code/resources/app/out/vs/code/electron-utility/sharedProcess/sharedProcessMain.js:102:19808)
    at async vu.createSyncTask (file:///usr/share/code/resources/app/out/vs/code/electron-utility/sharedProcess/sharedProcessMain.js:102:120874)
    at async yf.I (file:///usr/share/code/resources/app/out/vs/code/electron-utility/sharedProcess/sharedProcessMain.js:109:9218)
    at async yf.H (file:///usr/share/code/resources/app/out/vs/code/electron-utility/sharedProcess/sharedProcessMain.js:109:8862)
2025-02-13 19:58:24.176 [info] [AutoSync] Triggered by Interval
2025-02-13 19:58:24.176 [info] Sync started.
2025-02-13 19:58:24.443 [info] Settings: No changes found during synchronizing settings.
2025-02-13 19:58:24.448 [info] Keybindings: No changes found during synchronizing keybindings.
2025-02-13 19:58:24.451 [info] Snippets: No changes found during synchronizing snippets.
2025-02-13 19:58:24.453 [info] Tasks: No changes found during synchronizing tasks.
2025-02-13 19:58:24.457 [info] GlobalState: No changes found during synchronizing ui state.
2025-02-13 19:58:24.578 [info] Extensions: No changes found during synchronizing extensions.
2025-02-13 19:58:24.580 [info] Profiles: No changes found during synchronizing profiles.
2025-02-13 19:58:24.582 [info] Sync done. Took 406ms
2025-02-13 20:03:24.631 [info] [AutoSync] Triggered by Interval
2025-02-13 20:03:24.632 [info] Sync started.
2025-02-13 20:03:24.902 [info] Settings: No changes found during synchronizing settings.
2025-02-13 20:03:24.906 [info] Keybindings: No changes found during synchronizing keybindings.
2025-02-13 20:03:24.909 [info] Snippets: No changes found during synchronizing snippets.
2025-02-13 20:03:24.911 [info] Tasks: No changes found during synchronizing tasks.
2025-02-13 20:03:24.915 [info] GlobalState: No changes found during synchronizing ui state.
2025-02-13 20:03:25.020 [info] Extensions: No changes found during synchronizing extensions.
2025-02-13 20:03:25.023 [info] Profiles: No changes found during synchronizing profiles.
2025-02-13 20:03:25.025 [info] Sync done. Took 393ms
2025-02-13 20:08:25.069 [info] [AutoSync] Triggered by Interval
2025-02-13 20:08:25.070 [info] Sync started.
2025-02-13 20:08:25.325 [info] Settings: No changes found during synchronizing settings.
2025-02-13 20:08:25.331 [info] Keybindings: No changes found during synchronizing keybindings.
2025-02-13 20:08:25.334 [info] Snippets: No changes found during synchronizing snippets.
2025-02-13 20:08:25.336 [info] Tasks: No changes found during synchronizing tasks.
2025-02-13 20:08:25.340 [info] GlobalState: No changes found during synchronizing ui state.
2025-02-13 20:08:25.455 [info] Extensions: No changes found during synchronizing extensions.
2025-02-13 20:08:25.457 [info] Profiles: No changes found during synchronizing profiles.
2025-02-13 20:08:25.458 [info] Sync done. Took 388ms
