2025-02-15T17:03:05:504 [info]: fetch: Detected no proxy settings
2025-02-15T17:03:05:514 [info]: [SupportedLanguageService] Initialized. Enabling the default Code Suggestions languages: c,cpp,csharp,go,haml,handlebars,java,javascript,javascriptreact,kotlin,python,php,ruby,rust,scala,shellscript,sql,swift,typescript,typescriptreact,svelte,terraform,terragrunt,vue
2025-02-15T17:03:05:600 [info]: GitLab Language Server is starting (v7.14.1)
2025-02-15T17:03:05:601 [info]: Applying 2 endpoints to connection.
2025-02-15T17:03:05:677 [info]: [HttpServer]: server listening on http://127.0.0.1:36579/
2025-02-15T17:03:05:679 [info]: GitLab Language Server has started
2025-02-15T17:03:05:686 [info]: [VirtualFileSystemService] Emitting files for workspace file:///home/juanluis/git-repositories/TFM-BigData
2025-02-15T17:03:05:704 [info]: [RepositoryService] Clearing repositories for workspace file:///home/juanluis/git-repositories/TFM-BigData
2025-02-15T17:03:05:705 [info]: [RepositoryService] Detected repository at file:///home/juanluis/git-repositories/TFM-BigData/.git/config
2025-02-15T17:03:05:707 [info]: [RepositoryService] Detected 1 repositories for workspace file:///home/juanluis/git-repositories/TFM-BigData
2025-02-15T17:03:05:707 [info]: [RepositoryService] Adding repository file:///home/juanluis/git-repositories/TFM-BigData to workspace file:///home/juanluis/git-repositories/TFM-BigData
2025-02-15T17:03:05:707 [info]: [RepositoryService] Added 1 repositories to workspace file:///home/juanluis/git-repositories/TFM-BigData
2025-02-15T17:03:05:718 [warning]: DuoProjectAccessCache: no projects found for workspace folder file:///home/juanluis/git-repositories/TFM-BigData
2025-02-15T17:03:05:751 [info]: [File Policy] .ai-context-policy.yml file was not found, using default policy
2025-02-15T17:03:05:751 [info]: [File Policy] Using the config: {"ai_context_policy":"allow","exclude":[]}
2025-02-15T17:03:07:008 [info]: [VirtualFileSystemService] Registering watchers
2025-02-15T17:40:02:835 [error]: [RepositoryService] Error handling file update file:///home/juanluis/git-repositories/TFM-BigData/apuntes/build/ApuntesLennard.synctex%28busy%29
    Error: ENOENT: no such file or directory, lstat '/home/juanluis/git-repositories/TFM-BigData/apuntes/build/ApuntesLennard.synctex(busy)'
2025-02-15T17:43:26:028 [error]: [RepositoryService] Error handling file update file:///home/juanluis/git-repositories/TFM-BigData/apuntes/build/ApuntesLennard.synctex%28busy%29
    Error: ENOENT: no such file or directory, lstat '/home/juanluis/git-repositories/TFM-BigData/apuntes/build/ApuntesLennard.synctex(busy)'
