2025-02-13 18:55:46.658 [warning] Via 'product.json#extensionEnabledApiProposals' extension 'ms-vscode.vscode-selfhost-test-provider' wants API proposal 'attributableCoverage' but that proposal DOES NOT EXIST. Likely, the proposal has been finalized (check 'vscode.d.ts') or was abandoned.
2025-02-13 18:55:46.658 [warning] Via 'product.json#extensionEnabledApiProposals' extension 'ms-python.python' wants API proposal 'contribIssueReporter' but that proposal DOES NOT EXIST. Likely, the proposal has been finalized (check 'vscode.d.ts') or was abandoned.
2025-02-13 18:55:46.658 [warning] Via 'product.json#extensionEnabledApiProposals' extension 'ms-python.debugpy' wants API proposal 'contribIssueReporter' but that proposal DOES NOT EXIST. Likely, the proposal has been finalized (check 'vscode.d.ts') or was abandoned.
2025-02-13 18:55:46.658 [warning] Via 'product.json#extensionEnabledApiProposals' extension 'redhat.java' wants API proposal 'documentPaste' but that proposal DOES NOT EXIST. Likely, the proposal has been finalized (check 'vscode.d.ts') or was abandoned.
2025-02-13 18:55:47.133 [info] Started local extension host with pid 13270.
2025-02-13 18:55:47.592 [warning] [REditorSupport.r]: Cannot register 'r.rpath.windows'. This property is already registered.
2025-02-13 18:55:47.592 [warning] [REditorSupport.r]: Cannot register 'r.rpath.mac'. This property is already registered.
2025-02-13 18:55:47.592 [warning] [REditorSupport.r]: Cannot register 'r.rpath.linux'. This property is already registered.
2025-02-13 18:55:49.279 [info] Settings Sync: Token updated for the account juanluserra
2025-02-13 18:55:49.311 [info] Settings Sync: Account status changed from uninitialized to available
2025-02-13 18:55:49.691 [warning] Authentication provider sqltools-driver-credentials was not declared in the Extension Manifest.
2025-02-13 18:55:51.857 [info] [perf] Render performance baseline is 35ms
2025-02-13 18:55:54.126 [warning] Authentication provider gitlab was not declared in the Extension Manifest.
2025-02-13 18:55:57.305 [error] Illegal value for lineNumber: Error: Illegal value for lineNumber
    at bf.getLineMaxColumn (vscode-file://vscode-app/usr/share/code/resources/app/out/vs/workbench/workbench.desktop.main.js:252:112)
    at ka.getBottomForLineNumber (vscode-file://vscode-app/usr/share/code/resources/app/out/vs/workbench/workbench.desktop.main.js:261:1594)
    at Q0.findScrollWidgetState (vscode-file://vscode-app/usr/share/code/resources/app/out/vs/workbench/workbench.desktop.main.js:452:33539)
    at Q0.fb (vscode-file://vscode-app/usr/share/code/resources/app/out/vs/workbench/workbench.desktop.main.js:452:32821)
    at async Q0.db (vscode-file://vscode-app/usr/share/code/resources/app/out/vs/workbench/workbench.desktop.main.js:452:32307)
2025-02-13 18:56:03.279 [error] Illegal value for lineNumber: Error: Illegal value for lineNumber
    at bf.getLineMaxColumn (vscode-file://vscode-app/usr/share/code/resources/app/out/vs/workbench/workbench.desktop.main.js:252:112)
    at ka.getBottomForLineNumber (vscode-file://vscode-app/usr/share/code/resources/app/out/vs/workbench/workbench.desktop.main.js:261:1594)
    at Q0.findScrollWidgetState (vscode-file://vscode-app/usr/share/code/resources/app/out/vs/workbench/workbench.desktop.main.js:452:33539)
    at Q0.fb (vscode-file://vscode-app/usr/share/code/resources/app/out/vs/workbench/workbench.desktop.main.js:452:32821)
    at async Q0.db (vscode-file://vscode-app/usr/share/code/resources/app/out/vs/workbench/workbench.desktop.main.js:452:32307)
2025-02-13 18:56:05.796 [error] Illegal value for lineNumber: Error: Illegal value for lineNumber
    at bf.getLineMaxColumn (vscode-file://vscode-app/usr/share/code/resources/app/out/vs/workbench/workbench.desktop.main.js:252:112)
    at ka.getBottomForLineNumber (vscode-file://vscode-app/usr/share/code/resources/app/out/vs/workbench/workbench.desktop.main.js:261:1594)
    at Q0.findScrollWidgetState (vscode-file://vscode-app/usr/share/code/resources/app/out/vs/workbench/workbench.desktop.main.js:452:33539)
    at Q0.fb (vscode-file://vscode-app/usr/share/code/resources/app/out/vs/workbench/workbench.desktop.main.js:452:32821)
    at async Q0.db (vscode-file://vscode-app/usr/share/code/resources/app/out/vs/workbench/workbench.desktop.main.js:452:32307)
2025-02-13 18:57:31.448 [error] Illegal value for lineNumber: Error: Illegal value for lineNumber
    at bf.getLineMaxColumn (vscode-file://vscode-app/usr/share/code/resources/app/out/vs/workbench/workbench.desktop.main.js:252:112)
    at ka.getBottomForLineNumber (vscode-file://vscode-app/usr/share/code/resources/app/out/vs/workbench/workbench.desktop.main.js:261:1594)
    at Q0.findScrollWidgetState (vscode-file://vscode-app/usr/share/code/resources/app/out/vs/workbench/workbench.desktop.main.js:452:33539)
    at Q0.fb (vscode-file://vscode-app/usr/share/code/resources/app/out/vs/workbench/workbench.desktop.main.js:452:32821)
    at async Q0.db (vscode-file://vscode-app/usr/share/code/resources/app/out/vs/workbench/workbench.desktop.main.js:452:32307)
2025-02-13 18:57:33.574 [error] Illegal value for lineNumber: Error: Illegal value for lineNumber
    at bf.getLineMaxColumn (vscode-file://vscode-app/usr/share/code/resources/app/out/vs/workbench/workbench.desktop.main.js:252:112)
    at ka.getBottomForLineNumber (vscode-file://vscode-app/usr/share/code/resources/app/out/vs/workbench/workbench.desktop.main.js:261:1594)
    at Q0.findScrollWidgetState (vscode-file://vscode-app/usr/share/code/resources/app/out/vs/workbench/workbench.desktop.main.js:452:33539)
    at Q0.fb (vscode-file://vscode-app/usr/share/code/resources/app/out/vs/workbench/workbench.desktop.main.js:452:32821)
    at async Q0.db (vscode-file://vscode-app/usr/share/code/resources/app/out/vs/workbench/workbench.desktop.main.js:452:32307)
2025-02-13 18:58:11.813 [error] Illegal value for lineNumber: Error: Illegal value for lineNumber
    at bf.getLineMaxColumn (vscode-file://vscode-app/usr/share/code/resources/app/out/vs/workbench/workbench.desktop.main.js:252:112)
    at ka.getBottomForLineNumber (vscode-file://vscode-app/usr/share/code/resources/app/out/vs/workbench/workbench.desktop.main.js:261:1594)
    at Q0.findScrollWidgetState (vscode-file://vscode-app/usr/share/code/resources/app/out/vs/workbench/workbench.desktop.main.js:452:33539)
    at Q0.fb (vscode-file://vscode-app/usr/share/code/resources/app/out/vs/workbench/workbench.desktop.main.js:452:32821)
    at async Q0.db (vscode-file://vscode-app/usr/share/code/resources/app/out/vs/workbench/workbench.desktop.main.js:452:32307)
2025-02-13 18:58:13.620 [error] Illegal value for lineNumber: Error: Illegal value for lineNumber
    at bf.getLineMaxColumn (vscode-file://vscode-app/usr/share/code/resources/app/out/vs/workbench/workbench.desktop.main.js:252:112)
    at ka.getBottomForLineNumber (vscode-file://vscode-app/usr/share/code/resources/app/out/vs/workbench/workbench.desktop.main.js:261:1594)
    at Q0.findScrollWidgetState (vscode-file://vscode-app/usr/share/code/resources/app/out/vs/workbench/workbench.desktop.main.js:452:33539)
    at Q0.fb (vscode-file://vscode-app/usr/share/code/resources/app/out/vs/workbench/workbench.desktop.main.js:452:32821)
    at async Q0.db (vscode-file://vscode-app/usr/share/code/resources/app/out/vs/workbench/workbench.desktop.main.js:452:32307)
2025-02-13 18:58:16.291 [error] Illegal value for lineNumber: Error: Illegal value for lineNumber
    at bf.getLineMaxColumn (vscode-file://vscode-app/usr/share/code/resources/app/out/vs/workbench/workbench.desktop.main.js:252:112)
    at ka.getBottomForLineNumber (vscode-file://vscode-app/usr/share/code/resources/app/out/vs/workbench/workbench.desktop.main.js:261:1594)
    at Q0.findScrollWidgetState (vscode-file://vscode-app/usr/share/code/resources/app/out/vs/workbench/workbench.desktop.main.js:452:33539)
    at Q0.fb (vscode-file://vscode-app/usr/share/code/resources/app/out/vs/workbench/workbench.desktop.main.js:452:32821)
    at async Q0.db (vscode-file://vscode-app/usr/share/code/resources/app/out/vs/workbench/workbench.desktop.main.js:452:32307)
2025-02-13 18:58:23.284 [error] Illegal value for lineNumber: Error: Illegal value for lineNumber
    at bf.getLineMaxColumn (vscode-file://vscode-app/usr/share/code/resources/app/out/vs/workbench/workbench.desktop.main.js:252:112)
    at ka.getBottomForLineNumber (vscode-file://vscode-app/usr/share/code/resources/app/out/vs/workbench/workbench.desktop.main.js:261:1594)
    at Q0.findScrollWidgetState (vscode-file://vscode-app/usr/share/code/resources/app/out/vs/workbench/workbench.desktop.main.js:452:33539)
    at Q0.fb (vscode-file://vscode-app/usr/share/code/resources/app/out/vs/workbench/workbench.desktop.main.js:452:32821)
    at async Q0.db (vscode-file://vscode-app/usr/share/code/resources/app/out/vs/workbench/workbench.desktop.main.js:452:32307)
2025-02-13 18:58:25.121 [error] Illegal value for lineNumber: Error: Illegal value for lineNumber
    at bf.getLineMaxColumn (vscode-file://vscode-app/usr/share/code/resources/app/out/vs/workbench/workbench.desktop.main.js:252:112)
    at ka.getBottomForLineNumber (vscode-file://vscode-app/usr/share/code/resources/app/out/vs/workbench/workbench.desktop.main.js:261:1594)
    at Q0.findScrollWidgetState (vscode-file://vscode-app/usr/share/code/resources/app/out/vs/workbench/workbench.desktop.main.js:452:33539)
    at Q0.fb (vscode-file://vscode-app/usr/share/code/resources/app/out/vs/workbench/workbench.desktop.main.js:452:32821)
    at async Q0.db (vscode-file://vscode-app/usr/share/code/resources/app/out/vs/workbench/workbench.desktop.main.js:452:32307)
2025-02-13 18:58:26.411 [error] Illegal value for lineNumber: Error: Illegal value for lineNumber
    at bf.getLineMaxColumn (vscode-file://vscode-app/usr/share/code/resources/app/out/vs/workbench/workbench.desktop.main.js:252:112)
    at ka.getBottomForLineNumber (vscode-file://vscode-app/usr/share/code/resources/app/out/vs/workbench/workbench.desktop.main.js:261:1594)
    at Q0.findScrollWidgetState (vscode-file://vscode-app/usr/share/code/resources/app/out/vs/workbench/workbench.desktop.main.js:452:33539)
    at Q0.fb (vscode-file://vscode-app/usr/share/code/resources/app/out/vs/workbench/workbench.desktop.main.js:452:32821)
    at async Q0.db (vscode-file://vscode-app/usr/share/code/resources/app/out/vs/workbench/workbench.desktop.main.js:452:32307)
2025-02-13 18:58:32.833 [error] Illegal value for lineNumber: Error: Illegal value for lineNumber
    at bf.getLineMaxColumn (vscode-file://vscode-app/usr/share/code/resources/app/out/vs/workbench/workbench.desktop.main.js:252:112)
    at ka.getBottomForLineNumber (vscode-file://vscode-app/usr/share/code/resources/app/out/vs/workbench/workbench.desktop.main.js:261:1594)
    at Q0.findScrollWidgetState (vscode-file://vscode-app/usr/share/code/resources/app/out/vs/workbench/workbench.desktop.main.js:452:33539)
    at Q0.fb (vscode-file://vscode-app/usr/share/code/resources/app/out/vs/workbench/workbench.desktop.main.js:452:32821)
    at async Q0.db (vscode-file://vscode-app/usr/share/code/resources/app/out/vs/workbench/workbench.desktop.main.js:452:32307)
2025-02-13 18:58:35.615 [error] Illegal value for lineNumber: Error: Illegal value for lineNumber
    at bf.getLineMaxColumn (vscode-file://vscode-app/usr/share/code/resources/app/out/vs/workbench/workbench.desktop.main.js:252:112)
    at ka.getBottomForLineNumber (vscode-file://vscode-app/usr/share/code/resources/app/out/vs/workbench/workbench.desktop.main.js:261:1594)
    at Q0.findScrollWidgetState (vscode-file://vscode-app/usr/share/code/resources/app/out/vs/workbench/workbench.desktop.main.js:452:33539)
    at Q0.fb (vscode-file://vscode-app/usr/share/code/resources/app/out/vs/workbench/workbench.desktop.main.js:452:32821)
    at async Q0.db (vscode-file://vscode-app/usr/share/code/resources/app/out/vs/workbench/workbench.desktop.main.js:452:32307)
2025-02-13 19:00:02.827 [error] Illegal value for lineNumber: Error: Illegal value for lineNumber
    at bf.getLineMaxColumn (vscode-file://vscode-app/usr/share/code/resources/app/out/vs/workbench/workbench.desktop.main.js:252:112)
    at ka.getBottomForLineNumber (vscode-file://vscode-app/usr/share/code/resources/app/out/vs/workbench/workbench.desktop.main.js:261:1594)
    at Q0.findScrollWidgetState (vscode-file://vscode-app/usr/share/code/resources/app/out/vs/workbench/workbench.desktop.main.js:452:33539)
    at Q0.fb (vscode-file://vscode-app/usr/share/code/resources/app/out/vs/workbench/workbench.desktop.main.js:452:32821)
    at async Q0.db (vscode-file://vscode-app/usr/share/code/resources/app/out/vs/workbench/workbench.desktop.main.js:452:32307)
2025-02-13 19:00:04.816 [error] Illegal value for lineNumber: Error: Illegal value for lineNumber
    at bf.getLineMaxColumn (vscode-file://vscode-app/usr/share/code/resources/app/out/vs/workbench/workbench.desktop.main.js:252:112)
    at ka.getBottomForLineNumber (vscode-file://vscode-app/usr/share/code/resources/app/out/vs/workbench/workbench.desktop.main.js:261:1594)
    at Q0.findScrollWidgetState (vscode-file://vscode-app/usr/share/code/resources/app/out/vs/workbench/workbench.desktop.main.js:452:33539)
    at Q0.fb (vscode-file://vscode-app/usr/share/code/resources/app/out/vs/workbench/workbench.desktop.main.js:452:32821)
    at async Q0.db (vscode-file://vscode-app/usr/share/code/resources/app/out/vs/workbench/workbench.desktop.main.js:452:32307)
2025-02-13 19:00:10.325 [error] Illegal value for lineNumber: Error: Illegal value for lineNumber
    at bf.getLineMaxColumn (vscode-file://vscode-app/usr/share/code/resources/app/out/vs/workbench/workbench.desktop.main.js:252:112)
    at ka.getBottomForLineNumber (vscode-file://vscode-app/usr/share/code/resources/app/out/vs/workbench/workbench.desktop.main.js:261:1594)
    at Q0.findScrollWidgetState (vscode-file://vscode-app/usr/share/code/resources/app/out/vs/workbench/workbench.desktop.main.js:452:33539)
    at Q0.fb (vscode-file://vscode-app/usr/share/code/resources/app/out/vs/workbench/workbench.desktop.main.js:452:32821)
    at async Q0.db (vscode-file://vscode-app/usr/share/code/resources/app/out/vs/workbench/workbench.desktop.main.js:452:32307)
2025-02-13 19:00:11.812 [error] Illegal value for lineNumber: Error: Illegal value for lineNumber
    at bf.getLineMaxColumn (vscode-file://vscode-app/usr/share/code/resources/app/out/vs/workbench/workbench.desktop.main.js:252:112)
    at ka.getBottomForLineNumber (vscode-file://vscode-app/usr/share/code/resources/app/out/vs/workbench/workbench.desktop.main.js:261:1594)
    at Q0.findScrollWidgetState (vscode-file://vscode-app/usr/share/code/resources/app/out/vs/workbench/workbench.desktop.main.js:452:33539)
    at Q0.fb (vscode-file://vscode-app/usr/share/code/resources/app/out/vs/workbench/workbench.desktop.main.js:452:32821)
    at async Q0.db (vscode-file://vscode-app/usr/share/code/resources/app/out/vs/workbench/workbench.desktop.main.js:452:32307)
2025-02-13 19:00:24.777 [error] Illegal value for lineNumber: Error: Illegal value for lineNumber
    at bf.getLineMaxColumn (vscode-file://vscode-app/usr/share/code/resources/app/out/vs/workbench/workbench.desktop.main.js:252:112)
    at ka.getBottomForLineNumber (vscode-file://vscode-app/usr/share/code/resources/app/out/vs/workbench/workbench.desktop.main.js:261:1594)
    at Q0.findScrollWidgetState (vscode-file://vscode-app/usr/share/code/resources/app/out/vs/workbench/workbench.desktop.main.js:452:33539)
    at Q0.fb (vscode-file://vscode-app/usr/share/code/resources/app/out/vs/workbench/workbench.desktop.main.js:452:32821)
    at async Q0.db (vscode-file://vscode-app/usr/share/code/resources/app/out/vs/workbench/workbench.desktop.main.js:452:32307)
2025-02-13 19:15:04.944 [error] Illegal value for lineNumber: Error: Illegal value for lineNumber
    at bf.getLineMaxColumn (vscode-file://vscode-app/usr/share/code/resources/app/out/vs/workbench/workbench.desktop.main.js:252:112)
    at ka.getBottomForLineNumber (vscode-file://vscode-app/usr/share/code/resources/app/out/vs/workbench/workbench.desktop.main.js:261:1594)
    at Q0.findScrollWidgetState (vscode-file://vscode-app/usr/share/code/resources/app/out/vs/workbench/workbench.desktop.main.js:452:33539)
    at Q0.fb (vscode-file://vscode-app/usr/share/code/resources/app/out/vs/workbench/workbench.desktop.main.js:452:32821)
    at async Q0.db (vscode-file://vscode-app/usr/share/code/resources/app/out/vs/workbench/workbench.desktop.main.js:452:32307)
2025-02-13 19:15:06.252 [error] Illegal value for lineNumber: Error: Illegal value for lineNumber
    at bf.getLineMaxColumn (vscode-file://vscode-app/usr/share/code/resources/app/out/vs/workbench/workbench.desktop.main.js:252:112)
    at ka.getBottomForLineNumber (vscode-file://vscode-app/usr/share/code/resources/app/out/vs/workbench/workbench.desktop.main.js:261:1594)
    at Q0.findScrollWidgetState (vscode-file://vscode-app/usr/share/code/resources/app/out/vs/workbench/workbench.desktop.main.js:452:33539)
    at Q0.fb (vscode-file://vscode-app/usr/share/code/resources/app/out/vs/workbench/workbench.desktop.main.js:452:32821)
    at async Q0.db (vscode-file://vscode-app/usr/share/code/resources/app/out/vs/workbench/workbench.desktop.main.js:452:32307)
2025-02-13 19:18:05.278 [error] Illegal value for lineNumber: Error: Illegal value for lineNumber
    at bf.getLineMaxColumn (vscode-file://vscode-app/usr/share/code/resources/app/out/vs/workbench/workbench.desktop.main.js:252:112)
    at ka.getBottomForLineNumber (vscode-file://vscode-app/usr/share/code/resources/app/out/vs/workbench/workbench.desktop.main.js:261:1594)
    at Q0.findScrollWidgetState (vscode-file://vscode-app/usr/share/code/resources/app/out/vs/workbench/workbench.desktop.main.js:452:33539)
    at Q0.fb (vscode-file://vscode-app/usr/share/code/resources/app/out/vs/workbench/workbench.desktop.main.js:452:32821)
    at async Q0.db (vscode-file://vscode-app/usr/share/code/resources/app/out/vs/workbench/workbench.desktop.main.js:452:32307)
2025-02-13 19:18:07.258 [error] Illegal value for lineNumber: Error: Illegal value for lineNumber
    at bf.getLineMaxColumn (vscode-file://vscode-app/usr/share/code/resources/app/out/vs/workbench/workbench.desktop.main.js:252:112)
    at ka.getBottomForLineNumber (vscode-file://vscode-app/usr/share/code/resources/app/out/vs/workbench/workbench.desktop.main.js:261:1594)
    at Q0.findScrollWidgetState (vscode-file://vscode-app/usr/share/code/resources/app/out/vs/workbench/workbench.desktop.main.js:452:33539)
    at Q0.fb (vscode-file://vscode-app/usr/share/code/resources/app/out/vs/workbench/workbench.desktop.main.js:452:32821)
    at async Q0.db (vscode-file://vscode-app/usr/share/code/resources/app/out/vs/workbench/workbench.desktop.main.js:452:32307)
2025-02-13 19:18:10.746 [error] Illegal value for lineNumber: Error: Illegal value for lineNumber
    at bf.getLineMaxColumn (vscode-file://vscode-app/usr/share/code/resources/app/out/vs/workbench/workbench.desktop.main.js:252:112)
    at ka.getBottomForLineNumber (vscode-file://vscode-app/usr/share/code/resources/app/out/vs/workbench/workbench.desktop.main.js:261:1594)
    at Q0.findScrollWidgetState (vscode-file://vscode-app/usr/share/code/resources/app/out/vs/workbench/workbench.desktop.main.js:452:33539)
    at Q0.fb (vscode-file://vscode-app/usr/share/code/resources/app/out/vs/workbench/workbench.desktop.main.js:452:32821)
    at async Q0.db (vscode-file://vscode-app/usr/share/code/resources/app/out/vs/workbench/workbench.desktop.main.js:452:32307)
2025-02-13 19:18:15.245 [error] Illegal value for lineNumber: Error: Illegal value for lineNumber
    at bf.getLineMaxColumn (vscode-file://vscode-app/usr/share/code/resources/app/out/vs/workbench/workbench.desktop.main.js:252:112)
    at ka.getBottomForLineNumber (vscode-file://vscode-app/usr/share/code/resources/app/out/vs/workbench/workbench.desktop.main.js:261:1594)
    at Q0.findScrollWidgetState (vscode-file://vscode-app/usr/share/code/resources/app/out/vs/workbench/workbench.desktop.main.js:452:33539)
    at Q0.fb (vscode-file://vscode-app/usr/share/code/resources/app/out/vs/workbench/workbench.desktop.main.js:452:32821)
    at async Q0.db (vscode-file://vscode-app/usr/share/code/resources/app/out/vs/workbench/workbench.desktop.main.js:452:32307)
2025-02-13 19:18:21.364 [error] Illegal value for lineNumber: Error: Illegal value for lineNumber
    at bf.getLineMaxColumn (vscode-file://vscode-app/usr/share/code/resources/app/out/vs/workbench/workbench.desktop.main.js:252:112)
    at ka.getBottomForLineNumber (vscode-file://vscode-app/usr/share/code/resources/app/out/vs/workbench/workbench.desktop.main.js:261:1594)
    at Q0.findScrollWidgetState (vscode-file://vscode-app/usr/share/code/resources/app/out/vs/workbench/workbench.desktop.main.js:452:33539)
    at Q0.fb (vscode-file://vscode-app/usr/share/code/resources/app/out/vs/workbench/workbench.desktop.main.js:452:32821)
    at async Q0.db (vscode-file://vscode-app/usr/share/code/resources/app/out/vs/workbench/workbench.desktop.main.js:452:32307)
2025-02-13 19:18:23.686 [error] Illegal value for lineNumber: Error: Illegal value for lineNumber
    at bf.getLineMaxColumn (vscode-file://vscode-app/usr/share/code/resources/app/out/vs/workbench/workbench.desktop.main.js:252:112)
    at ka.getBottomForLineNumber (vscode-file://vscode-app/usr/share/code/resources/app/out/vs/workbench/workbench.desktop.main.js:261:1594)
    at Q0.findScrollWidgetState (vscode-file://vscode-app/usr/share/code/resources/app/out/vs/workbench/workbench.desktop.main.js:452:33539)
    at Q0.fb (vscode-file://vscode-app/usr/share/code/resources/app/out/vs/workbench/workbench.desktop.main.js:452:32821)
    at async Q0.db (vscode-file://vscode-app/usr/share/code/resources/app/out/vs/workbench/workbench.desktop.main.js:452:32307)
2025-02-13 19:18:25.433 [error] Illegal value for lineNumber: Error: Illegal value for lineNumber
    at bf.getLineMaxColumn (vscode-file://vscode-app/usr/share/code/resources/app/out/vs/workbench/workbench.desktop.main.js:252:112)
    at ka.getBottomForLineNumber (vscode-file://vscode-app/usr/share/code/resources/app/out/vs/workbench/workbench.desktop.main.js:261:1594)
    at Q0.findScrollWidgetState (vscode-file://vscode-app/usr/share/code/resources/app/out/vs/workbench/workbench.desktop.main.js:452:33539)
    at Q0.fb (vscode-file://vscode-app/usr/share/code/resources/app/out/vs/workbench/workbench.desktop.main.js:452:32821)
    at async Q0.db (vscode-file://vscode-app/usr/share/code/resources/app/out/vs/workbench/workbench.desktop.main.js:452:32307)
2025-02-13 19:18:26.517 [error] Illegal value for lineNumber: Error: Illegal value for lineNumber
    at bf.getLineMaxColumn (vscode-file://vscode-app/usr/share/code/resources/app/out/vs/workbench/workbench.desktop.main.js:252:112)
    at ka.getBottomForLineNumber (vscode-file://vscode-app/usr/share/code/resources/app/out/vs/workbench/workbench.desktop.main.js:261:1594)
    at Q0.findScrollWidgetState (vscode-file://vscode-app/usr/share/code/resources/app/out/vs/workbench/workbench.desktop.main.js:452:33539)
    at Q0.fb (vscode-file://vscode-app/usr/share/code/resources/app/out/vs/workbench/workbench.desktop.main.js:452:32821)
    at async Q0.db (vscode-file://vscode-app/usr/share/code/resources/app/out/vs/workbench/workbench.desktop.main.js:452:32307)
2025-02-13 19:18:32.202 [error] Illegal value for lineNumber: Error: Illegal value for lineNumber
    at bf.getLineMaxColumn (vscode-file://vscode-app/usr/share/code/resources/app/out/vs/workbench/workbench.desktop.main.js:252:112)
    at ka.getBottomForLineNumber (vscode-file://vscode-app/usr/share/code/resources/app/out/vs/workbench/workbench.desktop.main.js:261:1594)
    at Q0.findScrollWidgetState (vscode-file://vscode-app/usr/share/code/resources/app/out/vs/workbench/workbench.desktop.main.js:452:33539)
    at Q0.fb (vscode-file://vscode-app/usr/share/code/resources/app/out/vs/workbench/workbench.desktop.main.js:452:32821)
    at async Q0.db (vscode-file://vscode-app/usr/share/code/resources/app/out/vs/workbench/workbench.desktop.main.js:452:32307)
2025-02-13 19:18:39.114 [error] Illegal value for lineNumber: Error: Illegal value for lineNumber
    at bf.getLineMaxColumn (vscode-file://vscode-app/usr/share/code/resources/app/out/vs/workbench/workbench.desktop.main.js:252:112)
    at ka.getBottomForLineNumber (vscode-file://vscode-app/usr/share/code/resources/app/out/vs/workbench/workbench.desktop.main.js:261:1594)
    at Q0.findScrollWidgetState (vscode-file://vscode-app/usr/share/code/resources/app/out/vs/workbench/workbench.desktop.main.js:452:33539)
    at Q0.fb (vscode-file://vscode-app/usr/share/code/resources/app/out/vs/workbench/workbench.desktop.main.js:452:32821)
    at async Q0.db (vscode-file://vscode-app/usr/share/code/resources/app/out/vs/workbench/workbench.desktop.main.js:452:32307)
2025-02-13 19:18:41.413 [error] Illegal value for lineNumber: Error: Illegal value for lineNumber
    at bf.getLineMaxColumn (vscode-file://vscode-app/usr/share/code/resources/app/out/vs/workbench/workbench.desktop.main.js:252:112)
    at ka.getBottomForLineNumber (vscode-file://vscode-app/usr/share/code/resources/app/out/vs/workbench/workbench.desktop.main.js:261:1594)
    at Q0.findScrollWidgetState (vscode-file://vscode-app/usr/share/code/resources/app/out/vs/workbench/workbench.desktop.main.js:452:33539)
    at Q0.fb (vscode-file://vscode-app/usr/share/code/resources/app/out/vs/workbench/workbench.desktop.main.js:452:32821)
    at async Q0.db (vscode-file://vscode-app/usr/share/code/resources/app/out/vs/workbench/workbench.desktop.main.js:452:32307)
2025-02-13 19:18:44.068 [error] Illegal value for lineNumber: Error: Illegal value for lineNumber
    at bf.getLineMaxColumn (vscode-file://vscode-app/usr/share/code/resources/app/out/vs/workbench/workbench.desktop.main.js:252:112)
    at ka.getBottomForLineNumber (vscode-file://vscode-app/usr/share/code/resources/app/out/vs/workbench/workbench.desktop.main.js:261:1594)
    at Q0.findScrollWidgetState (vscode-file://vscode-app/usr/share/code/resources/app/out/vs/workbench/workbench.desktop.main.js:452:33539)
    at Q0.fb (vscode-file://vscode-app/usr/share/code/resources/app/out/vs/workbench/workbench.desktop.main.js:452:32821)
    at async Q0.db (vscode-file://vscode-app/usr/share/code/resources/app/out/vs/workbench/workbench.desktop.main.js:452:32307)
2025-02-13 19:18:48.029 [error] Illegal value for lineNumber: Error: Illegal value for lineNumber
    at bf.getLineMaxColumn (vscode-file://vscode-app/usr/share/code/resources/app/out/vs/workbench/workbench.desktop.main.js:252:112)
    at ka.getBottomForLineNumber (vscode-file://vscode-app/usr/share/code/resources/app/out/vs/workbench/workbench.desktop.main.js:261:1594)
    at Q0.findScrollWidgetState (vscode-file://vscode-app/usr/share/code/resources/app/out/vs/workbench/workbench.desktop.main.js:452:33539)
    at Q0.fb (vscode-file://vscode-app/usr/share/code/resources/app/out/vs/workbench/workbench.desktop.main.js:452:32821)
    at async Q0.db (vscode-file://vscode-app/usr/share/code/resources/app/out/vs/workbench/workbench.desktop.main.js:452:32307)
2025-02-13 19:18:49.098 [error] Illegal value for lineNumber: Error: Illegal value for lineNumber
    at bf.getLineMaxColumn (vscode-file://vscode-app/usr/share/code/resources/app/out/vs/workbench/workbench.desktop.main.js:252:112)
    at ka.getBottomForLineNumber (vscode-file://vscode-app/usr/share/code/resources/app/out/vs/workbench/workbench.desktop.main.js:261:1594)
    at Q0.findScrollWidgetState (vscode-file://vscode-app/usr/share/code/resources/app/out/vs/workbench/workbench.desktop.main.js:452:33539)
    at Q0.fb (vscode-file://vscode-app/usr/share/code/resources/app/out/vs/workbench/workbench.desktop.main.js:452:32821)
    at async Q0.db (vscode-file://vscode-app/usr/share/code/resources/app/out/vs/workbench/workbench.desktop.main.js:452:32307)
2025-02-13 19:18:50.624 [error] Illegal value for lineNumber: Error: Illegal value for lineNumber
    at bf.getLineMaxColumn (vscode-file://vscode-app/usr/share/code/resources/app/out/vs/workbench/workbench.desktop.main.js:252:112)
    at ka.getBottomForLineNumber (vscode-file://vscode-app/usr/share/code/resources/app/out/vs/workbench/workbench.desktop.main.js:261:1594)
    at Q0.findScrollWidgetState (vscode-file://vscode-app/usr/share/code/resources/app/out/vs/workbench/workbench.desktop.main.js:452:33539)
    at Q0.fb (vscode-file://vscode-app/usr/share/code/resources/app/out/vs/workbench/workbench.desktop.main.js:452:32821)
    at async Q0.db (vscode-file://vscode-app/usr/share/code/resources/app/out/vs/workbench/workbench.desktop.main.js:452:32307)
2025-02-13 19:18:55.967 [error] Illegal value for lineNumber: Error: Illegal value for lineNumber
    at bf.getLineMaxColumn (vscode-file://vscode-app/usr/share/code/resources/app/out/vs/workbench/workbench.desktop.main.js:252:112)
    at ka.getBottomForLineNumber (vscode-file://vscode-app/usr/share/code/resources/app/out/vs/workbench/workbench.desktop.main.js:261:1594)
    at Q0.findScrollWidgetState (vscode-file://vscode-app/usr/share/code/resources/app/out/vs/workbench/workbench.desktop.main.js:452:33539)
    at Q0.fb (vscode-file://vscode-app/usr/share/code/resources/app/out/vs/workbench/workbench.desktop.main.js:452:32821)
    at async Q0.db (vscode-file://vscode-app/usr/share/code/resources/app/out/vs/workbench/workbench.desktop.main.js:452:32307)
2025-02-13 19:18:58.616 [error] Illegal value for lineNumber: Error: Illegal value for lineNumber
    at bf.getLineMaxColumn (vscode-file://vscode-app/usr/share/code/resources/app/out/vs/workbench/workbench.desktop.main.js:252:112)
    at ka.getBottomForLineNumber (vscode-file://vscode-app/usr/share/code/resources/app/out/vs/workbench/workbench.desktop.main.js:261:1594)
    at Q0.findScrollWidgetState (vscode-file://vscode-app/usr/share/code/resources/app/out/vs/workbench/workbench.desktop.main.js:452:33539)
    at Q0.fb (vscode-file://vscode-app/usr/share/code/resources/app/out/vs/workbench/workbench.desktop.main.js:452:32821)
    at async Q0.db (vscode-file://vscode-app/usr/share/code/resources/app/out/vs/workbench/workbench.desktop.main.js:452:32307)
2025-02-13 19:19:19.403 [error] Illegal value for lineNumber: Error: Illegal value for lineNumber
    at bf.getLineMaxColumn (vscode-file://vscode-app/usr/share/code/resources/app/out/vs/workbench/workbench.desktop.main.js:252:112)
    at ka.getBottomForLineNumber (vscode-file://vscode-app/usr/share/code/resources/app/out/vs/workbench/workbench.desktop.main.js:261:1594)
    at Q0.findScrollWidgetState (vscode-file://vscode-app/usr/share/code/resources/app/out/vs/workbench/workbench.desktop.main.js:452:33539)
    at Q0.fb (vscode-file://vscode-app/usr/share/code/resources/app/out/vs/workbench/workbench.desktop.main.js:452:32821)
    at async Q0.db (vscode-file://vscode-app/usr/share/code/resources/app/out/vs/workbench/workbench.desktop.main.js:452:32307)
2025-02-13 19:19:28.440 [error] Illegal value for lineNumber: Error: Illegal value for lineNumber
    at bf.getLineMaxColumn (vscode-file://vscode-app/usr/share/code/resources/app/out/vs/workbench/workbench.desktop.main.js:252:112)
    at ka.getBottomForLineNumber (vscode-file://vscode-app/usr/share/code/resources/app/out/vs/workbench/workbench.desktop.main.js:261:1594)
    at Q0.findScrollWidgetState (vscode-file://vscode-app/usr/share/code/resources/app/out/vs/workbench/workbench.desktop.main.js:452:33539)
    at Q0.fb (vscode-file://vscode-app/usr/share/code/resources/app/out/vs/workbench/workbench.desktop.main.js:452:32821)
    at async Q0.db (vscode-file://vscode-app/usr/share/code/resources/app/out/vs/workbench/workbench.desktop.main.js:452:32307)
2025-02-13 19:19:29.772 [error] Illegal value for lineNumber: Error: Illegal value for lineNumber
    at bf.getLineMaxColumn (vscode-file://vscode-app/usr/share/code/resources/app/out/vs/workbench/workbench.desktop.main.js:252:112)
    at ka.getBottomForLineNumber (vscode-file://vscode-app/usr/share/code/resources/app/out/vs/workbench/workbench.desktop.main.js:261:1594)
    at Q0.findScrollWidgetState (vscode-file://vscode-app/usr/share/code/resources/app/out/vs/workbench/workbench.desktop.main.js:452:33539)
    at Q0.fb (vscode-file://vscode-app/usr/share/code/resources/app/out/vs/workbench/workbench.desktop.main.js:452:32821)
    at async Q0.db (vscode-file://vscode-app/usr/share/code/resources/app/out/vs/workbench/workbench.desktop.main.js:452:32307)
2025-02-13 19:19:30.864 [error] Illegal value for lineNumber: Error: Illegal value for lineNumber
    at bf.getLineMaxColumn (vscode-file://vscode-app/usr/share/code/resources/app/out/vs/workbench/workbench.desktop.main.js:252:112)
    at ka.getBottomForLineNumber (vscode-file://vscode-app/usr/share/code/resources/app/out/vs/workbench/workbench.desktop.main.js:261:1594)
    at Q0.findScrollWidgetState (vscode-file://vscode-app/usr/share/code/resources/app/out/vs/workbench/workbench.desktop.main.js:452:33539)
    at Q0.fb (vscode-file://vscode-app/usr/share/code/resources/app/out/vs/workbench/workbench.desktop.main.js:452:32821)
    at async Q0.db (vscode-file://vscode-app/usr/share/code/resources/app/out/vs/workbench/workbench.desktop.main.js:452:32307)
2025-02-13 19:19:32.289 [error] Illegal value for lineNumber: Error: Illegal value for lineNumber
    at bf.getLineMaxColumn (vscode-file://vscode-app/usr/share/code/resources/app/out/vs/workbench/workbench.desktop.main.js:252:112)
    at ka.getBottomForLineNumber (vscode-file://vscode-app/usr/share/code/resources/app/out/vs/workbench/workbench.desktop.main.js:261:1594)
    at Q0.findScrollWidgetState (vscode-file://vscode-app/usr/share/code/resources/app/out/vs/workbench/workbench.desktop.main.js:452:33539)
    at Q0.fb (vscode-file://vscode-app/usr/share/code/resources/app/out/vs/workbench/workbench.desktop.main.js:452:32821)
    at async Q0.db (vscode-file://vscode-app/usr/share/code/resources/app/out/vs/workbench/workbench.desktop.main.js:452:32307)
2025-02-13 19:19:36.009 [error] Illegal value for lineNumber: Error: Illegal value for lineNumber
    at bf.getLineMaxColumn (vscode-file://vscode-app/usr/share/code/resources/app/out/vs/workbench/workbench.desktop.main.js:252:112)
    at ka.getBottomForLineNumber (vscode-file://vscode-app/usr/share/code/resources/app/out/vs/workbench/workbench.desktop.main.js:261:1594)
    at Q0.findScrollWidgetState (vscode-file://vscode-app/usr/share/code/resources/app/out/vs/workbench/workbench.desktop.main.js:452:33539)
    at Q0.fb (vscode-file://vscode-app/usr/share/code/resources/app/out/vs/workbench/workbench.desktop.main.js:452:32821)
    at async Q0.db (vscode-file://vscode-app/usr/share/code/resources/app/out/vs/workbench/workbench.desktop.main.js:452:32307)
2025-02-13 19:19:37.898 [error] Illegal value for lineNumber: Error: Illegal value for lineNumber
    at bf.getLineMaxColumn (vscode-file://vscode-app/usr/share/code/resources/app/out/vs/workbench/workbench.desktop.main.js:252:112)
    at ka.getBottomForLineNumber (vscode-file://vscode-app/usr/share/code/resources/app/out/vs/workbench/workbench.desktop.main.js:261:1594)
    at Q0.findScrollWidgetState (vscode-file://vscode-app/usr/share/code/resources/app/out/vs/workbench/workbench.desktop.main.js:452:33539)
    at Q0.fb (vscode-file://vscode-app/usr/share/code/resources/app/out/vs/workbench/workbench.desktop.main.js:452:32821)
    at async Q0.db (vscode-file://vscode-app/usr/share/code/resources/app/out/vs/workbench/workbench.desktop.main.js:452:32307)
2025-02-13 19:19:43.256 [error] Illegal value for lineNumber: Error: Illegal value for lineNumber
    at bf.getLineMaxColumn (vscode-file://vscode-app/usr/share/code/resources/app/out/vs/workbench/workbench.desktop.main.js:252:112)
    at ka.getBottomForLineNumber (vscode-file://vscode-app/usr/share/code/resources/app/out/vs/workbench/workbench.desktop.main.js:261:1594)
    at Q0.findScrollWidgetState (vscode-file://vscode-app/usr/share/code/resources/app/out/vs/workbench/workbench.desktop.main.js:452:33539)
    at Q0.fb (vscode-file://vscode-app/usr/share/code/resources/app/out/vs/workbench/workbench.desktop.main.js:452:32821)
    at async Q0.db (vscode-file://vscode-app/usr/share/code/resources/app/out/vs/workbench/workbench.desktop.main.js:452:32307)
2025-02-13 19:19:45.013 [error] Illegal value for lineNumber: Error: Illegal value for lineNumber
    at bf.getLineMaxColumn (vscode-file://vscode-app/usr/share/code/resources/app/out/vs/workbench/workbench.desktop.main.js:252:112)
    at ka.getBottomForLineNumber (vscode-file://vscode-app/usr/share/code/resources/app/out/vs/workbench/workbench.desktop.main.js:261:1594)
    at Q0.findScrollWidgetState (vscode-file://vscode-app/usr/share/code/resources/app/out/vs/workbench/workbench.desktop.main.js:452:33539)
    at Q0.fb (vscode-file://vscode-app/usr/share/code/resources/app/out/vs/workbench/workbench.desktop.main.js:452:32821)
    at async Q0.db (vscode-file://vscode-app/usr/share/code/resources/app/out/vs/workbench/workbench.desktop.main.js:452:32307)
2025-02-13 19:20:09.717 [error] Illegal value for lineNumber: Error: Illegal value for lineNumber
    at bf.getLineMaxColumn (vscode-file://vscode-app/usr/share/code/resources/app/out/vs/workbench/workbench.desktop.main.js:252:112)
    at ka.getBottomForLineNumber (vscode-file://vscode-app/usr/share/code/resources/app/out/vs/workbench/workbench.desktop.main.js:261:1594)
    at Q0.findScrollWidgetState (vscode-file://vscode-app/usr/share/code/resources/app/out/vs/workbench/workbench.desktop.main.js:452:33539)
    at Q0.fb (vscode-file://vscode-app/usr/share/code/resources/app/out/vs/workbench/workbench.desktop.main.js:452:32821)
    at async Q0.db (vscode-file://vscode-app/usr/share/code/resources/app/out/vs/workbench/workbench.desktop.main.js:452:32307)
2025-02-13 19:20:11.255 [error] Illegal value for lineNumber: Error: Illegal value for lineNumber
    at bf.getLineMaxColumn (vscode-file://vscode-app/usr/share/code/resources/app/out/vs/workbench/workbench.desktop.main.js:252:112)
    at ka.getBottomForLineNumber (vscode-file://vscode-app/usr/share/code/resources/app/out/vs/workbench/workbench.desktop.main.js:261:1594)
    at Q0.findScrollWidgetState (vscode-file://vscode-app/usr/share/code/resources/app/out/vs/workbench/workbench.desktop.main.js:452:33539)
    at Q0.fb (vscode-file://vscode-app/usr/share/code/resources/app/out/vs/workbench/workbench.desktop.main.js:452:32821)
    at async Q0.db (vscode-file://vscode-app/usr/share/code/resources/app/out/vs/workbench/workbench.desktop.main.js:452:32307)
2025-02-13 19:20:12.338 [error] Illegal value for lineNumber: Error: Illegal value for lineNumber
    at bf.getLineMaxColumn (vscode-file://vscode-app/usr/share/code/resources/app/out/vs/workbench/workbench.desktop.main.js:252:112)
    at ka.getBottomForLineNumber (vscode-file://vscode-app/usr/share/code/resources/app/out/vs/workbench/workbench.desktop.main.js:261:1594)
    at Q0.findScrollWidgetState (vscode-file://vscode-app/usr/share/code/resources/app/out/vs/workbench/workbench.desktop.main.js:452:33539)
    at Q0.fb (vscode-file://vscode-app/usr/share/code/resources/app/out/vs/workbench/workbench.desktop.main.js:452:32821)
    at async Q0.db (vscode-file://vscode-app/usr/share/code/resources/app/out/vs/workbench/workbench.desktop.main.js:452:32307)
2025-02-13 19:20:13.429 [error] Illegal value for lineNumber: Error: Illegal value for lineNumber
    at bf.getLineMaxColumn (vscode-file://vscode-app/usr/share/code/resources/app/out/vs/workbench/workbench.desktop.main.js:252:112)
    at ka.getBottomForLineNumber (vscode-file://vscode-app/usr/share/code/resources/app/out/vs/workbench/workbench.desktop.main.js:261:1594)
    at Q0.findScrollWidgetState (vscode-file://vscode-app/usr/share/code/resources/app/out/vs/workbench/workbench.desktop.main.js:452:33539)
    at Q0.fb (vscode-file://vscode-app/usr/share/code/resources/app/out/vs/workbench/workbench.desktop.main.js:452:32821)
    at async Q0.db (vscode-file://vscode-app/usr/share/code/resources/app/out/vs/workbench/workbench.desktop.main.js:452:32307)
2025-02-13 19:20:15.422 [error] Illegal value for lineNumber: Error: Illegal value for lineNumber
    at bf.getLineMaxColumn (vscode-file://vscode-app/usr/share/code/resources/app/out/vs/workbench/workbench.desktop.main.js:252:112)
    at ka.getBottomForLineNumber (vscode-file://vscode-app/usr/share/code/resources/app/out/vs/workbench/workbench.desktop.main.js:261:1594)
    at Q0.findScrollWidgetState (vscode-file://vscode-app/usr/share/code/resources/app/out/vs/workbench/workbench.desktop.main.js:452:33539)
    at Q0.fb (vscode-file://vscode-app/usr/share/code/resources/app/out/vs/workbench/workbench.desktop.main.js:452:32821)
    at async Q0.db (vscode-file://vscode-app/usr/share/code/resources/app/out/vs/workbench/workbench.desktop.main.js:452:32307)
2025-02-13 19:20:17.362 [error] Illegal value for lineNumber: Error: Illegal value for lineNumber
    at bf.getLineMaxColumn (vscode-file://vscode-app/usr/share/code/resources/app/out/vs/workbench/workbench.desktop.main.js:252:112)
    at ka.getBottomForLineNumber (vscode-file://vscode-app/usr/share/code/resources/app/out/vs/workbench/workbench.desktop.main.js:261:1594)
    at Q0.findScrollWidgetState (vscode-file://vscode-app/usr/share/code/resources/app/out/vs/workbench/workbench.desktop.main.js:452:33539)
    at Q0.fb (vscode-file://vscode-app/usr/share/code/resources/app/out/vs/workbench/workbench.desktop.main.js:452:32821)
    at async Q0.db (vscode-file://vscode-app/usr/share/code/resources/app/out/vs/workbench/workbench.desktop.main.js:452:32307)
2025-02-13 19:20:18.726 [error] Illegal value for lineNumber: Error: Illegal value for lineNumber
    at bf.getLineMaxColumn (vscode-file://vscode-app/usr/share/code/resources/app/out/vs/workbench/workbench.desktop.main.js:252:112)
    at ka.getBottomForLineNumber (vscode-file://vscode-app/usr/share/code/resources/app/out/vs/workbench/workbench.desktop.main.js:261:1594)
    at Q0.findScrollWidgetState (vscode-file://vscode-app/usr/share/code/resources/app/out/vs/workbench/workbench.desktop.main.js:452:33539)
    at Q0.fb (vscode-file://vscode-app/usr/share/code/resources/app/out/vs/workbench/workbench.desktop.main.js:452:32821)
    at async Q0.db (vscode-file://vscode-app/usr/share/code/resources/app/out/vs/workbench/workbench.desktop.main.js:452:32307)
2025-02-13 19:20:20.223 [error] Illegal value for lineNumber: Error: Illegal value for lineNumber
    at bf.getLineMaxColumn (vscode-file://vscode-app/usr/share/code/resources/app/out/vs/workbench/workbench.desktop.main.js:252:112)
    at ka.getBottomForLineNumber (vscode-file://vscode-app/usr/share/code/resources/app/out/vs/workbench/workbench.desktop.main.js:261:1594)
    at Q0.findScrollWidgetState (vscode-file://vscode-app/usr/share/code/resources/app/out/vs/workbench/workbench.desktop.main.js:452:33539)
    at Q0.fb (vscode-file://vscode-app/usr/share/code/resources/app/out/vs/workbench/workbench.desktop.main.js:452:32821)
    at async Q0.db (vscode-file://vscode-app/usr/share/code/resources/app/out/vs/workbench/workbench.desktop.main.js:452:32307)
2025-02-13 19:23:18.699 [error] Illegal value for lineNumber: Error: Illegal value for lineNumber
    at bf.getLineMaxColumn (vscode-file://vscode-app/usr/share/code/resources/app/out/vs/workbench/workbench.desktop.main.js:252:112)
    at ka.getBottomForLineNumber (vscode-file://vscode-app/usr/share/code/resources/app/out/vs/workbench/workbench.desktop.main.js:261:1594)
    at Q0.findScrollWidgetState (vscode-file://vscode-app/usr/share/code/resources/app/out/vs/workbench/workbench.desktop.main.js:452:33539)
    at Q0.fb (vscode-file://vscode-app/usr/share/code/resources/app/out/vs/workbench/workbench.desktop.main.js:452:32821)
    at async Q0.db (vscode-file://vscode-app/usr/share/code/resources/app/out/vs/workbench/workbench.desktop.main.js:452:32307)
2025-02-13 19:23:20.118 [error] Illegal value for lineNumber: Error: Illegal value for lineNumber
    at bf.getLineMaxColumn (vscode-file://vscode-app/usr/share/code/resources/app/out/vs/workbench/workbench.desktop.main.js:252:112)
    at ka.getBottomForLineNumber (vscode-file://vscode-app/usr/share/code/resources/app/out/vs/workbench/workbench.desktop.main.js:261:1594)
    at Q0.findScrollWidgetState (vscode-file://vscode-app/usr/share/code/resources/app/out/vs/workbench/workbench.desktop.main.js:452:33539)
    at Q0.fb (vscode-file://vscode-app/usr/share/code/resources/app/out/vs/workbench/workbench.desktop.main.js:452:32821)
    at async Q0.db (vscode-file://vscode-app/usr/share/code/resources/app/out/vs/workbench/workbench.desktop.main.js:452:32307)
2025-02-13 19:24:42.797 [error] Illegal value for lineNumber: Error: Illegal value for lineNumber
    at bf.getLineMaxColumn (vscode-file://vscode-app/usr/share/code/resources/app/out/vs/workbench/workbench.desktop.main.js:252:112)
    at ka.getBottomForLineNumber (vscode-file://vscode-app/usr/share/code/resources/app/out/vs/workbench/workbench.desktop.main.js:261:1594)
    at Q0.findScrollWidgetState (vscode-file://vscode-app/usr/share/code/resources/app/out/vs/workbench/workbench.desktop.main.js:452:33539)
    at Q0.fb (vscode-file://vscode-app/usr/share/code/resources/app/out/vs/workbench/workbench.desktop.main.js:452:32821)
    at async Q0.db (vscode-file://vscode-app/usr/share/code/resources/app/out/vs/workbench/workbench.desktop.main.js:452:32307)
2025-02-13 19:24:44.518 [error] Illegal value for lineNumber: Error: Illegal value for lineNumber
    at bf.getLineMaxColumn (vscode-file://vscode-app/usr/share/code/resources/app/out/vs/workbench/workbench.desktop.main.js:252:112)
    at ka.getBottomForLineNumber (vscode-file://vscode-app/usr/share/code/resources/app/out/vs/workbench/workbench.desktop.main.js:261:1594)
    at Q0.findScrollWidgetState (vscode-file://vscode-app/usr/share/code/resources/app/out/vs/workbench/workbench.desktop.main.js:452:33539)
    at Q0.fb (vscode-file://vscode-app/usr/share/code/resources/app/out/vs/workbench/workbench.desktop.main.js:452:32821)
    at async Q0.db (vscode-file://vscode-app/usr/share/code/resources/app/out/vs/workbench/workbench.desktop.main.js:452:32307)
