2025-02-12 18:40:23.965 [warning] /home/juanluis/.ssh/config: ENOENT: no such file or directory, open '/home/juanluis/.ssh/config'
2025-02-12 18:40:23.965 [info] Activation> Extension version: 0.104.0
2025-02-12 18:40:27.554 [info] Looking for git repository
2025-02-12 18:40:27.554 [info] Found 0 repositories during activation
2025-02-12 18:40:27.554 [info] Git repository found, initializing review manager and pr tree view.
2025-02-12 18:40:27.556 [info] Registering git provider
2025-02-12 18:40:28.412 [info] Repository file:///home/juanluis/.oh-my-zsh has been opened
2025-02-12 18:40:28.758 [info] Review+0> Validate state in progress
2025-02-12 18:40:28.758 [info] Review+0> Validating state...
2025-02-12 18:40:28.758 [info] Cannot updates repositories as git is uninitialized
2025-02-12 18:40:28.758 [info] Repo state for file:///home/juanluis/.oh-my-zsh changed.
2025-02-12 18:40:28.758 [info] Repo file:///home/juanluis/.oh-my-zsh has already been setup.
2025-02-12 18:40:31.477 [info] Repository file:///home/juanluis/fastfetch-examples has been opened
2025-02-12 18:40:31.712 [info] Repository file:///home/juanluis/neofetch has been opened
2025-02-12 18:40:31.832 [info] Git initialization state changed: state=initialized
2025-02-12 18:40:31.832 [info] Review+0> Validate state in progress
2025-02-12 18:40:31.832 [info] Review+0> Validating state...
2025-02-12 18:40:31.833 [info] Review+1> Validate state in progress
2025-02-12 18:40:31.833 [info] Review+1> Validating state...
2025-02-12 18:40:31.833 [info] Review+2> Validate state in progress
2025-02-12 18:40:31.833 [info] Review+2> Validating state...
2025-02-12 18:40:31.835 [warning] No remotes found. The following remotes are missing: origin, upstream
2025-02-12 18:40:31.835 [info] No GitHub remotes found for folder /home/juanluis/neofetch
2025-02-12 18:40:32.176 [info] Review+2> Queuing additional validate state
2025-02-12 18:40:32.176 [info] Repo state for file:///home/juanluis/neofetch changed.
2025-02-12 18:40:32.176 [info] Repo file:///home/juanluis/neofetch has already been setup.
2025-02-12 18:40:32.246 [info] Found GitHub remote for folder /home/juanluis/fastfetch-examples
2025-02-12 18:40:32.283 [info] Found GitHub remote for folder /home/juanluis/.oh-my-zsh
2025-02-12 18:40:32.582 [info] Review+1> Queuing additional validate state
2025-02-12 18:40:32.582 [info] Repo state for file:///home/juanluis/fastfetch-examples changed.
2025-02-12 18:40:32.582 [info] Repo file:///home/juanluis/fastfetch-examples has already been setup.
2025-02-12 18:40:33.142 [info] FolderRepositoryManager+1> Trying to use globalState for assignableUsers.
2025-02-12 18:40:33.323 [info] FolderRepositoryManager+0> Trying to use globalState for assignableUsers.
2025-02-12 18:40:33.453 [info] Review+1> No matching pull request metadata found locally for current branch master
2025-02-12 18:40:33.565 [info] Review+2> Validating state...
2025-02-12 18:40:33.576 [info] Review+0> No matching pull request metadata found locally for current branch master
2025-02-12 18:40:33.610 [info] Found GitHub remote for folder /home/juanluis/neofetch
2025-02-12 18:40:33.848 [info] FolderRepositoryManager+1> Using globalState assignableUsers for 1.
2025-02-12 18:40:33.882 [info] FolderRepositoryManager+0> Using globalState assignableUsers for 1.
2025-02-12 18:40:34.114 [info] FolderRepositoryManager+2> Trying to use globalState for assignableUsers.
2025-02-12 18:40:34.378 [info] Review+2> No matching pull request metadata found locally for current branch master
2025-02-12 18:40:34.522 [info] Review+1> No matching pull request metadata found on GitHub for current branch master
2025-02-12 18:40:34.960 [info] Review+0> No matching pull request metadata found on GitHub for current branch master
2025-02-12 18:40:35.516 [info] FolderRepositoryManager+2> Using globalState assignableUsers for 1.
2025-02-12 18:40:35.549 [info] Review+1> Validating state...
2025-02-12 18:40:35.554 [info] Found GitHub remote for folder /home/juanluis/fastfetch-examples
2025-02-12 18:40:35.556 [info] Using in-memory cached assignable users.
2025-02-12 18:40:35.604 [info] Review+1> No matching pull request metadata found locally for current branch master
2025-02-12 18:40:35.914 [info] Review+2> No matching pull request metadata found on GitHub for current branch master
2025-02-12 18:40:36.476 [info] Review+1> No matching pull request metadata found on GitHub for current branch master
