2025-02-17 17:05:13.244 [warning] Via 'product.json#extensionEnabledApiProposals' extension 'ms-vscode.vscode-selfhost-test-provider' wants API proposal 'attributableCoverage' but that proposal DOES NOT EXIST. Likely, the proposal has been finalized (check 'vscode.d.ts') or was abandoned.
2025-02-17 17:05:13.246 [warning] Via 'product.json#extensionEnabledApiProposals' extension 'ms-python.python' wants API proposal 'contribIssueReporter' but that proposal DOES NOT EXIST. Likely, the proposal has been finalized (check 'vscode.d.ts') or was abandoned.
2025-02-17 17:05:13.247 [warning] Via 'product.json#extensionEnabledApiProposals' extension 'ms-python.debugpy' wants API proposal 'contribIssueReporter' but that proposal DOES NOT EXIST. Likely, the proposal has been finalized (check 'vscode.d.ts') or was abandoned.
2025-02-17 17:05:13.248 [warning] Via 'product.json#extensionEnabledApiProposals' extension 'redhat.java' wants API proposal 'documentPaste' but that proposal DOES NOT EXIST. Likely, the proposal has been finalized (check 'vscode.d.ts') or was abandoned.
2025-02-17 17:05:13.591 [warning] Creation of workbench contribution 'workbench.contrib.preferencesActions' took 27ms.
2025-02-17 17:05:13.710 [warning] Creation of workbench contribution 'workbench.chat.setup' took 42ms.
2025-02-17 17:05:14.892 [info] Started local extension host with pid 25036.
2025-02-17 17:05:18.000 [warning] [REditorSupport.r]: Cannot register 'r.rpath.windows'. This property is already registered.
2025-02-17 17:05:18.004 [warning] [REditorSupport.r]: Cannot register 'r.rpath.mac'. This property is already registered.
2025-02-17 17:05:18.010 [warning] [REditorSupport.r]: Cannot register 'r.rpath.linux'. This property is already registered.
2025-02-17 17:05:28.677 [warning] Authentication provider sqltools-driver-credentials was not declared in the Extension Manifest.
2025-02-17 17:05:35.784 [info] Extension host (LocalProcess pid: 25036) is unresponsive.
2025-02-17 17:05:37.429 [warning] Creation of workbench contribution 'workbench.contrib.configurationMigration' took 116ms.
2025-02-17 17:05:39.065 [info] [perf] Render performance baseline is 127ms
2025-02-17 17:05:45.343 [info] Extension host (LocalProcess pid: 25036) is responsive.
2025-02-17 17:05:45.628 [info] Settings Sync: Token updated for the account juanluserra
2025-02-17 17:05:45.633 [info] Settings Sync: Account status changed from uninitialized to available
2025-02-17 17:05:46.831 [warning] Authentication provider gitlab was not declared in the Extension Manifest.
2025-02-17 17:05:56.750 [error] Illegal value for lineNumber: Error: Illegal value for lineNumber
    at bf.getLineMaxColumn (vscode-file://vscode-app/usr/share/code/resources/app/out/vs/workbench/workbench.desktop.main.js:252:112)
    at ka.getBottomForLineNumber (vscode-file://vscode-app/usr/share/code/resources/app/out/vs/workbench/workbench.desktop.main.js:261:1594)
    at Q0.findScrollWidgetState (vscode-file://vscode-app/usr/share/code/resources/app/out/vs/workbench/workbench.desktop.main.js:452:33539)
    at Q0.fb (vscode-file://vscode-app/usr/share/code/resources/app/out/vs/workbench/workbench.desktop.main.js:452:32821)
    at async Q0.db (vscode-file://vscode-app/usr/share/code/resources/app/out/vs/workbench/workbench.desktop.main.js:452:32307)
