[18:52:46.107][Logger] New log placeholder %WS1% registered for /home/juanluis/git-repositories/TFM-BigData .
[18:52:46.107][Extension] Initializing LaTeX Workshop.
[18:52:46.266][Build][Recipe] Set $LATEXWORKSHOP_DOCKER_LATEX: ""
[18:52:46.266][Build][Recipe] Set $LATEXWORKSHOP_DOCKER_PATH: "docker"
[18:52:46.303][Server] Creating LaTeX Workshop http and websocket server.
[18:52:46.429][Format][Bib] Bibtex format config: {"tab":"  ","case":"lowercase","left":"{","right":"}","trailingComma":false,"sort":["key"],"alignOnEqual":true,"sortFields":false,"fieldsOrder":[],"firstEntries":["string","xdata"]}
[18:52:46.478][Server] Server successfully started: {"address":"127.0.0.1","family":"IPv4","port":45761} .
[18:52:46.578][Extension] Extension root: /home/juanluis/.vscode/extensions/james-yu.latex-workshop-10.7.5
[18:52:46.578][Extension] $PATH: /home/juanluis/.atuin/bin:/home/juanluis/.local/bin:/home/juanluis/bin:/usr/local/bin:/usr/bin:/bin:/usr/local/sbin:/usr/sbin:/sbin:/var/lib/snapd/snap/bin:/usr/lib/jvm/jdk-17.0.12/bin
[18:52:46.578][Extension] $SHELL: /usr/bin/zsh
[18:52:46.579][Extension] $LANG: es_ES.UTF-8
[18:52:46.579][Extension] $LC_ALL: undefined
[18:52:46.579][Extension] process.platform: linux
[18:52:46.580][Extension] process.arch: x64
[18:52:46.580][Extension] vscode.env.appName: Visual Studio Code
[18:52:46.580][Extension] vscode.env.remoteName: undefined
[18:52:46.581][Extension] vscode.env.uiKind: 1
[18:52:46.590][Config] latex-workshop.latex.outDir: "%DIR%/build" .
[18:52:46.710][Extension] Trigger characters for intellisense of LaTeX documents: ["\\",",","{","}"]
[18:52:46.715][Root] Current workspace folders: ["file://%WS1%"]
[18:52:46.716][Root] Try finding root from magic comment.
[18:52:46.717][Extension] LaTeX Workshop initialized.
[18:52:46.717][Root] Try finding root from active editor.
[18:52:46.719][Root] Found root file from active editor: %WS1%/apuntes/ApuntesLennard.tex
[18:52:46.719][Root] Root file changed: from %WS1%/apuntes/ApuntesLennard.tex to %WS1%/apuntes/ApuntesLennard.tex, langID latex . Refresh dependencies
[18:52:46.719][Event] ROOT_FILE_CHANGED: "%WS1%/apuntes/ApuntesLennard.tex"
[18:52:46.720][Cacher][Watcher] Reset.
[18:52:46.721][Cacher][Watcher] Reset.
[18:52:46.729][Cacher] Adding %WS1%/apuntes/ApuntesLennard.tex .
[18:52:46.731][Cacher][Watcher] Watched file://%WS1%/apuntes/ApuntesLennard.tex with a new .* watcher on %WS1%/apuntes .
[18:52:46.732][Event] FILE_WATCHED: "file://%WS1%/apuntes/ApuntesLennard.tex"
[18:52:46.734][Cacher] Caching %WS1%/apuntes/ApuntesLennard.tex .
[18:52:46.735][Event] ROOT_FILE_SEARCHED
[18:52:46.741][Server] validOrigin is http://127.0.0.1:45761
[18:52:47.513][Viewer][Panel] Internal PDF viewer at http://127.0.0.1:45761/viewer.html?file=pdf..ZmlsZSUzQSUyRiUyRiUyRmhvbWUlMkZqdWFubHVpcyUyRmdpdC1yZXBvc2l0b3JpZXMlMkZURk0tQmlnRGF0YSUyRlRGTS1MZW5uYXJ0VG9sbGtlJTJGU3VibWlzc2lvbkZpbGVzQ1NHJTJGQkFfTGVubmFydF9UJUMzJUI2bGxrZS5wZGY .
[18:52:47.517][Cacher][Watcher] Watched file://%WS1%/TFM-LennartTollke/SubmissionFilesCSG/BA_Lennart_Töllke.pdf with a new .pdf watcher on %WS1%/TFM-LennartTollke/SubmissionFilesCSG .
[18:52:47.517][Event] FILE_WATCHED: "file://%WS1%/TFM-LennartTollke/SubmissionFilesCSG/BA_Lennart_Töllke.pdf"
[18:52:47.794][Cacher] Updated inputs of %WS1%/apuntes/ApuntesLennard.tex .
[18:52:47.795][Cacher] Parse LaTeX AST: %WS1%/apuntes/ApuntesLennard.tex .
[18:52:47.994][Cacher] Parsed LaTeX AST in 198.99 ms: %WS1%/apuntes/ApuntesLennard.tex .
[18:52:47.995][File] Calling kpsewhich to resolve article.cls .
[18:52:48.347][File] kpsewhich returned with '/home/juanluis/.miktex/texmfs/install/tex/latex/base/article.cls'.
[18:52:55.304][File] Calling kpsewhich to resolve -format=.bib test.bib .
[18:52:55.577][File] kpsewhich returned with '/home/juanluis/.miktex/texmfs/install/bibtex/bib/wsemclassic/test.bib'.
[18:52:55.581][Cacher] Updated elements in 7585.92 ms: %WS1%/apuntes/ApuntesLennard.tex .
[18:52:55.582][Event] FILE_PARSED: "%WS1%/apuntes/ApuntesLennard.tex"
[18:52:55.590][Structure] Structure force updated with 0 root sections for %WS1%/apuntes/ApuntesLennard.tex .
[18:52:55.590][Event] STRUCTURE_UPDATED
[18:52:55.592][Structure] Structure updated with 1 root sections for %WS1%/apuntes/ApuntesLennard.tex .
[18:52:55.593][Event] STRUCTURE_UPDATED
[18:52:55.720][Cacher] Parsing .fls %WS1%/apuntes/build/ApuntesLennard.fls .
[18:52:56.381][Cacher] Found .aux %WS1%/apuntes/build/ApuntesLennard.aux from .fls %WS1%/apuntes/build/ApuntesLennard.fls , parsing.
[18:52:56.567][Cacher] Parsed .aux %WS1%/apuntes/build/ApuntesLennard.aux .
[18:52:56.568][Cacher] Parsed .fls %WS1%/apuntes/build/ApuntesLennard.fls .
[18:52:56.720][Viewer] Handle data type: open
[18:52:56.875][Server] Preview PDF file: file://%WS1%/TFM-LennartTollke/SubmissionFilesCSG/BA_Lennart_Töllke.pdf
[18:52:57.047][Viewer] Handle data type: loaded
[18:52:57.048][Event] VIEWER_PAGE_LOADED
