[18:54:20.582][Logger] New log placeholder %WS1% registered for /home/juanluis/git-repositories/TFM-BigData .
[18:54:20.582][Extension] Initializing LaTeX Workshop.
[18:54:20.758][Build][Recipe] Set $LATEXWORKSHOP_DOCKER_LATEX: ""
[18:54:20.759][Build][Recipe] Set $LATEXWORKSHOP_DOCKER_PATH: "docker"
[18:54:20.806][Server] Creating LaTeX Workshop http and websocket server.
[18:54:20.915][Format][Bib] Bibtex format config: {"tab":"  ","case":"lowercase","left":"{","right":"}","trailingComma":false,"sort":["key"],"alignOnEqual":true,"sortFields":false,"fieldsOrder":[],"firstEntries":["string","xdata"]}
[18:54:20.976][Server] Server successfully started: {"address":"127.0.0.1","family":"IPv4","port":40021} .
[18:54:21.091][Extension] Extension root: /home/juanluis/.vscode/extensions/james-yu.latex-workshop-10.7.5
[18:54:21.092][Extension] $PATH: /home/juanluis/.atuin/bin:/home/juanluis/.local/bin:/home/juanluis/bin:/usr/local/bin:/usr/bin:/bin:/usr/local/sbin:/usr/sbin:/sbin:/var/lib/snapd/snap/bin:/usr/lib/jvm/jdk-17.0.12/bin
[18:54:21.092][Extension] $SHELL: /usr/bin/zsh
[18:54:21.092][Extension] $LANG: es_ES.UTF-8
[18:54:21.093][Extension] $LC_ALL: undefined
[18:54:21.093][Extension] process.platform: linux
[18:54:21.093][Extension] process.arch: x64
[18:54:21.094][Extension] vscode.env.appName: Visual Studio Code
[18:54:21.094][Extension] vscode.env.remoteName: undefined
[18:54:21.094][Extension] vscode.env.uiKind: 1
[18:54:21.111][Config] latex-workshop.latex.outDir: "%DIR%/build" .
[18:54:21.214][Extension] Trigger characters for intellisense of LaTeX documents: ["\\",",","{","}"]
[18:54:21.218][Root] Current workspace folders: ["file://%WS1%"]
[18:54:21.218][Root] Try finding root from magic comment.
[18:54:21.219][Extension] LaTeX Workshop initialized.
[18:54:21.220][Root] Try finding root from active editor.
[18:54:21.221][Root] Found root file from active editor: %WS1%/apuntes/ApuntesLennard.tex
[18:54:21.221][Root] Root file changed: from %WS1%/apuntes/ApuntesLennard.tex to %WS1%/apuntes/ApuntesLennard.tex, langID latex . Refresh dependencies
[18:54:21.222][Event] ROOT_FILE_CHANGED: "%WS1%/apuntes/ApuntesLennard.tex"
[18:54:21.223][Cacher][Watcher] Reset.
[18:54:21.223][Cacher][Watcher] Reset.
[18:54:21.230][Cacher] Adding %WS1%/apuntes/ApuntesLennard.tex .
[18:54:21.233][Cacher][Watcher] Watched file://%WS1%/apuntes/ApuntesLennard.tex with a new .* watcher on %WS1%/apuntes .
[18:54:21.233][Event] FILE_WATCHED: "file://%WS1%/apuntes/ApuntesLennard.tex"
[18:54:21.236][Cacher] Caching %WS1%/apuntes/ApuntesLennard.tex .
[18:54:21.237][Event] ROOT_FILE_SEARCHED
[18:54:21.241][Server] validOrigin is http://127.0.0.1:40021
[18:54:21.983][Viewer][Panel] Internal PDF viewer at http://127.0.0.1:40021/viewer.html?file=pdf..ZmlsZSUzQSUyRiUyRiUyRmhvbWUlMkZqdWFubHVpcyUyRmdpdC1yZXBvc2l0b3JpZXMlMkZURk0tQmlnRGF0YSUyRlRGTS1MZW5uYXJ0VG9sbGtlJTJGU3VibWlzc2lvbkZpbGVzQ1NHJTJGQkFfTGVubmFydF9UJUMzJUI2bGxrZS5wZGY .
[18:54:21.986][Cacher][Watcher] Watched file://%WS1%/TFM-LennartTollke/SubmissionFilesCSG/BA_Lennart_Töllke.pdf with a new .pdf watcher on %WS1%/TFM-LennartTollke/SubmissionFilesCSG .
[18:54:21.986][Event] FILE_WATCHED: "file://%WS1%/TFM-LennartTollke/SubmissionFilesCSG/BA_Lennart_Töllke.pdf"
[18:54:22.228][Cacher] Updated inputs of %WS1%/apuntes/ApuntesLennard.tex .
[18:54:22.229][Cacher] Parse LaTeX AST: %WS1%/apuntes/ApuntesLennard.tex .
[18:54:22.365][Cacher] Parsed LaTeX AST in 136.25 ms: %WS1%/apuntes/ApuntesLennard.tex .
[18:54:22.367][File] Calling kpsewhich to resolve article.cls .
[18:54:22.678][File] kpsewhich returned with '/home/juanluis/.miktex/texmfs/install/tex/latex/base/article.cls'.
[18:54:29.455][File] Calling kpsewhich to resolve -format=.bib test.bib .
[18:54:29.709][File] kpsewhich returned with '/home/juanluis/.miktex/texmfs/install/bibtex/bib/wsemclassic/test.bib'.
[18:54:29.712][Cacher] Updated elements in 7345.59 ms: %WS1%/apuntes/ApuntesLennard.tex .
[18:54:29.713][Event] FILE_PARSED: "%WS1%/apuntes/ApuntesLennard.tex"
[18:54:29.718][Structure] Structure force updated with 0 root sections for %WS1%/apuntes/ApuntesLennard.tex .
[18:54:29.718][Event] STRUCTURE_UPDATED
[18:54:29.925][Cacher] Parsing .fls %WS1%/apuntes/build/ApuntesLennard.fls .
[18:54:30.084][Cacher] Found .aux %WS1%/apuntes/build/ApuntesLennard.aux from .fls %WS1%/apuntes/build/ApuntesLennard.fls , parsing.
[18:54:30.130][Cacher] Parsed .aux %WS1%/apuntes/build/ApuntesLennard.aux .
[18:54:30.130][Cacher] Parsed .fls %WS1%/apuntes/build/ApuntesLennard.fls .
[18:54:30.588][Viewer] Handle data type: open
[18:54:30.767][Server] Preview PDF file: file://%WS1%/TFM-LennartTollke/SubmissionFilesCSG/BA_Lennart_Töllke.pdf
[18:54:30.933][Viewer] Handle data type: loaded
[18:54:30.933][Event] VIEWER_PAGE_LOADED
