[1739469261916] INFO  (ext): SQLTools is starting
[1739469261919] INFO  (ext): initializing language client...
[1739469261920] INFO  (ext): Registering client for languages [{"scheme":"sqltools"},{"language":"sql","scheme":"untitled"},{"language":"sql","scheme":"file"},{"language":"sql","scheme":"sqltools"}]
    ns: "lc"
[1739469261934] INFO  (ext): loading plugins...
[1739469261934] INFO  (ext): registering Formatter Plugin.
    plugin: {
      "name": "Formatter Plugin"
    }
[1739469261935] INFO  (ext): registering Connection Manager Plugin.
    plugin: {
      "name": "Connection Manager Plugin"
    }
[1739469261936] INFO  (ext): registering CodeLens Plugin.
    plugin: {
      "name": "CodeLens Plugin",
      "registeredLanguages": []
    }
[1739469261938] INFO  (ext): registering Dependency Manager Plugin.
    plugin: {
      "name": "Dependency Manager Plugin",
      "installingDrivers": []
    }
[1739469261942] INFO  (ext): Connection explorer changed. Will be updated.
    ns: "conn-man:explorer"
[1739469261943] INFO  (ext): registering History Manager Plugin.
    plugin: {
      "name": "History Manager Plugin"
    }
[1739469261944] INFO  (ext): registering Bookmarks Manager Plugin.
    plugin: {
      "name": "Bookmarks Manager Plugin"
    }
[1739469261945] INFO  (ext): registering Authentication Provider Plugin.
    plugin: {
      "name": "Authentication Provider Plugin",
      "isRegistered": false
    }
[1739469261945] INFO  (ext): registering Object Drop-in Provider (plugin).
    plugin: {
      "type": "plugin",
      "name": "Object Drop-in Provider",
      "isRegistered": false
    }
[1739469261947] INFO  (ext): SQLTools activation completed. 30.158686 ms
[1739469261947] INFO  (ext): Formatter Plugin registered!
[1739469261947] INFO  (ext): CodeLens Plugin registered!
[1739469261947] INFO  (ext): Dependency Manager Plugin registered!
[1739469261948] INFO  (ext): Connection Manager Plugin registered!
[1739469261948] INFO  (ext): History Manager Plugin registered!
[1739469261948] INFO  (ext): Bookmarks Manager Plugin registered!
[1739469261948] INFO  (ext): Authentication Provider Plugin registered!
[1739469261948] INFO  (ext): Object Drop-in Provider (plugin) registered!
[1739469262292] INFO  (ls): SQLTools Server started!
===============================
Using node runtime?: no
ExecPath: /usr/share/code/code 
===============================
[1739469262325] INFO  (ext): LanguageClient ready
    ns: "lc"
[1739469262321] INFO  (ls): Initialized with node version:v20.18.1
[1739469264983] INFO  (ext): EXECUTING COMMAND => sqltools.refreshTree
[1739469264983] INFO  (ext): Connection explorer changed. Will be updated.
    ns: "conn-man:explorer"
[1739469264983] INFO  (ext): Connection explorer changed. Will be updated.
    ns: "conn-man:explorer"
[1739469265454] INFO  (ext): Connection explorer changed. Will be updated.
    ns: "conn-man:explorer"
[1739469265674] INFO  (ext): Connection explorer changed. Will be updated.
    ns: "conn-man:explorer"
[1739469266309] INFO  (ext): Connection explorer changed. Will be updated.
    ns: "conn-man:explorer"
