2025-02-13 18:54:22.329 [info] Reading sessions from keychain...
2025-02-13 18:54:22.329 [info] Getting sessions for all scopes...
2025-02-13 18:54:22.329 [info] Getting sessions for all scopes...
2025-02-13 18:54:22.329 [info] Getting sessions for all scopes...
2025-02-13 18:54:22.329 [info] Got stored sessions!
2025-02-13 18:54:22.329 [info] Got 2 verified sessions.
2025-02-13 18:54:22.329 [info] Got 2 sessions for ...
2025-02-13 18:54:22.329 [info] Got 2 sessions for ...
2025-02-13 18:54:22.329 [info] Got 2 sessions for ...
2025-02-13 18:54:22.329 [info] Getting sessions for all scopes...
2025-02-13 18:54:22.329 [info] Got 2 sessions for ...
2025-02-13 18:54:22.329 [info] Getting sessions for all scopes...
2025-02-13 18:54:22.329 [info] Got 2 sessions for ...
2025-02-13 18:54:22.329 [info] Getting sessions for all scopes...
2025-02-13 18:54:22.329 [info] Got 2 sessions for ...
2025-02-13 18:54:22.329 [info] Getting sessions for all scopes...
2025-02-13 18:54:22.329 [info] Got 2 sessions for ...
2025-02-13 18:54:22.329 [info] Getting sessions for all scopes...
2025-02-13 18:54:22.329 [info] Got 2 sessions for ...
2025-02-13 18:54:22.329 [info] Getting sessions for all scopes...
2025-02-13 18:54:22.329 [info] Got 2 sessions for ...
2025-02-13 18:54:22.329 [info] Getting sessions for user:email...
2025-02-13 18:54:22.329 [info] Got 1 sessions for user:email...
2025-02-13 18:54:26.206 [info] Getting sessions for all scopes...
2025-02-13 18:54:26.206 [info] Got 2 sessions for ...
2025-02-13 18:54:26.716 [info] Getting sessions for read:user,repo,user:email...
2025-02-13 18:54:26.716 [info] Got 0 sessions for read:user,repo,user:email...
2025-02-13 18:54:26.742 [info] Getting sessions for read:user,repo,user:email,workflow...
2025-02-13 18:54:26.742 [info] Got 1 sessions for read:user,repo,user:email,workflow...
2025-02-13 18:54:26.743 [info] Getting sessions for all scopes...
2025-02-13 18:54:26.743 [info] Got 2 sessions for ...
2025-02-13 18:54:26.743 [info] Getting sessions for all scopes...
2025-02-13 18:54:26.743 [info] Got 2 sessions for ...
2025-02-13 18:54:26.743 [info] Getting sessions for project,read:org,read:user,repo,user:email,workflow...
2025-02-13 18:54:26.743 [info] Got 0 sessions for project,read:org,read:user,repo,user:email,workflow...
2025-02-13 18:54:26.905 [info] Getting sessions for read:user,repo,user:email,workflow...
2025-02-13 18:54:26.905 [info] Got 1 sessions for read:user,repo,user:email,workflow...
2025-02-13 18:54:26.905 [info] Getting sessions for read:user,repo,user:email,workflow...
2025-02-13 18:54:26.905 [info] Got 1 sessions for read:user,repo,user:email,workflow...
2025-02-13 18:54:27.603 [info] Getting sessions for all scopes...
2025-02-13 18:54:27.603 [info] Got 2 sessions for ...
2025-02-13 18:54:29.288 [info] Getting sessions for read:user,repo,user:email,workflow...
2025-02-13 18:54:29.288 [info] Got 1 sessions for read:user,repo,user:email,workflow...
2025-02-13 18:54:29.857 [info] Getting sessions for read:user,repo,user:email...
2025-02-13 18:54:29.857 [info] Got 0 sessions for read:user,repo,user:email...
2025-02-13 18:54:29.898 [info] Getting sessions for read:user,repo,user:email,workflow...
2025-02-13 18:54:29.898 [info] Got 1 sessions for read:user,repo,user:email,workflow...
2025-02-13 18:54:30.029 [info] Getting sessions for all scopes...
2025-02-13 18:54:30.029 [info] Got 2 sessions for ...
2025-02-13 18:54:30.096 [info] Getting sessions for read:user,repo,user:email,workflow...
2025-02-13 18:54:30.096 [info] Got 1 sessions for read:user,repo,user:email,workflow...
2025-02-13 18:54:30.172 [info] Getting sessions for all scopes...
2025-02-13 18:54:30.172 [info] Got 2 sessions for ...
2025-02-13 18:54:30.463 [info] Getting sessions for read:user,repo,user:email,workflow...
2025-02-13 18:54:30.463 [info] Got 1 sessions for read:user,repo,user:email,workflow...
2025-02-13 18:54:30.470 [info] Getting sessions for read:user,repo,user:email,workflow...
2025-02-13 18:54:30.470 [info] Got 1 sessions for read:user,repo,user:email,workflow...
2025-02-13 18:54:30.805 [info] Getting sessions for all scopes...
2025-02-13 18:54:30.805 [info] Got 2 sessions for ...
2025-02-13 18:54:30.806 [info] Getting sessions for all scopes...
2025-02-13 18:54:30.806 [info] Got 2 sessions for ...
2025-02-13 18:54:30.847 [info] Getting sessions for read:user,repo,user:email,workflow...
2025-02-13 18:54:30.847 [info] Got 1 sessions for read:user,repo,user:email,workflow...
2025-02-13 18:54:30.865 [info] Getting sessions for all scopes...
2025-02-13 18:54:30.865 [info] Got 2 sessions for ...
2025-02-13 18:54:30.879 [info] Getting sessions for read:user,repo,user:email,workflow...
2025-02-13 18:54:30.879 [info] Got 1 sessions for read:user,repo,user:email,workflow...
2025-02-13 18:54:31.050 [info] Getting sessions for all scopes...
2025-02-13 18:54:31.050 [info] Got 2 sessions for ...
2025-02-13 18:54:31.074 [info] Getting sessions for read:user,repo,user:email,workflow...
2025-02-13 18:54:31.074 [info] Got 1 sessions for read:user,repo,user:email,workflow...
2025-02-13 18:54:31.725 [info] Getting sessions for all scopes...
2025-02-13 18:54:31.725 [info] Got 2 sessions for ...
2025-02-13 18:54:31.729 [info] Getting sessions for read:user,repo,user:email,workflow...
2025-02-13 18:54:31.729 [info] Got 1 sessions for read:user,repo,user:email,workflow...
