2025-02-17 17:05:27.660 [info] Reading sessions from keychain...
2025-02-17 17:05:27.660 [info] Getting sessions for all scopes...
2025-02-17 17:05:27.660 [info] Getting sessions for all scopes...
2025-02-17 17:05:27.660 [info] Getting sessions for all scopes...
2025-02-17 17:05:27.660 [info] Getting sessions for all scopes...
2025-02-17 17:05:27.660 [info] Getting sessions for all scopes...
2025-02-17 17:05:27.660 [info] Getting sessions for all scopes...
2025-02-17 17:05:27.660 [info] Getting sessions for all scopes...
2025-02-17 17:05:27.660 [info] Got stored sessions!
2025-02-17 17:05:27.660 [info] Got 2 verified sessions.
2025-02-17 17:05:27.660 [info] Got 2 sessions for ...
2025-02-17 17:05:27.660 [info] Got 2 sessions for ...
2025-02-17 17:05:27.660 [info] Got 2 sessions for ...
2025-02-17 17:05:27.660 [info] Got 2 sessions for ...
2025-02-17 17:05:27.660 [info] Got 2 sessions for ...
2025-02-17 17:05:27.660 [info] Got 2 sessions for ...
2025-02-17 17:05:27.660 [info] Got 2 sessions for ...
2025-02-17 17:05:27.660 [info] Getting sessions for all scopes...
2025-02-17 17:05:27.660 [info] Got 2 sessions for ...
2025-02-17 17:05:45.621 [info] Getting sessions for user:email...
2025-02-17 17:05:45.621 [info] Got 1 sessions for user:email...
2025-02-17 17:05:46.373 [info] Getting sessions for all scopes...
2025-02-17 17:05:46.373 [info] Got 2 sessions for ...
2025-02-17 17:05:46.867 [info] Getting sessions for read:user,repo,user:email...
2025-02-17 17:05:46.867 [info] Got 0 sessions for read:user,repo,user:email...
2025-02-17 17:05:46.867 [info] Getting sessions for read:user,repo,user:email,workflow...
2025-02-17 17:05:46.867 [info] Got 1 sessions for read:user,repo,user:email,workflow...
2025-02-17 17:05:47.024 [info] Getting sessions for all scopes...
2025-02-17 17:05:47.024 [info] Got 2 sessions for ...
2025-02-17 17:05:47.024 [info] Getting sessions for all scopes...
2025-02-17 17:05:47.024 [info] Got 2 sessions for ...
2025-02-17 17:05:47.075 [info] Getting sessions for project,read:org,read:user,repo,user:email,workflow...
2025-02-17 17:05:47.075 [info] Got 0 sessions for project,read:org,read:user,repo,user:email,workflow...
2025-02-17 17:05:47.408 [info] Getting sessions for read:user,repo,user:email,workflow...
2025-02-17 17:05:47.408 [info] Got 1 sessions for read:user,repo,user:email,workflow...
2025-02-17 17:05:47.788 [info] Getting sessions for read:user,repo,user:email,workflow...
2025-02-17 17:05:47.788 [info] Got 1 sessions for read:user,repo,user:email,workflow...
2025-02-17 17:05:48.155 [info] Getting sessions for all scopes...
2025-02-17 17:05:48.155 [info] Got 2 sessions for ...
2025-02-17 17:05:49.992 [info] Getting sessions for read:user,repo,user:email,workflow...
2025-02-17 17:05:49.992 [info] Got 1 sessions for read:user,repo,user:email,workflow...
2025-02-17 17:05:50.319 [info] Getting sessions for read:user,repo,user:email,workflow...
2025-02-17 17:05:50.319 [info] Got 1 sessions for read:user,repo,user:email,workflow...
2025-02-17 17:05:50.609 [info] Getting sessions for all scopes...
2025-02-17 17:05:50.609 [info] Got 2 sessions for ...
2025-02-17 17:05:50.609 [info] Getting sessions for read:user,repo,user:email...
2025-02-17 17:05:50.609 [info] Got 0 sessions for read:user,repo,user:email...
2025-02-17 17:05:51.270 [info] Getting sessions for read:user,repo,user:email,workflow...
2025-02-17 17:05:51.270 [info] Got 1 sessions for read:user,repo,user:email,workflow...
2025-02-17 17:05:51.376 [info] Getting sessions for read:user,repo,user:email,workflow...
2025-02-17 17:05:51.376 [info] Got 1 sessions for read:user,repo,user:email,workflow...
2025-02-17 17:05:51.635 [info] Getting sessions for all scopes...
2025-02-17 17:05:51.635 [info] Got 2 sessions for ...
2025-02-17 17:05:51.641 [info] Getting sessions for read:user,repo,user:email,workflow...
2025-02-17 17:05:51.641 [info] Got 1 sessions for read:user,repo,user:email,workflow...
2025-02-17 17:05:51.938 [info] Getting sessions for all scopes...
2025-02-17 17:05:51.938 [info] Got 2 sessions for ...
2025-02-17 17:05:51.952 [info] Getting sessions for read:user,repo,user:email,workflow...
2025-02-17 17:05:51.952 [info] Got 1 sessions for read:user,repo,user:email,workflow...
2025-02-17 17:05:52.090 [info] Getting sessions for all scopes...
2025-02-17 17:05:52.090 [info] Got 2 sessions for ...
2025-02-17 17:05:52.090 [info] Getting sessions for all scopes...
2025-02-17 17:05:52.090 [info] Got 2 sessions for ...
2025-02-17 17:05:52.106 [info] Getting sessions for read:user,repo,user:email,workflow...
2025-02-17 17:05:52.106 [info] Got 1 sessions for read:user,repo,user:email,workflow...
2025-02-17 17:05:52.110 [info] Getting sessions for all scopes...
2025-02-17 17:05:52.110 [info] Got 2 sessions for ...
2025-02-17 17:05:52.111 [info] Getting sessions for read:user,repo,user:email,workflow...
2025-02-17 17:05:52.111 [info] Got 1 sessions for read:user,repo,user:email,workflow...
2025-02-17 17:05:52.256 [info] Getting sessions for all scopes...
2025-02-17 17:05:52.256 [info] Got 2 sessions for ...
2025-02-17 17:05:52.325 [info] Getting sessions for read:user,repo,user:email,workflow...
2025-02-17 17:05:52.325 [info] Got 1 sessions for read:user,repo,user:email,workflow...
2025-02-17 17:05:53.046 [info] Getting sessions for all scopes...
2025-02-17 17:05:53.046 [info] Got 2 sessions for ...
2025-02-17 17:05:53.048 [info] Getting sessions for read:user,repo,user:email,workflow...
2025-02-17 17:05:53.048 [info] Got 1 sessions for read:user,repo,user:email,workflow...
