2025-02-17 13:23:04.094 [info] [main] Log level: Info
2025-02-17 13:23:04.094 [info] [main] Validating found git in: "git"
2025-02-17 13:23:04.094 [info] [main] Using git "2.48.1" from "git"
2025-02-17 13:23:04.094 [info] [Model][doInitialScan] Initial repository scan started
2025-02-17 13:23:04.094 [info] > git rev-parse --show-toplevel [11ms]
2025-02-17 13:23:04.094 [info] > git rev-parse --git-dir --git-common-dir [2ms]
2025-02-17 13:23:04.094 [info] [Model][openRepository] Opened repository: /home/juanluis/git-repositories/TFM-BigData
2025-02-17 13:23:04.094 [info] > git rev-parse --show-toplevel [5ms]
2025-02-17 13:23:04.094 [info] > git config --get commit.template [17ms]
2025-02-17 13:23:04.094 [info] > git rev-parse --show-toplevel [12ms]
2025-02-17 13:23:04.094 [info] > git for-each-ref --format=%(refname)%00%(upstream:short)%00%(objectname)%00%(upstream:track)%00%(upstream:remotename)%00%(upstream:remoteref) refs/heads/main refs/remotes/main [988ms]
2025-02-17 13:23:04.094 [info] > git rev-parse --show-toplevel [3839ms]
2025-02-17 13:23:04.094 [info] > git check-ignore -v -z --stdin [438ms]
2025-02-17 13:23:04.094 [info] > git rev-parse --show-toplevel [552ms]
2025-02-17 13:23:04.094 [info] > git status -z -uall [134ms]
2025-02-17 13:23:04.094 [info] > git rev-parse --show-toplevel [91ms]
2025-02-17 13:23:04.094 [info] > git for-each-ref --sort -committerdate --format %(refname) %(objectname) %(*objectname) [115ms]
2025-02-17 13:23:04.094 [info] > git for-each-ref --format=%(refname)%00%(upstream:short)%00%(objectname)%00%(upstream:track)%00%(upstream:remotename)%00%(upstream:remoteref) refs/heads/main refs/remotes/main [90ms]
2025-02-17 13:23:04.222 [info] > git config --get --local branch.main.vscode-merge-base [182ms]
2025-02-17 13:23:04.247 [info] > git config --get commit.template [251ms]
2025-02-17 13:23:04.247 [info] > git rev-parse --show-toplevel [274ms]
2025-02-17 13:23:04.253 [info] [Model][doInitialScan] Initial repository scan completed - repositories (1), closed repositories (0), parent repositories (0), unsafe repositories (0)
2025-02-17 13:23:04.412 [info] > git show --textconv :apuntes/ApuntesLennard.tex [136ms]
2025-02-17 13:23:04.413 [info] > git ls-files --stage -- /home/juanluis/git-repositories/TFM-BigData/apuntes/ApuntesLennard.tex [115ms]
2025-02-17 13:23:04.433 [info] > git for-each-ref --format=%(refname)%00%(upstream:short)%00%(objectname)%00%(upstream:track)%00%(upstream:remotename)%00%(upstream:remoteref) refs/heads/origin/main refs/remotes/origin/main [187ms]
2025-02-17 13:23:04.591 [info] > git merge-base refs/heads/main refs/remotes/origin/main [139ms]
2025-02-17 13:23:04.610 [info] > git cat-file -s 900b4f9b350349e3201f367a410939fbbd36d337 [179ms]
2025-02-17 13:23:04.668 [info] > git diff --name-status -z --diff-filter=ADMR f64f186ded4ca09de895c37b4c4333178331c33a...refs/remotes/origin/main [59ms]
2025-02-17 13:23:04.669 [info] > git rev-parse --show-toplevel [89ms]
2025-02-17 13:23:04.669 [info] > git for-each-ref --format=%(refname)%00%(upstream:short)%00%(objectname)%00%(upstream:track)%00%(upstream:remotename)%00%(upstream:remoteref) refs/heads/main refs/remotes/main [106ms]
2025-02-17 13:23:07.396 [info] > git status -z -uall [75ms]
2025-02-17 13:23:07.540 [info] > git for-each-ref --sort -committerdate --format %(refname) %(objectname) %(*objectname) [198ms]
2025-02-17 13:23:08.028 [info] > git config --get commit.template [399ms]
2025-02-17 13:23:08.171 [info] > git rev-parse --show-toplevel [73ms]
2025-02-17 13:23:08.171 [info] > git for-each-ref --format=%(refname)%00%(upstream:short)%00%(objectname)%00%(upstream:track)%00%(upstream:remotename)%00%(upstream:remoteref) refs/heads/main refs/remotes/main [94ms]
2025-02-17 13:23:08.609 [info] > git status -z -uall [215ms]
2025-02-17 13:23:08.609 [info] > git for-each-ref --sort -committerdate --format %(refname) %(objectname) %(*objectname) [192ms]
2025-02-17 13:23:08.817 [info] > git config --get --local branch.main.github-pr-owner-number [352ms]
2025-02-17 13:23:08.817 [warning] [Git][config] git config failed: Failed to execute git
2025-02-17 13:23:08.863 [info] > git config --get commit.template [135ms]
2025-02-17 13:23:09.005 [info] > git for-each-ref --format=%(refname)%00%(upstream:short)%00%(objectname)%00%(upstream:track)%00%(upstream:remotename)%00%(upstream:remoteref) refs/heads/main refs/remotes/main [48ms]
2025-02-17 13:23:09.109 [info] > git status -z -uall [61ms]
2025-02-17 13:23:09.113 [info] > git for-each-ref --sort -committerdate --format %(refname) %(objectname) %(*objectname) [39ms]
2025-02-17 13:23:10.362 [info] > git rev-parse --show-toplevel [9ms]
2025-02-17 13:23:20.831 [info] > git config --get commit.template [15ms]
2025-02-17 13:23:20.832 [info] > git for-each-ref --format=%(refname)%00%(upstream:short)%00%(objectname)%00%(upstream:track)%00%(upstream:remotename)%00%(upstream:remoteref) refs/heads/main refs/remotes/main [2ms]
2025-02-17 13:23:20.865 [info] > git status -z -uall [17ms]
2025-02-17 13:23:20.867 [info] > git for-each-ref --sort -committerdate --format %(refname) %(objectname) %(*objectname) [3ms]
2025-02-17 13:23:21.386 [info] > git rev-parse --show-toplevel [1ms]
2025-02-17 13:24:14.455 [info] > git check-ignore -v -z --stdin [3ms]
2025-02-17 13:25:43.286 [info] [main] Log level: Info
2025-02-17 13:25:43.286 [info] [main] Validating found git in: "git"
2025-02-17 13:25:43.286 [info] [main] Using git "2.48.1" from "git"
2025-02-17 13:25:43.286 [info] [Model][doInitialScan] Initial repository scan started
2025-02-17 13:25:43.286 [info] > git rev-parse --show-toplevel [14ms]
2025-02-17 13:25:43.286 [info] > git rev-parse --git-dir --git-common-dir [6ms]
2025-02-17 13:25:43.286 [info] [Model][openRepository] Opened repository: /home/juanluis/git-repositories/TFM-BigData
2025-02-17 13:25:43.286 [info] > git config --get commit.template [10ms]
2025-02-17 13:25:43.286 [info] > git rev-parse --show-toplevel [4ms]
2025-02-17 13:25:43.286 [info] > git for-each-ref --format=%(refname)%00%(upstream:short)%00%(objectname)%00%(upstream:track)%00%(upstream:remotename)%00%(upstream:remoteref) refs/heads/main refs/remotes/main [11ms]
2025-02-17 13:25:43.286 [info] > git rev-parse --show-toplevel [2ms]
2025-02-17 13:25:43.286 [info] > git status -z -uall [13ms]
2025-02-17 13:25:43.286 [info] > git rev-parse --show-toplevel [25ms]
2025-02-17 13:25:43.286 [info] > git rev-parse --show-toplevel [6ms]
2025-02-17 13:25:43.286 [info] > git for-each-ref --sort -committerdate --format %(refname) %(objectname) %(*objectname) [18ms]
2025-02-17 13:25:43.286 [info] > git for-each-ref --format=%(refname)%00%(upstream:short)%00%(objectname)%00%(upstream:track)%00%(upstream:remotename)%00%(upstream:remoteref) refs/heads/main refs/remotes/main [27ms]
2025-02-17 13:25:43.288 [info] > git config --get commit.template [16ms]
2025-02-17 13:25:43.288 [info] > git rev-parse --show-toplevel [23ms]
2025-02-17 13:25:43.292 [info] [Model][doInitialScan] Initial repository scan completed - repositories (1), closed repositories (0), parent repositories (0), unsafe repositories (0)
2025-02-17 13:25:43.294 [info] > git config --get --local branch.main.vscode-merge-base [8ms]
2025-02-17 13:25:43.316 [info] > git for-each-ref --format=%(refname)%00%(upstream:short)%00%(objectname)%00%(upstream:track)%00%(upstream:remotename)%00%(upstream:remoteref) refs/heads/main refs/remotes/main [4ms]
2025-02-17 13:25:43.316 [info] > git for-each-ref --format=%(refname)%00%(upstream:short)%00%(objectname)%00%(upstream:track)%00%(upstream:remotename)%00%(upstream:remoteref) refs/heads/origin/main refs/remotes/origin/main [13ms]
2025-02-17 13:25:43.333 [info] > git merge-base refs/heads/main refs/remotes/origin/main [8ms]
2025-02-17 13:25:43.351 [info] > git diff --name-status -z --diff-filter=ADMR f64f186ded4ca09de895c37b4c4333178331c33a...refs/remotes/origin/main [7ms]
2025-02-17 13:25:47.755 [info] > git status -z -uall [3948ms]
2025-02-17 13:25:47.790 [info] > git for-each-ref --sort -committerdate --format %(refname) %(objectname) %(*objectname) [3976ms]
2025-02-17 13:25:49.011 [info] > git rev-parse --show-toplevel [1260ms]
2025-02-17 13:25:49.235 [info] > git check-ignore -v -z --stdin [201ms]
2025-02-17 13:25:49.263 [info] > git rev-parse --show-toplevel [44ms]
2025-02-17 13:25:52.074 [info] > git config --get commit.template [109ms]
2025-02-17 13:25:52.244 [info] > git for-each-ref --format=%(refname)%00%(upstream:short)%00%(objectname)%00%(upstream:track)%00%(upstream:remotename)%00%(upstream:remoteref) refs/heads/main refs/remotes/main [56ms]
2025-02-17 13:25:52.324 [info] > git status -z -uall [37ms]
2025-02-17 13:25:52.326 [info] > git for-each-ref --sort -committerdate --format %(refname) %(objectname) %(*objectname) [16ms]
2025-02-17 13:25:52.819 [info] > git config --get --local branch.main.github-pr-owner-number [145ms]
2025-02-17 13:25:52.820 [warning] [Git][config] git config failed: Failed to execute git
2025-02-17 13:25:53.061 [info] > git rev-parse --show-toplevel [51ms]
2025-02-17 13:25:54.230 [info] > git check-ignore -v -z --stdin [792ms]
2025-02-17 13:25:55.220 [info] > git show --textconv :apuntes/ApuntesLennard.tex [723ms]
2025-02-17 13:25:55.223 [info] > git ls-files --stage -- /home/juanluis/git-repositories/TFM-BigData/apuntes/ApuntesLennard.tex [677ms]
2025-02-17 13:25:55.397 [info] > git cat-file -s 900b4f9b350349e3201f367a410939fbbd36d337 [155ms]
2025-02-17 13:25:55.587 [info] > git config --get commit.template [31ms]
2025-02-17 13:25:55.665 [info] > git blame --root --incremental f64f186ded4ca09de895c37b4c4333178331c33a -- /home/juanluis/git-repositories/TFM-BigData/apuntes/ApuntesLennard.tex [49ms]
2025-02-17 13:25:55.675 [info] > git for-each-ref --format=%(refname)%00%(upstream:short)%00%(objectname)%00%(upstream:track)%00%(upstream:remotename)%00%(upstream:remoteref) refs/heads/main refs/remotes/main [13ms]
2025-02-17 13:25:56.869 [info] > git status -z -uall [72ms]
2025-02-17 13:25:56.869 [info] > git for-each-ref --sort -committerdate --format %(refname) %(objectname) %(*objectname) [52ms]
2025-02-17 13:25:57.762 [info] > git rev-parse --show-toplevel [12ms]
2025-02-17 13:26:04.696 [info] > git config --get commit.template [19ms]
2025-02-17 13:26:04.697 [info] > git for-each-ref --format=%(refname)%00%(upstream:short)%00%(objectname)%00%(upstream:track)%00%(upstream:remotename)%00%(upstream:remoteref) refs/heads/main refs/remotes/main [1ms]
2025-02-17 13:26:04.733 [info] > git status -z -uall [19ms]
2025-02-17 13:26:04.734 [info] > git for-each-ref --sort -committerdate --format %(refname) %(objectname) %(*objectname) [3ms]
2025-02-17 13:26:04.777 [info] > git ls-files --stage -- /home/juanluis/git-repositories/TFM-BigData/apuntes/ApuntesLennard.tex [2ms]
2025-02-17 13:26:04.797 [info] > git cat-file -s 900b4f9b350349e3201f367a410939fbbd36d337 [2ms]
2025-02-17 13:26:04.826 [info] > git show --textconv :apuntes/ApuntesLennard.tex [8ms]
2025-02-17 13:26:05.252 [info] > git rev-parse --show-toplevel [1ms]
2025-02-17 13:27:55.415 [info] [main] Log level: Info
2025-02-17 13:27:55.415 [info] [main] Validating found git in: "git"
2025-02-17 13:27:55.415 [info] [main] Using git "2.48.1" from "git"
2025-02-17 13:27:55.415 [info] [Model][doInitialScan] Initial repository scan started
2025-02-17 13:27:55.415 [info] > git rev-parse --show-toplevel [3ms]
2025-02-17 13:27:55.415 [info] > git rev-parse --git-dir --git-common-dir [3ms]
2025-02-17 13:27:55.415 [info] [Model][openRepository] Opened repository: /home/juanluis/git-repositories/TFM-BigData
2025-02-17 13:27:55.415 [info] > git rev-parse --show-toplevel [7ms]
2025-02-17 13:27:55.415 [info] > git config --get commit.template [15ms]
2025-02-17 13:27:55.415 [info] > git rev-parse --show-toplevel [10ms]
2025-02-17 13:27:55.415 [info] > git for-each-ref --format=%(refname)%00%(upstream:short)%00%(objectname)%00%(upstream:track)%00%(upstream:remotename)%00%(upstream:remoteref) refs/heads/main refs/remotes/main [11ms]
2025-02-17 13:27:55.415 [info] > git rev-parse --show-toplevel [2ms]
2025-02-17 13:27:55.415 [info] > git status -z -uall [37ms]
2025-02-17 13:27:55.415 [info] > git for-each-ref --sort -committerdate --format %(refname) %(objectname) %(*objectname) [9ms]
2025-02-17 13:27:55.415 [info] > git rev-parse --show-toplevel [112ms]
2025-02-17 13:27:55.415 [info] > git for-each-ref --format=%(refname)%00%(upstream:short)%00%(objectname)%00%(upstream:track)%00%(upstream:remotename)%00%(upstream:remoteref) refs/heads/main refs/remotes/main [32ms]
2025-02-17 13:27:55.415 [info] > git config --get --local branch.main.vscode-merge-base [12ms]
2025-02-17 13:27:55.415 [info] > git rev-parse --show-toplevel [32ms]
2025-02-17 13:27:55.415 [info] [Model][doInitialScan] Initial repository scan completed - repositories (1), closed repositories (0), parent repositories (0), unsafe repositories (0)
2025-02-17 13:27:55.415 [info] > git config --get commit.template [44ms]
2025-02-17 13:27:55.415 [info] > git for-each-ref --format=%(refname)%00%(upstream:short)%00%(objectname)%00%(upstream:track)%00%(upstream:remotename)%00%(upstream:remoteref) refs/heads/origin/main refs/remotes/origin/main [4067ms]
2025-02-17 13:27:55.415 [info] > git merge-base refs/heads/main refs/remotes/origin/main [2670ms]
2025-02-17 13:27:55.422 [info] > git check-ignore -v -z --stdin [241ms]
2025-02-17 13:27:55.423 [info] > git diff --name-status -z --diff-filter=ADMR f64f186ded4ca09de895c37b4c4333178331c33a...refs/remotes/origin/main [260ms]
2025-02-17 13:27:55.425 [info] > git rev-parse --show-toplevel [344ms]
2025-02-17 13:27:55.425 [info] > git for-each-ref --format=%(refname)%00%(upstream:short)%00%(objectname)%00%(upstream:track)%00%(upstream:remotename)%00%(upstream:remoteref) refs/heads/main refs/remotes/main [358ms]
2025-02-17 13:27:55.690 [info] > git status -z -uall [107ms]
2025-02-17 13:27:55.700 [info] > git for-each-ref --sort -committerdate --format %(refname) %(objectname) %(*objectname) [72ms]
2025-02-17 13:27:58.281 [info] > git config --get commit.template [161ms]
2025-02-17 13:27:58.411 [info] > git rev-parse --show-toplevel [141ms]
2025-02-17 13:27:58.585 [info] > git for-each-ref --format=%(refname)%00%(upstream:short)%00%(objectname)%00%(upstream:track)%00%(upstream:remotename)%00%(upstream:remoteref) refs/heads/main refs/remotes/main [95ms]
2025-02-17 13:27:58.723 [info] > git status -z -uall [32ms]
2025-02-17 13:27:58.724 [info] > git for-each-ref --sort -committerdate --format %(refname) %(objectname) %(*objectname) [14ms]
2025-02-17 13:27:59.225 [info] > git config --get --local branch.main.github-pr-owner-number [178ms]
2025-02-17 13:27:59.225 [warning] [Git][config] git config failed: Failed to execute git
2025-02-17 13:27:59.292 [info] > git rev-parse --show-toplevel [6ms]
2025-02-17 13:28:00.871 [info] > git config --get commit.template [12ms]
2025-02-17 13:28:00.901 [info] > git for-each-ref --format=%(refname)%00%(upstream:short)%00%(objectname)%00%(upstream:track)%00%(upstream:remotename)%00%(upstream:remoteref) refs/heads/main refs/remotes/main [4ms]
2025-02-17 13:28:00.952 [info] > git status -z -uall [23ms]
2025-02-17 13:28:00.952 [info] > git for-each-ref --sort -committerdate --format %(refname) %(objectname) %(*objectname) [4ms]
2025-02-17 13:28:01.837 [info] > git rev-parse --show-toplevel [39ms]
2025-02-17 13:28:04.911 [info] > git show --textconv :apuntes/ApuntesLennard.tex [133ms]
2025-02-17 13:28:04.912 [info] > git ls-files --stage -- /home/juanluis/git-repositories/TFM-BigData/apuntes/ApuntesLennard.tex [107ms]
2025-02-17 13:28:04.952 [info] > git cat-file -s 900b4f9b350349e3201f367a410939fbbd36d337 [18ms]
2025-02-17 13:28:05.105 [info] > git check-ignore -v -z --stdin [11ms]
2025-02-17 13:28:05.147 [info] > git blame --root --incremental f64f186ded4ca09de895c37b4c4333178331c33a -- /home/juanluis/git-repositories/TFM-BigData/apuntes/ApuntesLennard.tex [8ms]
