2025-02-15 12:09:54.319 [info] Reading sessions from keychain...
2025-02-15 12:09:54.319 [info] Getting sessions for all scopes...
2025-02-15 12:09:54.319 [info] Getting sessions for all scopes...
2025-02-15 12:09:54.319 [info] Getting sessions for all scopes...
2025-02-15 12:09:54.319 [info] Getting sessions for all scopes...
2025-02-15 12:09:54.319 [info] Getting sessions for all scopes...
2025-02-15 12:09:54.319 [info] Getting sessions for all scopes...
2025-02-15 12:09:54.320 [info] Getting sessions for all scopes...
2025-02-15 12:09:54.320 [info] Got stored sessions!
2025-02-15 12:09:54.320 [info] Got 2 verified sessions.
2025-02-15 12:09:54.320 [info] Got 2 sessions for ...
2025-02-15 12:09:54.320 [info] Got 2 sessions for ...
2025-02-15 12:09:54.320 [info] Got 2 sessions for ...
2025-02-15 12:09:54.320 [info] Got 2 sessions for ...
2025-02-15 12:09:54.320 [info] Got 2 sessions for ...
2025-02-15 12:09:54.320 [info] Got 2 sessions for ...
2025-02-15 12:09:54.320 [info] Got 2 sessions for ...
2025-02-15 12:09:54.320 [info] Getting sessions for all scopes...
2025-02-15 12:09:54.320 [info] Got 2 sessions for ...
2025-02-15 12:09:54.320 [info] Getting sessions for user:email...
2025-02-15 12:09:54.320 [info] Got 1 sessions for user:email...
2025-02-15 12:09:58.957 [info] Getting sessions for all scopes...
2025-02-15 12:09:58.957 [info] Got 2 sessions for ...
2025-02-15 12:10:00.619 [info] Getting sessions for read:user,repo,user:email...
2025-02-15 12:10:00.619 [info] Got 0 sessions for read:user,repo,user:email...
2025-02-15 12:10:00.619 [info] Getting sessions for read:user,repo,user:email,workflow...
2025-02-15 12:10:00.619 [info] Got 1 sessions for read:user,repo,user:email,workflow...
2025-02-15 12:10:00.674 [info] Getting sessions for all scopes...
2025-02-15 12:10:00.674 [info] Got 2 sessions for ...
2025-02-15 12:10:00.674 [info] Getting sessions for all scopes...
2025-02-15 12:10:00.674 [info] Got 2 sessions for ...
2025-02-15 12:10:00.675 [info] Getting sessions for project,read:org,read:user,repo,user:email,workflow...
2025-02-15 12:10:00.675 [info] Got 0 sessions for project,read:org,read:user,repo,user:email,workflow...
2025-02-15 12:10:01.232 [info] Getting sessions for read:user,repo,user:email,workflow...
2025-02-15 12:10:01.232 [info] Got 1 sessions for read:user,repo,user:email,workflow...
2025-02-15 12:10:01.233 [info] Getting sessions for read:user,repo,user:email,workflow...
2025-02-15 12:10:01.233 [info] Got 1 sessions for read:user,repo,user:email,workflow...
2025-02-15 12:10:03.329 [info] Getting sessions for read:user,repo,user:email,workflow...
2025-02-15 12:10:03.329 [info] Got 1 sessions for read:user,repo,user:email,workflow...
2025-02-15 12:10:03.492 [info] Getting sessions for all scopes...
2025-02-15 12:10:03.492 [info] Got 2 sessions for ...
2025-02-15 12:10:04.062 [info] Getting sessions for read:user,repo,user:email,workflow...
2025-02-15 12:10:04.062 [info] Got 1 sessions for read:user,repo,user:email,workflow...
2025-02-15 12:10:04.062 [info] Getting sessions for read:user,repo,user:email...
2025-02-15 12:10:04.062 [info] Got 0 sessions for read:user,repo,user:email...
2025-02-15 12:10:04.780 [info] Getting sessions for all scopes...
2025-02-15 12:10:04.780 [info] Got 2 sessions for ...
2025-02-15 12:10:04.814 [info] Getting sessions for read:user,repo,user:email,workflow...
2025-02-15 12:10:04.815 [info] Got 1 sessions for read:user,repo,user:email,workflow...
2025-02-15 12:10:04.882 [info] Getting sessions for read:user,repo,user:email,workflow...
2025-02-15 12:10:04.882 [info] Got 1 sessions for read:user,repo,user:email,workflow...
2025-02-15 12:10:05.763 [info] Getting sessions for all scopes...
2025-02-15 12:10:05.763 [info] Got 2 sessions for ...
2025-02-15 12:10:05.846 [info] Getting sessions for read:user,repo,user:email,workflow...
2025-02-15 12:10:05.846 [info] Got 1 sessions for read:user,repo,user:email,workflow...
2025-02-15 12:10:06.281 [info] Getting sessions for all scopes...
2025-02-15 12:10:06.281 [info] Got 2 sessions for ...
2025-02-15 12:10:06.281 [info] Getting sessions for all scopes...
2025-02-15 12:10:06.281 [info] Got 2 sessions for ...
2025-02-15 12:10:06.337 [info] Getting sessions for read:user,repo,user:email,workflow...
2025-02-15 12:10:06.337 [info] Got 1 sessions for read:user,repo,user:email,workflow...
2025-02-15 12:10:06.362 [info] Getting sessions for all scopes...
2025-02-15 12:10:06.362 [info] Got 2 sessions for ...
2025-02-15 12:10:06.402 [info] Getting sessions for read:user,repo,user:email,workflow...
2025-02-15 12:10:06.402 [info] Got 1 sessions for read:user,repo,user:email,workflow...
2025-02-15 12:10:06.669 [info] Getting sessions for all scopes...
2025-02-15 12:10:06.669 [info] Got 2 sessions for ...
2025-02-15 12:10:06.820 [info] Getting sessions for read:user,repo,user:email,workflow...
2025-02-15 12:10:06.820 [info] Got 1 sessions for read:user,repo,user:email,workflow...
2025-02-15 12:10:07.397 [info] Getting sessions for all scopes...
2025-02-15 12:10:07.397 [info] Got 2 sessions for ...
2025-02-15 12:10:07.401 [info] Getting sessions for read:user,repo,user:email,workflow...
2025-02-15 12:10:07.402 [info] Got 1 sessions for read:user,repo,user:email,workflow...
2025-02-15 12:11:33.953 [info] Getting sessions for all scopes...
2025-02-15 12:11:33.953 [info] Got 2 sessions for ...
2025-02-15 12:11:33.955 [info] Getting sessions for read:user,repo,user:email,workflow...
2025-02-15 12:11:33.955 [info] Got 1 sessions for read:user,repo,user:email,workflow...
2025-02-15 12:11:35.924 [info] Getting sessions for all scopes...
2025-02-15 12:11:35.924 [info] Got 2 sessions for ...
2025-02-15 12:11:35.981 [info] Getting sessions for read:user,repo,user:email,workflow...
2025-02-15 12:11:35.981 [info] Got 1 sessions for read:user,repo,user:email,workflow...
2025-02-15 12:11:37.852 [info] Getting sessions for all scopes...
2025-02-15 12:11:37.852 [info] Got 2 sessions for ...
2025-02-15 12:11:37.877 [info] Getting sessions for read:user,repo,user:email,workflow...
2025-02-15 12:11:37.877 [info] Got 1 sessions for read:user,repo,user:email,workflow...
2025-02-15 12:12:32.397 [info] Getting sessions for all scopes...
2025-02-15 12:12:32.397 [info] Got 2 sessions for ...
2025-02-15 12:12:32.400 [info] Getting sessions for read:user,repo,user:email,workflow...
2025-02-15 12:12:32.400 [info] Got 1 sessions for read:user,repo,user:email,workflow...
2025-02-15 12:12:32.839 [info] Getting sessions for all scopes...
2025-02-15 12:12:32.839 [info] Got 2 sessions for ...
2025-02-15 12:12:32.858 [info] Getting sessions for read:user,repo,user:email,workflow...
2025-02-15 12:12:32.858 [info] Got 1 sessions for read:user,repo,user:email,workflow...
2025-02-15 12:12:34.417 [info] Getting sessions for all scopes...
2025-02-15 12:12:34.417 [info] Got 2 sessions for ...
2025-02-15 12:12:34.470 [info] Getting sessions for read:user,repo,user:email,workflow...
2025-02-15 12:12:34.470 [info] Got 1 sessions for read:user,repo,user:email,workflow...
2025-02-15 12:14:52.636 [info] Getting sessions for all scopes...
2025-02-15 12:14:52.636 [info] Got 2 sessions for ...
2025-02-15 12:14:52.637 [info] Getting sessions for read:user,repo,user:email,workflow...
2025-02-15 12:14:52.637 [info] Got 1 sessions for read:user,repo,user:email,workflow...
2025-02-15 12:14:53.247 [info] Getting sessions for all scopes...
2025-02-15 12:14:53.247 [info] Got 2 sessions for ...
2025-02-15 12:14:53.334 [info] Getting sessions for read:user,repo,user:email,workflow...
2025-02-15 12:14:53.334 [info] Got 1 sessions for read:user,repo,user:email,workflow...
2025-02-15 12:24:31.075 [info] Getting sessions for read:user,repo,user:email...
2025-02-15 12:24:31.075 [info] Got 0 sessions for read:user,repo,user:email...
