2025-02-13 18:50:13.550 [info] Reading sessions from keychain...
2025-02-13 18:50:13.550 [info] Getting sessions for all scopes...
2025-02-13 18:50:13.550 [info] Getting sessions for all scopes...
2025-02-13 18:50:13.550 [info] Getting sessions for all scopes...
2025-02-13 18:50:13.550 [info] Getting sessions for all scopes...
2025-02-13 18:50:13.550 [info] Getting sessions for all scopes...
2025-02-13 18:50:13.550 [info] Getting sessions for all scopes...
2025-02-13 18:50:13.550 [info] Getting sessions for all scopes...
2025-02-13 18:50:13.550 [info] Getting sessions for all scopes...
2025-02-13 18:50:13.550 [info] Got stored sessions!
2025-02-13 18:50:13.550 [info] Got 2 verified sessions.
2025-02-13 18:50:13.550 [info] Got 2 sessions for ...
2025-02-13 18:50:13.550 [info] Got 2 sessions for ...
2025-02-13 18:50:13.550 [info] Got 2 sessions for ...
2025-02-13 18:50:13.550 [info] Got 2 sessions for ...
2025-02-13 18:50:13.550 [info] Got 2 sessions for ...
2025-02-13 18:50:13.550 [info] Got 2 sessions for ...
2025-02-13 18:50:13.550 [info] Got 2 sessions for ...
2025-02-13 18:50:13.550 [info] Got 2 sessions for ...
2025-02-13 18:50:13.550 [info] Getting sessions for user:email...
2025-02-13 18:50:13.550 [info] Got 1 sessions for user:email...
2025-02-13 18:50:16.490 [info] Getting sessions for all scopes...
2025-02-13 18:50:16.490 [info] Got 2 sessions for ...
2025-02-13 18:50:17.613 [info] Getting sessions for read:user,repo,user:email...
2025-02-13 18:50:17.613 [info] Got 0 sessions for read:user,repo,user:email...
2025-02-13 18:50:17.613 [info] Getting sessions for read:user,repo,user:email,workflow...
2025-02-13 18:50:17.613 [info] Got 1 sessions for read:user,repo,user:email,workflow...
2025-02-13 18:50:17.642 [info] Getting sessions for all scopes...
2025-02-13 18:50:17.642 [info] Got 2 sessions for ...
2025-02-13 18:50:17.642 [info] Getting sessions for all scopes...
2025-02-13 18:50:17.642 [info] Got 2 sessions for ...
2025-02-13 18:50:17.642 [info] Getting sessions for project,read:org,read:user,repo,user:email,workflow...
2025-02-13 18:50:17.642 [info] Got 0 sessions for project,read:org,read:user,repo,user:email,workflow...
2025-02-13 18:50:17.859 [info] Getting sessions for read:user,repo,user:email,workflow...
2025-02-13 18:50:17.860 [info] Got 1 sessions for read:user,repo,user:email,workflow...
2025-02-13 18:50:17.860 [info] Getting sessions for read:user,repo,user:email,workflow...
2025-02-13 18:50:17.860 [info] Got 1 sessions for read:user,repo,user:email,workflow...
2025-02-13 18:50:19.773 [info] Getting sessions for all scopes...
2025-02-13 18:50:19.773 [info] Got 2 sessions for ...
2025-02-13 18:50:20.439 [info] Getting sessions for read:user,repo,user:email...
2025-02-13 18:50:20.439 [info] Got 0 sessions for read:user,repo,user:email...
2025-02-13 18:50:20.486 [info] Getting sessions for read:user,repo,user:email,workflow...
2025-02-13 18:50:20.486 [info] Got 1 sessions for read:user,repo,user:email,workflow...
2025-02-13 18:50:20.521 [info] Getting sessions for read:user,repo,user:email,workflow...
2025-02-13 18:50:20.521 [info] Got 1 sessions for read:user,repo,user:email,workflow...
2025-02-13 18:50:21.001 [info] Getting sessions for all scopes...
2025-02-13 18:50:21.001 [info] Got 2 sessions for ...
2025-02-13 18:50:21.181 [info] Getting sessions for read:user,repo,user:email,workflow...
2025-02-13 18:50:21.181 [info] Got 1 sessions for read:user,repo,user:email,workflow...
2025-02-13 18:50:21.326 [info] Getting sessions for all scopes...
2025-02-13 18:50:21.326 [info] Got 2 sessions for ...
2025-02-13 18:50:21.331 [info] Getting sessions for read:user,repo,user:email,workflow...
2025-02-13 18:50:21.331 [info] Got 1 sessions for read:user,repo,user:email,workflow...
2025-02-13 18:50:21.621 [info] Getting sessions for read:user,repo,user:email,workflow...
2025-02-13 18:50:21.621 [info] Got 1 sessions for read:user,repo,user:email,workflow...
2025-02-13 18:50:21.834 [info] Getting sessions for all scopes...
2025-02-13 18:50:21.834 [info] Got 2 sessions for ...
2025-02-13 18:50:21.834 [info] Getting sessions for all scopes...
2025-02-13 18:50:21.834 [info] Got 2 sessions for ...
2025-02-13 18:50:21.871 [info] Getting sessions for read:user,repo,user:email,workflow...
2025-02-13 18:50:21.872 [info] Got 1 sessions for read:user,repo,user:email,workflow...
2025-02-13 18:50:21.880 [info] Getting sessions for all scopes...
2025-02-13 18:50:21.880 [info] Got 2 sessions for ...
2025-02-13 18:50:21.936 [info] Getting sessions for read:user,repo,user:email,workflow...
2025-02-13 18:50:21.936 [info] Got 1 sessions for read:user,repo,user:email,workflow...
2025-02-13 18:50:22.192 [info] Getting sessions for all scopes...
2025-02-13 18:50:22.192 [info] Got 2 sessions for ...
2025-02-13 18:50:22.229 [info] Getting sessions for read:user,repo,user:email,workflow...
2025-02-13 18:50:22.229 [info] Got 1 sessions for read:user,repo,user:email,workflow...
2025-02-13 18:50:22.893 [info] Getting sessions for all scopes...
2025-02-13 18:50:22.893 [info] Got 2 sessions for ...
2025-02-13 18:50:22.910 [info] Getting sessions for read:user,repo,user:email,workflow...
2025-02-13 18:50:22.910 [info] Got 1 sessions for read:user,repo,user:email,workflow...
