2025-02-17 10:08:18.062 [warning] /home/juanluis/.ssh/config: ENOENT: no such file or directory, open '/home/juanluis/.ssh/config'
2025-02-17 10:08:18.062 [info] Activation> Extension version: 0.104.1
2025-02-17 10:08:20.660 [info] Looking for git repository
2025-02-17 10:08:20.661 [info] Found 0 repositories during activation
2025-02-17 10:08:20.661 [info] Git repository found, initializing review manager and pr tree view.
2025-02-17 10:08:20.664 [info] Registering git provider
2025-02-17 10:08:21.279 [info] Review+0> Validate state in progress
2025-02-17 10:08:21.279 [info] Review+0> Validating state...
2025-02-17 10:08:21.279 [info] Cannot updates repositories as git is uninitialized
2025-02-17 10:08:21.279 [info] Repo state for file:///home/juanluis/git-repositories/TFM-BigData changed.
2025-02-17 10:08:21.279 [info] Repo file:///home/juanluis/git-repositories/TFM-BigData has already been setup.
2025-02-17 10:08:22.169 [info] Git initialization state changed: state=initialized
2025-02-17 10:08:22.169 [info] Review+0> Validate state in progress
2025-02-17 10:08:22.169 [info] Review+0> Validating state...
2025-02-17 10:08:22.218 [info] Found GitHub remote for folder /home/juanluis/git-repositories/TFM-BigData
2025-02-17 10:08:23.389 [info] FolderRepositoryManager+0> Trying to use globalState for assignableUsers.
2025-02-17 10:08:23.579 [info] Review+0> No matching pull request metadata found locally for current branch main
2025-02-17 10:08:23.654 [info] FolderRepositoryManager+0> Using globalState assignableUsers for 1.
2025-02-17 10:08:24.051 [info] Review+0> No matching pull request metadata found on GitHub for current branch main
2025-02-17 10:10:06.331 [info] Review+0> Validate state in progress
2025-02-17 10:10:06.332 [info] Review+0> Validating state...
2025-02-17 10:10:06.459 [info] Found GitHub remote for folder /home/juanluis/git-repositories/TFM-BigData
2025-02-17 10:10:06.459 [info] Using in-memory cached assignable users.
2025-02-17 10:10:06.531 [info] Review+0> No matching pull request metadata found locally for current branch main
2025-02-17 10:10:06.910 [info] Review+0> No matching pull request metadata found on GitHub for current branch main
2025-02-17 10:10:11.835 [info] Review+0> Validate state in progress
2025-02-17 10:10:11.835 [info] Review+0> Validating state...
2025-02-17 10:10:11.900 [info] Found GitHub remote for folder /home/juanluis/git-repositories/TFM-BigData
2025-02-17 10:10:11.901 [info] Using in-memory cached assignable users.
2025-02-17 10:10:11.992 [info] Review+0> No matching pull request metadata found locally for current branch main
2025-02-17 10:10:12.382 [info] Review+0> No matching pull request metadata found on GitHub for current branch main
2025-02-17 10:10:47.966 [info] Review+0> Validate state in progress
2025-02-17 10:10:47.966 [info] Review+0> Validating state...
2025-02-17 10:10:48.067 [info] Found GitHub remote for folder /home/juanluis/git-repositories/TFM-BigData
2025-02-17 10:10:48.067 [info] Using in-memory cached assignable users.
2025-02-17 10:10:48.086 [info] Review+0> No matching pull request metadata found locally for current branch main
2025-02-17 10:10:48.657 [info] Review+0> No matching pull request metadata found on GitHub for current branch main
2025-02-17 10:10:53.061 [info] Review+0> Validate state in progress
2025-02-17 10:10:53.061 [info] Review+0> Validating state...
2025-02-17 10:10:53.102 [info] Found GitHub remote for folder /home/juanluis/git-repositories/TFM-BigData
2025-02-17 10:10:53.102 [info] Using in-memory cached assignable users.
2025-02-17 10:10:53.122 [info] Review+0> No matching pull request metadata found locally for current branch main
2025-02-17 10:10:53.520 [info] Review+0> No matching pull request metadata found on GitHub for current branch main
