2025-02-13 18:29:16.032 [warning] Via 'product.json#extensionEnabledApiProposals' extension 'ms-vscode.vscode-selfhost-test-provider' wants API proposal 'attributableCoverage' but that proposal DOES NOT EXIST. Likely, the proposal has been finalized (check 'vscode.d.ts') or was abandoned.
2025-02-13 18:29:16.032 [warning] Via 'product.json#extensionEnabledApiProposals' extension 'ms-python.python' wants API proposal 'contribIssueReporter' but that proposal DOES NOT EXIST. Likely, the proposal has been finalized (check 'vscode.d.ts') or was abandoned.
2025-02-13 18:29:16.032 [warning] Via 'product.json#extensionEnabledApiProposals' extension 'ms-python.debugpy' wants API proposal 'contribIssueReporter' but that proposal DOES NOT EXIST. Likely, the proposal has been finalized (check 'vscode.d.ts') or was abandoned.
2025-02-13 18:29:16.033 [warning] Via 'product.json#extensionEnabledApiProposals' extension 'redhat.java' wants API proposal 'documentPaste' but that proposal DOES NOT EXIST. Likely, the proposal has been finalized (check 'vscode.d.ts') or was abandoned.
2025-02-13 18:29:16.643 [info] Started local extension host with pid 32655.
2025-02-13 18:29:17.243 [warning] [REditorSupport.r]: Cannot register 'r.rpath.windows'. This property is already registered.
2025-02-13 18:29:17.243 [warning] [REditorSupport.r]: Cannot register 'r.rpath.mac'. This property is already registered.
2025-02-13 18:29:17.244 [warning] [REditorSupport.r]: Cannot register 'r.rpath.linux'. This property is already registered.
2025-02-13 18:29:19.698 [info] Settings Sync: Token updated for the account juanluserra
2025-02-13 18:29:19.939 [info] Settings Sync: Account status changed from uninitialized to available
2025-02-13 18:29:20.260 [warning] Authentication provider sqltools-driver-credentials was not declared in the Extension Manifest.
2025-02-13 18:29:22.105 [info] [perf] Render performance baseline is 69ms
2025-02-13 18:29:26.509 [warning] Authentication provider gitlab was not declared in the Extension Manifest.
2025-02-13 18:29:31.660 [error] Illegal value for lineNumber: Error: Illegal value for lineNumber
    at bf.getLineMaxColumn (vscode-file://vscode-app/usr/share/code/resources/app/out/vs/workbench/workbench.desktop.main.js:252:112)
    at ka.getBottomForLineNumber (vscode-file://vscode-app/usr/share/code/resources/app/out/vs/workbench/workbench.desktop.main.js:261:1594)
    at Q0.findScrollWidgetState (vscode-file://vscode-app/usr/share/code/resources/app/out/vs/workbench/workbench.desktop.main.js:452:33539)
    at Q0.fb (vscode-file://vscode-app/usr/share/code/resources/app/out/vs/workbench/workbench.desktop.main.js:452:32821)
    at async Q0.db (vscode-file://vscode-app/usr/share/code/resources/app/out/vs/workbench/workbench.desktop.main.js:452:32307)
2025-02-13 18:29:36.821 [error] Illegal value for lineNumber: Error: Illegal value for lineNumber
    at bf.getLineMaxColumn (vscode-file://vscode-app/usr/share/code/resources/app/out/vs/workbench/workbench.desktop.main.js:252:112)
    at ka.getBottomForLineNumber (vscode-file://vscode-app/usr/share/code/resources/app/out/vs/workbench/workbench.desktop.main.js:261:1594)
    at Q0.findScrollWidgetState (vscode-file://vscode-app/usr/share/code/resources/app/out/vs/workbench/workbench.desktop.main.js:452:33539)
    at Q0.fb (vscode-file://vscode-app/usr/share/code/resources/app/out/vs/workbench/workbench.desktop.main.js:452:32821)
    at async Q0.db (vscode-file://vscode-app/usr/share/code/resources/app/out/vs/workbench/workbench.desktop.main.js:452:32307)
2025-02-13 18:29:39.509 [error] Illegal value for lineNumber: Error: Illegal value for lineNumber
    at bf.getLineMaxColumn (vscode-file://vscode-app/usr/share/code/resources/app/out/vs/workbench/workbench.desktop.main.js:252:112)
    at ka.getBottomForLineNumber (vscode-file://vscode-app/usr/share/code/resources/app/out/vs/workbench/workbench.desktop.main.js:261:1594)
    at Q0.findScrollWidgetState (vscode-file://vscode-app/usr/share/code/resources/app/out/vs/workbench/workbench.desktop.main.js:452:33539)
    at Q0.fb (vscode-file://vscode-app/usr/share/code/resources/app/out/vs/workbench/workbench.desktop.main.js:452:32821)
    at async Q0.db (vscode-file://vscode-app/usr/share/code/resources/app/out/vs/workbench/workbench.desktop.main.js:452:32307)
2025-02-13 18:29:40.563 [error] Illegal value for lineNumber: Error: Illegal value for lineNumber
    at bf.getLineMaxColumn (vscode-file://vscode-app/usr/share/code/resources/app/out/vs/workbench/workbench.desktop.main.js:252:112)
    at ka.getBottomForLineNumber (vscode-file://vscode-app/usr/share/code/resources/app/out/vs/workbench/workbench.desktop.main.js:261:1594)
    at Q0.findScrollWidgetState (vscode-file://vscode-app/usr/share/code/resources/app/out/vs/workbench/workbench.desktop.main.js:452:33539)
    at Q0.fb (vscode-file://vscode-app/usr/share/code/resources/app/out/vs/workbench/workbench.desktop.main.js:452:32821)
    at async Q0.db (vscode-file://vscode-app/usr/share/code/resources/app/out/vs/workbench/workbench.desktop.main.js:452:32307)
2025-02-13 18:29:41.755 [error] Illegal value for lineNumber: Error: Illegal value for lineNumber
    at bf.getLineMaxColumn (vscode-file://vscode-app/usr/share/code/resources/app/out/vs/workbench/workbench.desktop.main.js:252:112)
    at ka.getBottomForLineNumber (vscode-file://vscode-app/usr/share/code/resources/app/out/vs/workbench/workbench.desktop.main.js:261:1594)
    at Q0.findScrollWidgetState (vscode-file://vscode-app/usr/share/code/resources/app/out/vs/workbench/workbench.desktop.main.js:452:33539)
    at Q0.fb (vscode-file://vscode-app/usr/share/code/resources/app/out/vs/workbench/workbench.desktop.main.js:452:32821)
    at async Q0.db (vscode-file://vscode-app/usr/share/code/resources/app/out/vs/workbench/workbench.desktop.main.js:452:32307)
2025-02-13 18:29:45.794 [error] Illegal value for lineNumber: Error: Illegal value for lineNumber
    at bf.getLineMaxColumn (vscode-file://vscode-app/usr/share/code/resources/app/out/vs/workbench/workbench.desktop.main.js:252:112)
    at ka.getBottomForLineNumber (vscode-file://vscode-app/usr/share/code/resources/app/out/vs/workbench/workbench.desktop.main.js:261:1594)
    at Q0.findScrollWidgetState (vscode-file://vscode-app/usr/share/code/resources/app/out/vs/workbench/workbench.desktop.main.js:452:33539)
    at Q0.fb (vscode-file://vscode-app/usr/share/code/resources/app/out/vs/workbench/workbench.desktop.main.js:452:32821)
    at async Q0.db (vscode-file://vscode-app/usr/share/code/resources/app/out/vs/workbench/workbench.desktop.main.js:452:32307)
2025-02-13 18:36:23.571 [error] Illegal value for lineNumber: Error: Illegal value for lineNumber
    at bf.getLineMaxColumn (vscode-file://vscode-app/usr/share/code/resources/app/out/vs/workbench/workbench.desktop.main.js:252:112)
    at ka.getBottomForLineNumber (vscode-file://vscode-app/usr/share/code/resources/app/out/vs/workbench/workbench.desktop.main.js:261:1594)
    at Q0.findScrollWidgetState (vscode-file://vscode-app/usr/share/code/resources/app/out/vs/workbench/workbench.desktop.main.js:452:33539)
    at Q0.fb (vscode-file://vscode-app/usr/share/code/resources/app/out/vs/workbench/workbench.desktop.main.js:452:32821)
    at async Q0.db (vscode-file://vscode-app/usr/share/code/resources/app/out/vs/workbench/workbench.desktop.main.js:452:32307)
2025-02-13 18:36:25.466 [error] Illegal value for lineNumber: Error: Illegal value for lineNumber
    at bf.getLineMaxColumn (vscode-file://vscode-app/usr/share/code/resources/app/out/vs/workbench/workbench.desktop.main.js:252:112)
    at ka.getBottomForLineNumber (vscode-file://vscode-app/usr/share/code/resources/app/out/vs/workbench/workbench.desktop.main.js:261:1594)
    at Q0.findScrollWidgetState (vscode-file://vscode-app/usr/share/code/resources/app/out/vs/workbench/workbench.desktop.main.js:452:33539)
    at Q0.fb (vscode-file://vscode-app/usr/share/code/resources/app/out/vs/workbench/workbench.desktop.main.js:452:32821)
    at async Q0.db (vscode-file://vscode-app/usr/share/code/resources/app/out/vs/workbench/workbench.desktop.main.js:452:32307)
2025-02-13 18:39:05.440 [error] Illegal value for lineNumber: Error: Illegal value for lineNumber
    at bf.getLineMaxColumn (vscode-file://vscode-app/usr/share/code/resources/app/out/vs/workbench/workbench.desktop.main.js:252:112)
    at ka.getBottomForLineNumber (vscode-file://vscode-app/usr/share/code/resources/app/out/vs/workbench/workbench.desktop.main.js:261:1594)
    at Q0.findScrollWidgetState (vscode-file://vscode-app/usr/share/code/resources/app/out/vs/workbench/workbench.desktop.main.js:452:33539)
    at Q0.fb (vscode-file://vscode-app/usr/share/code/resources/app/out/vs/workbench/workbench.desktop.main.js:452:32821)
    at async Q0.db (vscode-file://vscode-app/usr/share/code/resources/app/out/vs/workbench/workbench.desktop.main.js:452:32307)
2025-02-13 18:44:55.121 [error] Illegal value for lineNumber: Error: Illegal value for lineNumber
    at bf.getLineMaxColumn (vscode-file://vscode-app/usr/share/code/resources/app/out/vs/workbench/workbench.desktop.main.js:252:112)
    at ka.getBottomForLineNumber (vscode-file://vscode-app/usr/share/code/resources/app/out/vs/workbench/workbench.desktop.main.js:261:1594)
    at Q0.findScrollWidgetState (vscode-file://vscode-app/usr/share/code/resources/app/out/vs/workbench/workbench.desktop.main.js:452:33539)
    at Q0.fb (vscode-file://vscode-app/usr/share/code/resources/app/out/vs/workbench/workbench.desktop.main.js:452:32821)
    at async Q0.db (vscode-file://vscode-app/usr/share/code/resources/app/out/vs/workbench/workbench.desktop.main.js:452:32307)
2025-02-13 18:44:56.508 [error] Illegal value for lineNumber: Error: Illegal value for lineNumber
    at bf.getLineMaxColumn (vscode-file://vscode-app/usr/share/code/resources/app/out/vs/workbench/workbench.desktop.main.js:252:112)
    at ka.getBottomForLineNumber (vscode-file://vscode-app/usr/share/code/resources/app/out/vs/workbench/workbench.desktop.main.js:261:1594)
    at Q0.findScrollWidgetState (vscode-file://vscode-app/usr/share/code/resources/app/out/vs/workbench/workbench.desktop.main.js:452:33539)
    at Q0.fb (vscode-file://vscode-app/usr/share/code/resources/app/out/vs/workbench/workbench.desktop.main.js:452:32821)
    at async Q0.db (vscode-file://vscode-app/usr/share/code/resources/app/out/vs/workbench/workbench.desktop.main.js:452:32307)
2025-02-13 18:44:57.897 [error] Illegal value for lineNumber: Error: Illegal value for lineNumber
    at bf.getLineMaxColumn (vscode-file://vscode-app/usr/share/code/resources/app/out/vs/workbench/workbench.desktop.main.js:252:112)
    at ka.getBottomForLineNumber (vscode-file://vscode-app/usr/share/code/resources/app/out/vs/workbench/workbench.desktop.main.js:261:1594)
    at Q0.findScrollWidgetState (vscode-file://vscode-app/usr/share/code/resources/app/out/vs/workbench/workbench.desktop.main.js:452:33539)
    at Q0.fb (vscode-file://vscode-app/usr/share/code/resources/app/out/vs/workbench/workbench.desktop.main.js:452:32821)
    at async Q0.db (vscode-file://vscode-app/usr/share/code/resources/app/out/vs/workbench/workbench.desktop.main.js:452:32307)
2025-02-13 18:46:04.422 [error] Illegal value for lineNumber: Error: Illegal value for lineNumber
    at bf.getLineMaxColumn (vscode-file://vscode-app/usr/share/code/resources/app/out/vs/workbench/workbench.desktop.main.js:252:112)
    at ka.getBottomForLineNumber (vscode-file://vscode-app/usr/share/code/resources/app/out/vs/workbench/workbench.desktop.main.js:261:1594)
    at Q0.findScrollWidgetState (vscode-file://vscode-app/usr/share/code/resources/app/out/vs/workbench/workbench.desktop.main.js:452:33539)
    at Q0.fb (vscode-file://vscode-app/usr/share/code/resources/app/out/vs/workbench/workbench.desktop.main.js:452:32821)
    at async Q0.db (vscode-file://vscode-app/usr/share/code/resources/app/out/vs/workbench/workbench.desktop.main.js:452:32307)
2025-02-13 18:46:13.735 [error] Illegal value for lineNumber: Error: Illegal value for lineNumber
    at bf.getLineMaxColumn (vscode-file://vscode-app/usr/share/code/resources/app/out/vs/workbench/workbench.desktop.main.js:252:112)
    at ka.getBottomForLineNumber (vscode-file://vscode-app/usr/share/code/resources/app/out/vs/workbench/workbench.desktop.main.js:261:1594)
    at Q0.findScrollWidgetState (vscode-file://vscode-app/usr/share/code/resources/app/out/vs/workbench/workbench.desktop.main.js:452:33539)
    at Q0.fb (vscode-file://vscode-app/usr/share/code/resources/app/out/vs/workbench/workbench.desktop.main.js:452:32821)
    at async Q0.db (vscode-file://vscode-app/usr/share/code/resources/app/out/vs/workbench/workbench.desktop.main.js:452:32307)
2025-02-13 18:46:17.041 [error] Illegal value for lineNumber: Error: Illegal value for lineNumber
    at bf.getLineMaxColumn (vscode-file://vscode-app/usr/share/code/resources/app/out/vs/workbench/workbench.desktop.main.js:252:112)
    at ka.getBottomForLineNumber (vscode-file://vscode-app/usr/share/code/resources/app/out/vs/workbench/workbench.desktop.main.js:261:1594)
    at Q0.findScrollWidgetState (vscode-file://vscode-app/usr/share/code/resources/app/out/vs/workbench/workbench.desktop.main.js:452:33539)
    at Q0.fb (vscode-file://vscode-app/usr/share/code/resources/app/out/vs/workbench/workbench.desktop.main.js:452:32821)
    at async Q0.db (vscode-file://vscode-app/usr/share/code/resources/app/out/vs/workbench/workbench.desktop.main.js:452:32307)
2025-02-13 18:46:28.233 [error] Illegal value for lineNumber: Error: Illegal value for lineNumber
    at bf.getLineMaxColumn (vscode-file://vscode-app/usr/share/code/resources/app/out/vs/workbench/workbench.desktop.main.js:252:112)
    at ka.getBottomForLineNumber (vscode-file://vscode-app/usr/share/code/resources/app/out/vs/workbench/workbench.desktop.main.js:261:1594)
    at Q0.findScrollWidgetState (vscode-file://vscode-app/usr/share/code/resources/app/out/vs/workbench/workbench.desktop.main.js:452:33539)
    at Q0.fb (vscode-file://vscode-app/usr/share/code/resources/app/out/vs/workbench/workbench.desktop.main.js:452:32821)
    at async Q0.db (vscode-file://vscode-app/usr/share/code/resources/app/out/vs/workbench/workbench.desktop.main.js:452:32307)
2025-02-13 18:46:30.492 [error] Illegal value for lineNumber: Error: Illegal value for lineNumber
    at bf.getLineMaxColumn (vscode-file://vscode-app/usr/share/code/resources/app/out/vs/workbench/workbench.desktop.main.js:252:112)
    at ka.getBottomForLineNumber (vscode-file://vscode-app/usr/share/code/resources/app/out/vs/workbench/workbench.desktop.main.js:261:1594)
    at Q0.findScrollWidgetState (vscode-file://vscode-app/usr/share/code/resources/app/out/vs/workbench/workbench.desktop.main.js:452:33539)
    at Q0.fb (vscode-file://vscode-app/usr/share/code/resources/app/out/vs/workbench/workbench.desktop.main.js:452:32821)
    at async Q0.db (vscode-file://vscode-app/usr/share/code/resources/app/out/vs/workbench/workbench.desktop.main.js:452:32307)
2025-02-13 18:46:32.662 [error] Illegal value for lineNumber: Error: Illegal value for lineNumber
    at bf.getLineMaxColumn (vscode-file://vscode-app/usr/share/code/resources/app/out/vs/workbench/workbench.desktop.main.js:252:112)
    at ka.getBottomForLineNumber (vscode-file://vscode-app/usr/share/code/resources/app/out/vs/workbench/workbench.desktop.main.js:261:1594)
    at Q0.findScrollWidgetState (vscode-file://vscode-app/usr/share/code/resources/app/out/vs/workbench/workbench.desktop.main.js:452:33539)
    at Q0.fb (vscode-file://vscode-app/usr/share/code/resources/app/out/vs/workbench/workbench.desktop.main.js:452:32821)
    at async Q0.db (vscode-file://vscode-app/usr/share/code/resources/app/out/vs/workbench/workbench.desktop.main.js:452:32307)
2025-02-13 18:46:33.806 [error] Illegal value for lineNumber: Error: Illegal value for lineNumber
    at bf.getLineMaxColumn (vscode-file://vscode-app/usr/share/code/resources/app/out/vs/workbench/workbench.desktop.main.js:252:112)
    at ka.getBottomForLineNumber (vscode-file://vscode-app/usr/share/code/resources/app/out/vs/workbench/workbench.desktop.main.js:261:1594)
    at Q0.findScrollWidgetState (vscode-file://vscode-app/usr/share/code/resources/app/out/vs/workbench/workbench.desktop.main.js:452:33539)
    at Q0.fb (vscode-file://vscode-app/usr/share/code/resources/app/out/vs/workbench/workbench.desktop.main.js:452:32821)
    at async Q0.db (vscode-file://vscode-app/usr/share/code/resources/app/out/vs/workbench/workbench.desktop.main.js:452:32307)
2025-02-13 18:46:36.399 [error] Illegal value for lineNumber: Error: Illegal value for lineNumber
    at bf.getLineMaxColumn (vscode-file://vscode-app/usr/share/code/resources/app/out/vs/workbench/workbench.desktop.main.js:252:112)
    at ka.getBottomForLineNumber (vscode-file://vscode-app/usr/share/code/resources/app/out/vs/workbench/workbench.desktop.main.js:261:1594)
    at Q0.findScrollWidgetState (vscode-file://vscode-app/usr/share/code/resources/app/out/vs/workbench/workbench.desktop.main.js:452:33539)
    at Q0.fb (vscode-file://vscode-app/usr/share/code/resources/app/out/vs/workbench/workbench.desktop.main.js:452:32821)
    at async Q0.db (vscode-file://vscode-app/usr/share/code/resources/app/out/vs/workbench/workbench.desktop.main.js:452:32307)
2025-02-13 18:46:37.409 [error] Illegal value for lineNumber: Error: Illegal value for lineNumber
    at bf.getLineMaxColumn (vscode-file://vscode-app/usr/share/code/resources/app/out/vs/workbench/workbench.desktop.main.js:252:112)
    at ka.getBottomForLineNumber (vscode-file://vscode-app/usr/share/code/resources/app/out/vs/workbench/workbench.desktop.main.js:261:1594)
    at Q0.findScrollWidgetState (vscode-file://vscode-app/usr/share/code/resources/app/out/vs/workbench/workbench.desktop.main.js:452:33539)
    at Q0.fb (vscode-file://vscode-app/usr/share/code/resources/app/out/vs/workbench/workbench.desktop.main.js:452:32821)
    at async Q0.db (vscode-file://vscode-app/usr/share/code/resources/app/out/vs/workbench/workbench.desktop.main.js:452:32307)
2025-02-13 18:46:38.490 [error] Illegal value for lineNumber: Error: Illegal value for lineNumber
    at bf.getLineMaxColumn (vscode-file://vscode-app/usr/share/code/resources/app/out/vs/workbench/workbench.desktop.main.js:252:112)
    at ka.getBottomForLineNumber (vscode-file://vscode-app/usr/share/code/resources/app/out/vs/workbench/workbench.desktop.main.js:261:1594)
    at Q0.findScrollWidgetState (vscode-file://vscode-app/usr/share/code/resources/app/out/vs/workbench/workbench.desktop.main.js:452:33539)
    at Q0.fb (vscode-file://vscode-app/usr/share/code/resources/app/out/vs/workbench/workbench.desktop.main.js:452:32821)
    at async Q0.db (vscode-file://vscode-app/usr/share/code/resources/app/out/vs/workbench/workbench.desktop.main.js:452:32307)
2025-02-13 18:46:44.403 [error] Illegal value for lineNumber: Error: Illegal value for lineNumber
    at bf.getLineMaxColumn (vscode-file://vscode-app/usr/share/code/resources/app/out/vs/workbench/workbench.desktop.main.js:252:112)
    at ka.getBottomForLineNumber (vscode-file://vscode-app/usr/share/code/resources/app/out/vs/workbench/workbench.desktop.main.js:261:1594)
    at Q0.findScrollWidgetState (vscode-file://vscode-app/usr/share/code/resources/app/out/vs/workbench/workbench.desktop.main.js:452:33539)
    at Q0.fb (vscode-file://vscode-app/usr/share/code/resources/app/out/vs/workbench/workbench.desktop.main.js:452:32821)
    at async Q0.db (vscode-file://vscode-app/usr/share/code/resources/app/out/vs/workbench/workbench.desktop.main.js:452:32307)
2025-02-13 18:49:02.462 [error] Illegal value for lineNumber: Error: Illegal value for lineNumber
    at bf.getLineMaxColumn (vscode-file://vscode-app/usr/share/code/resources/app/out/vs/workbench/workbench.desktop.main.js:252:112)
    at ka.getBottomForLineNumber (vscode-file://vscode-app/usr/share/code/resources/app/out/vs/workbench/workbench.desktop.main.js:261:1594)
    at Q0.findScrollWidgetState (vscode-file://vscode-app/usr/share/code/resources/app/out/vs/workbench/workbench.desktop.main.js:452:33539)
    at Q0.fb (vscode-file://vscode-app/usr/share/code/resources/app/out/vs/workbench/workbench.desktop.main.js:452:32821)
    at async Q0.db (vscode-file://vscode-app/usr/share/code/resources/app/out/vs/workbench/workbench.desktop.main.js:452:32307)
