[1739795142529] INFO  (ext): SQLTools is starting
[1739795142532] INFO  (ext): initializing language client...
[1739795142535] INFO  (ext): Registering client for languages [{"scheme":"sqltools"},{"language":"sql","scheme":"untitled"},{"language":"sql","scheme":"file"},{"language":"sql","scheme":"sqltools"}]
    ns: "lc"
[1739795142546] INFO  (ext): loading plugins...
[1739795142547] INFO  (ext): registering Formatter Plugin.
    plugin: {
      "name": "Formatter Plugin"
    }
[1739795142548] INFO  (ext): registering Connection Manager Plugin.
    plugin: {
      "name": "Connection Manager Plugin"
    }
[1739795142548] INFO  (ext): registering CodeLens Plugin.
    plugin: {
      "name": "CodeLens Plugin",
      "registeredLanguages": []
    }
[1739795142550] INFO  (ext): registering Dependency Manager Plugin.
    plugin: {
      "name": "Dependency Manager Plugin",
      "installingDrivers": []
    }
[1739795142555] INFO  (ext): Connection explorer changed. Will be updated.
    ns: "conn-man:explorer"
[1739795142555] INFO  (ext): registering History Manager Plugin.
    plugin: {
      "name": "History Manager Plugin"
    }
[1739795142556] INFO  (ext): registering Bookmarks Manager Plugin.
    plugin: {
      "name": "Bookmarks Manager Plugin"
    }
[1739795142559] INFO  (ext): registering Authentication Provider Plugin.
    plugin: {
      "name": "Authentication Provider Plugin",
      "isRegistered": false
    }
[1739795142559] INFO  (ext): registering Object Drop-in Provider (plugin).
    plugin: {
      "type": "plugin",
      "name": "Object Drop-in Provider",
      "isRegistered": false
    }
[1739795142563] INFO  (ext): SQLTools activation completed. 31.888153 ms
[1739795142563] INFO  (ext): Formatter Plugin registered!
[1739795142563] INFO  (ext): CodeLens Plugin registered!
[1739795142563] INFO  (ext): Dependency Manager Plugin registered!
[1739795142564] INFO  (ext): Connection Manager Plugin registered!
[1739795142564] INFO  (ext): History Manager Plugin registered!
[1739795142564] INFO  (ext): Bookmarks Manager Plugin registered!
[1739795142564] INFO  (ext): Authentication Provider Plugin registered!
[1739795142564] INFO  (ext): Object Drop-in Provider (plugin) registered!
[1739795143050] INFO  (ls): SQLTools Server started!
===============================
Using node runtime?: no
ExecPath: /usr/share/code/code 
===============================
[1739795143073] INFO  (ext): LanguageClient ready
    ns: "lc"
[1739795143068] INFO  (ls): Initialized with node version:v20.18.1
[1739795143817] INFO  (ext): EXECUTING COMMAND => sqltools.refreshTree
[1739795143817] INFO  (ext): Connection explorer changed. Will be updated.
    ns: "conn-man:explorer"
[1739795147417] INFO  (ext): Connection explorer changed. Will be updated.
    ns: "conn-man:explorer"
[1739795147796] INFO  (ext): Connection explorer changed. Will be updated.
    ns: "conn-man:explorer"
[1739795152907] INFO  (ext): Connection explorer changed. Will be updated.
    ns: "conn-man:explorer"
[1739795202160] INFO  (ext): Connection explorer changed. Will be updated.
    ns: "conn-man:explorer"
