2025-02-13 18:52:47.950 [info] Reading sessions from keychain...
2025-02-13 18:52:47.950 [info] Getting sessions for all scopes...
2025-02-13 18:52:47.950 [info] Getting sessions for all scopes...
2025-02-13 18:52:47.950 [info] Getting sessions for all scopes...
2025-02-13 18:52:47.950 [info] Got stored sessions!
2025-02-13 18:52:47.950 [info] Got 2 verified sessions.
2025-02-13 18:52:47.950 [info] Got 2 sessions for ...
2025-02-13 18:52:47.950 [info] Got 2 sessions for ...
2025-02-13 18:52:47.950 [info] Got 2 sessions for ...
2025-02-13 18:52:47.950 [info] Getting sessions for all scopes...
2025-02-13 18:52:47.950 [info] Got 2 sessions for ...
2025-02-13 18:52:47.950 [info] Getting sessions for all scopes...
2025-02-13 18:52:47.950 [info] Got 2 sessions for ...
2025-02-13 18:52:47.950 [info] Getting sessions for all scopes...
2025-02-13 18:52:47.950 [info] Got 2 sessions for ...
2025-02-13 18:52:47.950 [info] Getting sessions for all scopes...
2025-02-13 18:52:47.950 [info] Got 2 sessions for ...
2025-02-13 18:52:47.950 [info] Getting sessions for all scopes...
2025-02-13 18:52:47.950 [info] Got 2 sessions for ...
2025-02-13 18:52:47.950 [info] Getting sessions for all scopes...
2025-02-13 18:52:47.950 [info] Got 2 sessions for ...
2025-02-13 18:52:47.950 [info] Getting sessions for user:email...
2025-02-13 18:52:47.950 [info] Got 1 sessions for user:email...
2025-02-13 18:52:51.805 [info] Getting sessions for all scopes...
2025-02-13 18:52:51.805 [info] Got 2 sessions for ...
2025-02-13 18:52:52.324 [info] Getting sessions for read:user,repo,user:email...
2025-02-13 18:52:52.324 [info] Got 0 sessions for read:user,repo,user:email...
2025-02-13 18:52:52.324 [info] Getting sessions for read:user,repo,user:email,workflow...
2025-02-13 18:52:52.324 [info] Got 1 sessions for read:user,repo,user:email,workflow...
2025-02-13 18:52:52.418 [info] Getting sessions for all scopes...
2025-02-13 18:52:52.418 [info] Got 2 sessions for ...
2025-02-13 18:52:52.418 [info] Getting sessions for all scopes...
2025-02-13 18:52:52.418 [info] Got 2 sessions for ...
2025-02-13 18:52:52.419 [info] Getting sessions for project,read:org,read:user,repo,user:email,workflow...
2025-02-13 18:52:52.419 [info] Got 0 sessions for project,read:org,read:user,repo,user:email,workflow...
2025-02-13 18:52:52.636 [info] Getting sessions for read:user,repo,user:email,workflow...
2025-02-13 18:52:52.636 [info] Got 1 sessions for read:user,repo,user:email,workflow...
2025-02-13 18:52:52.636 [info] Getting sessions for read:user,repo,user:email,workflow...
2025-02-13 18:52:52.636 [info] Got 1 sessions for read:user,repo,user:email,workflow...
2025-02-13 18:52:54.460 [info] Getting sessions for all scopes...
2025-02-13 18:52:54.460 [info] Got 2 sessions for ...
2025-02-13 18:52:55.104 [info] Getting sessions for read:user,repo,user:email...
2025-02-13 18:52:55.104 [info] Got 0 sessions for read:user,repo,user:email...
2025-02-13 18:52:55.232 [info] Getting sessions for read:user,repo,user:email,workflow...
2025-02-13 18:52:55.232 [info] Got 1 sessions for read:user,repo,user:email,workflow...
2025-02-13 18:52:55.233 [info] Getting sessions for read:user,repo,user:email,workflow...
2025-02-13 18:52:55.233 [info] Got 1 sessions for read:user,repo,user:email,workflow...
2025-02-13 18:52:55.749 [info] Getting sessions for all scopes...
2025-02-13 18:52:55.749 [info] Got 2 sessions for ...
2025-02-13 18:52:56.254 [info] Getting sessions for read:user,repo,user:email,workflow...
2025-02-13 18:52:56.254 [info] Got 1 sessions for read:user,repo,user:email,workflow...
2025-02-13 18:52:56.602 [info] Getting sessions for read:user,repo,user:email,workflow...
2025-02-13 18:52:56.602 [info] Got 1 sessions for read:user,repo,user:email,workflow...
2025-02-13 18:52:56.602 [info] Getting sessions for all scopes...
2025-02-13 18:52:56.603 [info] Got 2 sessions for ...
2025-02-13 18:52:56.688 [info] Getting sessions for read:user,repo,user:email,workflow...
2025-02-13 18:52:56.688 [info] Got 1 sessions for read:user,repo,user:email,workflow...
2025-02-13 18:52:56.912 [info] Getting sessions for all scopes...
2025-02-13 18:52:56.912 [info] Got 2 sessions for ...
2025-02-13 18:52:56.913 [info] Getting sessions for all scopes...
2025-02-13 18:52:56.913 [info] Got 2 sessions for ...
2025-02-13 18:52:56.927 [info] Getting sessions for read:user,repo,user:email,workflow...
2025-02-13 18:52:56.927 [info] Got 1 sessions for read:user,repo,user:email,workflow...
2025-02-13 18:52:56.930 [info] Getting sessions for all scopes...
2025-02-13 18:52:56.930 [info] Got 2 sessions for ...
2025-02-13 18:52:56.933 [info] Getting sessions for read:user,repo,user:email,workflow...
2025-02-13 18:52:56.933 [info] Got 1 sessions for read:user,repo,user:email,workflow...
2025-02-13 18:52:57.089 [info] Getting sessions for all scopes...
2025-02-13 18:52:57.089 [info] Got 2 sessions for ...
2025-02-13 18:52:57.126 [info] Getting sessions for read:user,repo,user:email,workflow...
2025-02-13 18:52:57.126 [info] Got 1 sessions for read:user,repo,user:email,workflow...
2025-02-13 18:52:57.790 [info] Getting sessions for all scopes...
2025-02-13 18:52:57.790 [info] Got 2 sessions for ...
2025-02-13 18:52:57.792 [info] Getting sessions for read:user,repo,user:email,workflow...
2025-02-13 18:52:57.792 [info] Got 1 sessions for read:user,repo,user:email,workflow...
