[1739382013993] INFO  (ext): SQLTools is starting
[1739382013997] INFO  (ext): initializing language client...
[1739382014000] INFO  (ext): Registering client for languages [{"scheme":"sqltools"},{"language":"sql","scheme":"untitled"},{"language":"sql","scheme":"file"},{"language":"sql","scheme":"sqltools"}]
    ns: "lc"
[1739382014015] INFO  (ext): loading plugins...
[1739382014015] INFO  (ext): registering Formatter Plugin.
    plugin: {
      "name": "Formatter Plugin"
    }
[1739382014017] INFO  (ext): registering Connection Manager Plugin.
    plugin: {
      "name": "Connection Manager Plugin"
    }
[1739382014017] INFO  (ext): registering CodeLens Plugin.
    plugin: {
      "name": "CodeLens Plugin",
      "registeredLanguages": []
    }
[1739382014021] INFO  (ext): registering Dependency Manager Plugin.
    plugin: {
      "name": "Dependency Manager Plugin",
      "installingDrivers": []
    }
[1739382014026] INFO  (ext): Connection explorer changed. Will be updated.
    ns: "conn-man:explorer"
[1739382014027] INFO  (ext): registering History Manager Plugin.
    plugin: {
      "name": "History Manager Plugin"
    }
[1739382014029] INFO  (ext): registering Bookmarks Manager Plugin.
    plugin: {
      "name": "Bookmarks Manager Plugin"
    }
[1739382014030] INFO  (ext): registering Authentication Provider Plugin.
    plugin: {
      "name": "Authentication Provider Plugin",
      "isRegistered": false
    }
[1739382014031] INFO  (ext): registering Object Drop-in Provider (plugin).
    plugin: {
      "type": "plugin",
      "name": "Object Drop-in Provider",
      "isRegistered": false
    }
[1739382014032] INFO  (ext): SQLTools activation completed. 38.957644 ms
[1739382014033] INFO  (ext): Formatter Plugin registered!
[1739382014033] INFO  (ext): CodeLens Plugin registered!
[1739382014033] INFO  (ext): Dependency Manager Plugin registered!
[1739382014033] INFO  (ext): Connection Manager Plugin registered!
[1739382014033] INFO  (ext): History Manager Plugin registered!
[1739382014033] INFO  (ext): Bookmarks Manager Plugin registered!
[1739382014033] INFO  (ext): Authentication Provider Plugin registered!
[1739382014033] INFO  (ext): Object Drop-in Provider (plugin) registered!
[1739382014340] INFO  (ls): SQLTools Server started!
===============================
Using node runtime?: no
ExecPath: /usr/share/code/code 
===============================
[1739382014359] INFO  (ext): LanguageClient ready
    ns: "lc"
[1739382014353] INFO  (ls): Initialized with node version:v20.18.1
[1739382014752] INFO  (ext): Connection explorer changed. Will be updated.
    ns: "conn-man:explorer"
[1739382015194] INFO  (ext): EXECUTING COMMAND => sqltools.refreshTree
[1739382015194] INFO  (ext): Connection explorer changed. Will be updated.
    ns: "conn-man:explorer"
[1739382021488] INFO  (ext): Connection explorer changed. Will be updated.
    ns: "conn-man:explorer"
[1739382021612] INFO  (ext): Connection explorer changed. Will be updated.
    ns: "conn-man:explorer"
[1739382028469] INFO  (ext): Connection explorer changed. Will be updated.
    ns: "conn-man:explorer"
[1739382031529] INFO  (ext): Connection explorer changed. Will be updated.
    ns: "conn-man:explorer"
[1739382031799] INFO  (ext): Connection explorer changed. Will be updated.
    ns: "conn-man:explorer"
