2025-02-13 18:29:27.184 [info] [main] Log level: Info
2025-02-13 18:29:27.184 [info] [main] Validating found git in: "git"
2025-02-13 18:29:27.184 [info] [main] Using git "2.48.1" from "git"
2025-02-13 18:29:27.184 [info] [Model][doInitialScan] Initial repository scan started
2025-02-13 18:29:27.184 [info] > git rev-parse --show-toplevel [3376ms]
2025-02-13 18:29:27.184 [info] > git rev-parse --git-dir --git-common-dir [299ms]
2025-02-13 18:29:27.184 [info] [Model][openRepository] Opened repository: /home/juanluis/git-repositories/TFM-BigData
2025-02-13 18:29:27.184 [info] > git rev-parse --show-toplevel [42ms]
2025-02-13 18:29:27.184 [info] > git config --get commit.template [71ms]
2025-02-13 18:29:27.380 [info] > git rev-parse --show-toplevel [163ms]
2025-02-13 18:29:27.643 [info] > git for-each-ref --format=%(refname)%00%(upstream:short)%00%(objectname)%00%(upstream:track)%00%(upstream:remotename)%00%(upstream:remoteref) refs/heads/main refs/remotes/main [357ms]
2025-02-13 18:29:27.688 [info] > git check-ignore -v -z --stdin [17ms]
2025-02-13 18:29:27.711 [info] > git rev-parse --show-toplevel [182ms]
2025-02-13 18:29:30.415 [info] > git rev-parse --show-toplevel [2596ms]
2025-02-13 18:29:31.107 [info] > git status -z -uall [548ms]
2025-02-13 18:29:31.108 [info] > git rev-parse --show-toplevel [510ms]
2025-02-13 18:29:31.108 [info] > git for-each-ref --sort -committerdate --format %(refname) %(objectname) %(*objectname) [531ms]
2025-02-13 18:29:31.302 [info] > git for-each-ref --format=%(refname)%00%(upstream:short)%00%(objectname)%00%(upstream:track)%00%(upstream:remotename)%00%(upstream:remoteref) refs/heads/main refs/remotes/main [171ms]
2025-02-13 18:29:31.670 [info] > git config --get --local branch.main.vscode-merge-base [348ms]
2025-02-13 18:29:31.741 [info] > git config --get commit.template [499ms]
2025-02-13 18:29:31.741 [info] > git rev-parse --show-toplevel [521ms]
2025-02-13 18:29:31.805 [info] > git for-each-ref --format=%(refname)%00%(upstream:short)%00%(objectname)%00%(upstream:track)%00%(upstream:remotename)%00%(upstream:remoteref) refs/heads/origin/main refs/remotes/origin/main [118ms]
2025-02-13 18:29:31.914 [info] > git merge-base refs/heads/main refs/remotes/origin/main [91ms]
2025-02-13 18:29:31.932 [info] > git rev-parse --show-toplevel [134ms]
2025-02-13 18:29:32.115 [info] > git diff --name-status -z --diff-filter=ADMR a932a8b6b1236aaa63f74a23d601b1bac1f38e0e...refs/remotes/origin/main [182ms]
2025-02-13 18:29:32.116 [info] > git for-each-ref --format=%(refname)%00%(upstream:short)%00%(objectname)%00%(upstream:track)%00%(upstream:remotename)%00%(upstream:remoteref) refs/heads/main refs/remotes/main [224ms]
2025-02-13 18:29:32.140 [info] > git rev-parse --show-toplevel [31ms]
2025-02-13 18:29:32.142 [info] [Model][doInitialScan] Initial repository scan completed - repositories (1), closed repositories (0), parent repositories (0), unsafe repositories (0)
2025-02-13 18:29:32.244 [info] > git show --textconv :apuntes/ApuntesLennard.tex [81ms]
2025-02-13 18:29:32.246 [info] > git ls-files --stage -- /home/juanluis/git-repositories/TFM-BigData/apuntes/ApuntesLennard.tex [66ms]
2025-02-13 18:29:32.322 [info] > git cat-file -s 6fc981f4691ddf8d18151c87fb72b9076e2b2d4e [55ms]
2025-02-13 18:29:32.391 [info] > git rev-parse --show-toplevel [77ms]
2025-02-13 18:29:32.418 [info] > git status -z -uall [70ms]
2025-02-13 18:29:32.419 [info] > git for-each-ref --sort -committerdate --format %(refname) %(objectname) %(*objectname) [50ms]
2025-02-13 18:29:32.863 [info] > git config --get commit.template [404ms]
2025-02-13 18:29:32.964 [info] > git for-each-ref --format=%(refname)%00%(upstream:short)%00%(objectname)%00%(upstream:track)%00%(upstream:remotename)%00%(upstream:remoteref) refs/heads/main refs/remotes/main [32ms]
2025-02-13 18:29:32.965 [info] > git rev-parse --show-toplevel [2ms]
2025-02-13 18:29:33.008 [info] > git status -z -uall [20ms]
2025-02-13 18:29:33.009 [info] > git for-each-ref --sort -committerdate --format %(refname) %(objectname) %(*objectname) [3ms]
2025-02-13 18:29:33.284 [info] > git config --get --local branch.main.github-pr-owner-number [166ms]
2025-02-13 18:29:33.284 [warning] [Git][config] git config failed: Failed to execute git
2025-02-13 18:29:33.593 [info] > git rev-parse --show-toplevel [38ms]
2025-02-13 18:29:33.597 [info] > git blame --root --incremental a932a8b6b1236aaa63f74a23d601b1bac1f38e0e -- /home/juanluis/git-repositories/TFM-BigData/apuntes/ApuntesLennard.tex [10ms]
2025-02-13 18:46:18.393 [info] > git config --get commit.template [21ms]
2025-02-13 18:46:18.394 [info] > git for-each-ref --format=%(refname)%00%(upstream:short)%00%(objectname)%00%(upstream:track)%00%(upstream:remotename)%00%(upstream:remoteref) refs/heads/main refs/remotes/main [3ms]
2025-02-13 18:46:18.438 [info] > git status -z -uall [25ms]
2025-02-13 18:46:18.440 [info] > git for-each-ref --sort -committerdate --format %(refname) %(objectname) %(*objectname) [4ms]
2025-02-13 18:46:18.965 [info] > git rev-parse --show-toplevel [2ms]
2025-02-13 18:46:23.488 [info] > git config --get commit.template [22ms]
2025-02-13 18:46:23.489 [info] > git for-each-ref --format=%(refname)%00%(upstream:short)%00%(objectname)%00%(upstream:track)%00%(upstream:remotename)%00%(upstream:remoteref) refs/heads/main refs/remotes/main [2ms]
2025-02-13 18:46:23.524 [info] > git status -z -uall [18ms]
2025-02-13 18:46:23.526 [info] > git for-each-ref --sort -committerdate --format %(refname) %(objectname) %(*objectname) [3ms]
2025-02-13 18:46:24.043 [info] > git rev-parse --show-toplevel [1ms]
2025-02-13 18:46:43.811 [info] > git config --get commit.template [20ms]
2025-02-13 18:46:43.813 [info] > git for-each-ref --format=%(refname)%00%(upstream:short)%00%(objectname)%00%(upstream:track)%00%(upstream:remotename)%00%(upstream:remoteref) refs/heads/main refs/remotes/main [2ms]
2025-02-13 18:46:43.850 [info] > git status -z -uall [21ms]
2025-02-13 18:46:43.852 [info] > git for-each-ref --sort -committerdate --format %(refname) %(objectname) %(*objectname) [3ms]
2025-02-13 18:46:44.373 [info] > git rev-parse --show-toplevel [1ms]
2025-02-13 18:49:04.845 [info] > git config --get commit.template [19ms]
2025-02-13 18:49:04.847 [info] > git for-each-ref --format=%(refname)%00%(upstream:short)%00%(objectname)%00%(upstream:track)%00%(upstream:remotename)%00%(upstream:remoteref) refs/heads/main refs/remotes/main [1ms]
2025-02-13 18:49:04.881 [info] > git status -z -uall [18ms]
2025-02-13 18:49:04.882 [info] > git for-each-ref --sort -committerdate --format %(refname) %(objectname) %(*objectname) [2ms]
2025-02-13 18:49:05.402 [info] > git rev-parse --show-toplevel [1ms]
