[1739637932048] INFO  (ext): SQLTools is starting
[1739637932051] INFO  (ext): initializing language client...
[1739637932053] INFO  (ext): Registering client for languages [{"scheme":"sqltools"},{"language":"sql","scheme":"untitled"},{"language":"sql","scheme":"file"},{"language":"sql","scheme":"sqltools"}]
    ns: "lc"
[1739637932062] INFO  (ext): loading plugins...
[1739637932063] INFO  (ext): registering Formatter Plugin.
    plugin: {
      "name": "Formatter Plugin"
    }
[1739637932064] INFO  (ext): registering Connection Manager Plugin.
    plugin: {
      "name": "Connection Manager Plugin"
    }
[1739637932064] INFO  (ext): registering CodeLens Plugin.
    plugin: {
      "name": "CodeLens Plugin",
      "registeredLanguages": []
    }
[1739637932066] INFO  (ext): registering Dependency Manager Plugin.
    plugin: {
      "name": "Dependency Manager Plugin",
      "installingDrivers": []
    }
[1739637932069] INFO  (ext): Connection explorer changed. Will be updated.
    ns: "conn-man:explorer"
[1739637932070] INFO  (ext): registering History Manager Plugin.
    plugin: {
      "name": "History Manager Plugin"
    }
[1739637932071] INFO  (ext): registering Bookmarks Manager Plugin.
    plugin: {
      "name": "Bookmarks Manager Plugin"
    }
[1739637932072] INFO  (ext): registering Authentication Provider Plugin.
    plugin: {
      "name": "Authentication Provider Plugin",
      "isRegistered": false
    }
[1739637932072] INFO  (ext): registering Object Drop-in Provider (plugin).
    plugin: {
      "type": "plugin",
      "name": "Object Drop-in Provider",
      "isRegistered": false
    }
[1739637932075] INFO  (ext): SQLTools activation completed. 25.979446 ms
[1739637932075] INFO  (ext): Formatter Plugin registered!
[1739637932075] INFO  (ext): CodeLens Plugin registered!
[1739637932075] INFO  (ext): Dependency Manager Plugin registered!
[1739637932076] INFO  (ext): Connection Manager Plugin registered!
[1739637932076] INFO  (ext): History Manager Plugin registered!
[1739637932076] INFO  (ext): Bookmarks Manager Plugin registered!
[1739637932076] INFO  (ext): Authentication Provider Plugin registered!
[1739637932076] INFO  (ext): Object Drop-in Provider (plugin) registered!
[1739637933108] INFO  (ext): EXECUTING COMMAND => sqltools.refreshTree
[1739637933108] INFO  (ext): Connection explorer changed. Will be updated.
    ns: "conn-man:explorer"
[1739637933426] INFO  (ls): SQLTools Server started!
===============================
Using node runtime?: no
ExecPath: /usr/share/code/code 
===============================
[1739637933545] INFO  (ext): LanguageClient ready
    ns: "lc"
[1739637933543] INFO  (ls): Initialized with node version:v20.18.1
[1739637934851] INFO  (ext): Connection explorer changed. Will be updated.
    ns: "conn-man:explorer"
[1739637937075] INFO  (ext): Connection explorer changed. Will be updated.
    ns: "conn-man:explorer"
