2025-02-15T17:45:36:376 [info]: PacProxyAgent not found
2025-02-15T17:45:40:994 [warning]: There is no GitLab account available with access to suggestions
2025-02-15T17:45:41:244 [info]: handleRegisterCapability: {
      "id": "cfa6e787-dac9-45c9-b9ce-c32bbe7b2e45",
      "method": "workspace/didChangeWatchedFiles",
      "registerOptions": {
        "watchers": [
          {
            "globPattern": "**/*"
          }
        ]
      }
    }
2025-02-15T17:45:42:207 [info]: Extracted urls: []
2025-02-15T17:45:42:207 [warning]: GitExtensionWrapper is missing repository for file:///home/juanluis/git-repositories/TFM-BigData
2025-02-15T17:45:42:211 [warning]: GitExtensionWrapper is missing repository for file:///home/juanluis/git-repositories/TFM-BigData
2025-02-15T17:45:42:211 [warning]: GitExtensionWrapper is missing repository for file:///home/juanluis/git-repositories/TFM-BigData
2025-02-15T17:45:42:211 [warning]: GitExtensionWrapper is missing repository for file:///home/juanluis/git-repositories/TFM-BigData
2025-02-15T17:45:42:211 [info]: Found 0 projects for urls: []
2025-02-15T17:45:42:212 [warning]: There is no GitLab account available with access to suggestions
2025-02-15T17:45:42:915 [warning]: GitExtensionWrapper is missing repository for file:///home/juanluis/git-repositories/TFM-BigData
2025-02-15T17:45:43:040 [info]: Extracted urls: [
      "https://github.com/juanluserra/TFM-BigData.git"
    ]
2025-02-15T17:45:43:042 [info]: Found 0 projects for urls: [
      "https://github.com/juanluserra/TFM-BigData.git"
    ]
2025-02-15T17:45:43:042 [warning]: There is no GitLab account available with access to suggestions
2025-02-15T19:00:19:362 [info]: Extracted urls: []
2025-02-15T19:00:20:731 [info]: Found 0 projects for urls: []
