2025-02-17 14:06:53.556 [info] [main] Log level: Info
2025-02-17 14:06:53.556 [info] [main] Validating found git in: "git"
2025-02-17 14:06:53.556 [info] [main] Using git "2.48.1" from "git"
2025-02-17 14:06:53.556 [info] [Model][doInitialScan] Initial repository scan started
2025-02-17 14:06:53.556 [info] > git rev-parse --show-toplevel [3ms]
2025-02-17 14:06:53.557 [info] > git rev-parse --git-dir --git-common-dir [3ms]
2025-02-17 14:06:53.576 [info] [Model][openRepository] Opened repository: /home/juanluis/git-repositories/TFM-BigData
2025-02-17 14:06:53.607 [info] > git rev-parse --show-toplevel [9ms]
2025-02-17 14:06:53.610 [info] > git config --get commit.template [17ms]
2025-02-17 14:07:00.274 [info] > git rev-parse --show-toplevel [4331ms]
2025-02-17 14:07:00.670 [info] > git check-ignore -v -z --stdin [376ms]
2025-02-17 14:07:00.672 [info] > git for-each-ref --format=%(refname)%00%(upstream:short)%00%(objectname)%00%(upstream:track)%00%(upstream:remotename)%00%(upstream:remoteref) refs/heads/main refs/remotes/main [444ms]
2025-02-17 14:07:00.984 [info] > git rev-parse --show-toplevel [344ms]
2025-02-17 14:07:01.582 [info] > git rev-parse --show-toplevel [55ms]
2025-02-17 14:07:01.764 [info] > git status -z -uall [109ms]
2025-02-17 14:07:01.765 [info] > git rev-parse --show-toplevel [62ms]
2025-02-17 14:07:01.766 [info] > git for-each-ref --sort -committerdate --format %(refname) %(objectname) %(*objectname) [84ms]
2025-02-17 14:07:01.895 [info] > git for-each-ref --format=%(refname)%00%(upstream:short)%00%(objectname)%00%(upstream:track)%00%(upstream:remotename)%00%(upstream:remoteref) refs/heads/main refs/remotes/main [99ms]
2025-02-17 14:07:02.086 [info] > git config --get --local branch.main.vscode-merge-base [173ms]
2025-02-17 14:07:02.109 [info] > git config --get commit.template [234ms]
2025-02-17 14:07:02.109 [info] > git rev-parse --show-toplevel [258ms]
2025-02-17 14:07:02.112 [info] [Model][doInitialScan] Initial repository scan completed - repositories (1), closed repositories (0), parent repositories (0), unsafe repositories (0)
2025-02-17 14:07:02.215 [info] > git show --textconv :apuntes/ApuntesLennard.tex [80ms]
2025-02-17 14:07:02.237 [info] > git ls-files --stage -- /home/juanluis/git-repositories/TFM-BigData/apuntes/ApuntesLennard.tex [83ms]
2025-02-17 14:07:02.257 [info] > git for-each-ref --format=%(refname)%00%(upstream:short)%00%(objectname)%00%(upstream:track)%00%(upstream:remotename)%00%(upstream:remoteref) refs/heads/origin/main refs/remotes/origin/main [149ms]
2025-02-17 14:07:04.821 [info] > git merge-base refs/heads/main refs/remotes/origin/main [2544ms]
2025-02-17 14:07:04.837 [info] > git cat-file -s 900b4f9b350349e3201f367a410939fbbd36d337 [2581ms]
2025-02-17 14:07:04.899 [info] > git diff --name-status -z --diff-filter=ADMR f64f186ded4ca09de895c37b4c4333178331c33a...refs/remotes/origin/main [62ms]
2025-02-17 14:07:04.900 [info] > git rev-parse --show-toplevel [87ms]
2025-02-17 14:07:04.900 [info] > git for-each-ref --format=%(refname)%00%(upstream:short)%00%(objectname)%00%(upstream:track)%00%(upstream:remotename)%00%(upstream:remoteref) refs/heads/main refs/remotes/main [105ms]
2025-02-17 14:07:05.322 [info] > git status -z -uall [57ms]
2025-02-17 14:07:05.327 [info] > git for-each-ref --sort -committerdate --format %(refname) %(objectname) %(*objectname) [39ms]
2025-02-17 14:07:05.766 [info] > git config --get commit.template [42ms]
2025-02-17 14:07:05.767 [info] > git blame --root --incremental f64f186ded4ca09de895c37b4c4333178331c33a -- /home/juanluis/git-repositories/TFM-BigData/apuntes/ApuntesLennard.tex [405ms]
2025-02-17 14:07:06.063 [info] > git for-each-ref --format=%(refname)%00%(upstream:short)%00%(objectname)%00%(upstream:track)%00%(upstream:remotename)%00%(upstream:remoteref) refs/heads/main refs/remotes/main [265ms]
2025-02-17 14:07:06.138 [info] > git config --get --local branch.main.github-pr-owner-number [312ms]
2025-02-17 14:07:06.138 [warning] [Git][config] git config failed: Failed to execute git
2025-02-17 14:07:06.189 [info] > git rev-parse --show-toplevel [56ms]
2025-02-17 14:07:06.813 [info] > git status -z -uall [40ms]
2025-02-17 14:07:06.862 [info] > git for-each-ref --sort -committerdate --format %(refname) %(objectname) %(*objectname) [65ms]
2025-02-17 14:07:07.001 [info] > git config --get commit.template [88ms]
2025-02-17 14:07:07.030 [info] > git for-each-ref --format=%(refname)%00%(upstream:short)%00%(objectname)%00%(upstream:track)%00%(upstream:remotename)%00%(upstream:remoteref) refs/heads/main refs/remotes/main [3ms]
2025-02-17 14:07:07.107 [info] > git status -z -uall [40ms]
2025-02-17 14:07:07.114 [info] > git for-each-ref --sort -committerdate --format %(refname) %(objectname) %(*objectname) [25ms]
2025-02-17 14:07:07.665 [info] > git rev-parse --show-toplevel [5ms]
2025-02-17 14:07:13.499 [info] > git check-ignore -v -z --stdin [2ms]
2025-02-17 14:07:17.247 [info] > git check-ignore -v -z --stdin [2ms]
2025-02-17 14:07:21.214 [info] > git config --get commit.template [2ms]
2025-02-17 14:07:21.234 [info] > git for-each-ref --format=%(refname)%00%(upstream:short)%00%(objectname)%00%(upstream:track)%00%(upstream:remotename)%00%(upstream:remoteref) refs/heads/main refs/remotes/main [2ms]
2025-02-17 14:07:21.278 [info] > git status -z -uall [25ms]
2025-02-17 14:07:21.279 [info] > git for-each-ref --sort -committerdate --format %(refname) %(objectname) %(*objectname) [7ms]
2025-02-17 14:07:21.796 [info] > git rev-parse --show-toplevel [1ms]
2025-02-17 14:07:22.333 [info] > git ls-files --stage -- /home/juanluis/git-repositories/TFM-BigData/apuntes/ApuntesLennard.tex [2ms]
2025-02-17 14:07:22.351 [info] > git cat-file -s 900b4f9b350349e3201f367a410939fbbd36d337 [1ms]
2025-02-17 14:07:22.374 [info] > git show --textconv :apuntes/ApuntesLennard.tex [3ms]
2025-02-17 14:07:48.628 [info] > git rev-parse --show-toplevel [7ms]
2025-02-17 14:07:51.501 [info] > git rev-parse --show-toplevel [31ms]
2025-02-17 14:07:53.203 [info] > git config --get commit.template [22ms]
2025-02-17 14:07:53.204 [info] > git for-each-ref --format=%(refname)%00%(upstream:short)%00%(objectname)%00%(upstream:track)%00%(upstream:remotename)%00%(upstream:remoteref) refs/heads/main refs/remotes/main [3ms]
2025-02-17 14:07:53.254 [info] > git status -z -uall [30ms]
2025-02-17 14:07:53.256 [info] > git for-each-ref --sort -committerdate --format %(refname) %(objectname) %(*objectname) [4ms]
2025-02-17 14:07:53.784 [info] > git rev-parse --show-toplevel [5ms]
2025-02-17 14:08:17.281 [info] > git show --textconv :apuntes/ApuntesLennard.tex [27ms]
2025-02-17 14:08:17.288 [info] > git ls-files --stage -- /home/juanluis/git-repositories/TFM-BigData/apuntes/ApuntesLennard.tex [8ms]
2025-02-17 14:08:17.313 [info] > git cat-file -s 900b4f9b350349e3201f367a410939fbbd36d337 [3ms]
2025-02-17 14:08:22.675 [info] > git show --textconv :apuntes/test.py [24ms]
2025-02-17 14:08:22.698 [info] > git hash-object -t tree /dev/null [3ms]
2025-02-17 14:08:22.698 [warning] [GitFileSystemProvider][readFile] File not found - git:/home/juanluis/git-repositories/TFM-BigData/apuntes/test.py.git?%7B%22path%22%3A%22%2Fhome%2Fjuanluis%2Fgit-repositories%2FTFM-BigData%2Fapuntes%2Ftest.py%22%2C%22ref%22%3A%22%22%7D
2025-02-17 14:08:22.706 [info] > git ls-files --stage -- /home/juanluis/git-repositories/TFM-BigData/apuntes/test.py [32ms]
2025-02-17 14:08:22.707 [warning] [GitFileSystemProvider][stat] File not found - git:/home/juanluis/git-repositories/TFM-BigData/apuntes/test.py.git?%7B%22path%22%3A%22%2Fhome%2Fjuanluis%2Fgit-repositories%2FTFM-BigData%2Fapuntes%2Ftest.py%22%2C%22ref%22%3A%22%22%7D
2025-02-17 14:08:22.992 [info] > git check-ignore -v -z --stdin [2ms]
2025-02-17 14:08:23.516 [info] > git config --get commit.template [6ms]
2025-02-17 14:08:23.554 [info] > git for-each-ref --format=%(refname)%00%(upstream:short)%00%(objectname)%00%(upstream:track)%00%(upstream:remotename)%00%(upstream:remoteref) refs/heads/main refs/remotes/main [2ms]
2025-02-17 14:08:23.605 [info] > git status -z -uall [24ms]
2025-02-17 14:08:23.610 [info] > git for-each-ref --sort -committerdate --format %(refname) %(objectname) %(*objectname) [7ms]
2025-02-17 14:08:24.134 [info] > git rev-parse --show-toplevel [1ms]
2025-02-17 14:09:05.584 [info] > git config --get commit.template [22ms]
2025-02-17 14:09:05.584 [info] > git for-each-ref --format=%(refname)%00%(upstream:short)%00%(objectname)%00%(upstream:track)%00%(upstream:remotename)%00%(upstream:remoteref) refs/heads/main refs/remotes/main [2ms]
2025-02-17 14:09:05.638 [info] > git status -z -uall [27ms]
2025-02-17 14:09:05.640 [info] > git for-each-ref --sort -committerdate --format %(refname) %(objectname) %(*objectname) [3ms]
2025-02-17 14:09:06.163 [info] > git rev-parse --show-toplevel [1ms]
2025-02-17 14:09:47.659 [info] [main] Log level: Info
2025-02-17 14:09:47.659 [info] [main] Validating found git in: "git"
2025-02-17 14:09:47.659 [info] [main] Using git "2.48.1" from "git"
2025-02-17 14:09:47.659 [info] [Model][doInitialScan] Initial repository scan started
2025-02-17 14:09:47.659 [info] > git rev-parse --show-toplevel [8ms]
2025-02-17 14:09:47.661 [info] > git rev-parse --git-dir --git-common-dir [5ms]
2025-02-17 14:09:47.693 [info] [Model][openRepository] Opened repository: /home/juanluis/git-repositories/TFM-BigData
2025-02-17 14:09:47.754 [info] > git config --get commit.template [17ms]
2025-02-17 14:09:47.755 [info] > git rev-parse --show-toplevel [7ms]
2025-02-17 14:09:47.790 [info] > git for-each-ref --format=%(refname)%00%(upstream:short)%00%(objectname)%00%(upstream:track)%00%(upstream:remotename)%00%(upstream:remoteref) refs/heads/main refs/remotes/main [21ms]
2025-02-17 14:09:47.792 [info] > git rev-parse --show-toplevel [5ms]
2025-02-17 14:09:47.846 [info] > git status -z -uall [25ms]
2025-02-17 14:09:47.849 [info] > git rev-parse --show-toplevel [45ms]
2025-02-17 14:09:47.879 [info] > git for-each-ref --sort -committerdate --format %(refname) %(objectname) %(*objectname) [40ms]
2025-02-17 14:09:47.936 [info] > git for-each-ref --format=%(refname)%00%(upstream:short)%00%(objectname)%00%(upstream:track)%00%(upstream:remotename)%00%(upstream:remoteref) refs/heads/main refs/remotes/main [33ms]
2025-02-17 14:09:47.948 [info] > git rev-parse --show-toplevel [70ms]
2025-02-17 14:09:47.961 [info] > git config --get commit.template [25ms]
2025-02-17 14:09:47.969 [info] > git rev-parse --show-toplevel [10ms]
2025-02-17 14:09:47.969 [info] > git config --get --local branch.main.vscode-merge-base [21ms]
2025-02-17 14:09:48.015 [info] > git for-each-ref --format=%(refname)%00%(upstream:short)%00%(objectname)%00%(upstream:track)%00%(upstream:remotename)%00%(upstream:remoteref) refs/heads/origin/main refs/remotes/origin/main [33ms]
2025-02-17 14:09:51.243 [info] > git merge-base refs/heads/main refs/remotes/origin/main [3216ms]
2025-02-17 14:09:51.262 [info] > git rev-parse --show-toplevel [3253ms]
2025-02-17 14:09:51.267 [info] [Model][doInitialScan] Initial repository scan completed - repositories (1), closed repositories (0), parent repositories (0), unsafe repositories (0)
2025-02-17 14:09:51.268 [info] > git for-each-ref --format=%(refname)%00%(upstream:short)%00%(objectname)%00%(upstream:track)%00%(upstream:remotename)%00%(upstream:remoteref) refs/heads/main refs/remotes/main [3267ms]
2025-02-17 14:09:52.699 [info] > git diff --name-status -z --diff-filter=ADMR f64f186ded4ca09de895c37b4c4333178331c33a...refs/remotes/origin/main [1437ms]
2025-02-17 14:09:52.988 [info] > git check-ignore -v -z --stdin [267ms]
2025-02-17 14:09:52.988 [info] > git show --textconv :apuntes/ApuntesLennard.tex [202ms]
2025-02-17 14:09:52.989 [info] > git ls-files --stage -- /home/juanluis/git-repositories/TFM-BigData/apuntes/ApuntesLennard.tex [184ms]
2025-02-17 14:09:53.012 [info] > git rev-parse --show-toplevel [389ms]
2025-02-17 14:09:53.043 [info] > git cat-file -s 900b4f9b350349e3201f367a410939fbbd36d337 [34ms]
2025-02-17 14:09:53.156 [info] > git status -z -uall [50ms]
2025-02-17 14:09:53.197 [info] > git for-each-ref --sort -committerdate --format %(refname) %(objectname) %(*objectname) [70ms]
2025-02-17 14:09:54.010 [info] > git config --get commit.template [408ms]
2025-02-17 14:09:55.917 [info] > git blame --root --incremental f64f186ded4ca09de895c37b4c4333178331c33a -- /home/juanluis/git-repositories/TFM-BigData/apuntes/ApuntesLennard.tex [2233ms]
2025-02-17 14:09:56.059 [info] > git rev-parse --show-toplevel [148ms]
2025-02-17 14:09:56.155 [info] > git for-each-ref --format=%(refname)%00%(upstream:short)%00%(objectname)%00%(upstream:track)%00%(upstream:remotename)%00%(upstream:remoteref) refs/heads/main refs/remotes/main [129ms]
2025-02-17 14:09:56.308 [info] > git status -z -uall [21ms]
2025-02-17 14:09:56.362 [info] > git for-each-ref --sort -committerdate --format %(refname) %(objectname) %(*objectname) [58ms]
2025-02-17 14:09:56.454 [info] > git config --get commit.template [10ms]
2025-02-17 14:09:56.485 [info] > git for-each-ref --format=%(refname)%00%(upstream:short)%00%(objectname)%00%(upstream:track)%00%(upstream:remotename)%00%(upstream:remoteref) refs/heads/main refs/remotes/main [5ms]
2025-02-17 14:09:57.051 [info] > git status -z -uall [131ms]
2025-02-17 14:09:57.053 [info] > git for-each-ref --sort -committerdate --format %(refname) %(objectname) %(*objectname) [109ms]
2025-02-17 14:09:57.068 [info] > git rev-parse --show-toplevel [52ms]
2025-02-17 14:09:57.348 [info] > git config --get --local branch.main.github-pr-owner-number [117ms]
2025-02-17 14:09:57.348 [warning] [Git][config] git config failed: Failed to execute git
2025-02-17 14:09:57.766 [info] > git rev-parse --show-toplevel [62ms]
2025-02-17 14:10:05.832 [info] > git config --get commit.template [17ms]
2025-02-17 14:10:05.833 [info] > git for-each-ref --format=%(refname)%00%(upstream:short)%00%(objectname)%00%(upstream:track)%00%(upstream:remotename)%00%(upstream:remoteref) refs/heads/main refs/remotes/main [2ms]
2025-02-17 14:10:05.867 [info] > git status -z -uall [18ms]
2025-02-17 14:10:05.868 [info] > git for-each-ref --sort -committerdate --format %(refname) %(objectname) %(*objectname) [2ms]
2025-02-17 14:10:05.919 [info] > git ls-files --stage -- /home/juanluis/git-repositories/TFM-BigData/apuntes/ApuntesLennard.tex [1ms]
2025-02-17 14:10:05.937 [info] > git cat-file -s 900b4f9b350349e3201f367a410939fbbd36d337 [1ms]
2025-02-17 14:10:05.957 [info] > git show --textconv :apuntes/ApuntesLennard.tex [2ms]
2025-02-17 14:10:06.388 [info] > git rev-parse --show-toplevel [1ms]
