2025-02-15 12:10:01.213 [info] [main] Log level: Info
2025-02-15 12:10:01.213 [info] [main] Validating found git in: "git"
2025-02-15 12:10:01.214 [info] [main] Using git "2.48.1" from "git"
2025-02-15 12:10:01.214 [info] [Model][doInitialScan] Initial repository scan started
2025-02-15 12:10:01.214 [info] > git rev-parse --show-toplevel [16ms]
2025-02-15 12:10:01.214 [info] > git rev-parse --git-dir --git-common-dir [5ms]
2025-02-15 12:10:01.214 [info] [Model][openRepository] Opened repository: /home/juanluis/git-repositories/TFM-BigData
2025-02-15 12:10:01.214 [info] > git rev-parse --show-toplevel [554ms]
2025-02-15 12:10:01.214 [info] > git config --get commit.template [567ms]
2025-02-15 12:10:01.214 [info] > git rev-parse --show-toplevel [1286ms]
2025-02-15 12:10:01.214 [info] > git check-ignore -v -z --stdin [514ms]
2025-02-15 12:10:01.214 [info] > git for-each-ref --format=%(refname)%00%(upstream:short)%00%(objectname)%00%(upstream:track)%00%(upstream:remotename)%00%(upstream:remoteref) refs/heads/main refs/remotes/main [644ms]
2025-02-15 12:10:01.214 [info] > git rev-parse --show-toplevel [241ms]
2025-02-15 12:10:01.214 [info] > git rev-parse --show-toplevel [23ms]
2025-02-15 12:10:01.265 [info] > git status -z -uall [101ms]
2025-02-15 12:10:01.265 [info] > git rev-parse --show-toplevel [36ms]
2025-02-15 12:10:01.266 [info] > git for-each-ref --sort -committerdate --format %(refname) %(objectname) %(*objectname) [85ms]
2025-02-15 12:10:03.114 [info] > git for-each-ref --format=%(refname)%00%(upstream:short)%00%(objectname)%00%(upstream:track)%00%(upstream:remotename)%00%(upstream:remoteref) refs/heads/main refs/remotes/main [1816ms]
2025-02-15 12:10:03.216 [info] > git config --get --local branch.main.vscode-merge-base [87ms]
2025-02-15 12:10:03.235 [info] > git config --get commit.template [121ms]
2025-02-15 12:10:03.235 [info] > git rev-parse --show-toplevel [136ms]
2025-02-15 12:10:03.239 [info] [Model][doInitialScan] Initial repository scan completed - repositories (1), closed repositories (0), parent repositories (0), unsafe repositories (0)
2025-02-15 12:10:03.441 [info] > git show --textconv :apuntes/ApuntesLennard.tex [183ms]
2025-02-15 12:10:03.442 [info] > git ls-files --stage -- /home/juanluis/git-repositories/TFM-BigData/apuntes/ApuntesLennard.tex [164ms]
2025-02-15 12:10:03.461 [info] > git for-each-ref --format=%(refname)%00%(upstream:short)%00%(objectname)%00%(upstream:track)%00%(upstream:remotename)%00%(upstream:remoteref) refs/heads/origin/main refs/remotes/origin/main [227ms]
2025-02-15 12:10:03.595 [info] > git merge-base refs/heads/main refs/remotes/origin/main [113ms]
2025-02-15 12:10:03.615 [info] > git cat-file -s 9b122907da3f4bb54bab5826380bcf8dc8c614b0 [155ms]
2025-02-15 12:10:03.616 [info] > git rev-parse --show-toplevel [227ms]
2025-02-15 12:10:03.747 [info] > git diff --name-status -z --diff-filter=ADMR 97afdf6193f0b0eb7baae54994058a07d059350f...refs/remotes/origin/main [133ms]
2025-02-15 12:10:03.749 [info] > git for-each-ref --format=%(refname)%00%(upstream:short)%00%(objectname)%00%(upstream:track)%00%(upstream:remotename)%00%(upstream:remoteref) refs/heads/main refs/remotes/main [191ms]
2025-02-15 12:10:04.655 [info] > git status -z -uall [533ms]
2025-02-15 12:10:04.657 [info] > git for-each-ref --sort -committerdate --format %(refname) %(objectname) %(*objectname) [511ms]
2025-02-15 12:10:04.770 [info] > git config --get commit.template [34ms]
2025-02-15 12:10:04.770 [info] > git blame --root --incremental 97afdf6193f0b0eb7baae54994058a07d059350f -- /home/juanluis/git-repositories/TFM-BigData/apuntes/ApuntesLennard.tex [56ms]
2025-02-15 12:10:04.820 [info] > git for-each-ref --format=%(refname)%00%(upstream:short)%00%(objectname)%00%(upstream:track)%00%(upstream:remotename)%00%(upstream:remoteref) refs/heads/main refs/remotes/main [14ms]
2025-02-15 12:10:05.431 [info] > git rev-parse --show-toplevel [105ms]
2025-02-15 12:10:05.434 [info] > git status -z -uall [27ms]
2025-02-15 12:10:05.435 [info] > git for-each-ref --sort -committerdate --format %(refname) %(objectname) %(*objectname) [7ms]
2025-02-15 12:10:05.664 [info] > git config --get --local branch.main.github-pr-owner-number [188ms]
2025-02-15 12:10:05.664 [warning] [Git][config] git config failed: Failed to execute git
2025-02-15 12:10:05.758 [info] > git config --get commit.template [122ms]
2025-02-15 12:10:05.838 [info] > git for-each-ref --format=%(refname)%00%(upstream:short)%00%(objectname)%00%(upstream:track)%00%(upstream:remotename)%00%(upstream:remoteref) refs/heads/main refs/remotes/main [11ms]
2025-02-15 12:10:05.906 [info] > git status -z -uall [33ms]
2025-02-15 12:10:05.906 [info] > git for-each-ref --sort -committerdate --format %(refname) %(objectname) %(*objectname) [15ms]
2025-02-15 12:10:06.620 [info] > git rev-parse --show-toplevel [22ms]
2025-02-15 12:12:07.826 [info] > git config --get commit.template [2ms]
2025-02-15 12:12:07.853 [info] > git for-each-ref --format=%(refname)%00%(upstream:short)%00%(objectname)%00%(upstream:track)%00%(upstream:remotename)%00%(upstream:remoteref) refs/heads/main refs/remotes/main [3ms]
2025-02-15 12:12:07.901 [info] > git status -z -uall [24ms]
2025-02-15 12:12:07.903 [info] > git for-each-ref --sort -committerdate --format %(refname) %(objectname) %(*objectname) [3ms]
2025-02-15 12:12:08.423 [info] > git rev-parse --show-toplevel [2ms]
2025-02-15 12:12:13.127 [info] > git config --get commit.template [26ms]
2025-02-15 12:12:13.127 [info] > git for-each-ref --format=%(refname)%00%(upstream:short)%00%(objectname)%00%(upstream:track)%00%(upstream:remotename)%00%(upstream:remoteref) refs/heads/main refs/remotes/main [2ms]
2025-02-15 12:12:13.186 [info] > git status -z -uall [28ms]
2025-02-15 12:12:13.188 [info] > git for-each-ref --sort -committerdate --format %(refname) %(objectname) %(*objectname) [3ms]
2025-02-15 12:12:13.709 [info] > git rev-parse --show-toplevel [2ms]
2025-02-15 12:12:26.006 [info] > git for-each-ref --format=%(refname)%00%(upstream:short)%00%(objectname)%00%(upstream:track)%00%(upstream:remotename)%00%(upstream:remoteref) refs/heads/main refs/remotes/main [2ms]
2025-02-15 12:12:26.007 [info] > git config --get commit.template [22ms]
2025-02-15 12:12:26.047 [info] > git status -z -uall [21ms]
2025-02-15 12:12:26.049 [info] > git for-each-ref --sort -committerdate --format %(refname) %(objectname) %(*objectname) [3ms]
2025-02-15 12:12:26.574 [info] > git rev-parse --show-toplevel [2ms]
2025-02-15 12:14:34.754 [info] > git config --get commit.template [7ms]
2025-02-15 12:14:34.781 [info] > git for-each-ref --format=%(refname)%00%(upstream:short)%00%(objectname)%00%(upstream:track)%00%(upstream:remotename)%00%(upstream:remoteref) refs/heads/main refs/remotes/main [2ms]
2025-02-15 12:14:34.875 [info] > git status -z -uall [71ms]
2025-02-15 12:14:34.875 [info] > git for-each-ref --sort -committerdate --format %(refname) %(objectname) %(*objectname) [15ms]
2025-02-15 12:14:35.440 [info] > git rev-parse --show-toplevel [2ms]
2025-02-15 12:14:57.430 [info] > git config --get commit.template [17ms]
2025-02-15 12:14:57.431 [info] > git for-each-ref --format=%(refname)%00%(upstream:short)%00%(objectname)%00%(upstream:track)%00%(upstream:remotename)%00%(upstream:remoteref) refs/heads/main refs/remotes/main [2ms]
2025-02-15 12:14:57.466 [info] > git status -z -uall [19ms]
2025-02-15 12:14:57.466 [info] > git for-each-ref --sort -committerdate --format %(refname) %(objectname) %(*objectname) [2ms]
2025-02-15 12:14:57.985 [info] > git rev-parse --show-toplevel [1ms]
2025-02-15 12:17:09.068 [info] > git config --get commit.template [16ms]
2025-02-15 12:17:09.069 [info] > git for-each-ref --format=%(refname)%00%(upstream:short)%00%(objectname)%00%(upstream:track)%00%(upstream:remotename)%00%(upstream:remoteref) refs/heads/main refs/remotes/main [3ms]
2025-02-15 12:17:09.106 [info] > git status -z -uall [21ms]
2025-02-15 12:17:09.106 [info] > git for-each-ref --sort -committerdate --format %(refname) %(objectname) %(*objectname) [4ms]
2025-02-15 12:17:09.626 [info] > git rev-parse --show-toplevel [2ms]
2025-02-15 12:17:15.642 [info] > git config --get commit.template [7ms]
2025-02-15 12:17:15.663 [info] > git for-each-ref --format=%(refname)%00%(upstream:short)%00%(objectname)%00%(upstream:track)%00%(upstream:remotename)%00%(upstream:remoteref) refs/heads/main refs/remotes/main [2ms]
2025-02-15 12:17:15.705 [info] > git status -z -uall [25ms]
2025-02-15 12:17:15.705 [info] > git for-each-ref --sort -committerdate --format %(refname) %(objectname) %(*objectname) [5ms]
2025-02-15 12:17:16.230 [info] > git rev-parse --show-toplevel [5ms]
2025-02-15 12:17:20.741 [info] > git config --get commit.template [16ms]
2025-02-15 12:17:20.742 [info] > git for-each-ref --format=%(refname)%00%(upstream:short)%00%(objectname)%00%(upstream:track)%00%(upstream:remotename)%00%(upstream:remoteref) refs/heads/main refs/remotes/main [1ms]
2025-02-15 12:17:20.777 [info] > git status -z -uall [19ms]
2025-02-15 12:17:20.794 [info] > git for-each-ref --sort -committerdate --format %(refname) %(objectname) %(*objectname) [18ms]
2025-02-15 12:17:21.313 [info] > git rev-parse --show-toplevel [2ms]
2025-02-15 12:18:36.969 [info] > git config --get commit.template [19ms]
2025-02-15 12:18:36.969 [info] > git for-each-ref --format=%(refname)%00%(upstream:short)%00%(objectname)%00%(upstream:track)%00%(upstream:remotename)%00%(upstream:remoteref) refs/heads/main refs/remotes/main [1ms]
2025-02-15 12:18:37.004 [info] > git status -z -uall [18ms]
2025-02-15 12:18:37.005 [info] > git for-each-ref --sort -committerdate --format %(refname) %(objectname) %(*objectname) [1ms]
2025-02-15 12:18:37.525 [info] > git rev-parse --show-toplevel [1ms]
2025-02-15 12:21:03.923 [info] > git config --get commit.template [19ms]
2025-02-15 12:21:03.925 [info] > git for-each-ref --format=%(refname)%00%(upstream:short)%00%(objectname)%00%(upstream:track)%00%(upstream:remotename)%00%(upstream:remoteref) refs/heads/main refs/remotes/main [2ms]
2025-02-15 12:21:03.970 [info] > git status -z -uall [23ms]
2025-02-15 12:21:03.971 [info] > git for-each-ref --sort -committerdate --format %(refname) %(objectname) %(*objectname) [2ms]
2025-02-15 12:21:04.495 [info] > git rev-parse --show-toplevel [2ms]
2025-02-15 12:21:41.132 [info] > git show --textconv :apuntes/ApuntesLennard.tex [30ms]
2025-02-15 12:21:41.134 [info] > git ls-files --stage -- /home/juanluis/git-repositories/TFM-BigData/apuntes/ApuntesLennard.tex [3ms]
2025-02-15 12:21:41.158 [info] > git cat-file -s 9b122907da3f4bb54bab5826380bcf8dc8c614b0 [2ms]
2025-02-15 12:23:05.533 [info] > git config --get commit.template [19ms]
2025-02-15 12:23:05.535 [info] > git for-each-ref --format=%(refname)%00%(upstream:short)%00%(objectname)%00%(upstream:track)%00%(upstream:remotename)%00%(upstream:remoteref) refs/heads/main refs/remotes/main [1ms]
2025-02-15 12:23:05.575 [info] > git status -z -uall [22ms]
2025-02-15 12:23:05.576 [info] > git for-each-ref --sort -committerdate --format %(refname) %(objectname) %(*objectname) [2ms]
2025-02-15 12:23:06.096 [info] > git rev-parse --show-toplevel [1ms]
2025-02-15 12:23:27.175 [info] > git config --get commit.template [2ms]
2025-02-15 12:23:27.194 [info] > git for-each-ref --format=%(refname)%00%(upstream:short)%00%(objectname)%00%(upstream:track)%00%(upstream:remotename)%00%(upstream:remoteref) refs/heads/main refs/remotes/main [2ms]
2025-02-15 12:23:27.234 [info] > git status -z -uall [19ms]
2025-02-15 12:23:27.236 [info] > git for-each-ref --sort -committerdate --format %(refname) %(objectname) %(*objectname) [2ms]
2025-02-15 12:23:27.755 [info] > git rev-parse --show-toplevel [1ms]
2025-02-15 12:23:57.181 [info] > git config --get commit.template [18ms]
2025-02-15 12:23:57.182 [info] > git for-each-ref --format=%(refname)%00%(upstream:short)%00%(objectname)%00%(upstream:track)%00%(upstream:remotename)%00%(upstream:remoteref) refs/heads/main refs/remotes/main [2ms]
2025-02-15 12:23:57.220 [info] > git status -z -uall [21ms]
2025-02-15 12:23:57.220 [info] > git for-each-ref --sort -committerdate --format %(refname) %(objectname) %(*objectname) [2ms]
2025-02-15 12:23:57.272 [info] > git ls-files --stage -- /home/juanluis/git-repositories/TFM-BigData/apuntes/ApuntesLennard.tex [1ms]
2025-02-15 12:23:57.295 [info] > git cat-file -s 0bc1aa9ab0b6bac9980c943d2546d680ce495ca5 [2ms]
2025-02-15 12:23:57.320 [info] > git show --textconv :apuntes/ApuntesLennard.tex [2ms]
2025-02-15 12:23:57.567 [info] > git show --textconv HEAD:apuntes/ApuntesLennard.tex [20ms]
2025-02-15 12:23:57.568 [info] > git ls-tree -l HEAD -- /home/juanluis/git-repositories/TFM-BigData/apuntes/ApuntesLennard.tex [2ms]
2025-02-15 12:23:57.760 [info] > git rev-parse --show-toplevel [20ms]
2025-02-15 12:24:00.248 [info] > git ls-files --stage -- /home/juanluis/git-repositories/TFM-BigData/apuntes/ApuntesLennard.tex [17ms]
2025-02-15 12:24:00.268 [info] > git ls-tree -l HEAD -- /home/juanluis/git-repositories/TFM-BigData/apuntes/ApuntesLennard.tex [20ms]
2025-02-15 12:24:00.269 [info] > git cat-file -s 0bc1aa9ab0b6bac9980c943d2546d680ce495ca5 [2ms]
2025-02-15 12:24:00.309 [info] > git show --textconv HEAD:apuntes/ApuntesLennard.tex [20ms]
2025-02-15 12:24:00.310 [info] > git show --textconv :apuntes/ApuntesLennard.tex [2ms]
2025-02-15 12:24:02.259 [info] > git config --get commit.template [17ms]
2025-02-15 12:24:02.260 [info] > git for-each-ref --format=%(refname)%00%(upstream:short)%00%(objectname)%00%(upstream:track)%00%(upstream:remotename)%00%(upstream:remoteref) refs/heads/main refs/remotes/main [1ms]
2025-02-15 12:24:02.296 [info] > git status -z -uall [18ms]
2025-02-15 12:24:02.298 [info] > git for-each-ref --sort -committerdate --format %(refname) %(objectname) %(*objectname) [1ms]
2025-02-15 12:24:02.819 [info] > git rev-parse --show-toplevel [1ms]
2025-02-15 12:24:22.370 [info] > git config --get commit.template [2ms]
2025-02-15 12:24:22.388 [info] > git for-each-ref --format=%(refname)%00%(upstream:short)%00%(objectname)%00%(upstream:track)%00%(upstream:remotename)%00%(upstream:remoteref) refs/heads/main refs/remotes/main [2ms]
2025-02-15 12:24:22.428 [info] > git status -z -uall [23ms]
2025-02-15 12:24:22.430 [info] > git for-each-ref --sort -committerdate --format %(refname) %(objectname) %(*objectname) [3ms]
2025-02-15 12:24:22.583 [info] > git merge-base refs/heads/main refs/remotes/origin/main [103ms]
2025-02-15 12:24:22.603 [info] > git blame --root --incremental 9a4c39faa2200423119d99d2ecb9f4062cdacee0 -- /home/juanluis/git-repositories/TFM-BigData/apuntes/ApuntesLennard.tex [142ms]
2025-02-15 12:24:22.687 [info] > git ls-tree -l HEAD -- /home/juanluis/git-repositories/TFM-BigData/apuntes/ApuntesLennard.tex [5ms]
2025-02-15 12:24:22.688 [info] > git ls-files --stage -- /home/juanluis/git-repositories/TFM-BigData/apuntes/ApuntesLennard.tex [37ms]
2025-02-15 12:24:22.711 [info] > git config --get --local branch.main.github-pr-owner-number [81ms]
2025-02-15 12:24:22.711 [warning] [Git][config] git config failed: Failed to execute git
2025-02-15 12:24:22.739 [info] > git diff --name-status -z --diff-filter=ADMR 97afdf6193f0b0eb7baae54994058a07d059350f...refs/remotes/origin/main [137ms]
2025-02-15 12:24:22.743 [info] > git cat-file -s 0bc1aa9ab0b6bac9980c943d2546d680ce495ca5 [32ms]
2025-02-15 12:24:22.790 [info] > git show --textconv HEAD:apuntes/ApuntesLennard.tex [22ms]
2025-02-15 12:24:22.792 [info] > git show --textconv :apuntes/ApuntesLennard.tex [2ms]
2025-02-15 12:24:22.953 [info] > git rev-parse --show-toplevel [3ms]
2025-02-15 12:24:31.859 [info] > git config --get commit.template [20ms]
2025-02-15 12:24:31.860 [info] > git for-each-ref --format=%(refname)%00%(upstream:short)%00%(objectname)%00%(upstream:track)%00%(upstream:remotename)%00%(upstream:remoteref) refs/heads/main refs/remotes/main [2ms]
2025-02-15 12:24:31.900 [info] > git status -z -uall [21ms]
2025-02-15 12:24:31.901 [info] > git for-each-ref --sort -committerdate --format %(refname) %(objectname) %(*objectname) [2ms]
2025-02-15 12:24:31.929 [info] > git merge-base refs/heads/main refs/remotes/origin/main [3ms]
2025-02-15 12:24:31.965 [info] > git diff --name-status -z --diff-filter=ADMR 9a4c39faa2200423119d99d2ecb9f4062cdacee0...refs/remotes/origin/main [19ms]
2025-02-15 12:24:32.003 [info] > git ls-files --stage -- /home/juanluis/git-repositories/TFM-BigData/apuntes/ApuntesLennard.tex [19ms]
2025-02-15 12:24:32.022 [info] > git config --get --local branch.main.github-pr-owner-number [58ms]
2025-02-15 12:24:32.022 [warning] [Git][config] git config failed: Failed to execute git
2025-02-15 12:24:32.043 [info] > git cat-file -s 0bc1aa9ab0b6bac9980c943d2546d680ce495ca5 [21ms]
2025-02-15 12:24:32.044 [info] > git ls-tree -l HEAD -- /home/juanluis/git-repositories/TFM-BigData/apuntes/ApuntesLennard.tex [42ms]
2025-02-15 12:24:32.097 [info] > git show --textconv :apuntes/ApuntesLennard.tex [29ms]
2025-02-15 12:24:32.101 [info] > git show --textconv HEAD:apuntes/ApuntesLennard.tex [5ms]
2025-02-15 12:24:32.430 [info] > git rev-parse --show-toplevel [1ms]
