2025-02-15 17:02:59.579 [info] Reading sessions from keychain...
2025-02-15 17:02:59.579 [info] Getting sessions for all scopes...
2025-02-15 17:02:59.579 [info] Getting sessions for all scopes...
2025-02-15 17:02:59.579 [info] Getting sessions for all scopes...
2025-02-15 17:02:59.579 [info] Getting sessions for all scopes...
2025-02-15 17:02:59.579 [info] Getting sessions for all scopes...
2025-02-15 17:02:59.579 [info] Getting sessions for all scopes...
2025-02-15 17:02:59.580 [info] Getting sessions for all scopes...
2025-02-15 17:02:59.580 [info] Getting sessions for all scopes...
2025-02-15 17:02:59.580 [info] Got stored sessions!
2025-02-15 17:02:59.580 [info] Got 2 verified sessions.
2025-02-15 17:02:59.580 [info] Got 2 sessions for ...
2025-02-15 17:02:59.580 [info] Got 2 sessions for ...
2025-02-15 17:02:59.580 [info] Got 2 sessions for ...
2025-02-15 17:02:59.580 [info] Got 2 sessions for ...
2025-02-15 17:02:59.580 [info] Got 2 sessions for ...
2025-02-15 17:02:59.580 [info] Got 2 sessions for ...
2025-02-15 17:02:59.580 [info] Got 2 sessions for ...
2025-02-15 17:02:59.580 [info] Got 2 sessions for ...
2025-02-15 17:02:59.580 [info] Getting sessions for user:email...
2025-02-15 17:02:59.580 [info] Got 1 sessions for user:email...
2025-02-15 17:03:03.272 [info] Getting sessions for all scopes...
2025-02-15 17:03:03.272 [info] Got 2 sessions for ...
2025-02-15 17:03:04.214 [info] Getting sessions for read:user,repo,user:email...
2025-02-15 17:03:04.214 [info] Got 0 sessions for read:user,repo,user:email...
2025-02-15 17:03:04.214 [info] Getting sessions for read:user,repo,user:email,workflow...
2025-02-15 17:03:04.214 [info] Got 1 sessions for read:user,repo,user:email,workflow...
2025-02-15 17:03:04.252 [info] Getting sessions for all scopes...
2025-02-15 17:03:04.252 [info] Got 2 sessions for ...
2025-02-15 17:03:04.253 [info] Getting sessions for all scopes...
2025-02-15 17:03:04.253 [info] Got 2 sessions for ...
2025-02-15 17:03:04.253 [info] Getting sessions for project,read:org,read:user,repo,user:email,workflow...
2025-02-15 17:03:04.253 [info] Got 0 sessions for project,read:org,read:user,repo,user:email,workflow...
2025-02-15 17:03:04.537 [info] Getting sessions for read:user,repo,user:email,workflow...
2025-02-15 17:03:04.537 [info] Got 1 sessions for read:user,repo,user:email,workflow...
2025-02-15 17:03:04.537 [info] Getting sessions for read:user,repo,user:email,workflow...
2025-02-15 17:03:04.537 [info] Got 1 sessions for read:user,repo,user:email,workflow...
2025-02-15 17:03:06.872 [info] Getting sessions for all scopes...
2025-02-15 17:03:06.872 [info] Got 2 sessions for ...
2025-02-15 17:03:06.873 [info] Getting sessions for all scopes...
2025-02-15 17:03:06.873 [info] Got 2 sessions for ...
2025-02-15 17:03:07.102 [info] Getting sessions for read:user,repo,user:email...
2025-02-15 17:03:07.102 [info] Got 0 sessions for read:user,repo,user:email...
2025-02-15 17:03:07.102 [info] Getting sessions for read:user,repo,user:email,workflow...
2025-02-15 17:03:07.102 [info] Got 1 sessions for read:user,repo,user:email,workflow...
2025-02-15 17:03:07.717 [info] Getting sessions for read:user,repo,user:email,workflow...
2025-02-15 17:03:07.717 [info] Got 1 sessions for read:user,repo,user:email,workflow...
2025-02-15 17:03:08.418 [info] Getting sessions for all scopes...
2025-02-15 17:03:08.418 [info] Got 2 sessions for ...
2025-02-15 17:03:08.450 [info] Getting sessions for read:user,repo,user:email,workflow...
2025-02-15 17:03:08.451 [info] Got 1 sessions for read:user,repo,user:email,workflow...
2025-02-15 17:04:07.871 [info] Getting sessions for all scopes...
2025-02-15 17:04:07.872 [info] Got 2 sessions for ...
2025-02-15 17:04:07.877 [info] Getting sessions for read:user,repo,user:email,workflow...
2025-02-15 17:04:07.877 [info] Got 1 sessions for read:user,repo,user:email,workflow...
2025-02-15 17:04:07.882 [info] Getting sessions for all scopes...
2025-02-15 17:04:07.883 [info] Got 2 sessions for ...
2025-02-15 17:04:07.887 [info] Getting sessions for read:user,repo,user:email,workflow...
2025-02-15 17:04:07.887 [info] Got 1 sessions for read:user,repo,user:email,workflow...
2025-02-15 17:04:21.390 [info] Getting sessions for read:user,repo,user:email,workflow...
2025-02-15 17:04:21.390 [info] Got 1 sessions for read:user,repo,user:email,workflow...
2025-02-15 17:04:21.464 [info] Getting sessions for read:user,repo,user:email,workflow...
2025-02-15 17:04:21.464 [info] Got 1 sessions for read:user,repo,user:email,workflow...
2025-02-15 17:04:23.633 [info] Getting sessions for read:user,repo,user:email,workflow...
2025-02-15 17:04:23.633 [info] Got 1 sessions for read:user,repo,user:email,workflow...
2025-02-15 17:04:23.868 [info] Getting sessions for read:user,repo,user:email,workflow...
2025-02-15 17:04:23.868 [info] Got 1 sessions for read:user,repo,user:email,workflow...
2025-02-15 17:04:23.998 [info] Getting sessions for read:user,repo,user:email,workflow...
2025-02-15 17:04:23.998 [info] Got 1 sessions for read:user,repo,user:email,workflow...
2025-02-15 17:04:24.098 [info] Getting sessions for read:user,repo,user:email,workflow...
2025-02-15 17:04:24.098 [info] Got 1 sessions for read:user,repo,user:email,workflow...
2025-02-15 17:04:24.205 [info] Getting sessions for read:user,repo,user:email,workflow...
2025-02-15 17:04:24.205 [info] Got 1 sessions for read:user,repo,user:email,workflow...
2025-02-15 17:04:24.309 [info] Getting sessions for read:user,repo,user:email,workflow...
2025-02-15 17:04:24.309 [info] Got 1 sessions for read:user,repo,user:email,workflow...
2025-02-15 17:04:24.400 [info] Getting sessions for read:user,repo,user:email,workflow...
2025-02-15 17:04:24.401 [info] Got 1 sessions for read:user,repo,user:email,workflow...
2025-02-15 17:11:52.007 [info] Getting sessions for all scopes...
2025-02-15 17:11:52.007 [info] Got 2 sessions for ...
2025-02-15 17:11:52.012 [info] Getting sessions for read:user,repo,user:email,workflow...
2025-02-15 17:11:52.012 [info] Got 1 sessions for read:user,repo,user:email,workflow...
2025-02-15 17:11:52.018 [info] Getting sessions for all scopes...
2025-02-15 17:11:52.018 [info] Got 2 sessions for ...
2025-02-15 17:11:52.019 [info] Getting sessions for read:user,repo,user:email,workflow...
2025-02-15 17:11:52.019 [info] Got 1 sessions for read:user,repo,user:email,workflow...
2025-02-15 17:11:53.263 [info] Getting sessions for all scopes...
2025-02-15 17:11:53.263 [info] Got 2 sessions for ...
2025-02-15 17:11:53.264 [info] Getting sessions for all scopes...
2025-02-15 17:11:53.264 [info] Got 2 sessions for ...
2025-02-15 17:11:53.266 [info] Getting sessions for read:user,repo,user:email,workflow...
2025-02-15 17:11:53.266 [info] Got 1 sessions for read:user,repo,user:email,workflow...
2025-02-15 17:11:53.268 [info] Getting sessions for all scopes...
2025-02-15 17:11:53.268 [info] Got 2 sessions for ...
2025-02-15 17:11:53.269 [info] Getting sessions for read:user,repo,user:email,workflow...
2025-02-15 17:11:53.269 [info] Got 1 sessions for read:user,repo,user:email,workflow...
2025-02-15 17:11:53.436 [info] Getting sessions for all scopes...
2025-02-15 17:11:53.436 [info] Got 2 sessions for ...
2025-02-15 17:11:53.491 [info] Getting sessions for read:user,repo,user:email,workflow...
2025-02-15 17:11:53.491 [info] Got 1 sessions for read:user,repo,user:email,workflow...
2025-02-15 17:11:53.499 [info] Getting sessions for all scopes...
2025-02-15 17:11:53.499 [info] Got 2 sessions for ...
2025-02-15 17:11:53.500 [info] Getting sessions for read:user,repo,user:email,workflow...
2025-02-15 17:11:53.500 [info] Got 1 sessions for read:user,repo,user:email,workflow...
2025-02-15 17:12:45.384 [info] Getting sessions for read:user,repo,user:email,workflow...
2025-02-15 17:12:45.384 [info] Got 1 sessions for read:user,repo,user:email,workflow...
2025-02-15 17:18:05.655 [info] Getting sessions for all scopes...
2025-02-15 17:18:05.655 [info] Got 2 sessions for ...
2025-02-15 17:18:05.657 [info] Getting sessions for read:user,repo,user:email,workflow...
2025-02-15 17:18:05.657 [info] Got 1 sessions for read:user,repo,user:email,workflow...
2025-02-15 17:18:06.467 [info] Getting sessions for all scopes...
2025-02-15 17:18:06.467 [info] Got 2 sessions for ...
2025-02-15 17:18:06.468 [info] Getting sessions for read:user,repo,user:email,workflow...
2025-02-15 17:18:06.468 [info] Got 1 sessions for read:user,repo,user:email,workflow...
2025-02-15 17:18:20.500 [info] Getting sessions for all scopes...
2025-02-15 17:18:20.500 [info] Got 2 sessions for ...
2025-02-15 17:18:20.501 [info] Getting sessions for read:user,repo,user:email,workflow...
2025-02-15 17:18:20.501 [info] Got 1 sessions for read:user,repo,user:email,workflow...
2025-02-15 17:18:21.419 [info] Getting sessions for all scopes...
2025-02-15 17:18:21.419 [info] Got 2 sessions for ...
2025-02-15 17:18:21.421 [info] Getting sessions for read:user,repo,user:email,workflow...
2025-02-15 17:18:21.421 [info] Got 1 sessions for read:user,repo,user:email,workflow...
2025-02-15 17:18:43.600 [info] Getting sessions for all scopes...
2025-02-15 17:18:43.600 [info] Got 2 sessions for ...
2025-02-15 17:18:43.602 [info] Getting sessions for read:user,repo,user:email,workflow...
2025-02-15 17:18:43.602 [info] Got 1 sessions for read:user,repo,user:email,workflow...
2025-02-15 17:18:45.446 [info] Getting sessions for all scopes...
2025-02-15 17:18:45.446 [info] Got 2 sessions for ...
2025-02-15 17:18:45.448 [info] Getting sessions for read:user,repo,user:email,workflow...
2025-02-15 17:18:45.448 [info] Got 1 sessions for read:user,repo,user:email,workflow...
2025-02-15 17:18:49.102 [info] Getting sessions for all scopes...
2025-02-15 17:18:49.103 [info] Got 2 sessions for ...
2025-02-15 17:18:49.104 [info] Getting sessions for read:user,repo,user:email,workflow...
2025-02-15 17:18:49.104 [info] Got 1 sessions for read:user,repo,user:email,workflow...
2025-02-15 17:18:50.347 [info] Getting sessions for all scopes...
2025-02-15 17:18:50.347 [info] Got 2 sessions for ...
2025-02-15 17:18:50.348 [info] Getting sessions for read:user,repo,user:email,workflow...
2025-02-15 17:18:50.348 [info] Got 1 sessions for read:user,repo,user:email,workflow...
2025-02-15 17:18:51.199 [info] Getting sessions for all scopes...
2025-02-15 17:18:51.199 [info] Got 2 sessions for ...
2025-02-15 17:18:51.200 [info] Getting sessions for read:user,repo,user:email,workflow...
2025-02-15 17:18:51.200 [info] Got 1 sessions for read:user,repo,user:email,workflow...
2025-02-15 17:18:53.699 [info] Getting sessions for all scopes...
2025-02-15 17:18:53.699 [info] Got 2 sessions for ...
2025-02-15 17:18:53.701 [info] Getting sessions for read:user,repo,user:email,workflow...
2025-02-15 17:18:53.701 [info] Got 1 sessions for read:user,repo,user:email,workflow...
2025-02-15 17:18:56.242 [info] Getting sessions for all scopes...
2025-02-15 17:18:56.242 [info] Got 2 sessions for ...
2025-02-15 17:18:56.243 [info] Getting sessions for read:user,repo,user:email,workflow...
2025-02-15 17:18:56.243 [info] Got 1 sessions for read:user,repo,user:email,workflow...
2025-02-15 17:18:58.971 [info] Getting sessions for all scopes...
2025-02-15 17:18:58.971 [info] Got 2 sessions for ...
2025-02-15 17:18:58.973 [info] Getting sessions for read:user,repo,user:email,workflow...
2025-02-15 17:18:58.973 [info] Got 1 sessions for read:user,repo,user:email,workflow...
2025-02-15 17:18:59.604 [info] Getting sessions for all scopes...
2025-02-15 17:18:59.604 [info] Got 2 sessions for ...
2025-02-15 17:18:59.605 [info] Getting sessions for read:user,repo,user:email,workflow...
2025-02-15 17:18:59.606 [info] Got 1 sessions for read:user,repo,user:email,workflow...
2025-02-15 17:19:00.011 [info] Getting sessions for all scopes...
2025-02-15 17:19:00.011 [info] Got 2 sessions for ...
2025-02-15 17:19:00.012 [info] Getting sessions for read:user,repo,user:email,workflow...
2025-02-15 17:19:00.012 [info] Got 1 sessions for read:user,repo,user:email,workflow...
2025-02-15 17:20:10.680 [info] Getting sessions for all scopes...
2025-02-15 17:20:10.680 [info] Got 2 sessions for ...
2025-02-15 17:20:10.681 [info] Getting sessions for read:user,repo,user:email,workflow...
2025-02-15 17:20:10.681 [info] Got 1 sessions for read:user,repo,user:email,workflow...
2025-02-15 17:20:11.954 [info] Getting sessions for all scopes...
2025-02-15 17:20:11.954 [info] Got 2 sessions for ...
2025-02-15 17:20:11.955 [info] Getting sessions for read:user,repo,user:email,workflow...
2025-02-15 17:20:11.955 [info] Got 1 sessions for read:user,repo,user:email,workflow...
2025-02-15 17:20:30.499 [info] Getting sessions for all scopes...
2025-02-15 17:20:30.499 [info] Got 2 sessions for ...
2025-02-15 17:20:30.501 [info] Getting sessions for read:user,repo,user:email,workflow...
2025-02-15 17:20:30.501 [info] Got 1 sessions for read:user,repo,user:email,workflow...
2025-02-15 17:20:31.119 [info] Getting sessions for all scopes...
2025-02-15 17:20:31.120 [info] Got 2 sessions for ...
2025-02-15 17:20:31.121 [info] Getting sessions for read:user,repo,user:email,workflow...
2025-02-15 17:20:31.121 [info] Got 1 sessions for read:user,repo,user:email,workflow...
2025-02-15 17:21:20.130 [info] Getting sessions for all scopes...
2025-02-15 17:21:20.130 [info] Got 2 sessions for ...
2025-02-15 17:21:20.132 [info] Getting sessions for read:user,repo,user:email,workflow...
2025-02-15 17:21:20.132 [info] Got 1 sessions for read:user,repo,user:email,workflow...
2025-02-15 17:21:20.977 [info] Getting sessions for all scopes...
2025-02-15 17:21:20.977 [info] Got 2 sessions for ...
2025-02-15 17:21:21.020 [info] Getting sessions for read:user,repo,user:email,workflow...
2025-02-15 17:21:21.020 [info] Got 1 sessions for read:user,repo,user:email,workflow...
2025-02-15 17:21:24.841 [info] Getting sessions for all scopes...
2025-02-15 17:21:24.841 [info] Got 2 sessions for ...
2025-02-15 17:21:24.887 [info] Getting sessions for read:user,repo,user:email,workflow...
2025-02-15 17:21:24.887 [info] Got 1 sessions for read:user,repo,user:email,workflow...
2025-02-15 17:21:25.448 [info] Getting sessions for all scopes...
2025-02-15 17:21:25.448 [info] Got 2 sessions for ...
2025-02-15 17:21:25.457 [info] Getting sessions for read:user,repo,user:email,workflow...
2025-02-15 17:21:25.457 [info] Got 1 sessions for read:user,repo,user:email,workflow...
2025-02-15 17:21:32.372 [info] Getting sessions for all scopes...
2025-02-15 17:21:32.372 [info] Got 2 sessions for ...
2025-02-15 17:21:32.374 [info] Getting sessions for read:user,repo,user:email,workflow...
2025-02-15 17:21:32.374 [info] Got 1 sessions for read:user,repo,user:email,workflow...
2025-02-15 17:21:35.253 [info] Getting sessions for all scopes...
2025-02-15 17:21:35.253 [info] Got 2 sessions for ...
2025-02-15 17:21:35.267 [info] Getting sessions for read:user,repo,user:email,workflow...
2025-02-15 17:21:35.267 [info] Got 1 sessions for read:user,repo,user:email,workflow...
2025-02-15 17:21:41.810 [info] Getting sessions for all scopes...
2025-02-15 17:21:41.810 [info] Got 2 sessions for ...
2025-02-15 17:21:41.869 [info] Getting sessions for read:user,repo,user:email,workflow...
2025-02-15 17:21:41.869 [info] Got 1 sessions for read:user,repo,user:email,workflow...
2025-02-15 17:21:42.331 [info] Getting sessions for all scopes...
2025-02-15 17:21:42.331 [info] Got 2 sessions for ...
2025-02-15 17:21:42.338 [info] Getting sessions for read:user,repo,user:email,workflow...
2025-02-15 17:21:42.338 [info] Got 1 sessions for read:user,repo,user:email,workflow...
2025-02-15 17:21:43.089 [info] Getting sessions for all scopes...
2025-02-15 17:21:43.089 [info] Got 2 sessions for ...
2025-02-15 17:21:43.090 [info] Getting sessions for read:user,repo,user:email,workflow...
2025-02-15 17:21:43.090 [info] Got 1 sessions for read:user,repo,user:email,workflow...
2025-02-15 17:26:54.441 [info] Getting sessions for all scopes...
2025-02-15 17:26:54.441 [info] Got 2 sessions for ...
2025-02-15 17:26:54.442 [info] Getting sessions for read:user,repo,user:email,workflow...
2025-02-15 17:26:54.442 [info] Got 1 sessions for read:user,repo,user:email,workflow...
2025-02-15 17:26:54.444 [info] Getting sessions for all scopes...
2025-02-15 17:26:54.444 [info] Got 2 sessions for ...
2025-02-15 17:26:54.445 [info] Getting sessions for read:user,repo,user:email,workflow...
2025-02-15 17:26:54.445 [info] Got 1 sessions for read:user,repo,user:email,workflow...
2025-02-15 17:36:53.230 [info] Getting sessions for all scopes...
2025-02-15 17:36:53.230 [info] Got 2 sessions for ...
2025-02-15 17:36:53.231 [info] Getting sessions for read:user,repo,user:email,workflow...
2025-02-15 17:36:53.231 [info] Got 1 sessions for read:user,repo,user:email,workflow...
2025-02-15 17:36:54.544 [info] Getting sessions for all scopes...
2025-02-15 17:36:54.544 [info] Got 2 sessions for ...
2025-02-15 17:36:54.544 [info] Getting sessions for all scopes...
2025-02-15 17:36:54.544 [info] Got 2 sessions for ...
2025-02-15 17:36:54.545 [info] Getting sessions for read:user,repo,user:email,workflow...
2025-02-15 17:36:54.545 [info] Got 1 sessions for read:user,repo,user:email,workflow...
2025-02-15 17:36:54.547 [info] Getting sessions for all scopes...
2025-02-15 17:36:54.547 [info] Got 2 sessions for ...
2025-02-15 17:36:54.548 [info] Getting sessions for read:user,repo,user:email,workflow...
2025-02-15 17:36:54.548 [info] Got 1 sessions for read:user,repo,user:email,workflow...
2025-02-15 17:36:54.560 [info] Getting sessions for all scopes...
2025-02-15 17:36:54.560 [info] Got 2 sessions for ...
2025-02-15 17:36:54.561 [info] Getting sessions for read:user,repo,user:email,workflow...
2025-02-15 17:36:54.561 [info] Got 1 sessions for read:user,repo,user:email,workflow...
2025-02-15 17:37:33.932 [info] Getting sessions for all scopes...
2025-02-15 17:37:33.932 [info] Got 2 sessions for ...
2025-02-15 17:37:33.935 [info] Getting sessions for read:user,repo,user:email,workflow...
2025-02-15 17:37:33.935 [info] Got 1 sessions for read:user,repo,user:email,workflow...
2025-02-15 17:37:34.685 [info] Getting sessions for all scopes...
2025-02-15 17:37:34.685 [info] Got 2 sessions for ...
2025-02-15 17:37:34.686 [info] Getting sessions for read:user,repo,user:email,workflow...
2025-02-15 17:37:34.686 [info] Got 1 sessions for read:user,repo,user:email,workflow...
2025-02-15 17:37:35.109 [info] Getting sessions for all scopes...
2025-02-15 17:37:35.109 [info] Got 2 sessions for ...
2025-02-15 17:37:35.119 [info] Getting sessions for read:user,repo,user:email,workflow...
2025-02-15 17:37:35.119 [info] Got 1 sessions for read:user,repo,user:email,workflow...
2025-02-15 17:37:36.508 [info] Getting sessions for all scopes...
2025-02-15 17:37:36.508 [info] Got 2 sessions for ...
2025-02-15 17:37:36.513 [info] Getting sessions for read:user,repo,user:email,workflow...
2025-02-15 17:37:36.513 [info] Got 1 sessions for read:user,repo,user:email,workflow...
2025-02-15 17:37:36.922 [info] Getting sessions for all scopes...
2025-02-15 17:37:36.922 [info] Got 2 sessions for ...
2025-02-15 17:37:36.937 [info] Getting sessions for read:user,repo,user:email,workflow...
2025-02-15 17:37:36.937 [info] Got 1 sessions for read:user,repo,user:email,workflow...
2025-02-15 17:38:44.998 [info] Getting sessions for read:user,repo,user:email,workflow...
2025-02-15 17:38:44.998 [info] Got 1 sessions for read:user,repo,user:email,workflow...
2025-02-15 17:45:33.718 [info] Reading sessions from keychain...
2025-02-15 17:45:33.718 [info] Getting sessions for all scopes...
2025-02-15 17:45:33.718 [info] Getting sessions for all scopes...
2025-02-15 17:45:33.718 [info] Getting sessions for all scopes...
2025-02-15 17:45:33.718 [info] Getting sessions for user:email...
2025-02-15 17:45:33.718 [info] Got stored sessions!
2025-02-15 17:45:33.718 [info] Got 2 verified sessions.
2025-02-15 17:45:33.718 [info] Got 2 sessions for ...
2025-02-15 17:45:33.718 [info] Got 2 sessions for ...
2025-02-15 17:45:33.718 [info] Got 2 sessions for ...
2025-02-15 17:45:33.718 [info] Got 1 sessions for user:email...
2025-02-15 17:45:33.718 [info] Getting sessions for read:user,repo,user:email...
2025-02-15 17:45:33.718 [info] Got 0 sessions for read:user,repo,user:email...
2025-02-15 17:45:33.718 [info] Getting sessions for all scopes...
2025-02-15 17:45:33.718 [info] Got 2 sessions for ...
2025-02-15 17:45:33.718 [info] Getting sessions for all scopes...
2025-02-15 17:45:33.718 [info] Got 2 sessions for ...
2025-02-15 17:45:36.368 [info] Getting sessions for read:user,repo,user:email,workflow...
2025-02-15 17:45:36.368 [info] Got 1 sessions for read:user,repo,user:email,workflow...
2025-02-15 17:45:36.976 [info] Getting sessions for read:user,repo,user:email,workflow...
2025-02-15 17:45:36.976 [info] Got 1 sessions for read:user,repo,user:email,workflow...
2025-02-15 17:45:36.976 [info] Getting sessions for project,read:org,read:user,repo,user:email,workflow...
2025-02-15 17:45:36.976 [info] Got 0 sessions for project,read:org,read:user,repo,user:email,workflow...
2025-02-15 17:45:37.073 [info] Getting sessions for all scopes...
2025-02-15 17:45:37.073 [info] Got 2 sessions for ...
2025-02-15 17:45:37.305 [info] Getting sessions for read:user,repo,user:email,workflow...
2025-02-15 17:45:37.305 [info] Got 1 sessions for read:user,repo,user:email,workflow...
2025-02-15 17:45:37.475 [info] Getting sessions for read:user,repo,user:email,workflow...
2025-02-15 17:45:37.475 [info] Got 1 sessions for read:user,repo,user:email,workflow...
2025-02-15 17:45:37.565 [info] Getting sessions for read:user,repo,user:email...
2025-02-15 17:45:37.565 [info] Got 0 sessions for read:user,repo,user:email...
2025-02-15 17:45:40.658 [info] Getting sessions for all scopes...
2025-02-15 17:45:40.658 [info] Got 2 sessions for ...
2025-02-15 17:45:41.079 [info] Getting sessions for read:user,repo,user:email,workflow...
2025-02-15 17:45:41.079 [info] Got 1 sessions for read:user,repo,user:email,workflow...
2025-02-15 17:45:41.079 [info] Getting sessions for read:user,repo,user:email,workflow...
2025-02-15 17:45:41.079 [info] Got 1 sessions for read:user,repo,user:email,workflow...
2025-02-15 17:45:42.418 [info] Getting sessions for all scopes...
2025-02-15 17:45:42.418 [info] Got 2 sessions for ...
2025-02-15 17:45:42.418 [info] Getting sessions for all scopes...
2025-02-15 17:45:42.418 [info] Got 2 sessions for ...
2025-02-15 17:45:42.956 [info] Getting sessions for read:user,repo,user:email,workflow...
2025-02-15 17:45:42.956 [info] Got 1 sessions for read:user,repo,user:email,workflow...
2025-02-15 17:45:43.043 [info] Getting sessions for read:user,repo,user:email,workflow...
2025-02-15 17:45:43.043 [info] Got 1 sessions for read:user,repo,user:email,workflow...
2025-02-15 17:45:43.345 [info] Getting sessions for all scopes...
2025-02-15 17:45:43.345 [info] Got 2 sessions for ...
2025-02-15 17:45:43.354 [info] Getting sessions for all scopes...
2025-02-15 17:45:43.354 [info] Got 2 sessions for ...
2025-02-15 17:45:43.389 [info] Getting sessions for read:user,repo,user:email,workflow...
2025-02-15 17:45:43.389 [info] Got 1 sessions for read:user,repo,user:email,workflow...
2025-02-15 17:45:44.425 [info] Getting sessions for all scopes...
2025-02-15 17:45:44.425 [info] Got 2 sessions for ...
2025-02-15 17:45:44.459 [info] Getting sessions for read:user,repo,user:email,workflow...
2025-02-15 17:45:44.459 [info] Got 1 sessions for read:user,repo,user:email,workflow...
2025-02-15 17:46:09.973 [info] Getting sessions for all scopes...
2025-02-15 17:46:09.974 [info] Got 2 sessions for ...
2025-02-15 17:46:09.975 [info] Getting sessions for read:user,repo,user:email,workflow...
2025-02-15 17:46:09.975 [info] Got 1 sessions for read:user,repo,user:email,workflow...
2025-02-15 17:46:10.485 [info] Getting sessions for all scopes...
2025-02-15 17:46:10.485 [info] Got 2 sessions for ...
2025-02-15 17:46:10.550 [info] Getting sessions for read:user,repo,user:email,workflow...
2025-02-15 17:46:10.550 [info] Got 1 sessions for read:user,repo,user:email,workflow...
2025-02-15 17:46:11.969 [info] Getting sessions for all scopes...
2025-02-15 17:46:11.969 [info] Got 2 sessions for ...
2025-02-15 17:46:12.032 [info] Getting sessions for read:user,repo,user:email,workflow...
2025-02-15 17:46:12.032 [info] Got 1 sessions for read:user,repo,user:email,workflow...
2025-02-15 17:48:02.475 [info] Getting sessions for all scopes...
2025-02-15 17:48:02.475 [info] Got 2 sessions for ...
2025-02-15 17:48:02.477 [info] Getting sessions for read:user,repo,user:email,workflow...
2025-02-15 17:48:02.477 [info] Got 1 sessions for read:user,repo,user:email,workflow...
2025-02-15 17:48:03.326 [info] Getting sessions for all scopes...
2025-02-15 17:48:03.326 [info] Got 2 sessions for ...
2025-02-15 17:48:03.344 [info] Getting sessions for read:user,repo,user:email,workflow...
2025-02-15 17:48:03.344 [info] Got 1 sessions for read:user,repo,user:email,workflow...
2025-02-15 17:48:04.644 [info] Getting sessions for all scopes...
2025-02-15 17:48:04.644 [info] Got 2 sessions for ...
2025-02-15 17:48:04.671 [info] Getting sessions for read:user,repo,user:email,workflow...
2025-02-15 17:48:04.671 [info] Got 1 sessions for read:user,repo,user:email,workflow...
2025-02-15 17:48:20.138 [info] Getting sessions for all scopes...
2025-02-15 17:48:20.138 [info] Got 2 sessions for ...
2025-02-15 17:48:20.140 [info] Getting sessions for read:user,repo,user:email,workflow...
2025-02-15 17:48:20.140 [info] Got 1 sessions for read:user,repo,user:email,workflow...
2025-02-15 17:48:20.529 [info] Getting sessions for all scopes...
2025-02-15 17:48:20.529 [info] Got 2 sessions for ...
2025-02-15 17:48:20.541 [info] Getting sessions for read:user,repo,user:email,workflow...
2025-02-15 17:48:20.541 [info] Got 1 sessions for read:user,repo,user:email,workflow...
2025-02-15 17:48:21.927 [info] Getting sessions for all scopes...
2025-02-15 17:48:21.927 [info] Got 2 sessions for ...
2025-02-15 17:48:21.995 [info] Getting sessions for read:user,repo,user:email,workflow...
2025-02-15 17:48:21.995 [info] Got 1 sessions for read:user,repo,user:email,workflow...
2025-02-15 18:00:01.378 [info] Getting sessions for all scopes...
2025-02-15 18:00:01.378 [info] Got 2 sessions for ...
2025-02-15 18:00:01.380 [info] Getting sessions for read:user,repo,user:email,workflow...
2025-02-15 18:00:01.380 [info] Got 1 sessions for read:user,repo,user:email,workflow...
2025-02-15 18:00:02.287 [info] Getting sessions for all scopes...
2025-02-15 18:00:02.287 [info] Got 2 sessions for ...
2025-02-15 18:00:02.289 [info] Getting sessions for read:user,repo,user:email,workflow...
2025-02-15 18:00:02.289 [info] Got 1 sessions for read:user,repo,user:email,workflow...
2025-02-15 18:00:02.665 [info] Getting sessions for all scopes...
2025-02-15 18:00:02.665 [info] Got 2 sessions for ...
2025-02-15 18:00:02.700 [info] Getting sessions for read:user,repo,user:email,workflow...
2025-02-15 18:00:02.700 [info] Got 1 sessions for read:user,repo,user:email,workflow...
2025-02-15 18:00:04.381 [info] Getting sessions for all scopes...
2025-02-15 18:00:04.381 [info] Got 2 sessions for ...
2025-02-15 18:00:04.446 [info] Getting sessions for read:user,repo,user:email,workflow...
2025-02-15 18:00:04.446 [info] Got 1 sessions for read:user,repo,user:email,workflow...
2025-02-15 18:00:44.487 [info] Getting sessions for all scopes...
2025-02-15 18:00:44.487 [info] Got 2 sessions for ...
2025-02-15 18:00:44.489 [info] Getting sessions for read:user,repo,user:email,workflow...
2025-02-15 18:00:44.490 [info] Got 1 sessions for read:user,repo,user:email,workflow...
2025-02-15 18:10:42.235 [info] Getting sessions for all scopes...
2025-02-15 18:10:42.235 [info] Got 2 sessions for ...
2025-02-15 18:10:42.236 [info] Getting sessions for read:user,repo,user:email,workflow...
2025-02-15 18:10:42.236 [info] Got 1 sessions for read:user,repo,user:email,workflow...
2025-02-15 18:10:43.184 [info] Getting sessions for all scopes...
2025-02-15 18:10:43.184 [info] Got 2 sessions for ...
2025-02-15 18:10:43.184 [info] Getting sessions for all scopes...
2025-02-15 18:10:43.184 [info] Got 2 sessions for ...
2025-02-15 18:10:43.185 [info] Getting sessions for read:user,repo,user:email,workflow...
2025-02-15 18:10:43.185 [info] Got 1 sessions for read:user,repo,user:email,workflow...
2025-02-15 18:10:43.187 [info] Getting sessions for all scopes...
2025-02-15 18:10:43.187 [info] Got 2 sessions for ...
2025-02-15 18:10:43.188 [info] Getting sessions for read:user,repo,user:email,workflow...
2025-02-15 18:10:43.188 [info] Got 1 sessions for read:user,repo,user:email,workflow...
2025-02-15 18:10:43.199 [info] Getting sessions for all scopes...
2025-02-15 18:10:43.199 [info] Got 2 sessions for ...
2025-02-15 18:10:43.200 [info] Getting sessions for read:user,repo,user:email,workflow...
2025-02-15 18:10:43.200 [info] Got 1 sessions for read:user,repo,user:email,workflow...
2025-02-15 18:13:45.315 [info] Getting sessions for read:user,repo,user:email,workflow...
2025-02-15 18:13:45.315 [info] Got 1 sessions for read:user,repo,user:email,workflow...
2025-02-15 18:17:05.911 [info] Getting sessions for all scopes...
2025-02-15 18:17:05.911 [info] Got 2 sessions for ...
2025-02-15 18:17:05.913 [info] Getting sessions for read:user,repo,user:email,workflow...
2025-02-15 18:17:05.913 [info] Got 1 sessions for read:user,repo,user:email,workflow...
2025-02-15 18:17:06.695 [info] Getting sessions for all scopes...
2025-02-15 18:17:06.695 [info] Got 2 sessions for ...
2025-02-15 18:17:06.696 [info] Getting sessions for read:user,repo,user:email,workflow...
2025-02-15 18:17:06.696 [info] Got 1 sessions for read:user,repo,user:email,workflow...
2025-02-15 18:22:04.136 [info] Getting sessions for all scopes...
2025-02-15 18:22:04.136 [info] Got 2 sessions for ...
2025-02-15 18:22:04.156 [info] Getting sessions for read:user,repo,user:email,workflow...
2025-02-15 18:22:04.156 [info] Got 1 sessions for read:user,repo,user:email,workflow...
2025-02-15 18:22:04.755 [info] Getting sessions for all scopes...
2025-02-15 18:22:04.755 [info] Got 2 sessions for ...
2025-02-15 18:22:04.853 [info] Getting sessions for read:user,repo,user:email,workflow...
2025-02-15 18:22:04.853 [info] Got 1 sessions for read:user,repo,user:email,workflow...
2025-02-15 18:25:43.203 [info] Getting sessions for all scopes...
2025-02-15 18:25:43.203 [info] Got 2 sessions for ...
2025-02-15 18:25:43.205 [info] Getting sessions for read:user,repo,user:email,workflow...
2025-02-15 18:25:43.205 [info] Got 1 sessions for read:user,repo,user:email,workflow...
2025-02-15 18:35:43.185 [info] Getting sessions for all scopes...
2025-02-15 18:35:43.185 [info] Got 2 sessions for ...
2025-02-15 18:35:43.187 [info] Getting sessions for read:user,repo,user:email,workflow...
2025-02-15 18:35:43.187 [info] Got 1 sessions for read:user,repo,user:email,workflow...
2025-02-15 18:35:44.568 [info] Getting sessions for all scopes...
2025-02-15 18:35:44.568 [info] Got 2 sessions for ...
2025-02-15 18:35:44.569 [info] Getting sessions for all scopes...
2025-02-15 18:35:44.569 [info] Got 2 sessions for ...
2025-02-15 18:35:44.570 [info] Getting sessions for read:user,repo,user:email,workflow...
2025-02-15 18:35:44.570 [info] Got 1 sessions for read:user,repo,user:email,workflow...
2025-02-15 18:35:44.572 [info] Getting sessions for all scopes...
2025-02-15 18:35:44.572 [info] Got 2 sessions for ...
2025-02-15 18:35:44.573 [info] Getting sessions for read:user,repo,user:email,workflow...
2025-02-15 18:35:44.573 [info] Got 1 sessions for read:user,repo,user:email,workflow...
2025-02-15 18:35:44.587 [info] Getting sessions for all scopes...
2025-02-15 18:35:44.587 [info] Got 2 sessions for ...
2025-02-15 18:35:44.588 [info] Getting sessions for read:user,repo,user:email,workflow...
2025-02-15 18:35:44.588 [info] Got 1 sessions for read:user,repo,user:email,workflow...
2025-02-15 18:35:44.591 [info] Getting sessions for all scopes...
2025-02-15 18:35:44.591 [info] Got 2 sessions for ...
2025-02-15 18:35:44.592 [info] Getting sessions for read:user,repo,user:email,workflow...
2025-02-15 18:35:44.592 [info] Got 1 sessions for read:user,repo,user:email,workflow...
2025-02-15 18:38:45.153 [info] Getting sessions for read:user,repo,user:email,workflow...
2025-02-15 18:38:45.153 [info] Got 1 sessions for read:user,repo,user:email,workflow...
2025-02-15 18:50:45.789 [info] Getting sessions for all scopes...
2025-02-15 18:50:45.789 [info] Got 2 sessions for ...
2025-02-15 18:50:45.808 [info] Getting sessions for read:user,repo,user:email,workflow...
2025-02-15 18:50:45.808 [info] Got 1 sessions for read:user,repo,user:email,workflow...
2025-02-15 18:50:45.810 [info] Getting sessions for all scopes...
2025-02-15 18:50:45.810 [info] Got 2 sessions for ...
2025-02-15 18:50:45.811 [info] Getting sessions for read:user,repo,user:email,workflow...
2025-02-15 18:50:45.811 [info] Got 1 sessions for read:user,repo,user:email,workflow...
2025-02-15 18:56:22.150 [info] Getting sessions for all scopes...
2025-02-15 18:56:22.150 [info] Got 2 sessions for ...
2025-02-15 18:56:22.207 [info] Getting sessions for read:user,repo,user:email,workflow...
2025-02-15 18:56:22.208 [info] Got 1 sessions for read:user,repo,user:email,workflow...
2025-02-15 18:56:23.496 [info] Getting sessions for all scopes...
2025-02-15 18:56:23.496 [info] Got 2 sessions for ...
2025-02-15 18:56:23.512 [info] Getting sessions for read:user,repo,user:email,workflow...
2025-02-15 18:56:23.512 [info] Got 1 sessions for read:user,repo,user:email,workflow...
2025-02-15 18:56:27.360 [info] Getting sessions for all scopes...
2025-02-15 18:56:27.360 [info] Got 2 sessions for ...
2025-02-15 18:56:27.376 [info] Getting sessions for read:user,repo,user:email,workflow...
2025-02-15 18:56:27.376 [info] Got 1 sessions for read:user,repo,user:email,workflow...
2025-02-15 19:00:25.348 [info] Reading sessions from keychain...
2025-02-15 19:00:25.348 [info] Getting sessions for all scopes...
2025-02-15 19:00:25.348 [info] Getting sessions for all scopes...
2025-02-15 19:00:25.348 [info] Getting sessions for all scopes...
2025-02-15 19:00:25.348 [info] Getting sessions for all scopes...
2025-02-15 19:00:25.348 [info] Getting sessions for all scopes...
2025-02-15 19:00:25.348 [info] Getting sessions for all scopes...
2025-02-15 19:00:25.348 [info] Getting sessions for all scopes...
2025-02-15 19:00:25.348 [info] Got stored sessions!
2025-02-15 19:00:25.348 [info] Got 2 verified sessions.
2025-02-15 19:00:25.348 [info] Got 2 sessions for ...
2025-02-15 19:00:25.348 [info] Got 2 sessions for ...
2025-02-15 19:00:25.348 [info] Got 2 sessions for ...
2025-02-15 19:00:25.348 [info] Got 2 sessions for ...
2025-02-15 19:00:25.348 [info] Got 2 sessions for ...
2025-02-15 19:00:25.348 [info] Got 2 sessions for ...
2025-02-15 19:00:25.348 [info] Got 2 sessions for ...
2025-02-15 19:00:25.348 [info] Getting sessions for all scopes...
2025-02-15 19:00:25.348 [info] Got 2 sessions for ...
2025-02-15 19:00:30.078 [info] Getting sessions for user:email...
2025-02-15 19:00:30.078 [info] Got 1 sessions for user:email...
2025-02-15 19:00:30.963 [info] Getting sessions for all scopes...
2025-02-15 19:00:30.963 [info] Got 2 sessions for ...
2025-02-15 19:00:31.583 [info] Getting sessions for read:user,repo,user:email...
2025-02-15 19:00:31.584 [info] Got 0 sessions for read:user,repo,user:email...
2025-02-15 19:00:31.584 [info] Getting sessions for read:user,repo,user:email,workflow...
2025-02-15 19:00:31.584 [info] Got 1 sessions for read:user,repo,user:email,workflow...
2025-02-15 19:00:32.103 [info] Getting sessions for all scopes...
2025-02-15 19:00:32.103 [info] Got 2 sessions for ...
2025-02-15 19:00:32.104 [info] Getting sessions for all scopes...
2025-02-15 19:00:32.104 [info] Got 2 sessions for ...
2025-02-15 19:00:32.105 [info] Getting sessions for project,read:org,read:user,repo,user:email,workflow...
2025-02-15 19:00:32.105 [info] Got 0 sessions for project,read:org,read:user,repo,user:email,workflow...
2025-02-15 19:00:32.383 [info] Getting sessions for read:user,repo,user:email,workflow...
2025-02-15 19:00:32.383 [info] Got 1 sessions for read:user,repo,user:email,workflow...
2025-02-15 19:00:32.572 [info] Getting sessions for read:user,repo,user:email,workflow...
2025-02-15 19:00:32.572 [info] Got 1 sessions for read:user,repo,user:email,workflow...
2025-02-15 19:00:32.572 [info] Getting sessions for read:user,repo,user:email,workflow...
2025-02-15 19:00:32.572 [info] Got 1 sessions for read:user,repo,user:email,workflow...
2025-02-15 19:00:32.810 [info] Getting sessions for all scopes...
2025-02-15 19:00:32.810 [info] Got 2 sessions for ...
2025-02-15 19:00:35.238 [info] Getting sessions for read:user,repo,user:email...
2025-02-15 19:00:35.238 [info] Got 0 sessions for read:user,repo,user:email...
2025-02-15 19:00:35.436 [info] Getting sessions for read:user,repo,user:email,workflow...
2025-02-15 19:00:35.436 [info] Got 1 sessions for read:user,repo,user:email,workflow...
2025-02-15 19:00:36.146 [info] Getting sessions for all scopes...
2025-02-15 19:00:36.146 [info] Got 2 sessions for ...
2025-02-15 19:00:37.147 [info] Getting sessions for read:user,repo,user:email,workflow...
2025-02-15 19:00:37.147 [info] Got 1 sessions for read:user,repo,user:email,workflow...
2025-02-15 19:00:37.178 [info] Getting sessions for all scopes...
2025-02-15 19:00:37.178 [info] Got 2 sessions for ...
2025-02-15 19:00:37.184 [info] Getting sessions for read:user,repo,user:email,workflow...
2025-02-15 19:00:37.184 [info] Got 1 sessions for read:user,repo,user:email,workflow...
2025-02-15 19:00:38.971 [info] Getting sessions for all scopes...
2025-02-15 19:00:38.971 [info] Got 2 sessions for ...
2025-02-15 19:00:38.971 [info] Getting sessions for all scopes...
2025-02-15 19:00:38.971 [info] Got 2 sessions for ...
2025-02-15 19:00:38.975 [info] Getting sessions for read:user,repo,user:email,workflow...
2025-02-15 19:00:38.975 [info] Got 1 sessions for read:user,repo,user:email,workflow...
2025-02-15 19:00:38.984 [info] Getting sessions for all scopes...
2025-02-15 19:00:38.984 [info] Got 2 sessions for ...
2025-02-15 19:00:39.035 [info] Getting sessions for read:user,repo,user:email,workflow...
2025-02-15 19:00:39.035 [info] Got 1 sessions for read:user,repo,user:email,workflow...
2025-02-15 19:00:39.355 [info] Getting sessions for all scopes...
2025-02-15 19:00:39.355 [info] Got 2 sessions for ...
2025-02-15 19:00:39.480 [info] Getting sessions for read:user,repo,user:email,workflow...
2025-02-15 19:00:39.480 [info] Got 1 sessions for read:user,repo,user:email,workflow...
2025-02-15 19:00:40.120 [info] Getting sessions for all scopes...
2025-02-15 19:00:40.120 [info] Got 2 sessions for ...
2025-02-15 19:00:40.125 [info] Getting sessions for read:user,repo,user:email,workflow...
2025-02-15 19:00:40.126 [info] Got 1 sessions for read:user,repo,user:email,workflow...
2025-02-15 19:00:57.647 [info] Getting sessions for read:user,repo,user:email...
2025-02-15 19:00:57.647 [info] Got 0 sessions for read:user,repo,user:email...
