[18:50:11.593][Logger] New log placeholder %WS1% registered for /home/juanluis/git-repositories/TFM-BigData .
[18:50:11.593][Extension] Initializing LaTeX Workshop.
[18:50:11.810][Build][Recipe] Set $LATEXWORKSHOP_DOCKER_LATEX: ""
[18:50:11.811][Build][Recipe] Set $LATEXWORKSHOP_DOCKER_PATH: "docker"
[18:50:11.866][Server] Creating LaTeX Workshop http and websocket server.
[18:50:12.069][Format][Bib] Bibtex format config: {"tab":"  ","case":"lowercase","left":"{","right":"}","trailingComma":false,"sort":["key"],"alignOnEqual":true,"sortFields":false,"fieldsOrder":[],"firstEntries":["string","xdata"]}
[18:50:12.128][Server] Server successfully started: {"address":"127.0.0.1","family":"IPv4","port":40271} .
[18:50:12.197][Extension] Extension root: /home/juanluis/.vscode/extensions/james-yu.latex-workshop-10.7.5
[18:50:12.197][Extension] $PATH: /home/juanluis/.atuin/bin:/home/juanluis/.local/bin:/home/juanluis/bin:/usr/local/bin:/usr/bin:/bin:/usr/local/sbin:/usr/sbin:/sbin:/var/lib/snapd/snap/bin:/usr/lib/jvm/jdk-17.0.12/bin
[18:50:12.198][Extension] $SHELL: /usr/bin/zsh
[18:50:12.198][Extension] $LANG: es_ES.UTF-8
[18:50:12.198][Extension] $LC_ALL: undefined
[18:50:12.199][Extension] process.platform: linux
[18:50:12.199][Extension] process.arch: x64
[18:50:12.199][Extension] vscode.env.appName: Visual Studio Code
[18:50:12.200][Extension] vscode.env.remoteName: undefined
[18:50:12.200][Extension] vscode.env.uiKind: 1
[18:50:12.212][Config] latex-workshop.latex.outDir: "%DIR%/build" .
[18:50:12.324][Extension] Trigger characters for intellisense of LaTeX documents: ["\\",",","{","}"]
[18:50:12.327][Root] Current workspace folders: ["file://%WS1%"]
[18:50:12.328][Root] Try finding root from magic comment.
[18:50:12.328][Extension] LaTeX Workshop initialized.
[18:50:12.329][Root] Try finding root from active editor.
[18:50:12.330][Root] Found root file from active editor: %WS1%/apuntes/ApuntesLennard.tex
[18:50:12.331][Root] Root file changed: from %WS1%/apuntes/ApuntesLennard.tex to %WS1%/apuntes/ApuntesLennard.tex, langID latex . Refresh dependencies
[18:50:12.331][Event] ROOT_FILE_CHANGED: "%WS1%/apuntes/ApuntesLennard.tex"
[18:50:12.332][Cacher][Watcher] Reset.
[18:50:12.332][Cacher][Watcher] Reset.
[18:50:12.341][Cacher] Adding %WS1%/apuntes/ApuntesLennard.tex .
[18:50:12.344][Cacher][Watcher] Watched file://%WS1%/apuntes/ApuntesLennard.tex with a new .* watcher on %WS1%/apuntes .
[18:50:12.346][Event] FILE_WATCHED: "file://%WS1%/apuntes/ApuntesLennard.tex"
[18:50:12.351][Cacher] Caching %WS1%/apuntes/ApuntesLennard.tex .
[18:50:12.351][Event] ROOT_FILE_SEARCHED
[18:50:12.367][Server] validOrigin is http://127.0.0.1:40271
[18:50:13.219][Viewer][Panel] Internal PDF viewer at http://127.0.0.1:40271/viewer.html?file=pdf..ZmlsZSUzQSUyRiUyRiUyRmhvbWUlMkZqdWFubHVpcyUyRmdpdC1yZXBvc2l0b3JpZXMlMkZURk0tQmlnRGF0YSUyRlRGTS1MZW5uYXJ0VG9sbGtlJTJGU3VibWlzc2lvbkZpbGVzQ1NHJTJGQkFfTGVubmFydF9UJUMzJUI2bGxrZS5wZGY .
[18:50:13.223][Cacher][Watcher] Watched file://%WS1%/TFM-LennartTollke/SubmissionFilesCSG/BA_Lennart_Töllke.pdf with a new .pdf watcher on %WS1%/TFM-LennartTollke/SubmissionFilesCSG .
[18:50:13.223][Event] FILE_WATCHED: "file://%WS1%/TFM-LennartTollke/SubmissionFilesCSG/BA_Lennart_Töllke.pdf"
[18:50:13.419][Cacher] Updated inputs of %WS1%/apuntes/ApuntesLennard.tex .
[18:50:13.419][Cacher] Parse LaTeX AST: %WS1%/apuntes/ApuntesLennard.tex .
[18:50:13.587][Cacher] Parsed LaTeX AST in 167.42 ms: %WS1%/apuntes/ApuntesLennard.tex .
[18:50:13.588][File] Calling kpsewhich to resolve article.cls .
[18:50:13.833][File] kpsewhich returned with '/home/juanluis/.miktex/texmfs/install/tex/latex/base/article.cls'.
[18:50:20.549][File] Calling kpsewhich to resolve -format=.bib test.bib .
[18:50:20.801][File] kpsewhich returned with '/home/juanluis/.miktex/texmfs/install/bibtex/bib/wsemclassic/test.bib'.
[18:50:20.804][Cacher] Updated elements in 7216.20 ms: %WS1%/apuntes/ApuntesLennard.tex .
[18:50:20.804][Event] FILE_PARSED: "%WS1%/apuntes/ApuntesLennard.tex"
[18:50:20.810][Structure] Structure force updated with 0 root sections for %WS1%/apuntes/ApuntesLennard.tex .
[18:50:20.810][Event] STRUCTURE_UPDATED
[18:50:20.975][Cacher] Parsing .fls %WS1%/apuntes/build/ApuntesLennard.fls .
[18:50:21.253][Cacher] Found .aux %WS1%/apuntes/build/ApuntesLennard.aux from .fls %WS1%/apuntes/build/ApuntesLennard.fls , parsing.
[18:50:21.260][Viewer] Handle data type: open
[18:50:21.298][Cacher] Parsed .aux %WS1%/apuntes/build/ApuntesLennard.aux .
[18:50:21.298][Cacher] Parsed .fls %WS1%/apuntes/build/ApuntesLennard.fls .
[18:50:21.665][Server] Preview PDF file: file://%WS1%/TFM-LennartTollke/SubmissionFilesCSG/BA_Lennart_Töllke.pdf
[18:50:21.924][Viewer] Handle data type: loaded
[18:50:21.924][Event] VIEWER_PAGE_LOADED
