[1739469013136] INFO  (ext): SQLTools is starting
[1739469013155] INFO  (ext): initializing language client...
[1739469013157] INFO  (ext): Registering client for languages [{"scheme":"sqltools"},{"language":"sql","scheme":"untitled"},{"language":"sql","scheme":"file"},{"language":"sql","scheme":"sqltools"}]
    ns: "lc"
[1739469013164] INFO  (ext): loading plugins...
[1739469013164] INFO  (ext): registering Formatter Plugin.
    plugin: {
      "name": "Formatter Plugin"
    }
[1739469013165] INFO  (ext): registering Connection Manager Plugin.
    plugin: {
      "name": "Connection Manager Plugin"
    }
[1739469013165] INFO  (ext): registering CodeLens Plugin.
    plugin: {
      "name": "CodeLens Plugin",
      "registeredLanguages": []
    }
[1739469013166] INFO  (ext): registering Dependency Manager Plugin.
    plugin: {
      "name": "Dependency Manager Plugin",
      "installingDrivers": []
    }
[1739469013168] INFO  (ext): Connection explorer changed. Will be updated.
    ns: "conn-man:explorer"
[1739469013169] INFO  (ext): registering History Manager Plugin.
    plugin: {
      "name": "History Manager Plugin"
    }
[1739469013169] INFO  (ext): registering Bookmarks Manager Plugin.
    plugin: {
      "name": "Bookmarks Manager Plugin"
    }
[1739469013181] INFO  (ext): registering Authentication Provider Plugin.
    plugin: {
      "name": "Authentication Provider Plugin",
      "isRegistered": false
    }
[1739469013182] INFO  (ext): registering Object Drop-in Provider (plugin).
    plugin: {
      "type": "plugin",
      "name": "Object Drop-in Provider",
      "isRegistered": false
    }
[1739469013183] INFO  (ext): SQLTools activation completed. 46.570594 ms
[1739469013183] INFO  (ext): Formatter Plugin registered!
[1739469013183] INFO  (ext): CodeLens Plugin registered!
[1739469013183] INFO  (ext): Dependency Manager Plugin registered!
[1739469013184] INFO  (ext): Connection Manager Plugin registered!
[1739469013184] INFO  (ext): History Manager Plugin registered!
[1739469013184] INFO  (ext): Bookmarks Manager Plugin registered!
[1739469013184] INFO  (ext): Authentication Provider Plugin registered!
[1739469013184] INFO  (ext): Object Drop-in Provider (plugin) registered!
[1739469013474] INFO  (ls): SQLTools Server started!
===============================
Using node runtime?: no
ExecPath: /usr/share/code/code 
===============================
[1739469013521] INFO  (ext): LanguageClient ready
    ns: "lc"
[1739469013518] INFO  (ls): Initialized with node version:v20.18.1
[1739469016279] INFO  (ext): EXECUTING COMMAND => sqltools.refreshTree
[1739469016279] INFO  (ext): Connection explorer changed. Will be updated.
    ns: "conn-man:explorer"
[1739469016280] INFO  (ext): Connection explorer changed. Will be updated.
    ns: "conn-man:explorer"
[1739469016280] INFO  (ext): Connection explorer changed. Will be updated.
    ns: "conn-man:explorer"
[1739469016473] INFO  (ext): Connection explorer changed. Will be updated.
    ns: "conn-man:explorer"
[1739469017735] INFO  (ext): Connection explorer changed. Will be updated.
    ns: "conn-man:explorer"
