2025-02-13 21:05:03.707 [info] [AutoSync] Using settings sync service https://vscode-sync.trafficmanager.net/
2025-02-13 21:05:03.707 [info] [AutoSync] Enabled.
2025-02-13 21:05:03.707 [info] [AutoSync] Suspended until auth token is available.
2025-02-13 21:05:03.988 [info] [AutoSync] Triggered by Interval
2025-02-13 21:05:03.988 [info] Sync started.
2025-02-13 21:05:05.718 [info] Settings: No changes found during synchronizing settings.
2025-02-13 21:05:06.025 [info] Keybindings: No changes found during synchronizing keybindings.
2025-02-13 21:05:06.117 [info] Snippets: No changes found during synchronizing snippets.
2025-02-13 21:05:06.320 [info] Tasks: No changes found during synchronizing tasks.
2025-02-13 21:05:06.334 [info] GlobalState: No changes found during synchronizing ui state.
2025-02-13 21:05:06.449 [info] Extensions: No changes found during synchronizing extensions.
2025-02-13 21:05:06.451 [info] Profiles: No changes found during synchronizing profiles.
2025-02-13 21:05:06.454 [info] Sync done. Took 2467ms
2025-02-13 21:06:59.303 [info] [AutoSync] Triggered by Activity
2025-02-13 21:06:59.303 [info] Sync started.
2025-02-13 21:06:59.496 [info] Settings: No changes found during synchronizing settings.
2025-02-13 21:06:59.504 [info] Keybindings: No changes found during synchronizing keybindings.
2025-02-13 21:06:59.508 [info] Snippets: No changes found during synchronizing snippets.
2025-02-13 21:06:59.510 [info] Tasks: No changes found during synchronizing tasks.
2025-02-13 21:06:59.515 [info] GlobalState: No changes found during synchronizing ui state.
2025-02-13 21:06:59.668 [info] Extensions: No changes found during synchronizing extensions.
2025-02-13 21:06:59.679 [info] Profiles: No changes found during synchronizing profiles.
2025-02-13 21:06:59.681 [info] Sync done. Took 378ms
2025-02-13 21:07:16.320 [info] [AutoSync] Triggered by Activity
2025-02-13 21:07:16.320 [info] Sync started.
2025-02-13 21:07:16.402 [info] Settings: No changes found during synchronizing settings.
2025-02-13 21:07:16.409 [info] Keybindings: No changes found during synchronizing keybindings.
2025-02-13 21:07:16.412 [info] Snippets: No changes found during synchronizing snippets.
2025-02-13 21:07:16.415 [info] Tasks: No changes found during synchronizing tasks.
2025-02-13 21:07:16.419 [info] GlobalState: No changes found during synchronizing ui state.
2025-02-13 21:07:16.532 [info] Extensions: No changes found during synchronizing extensions.
2025-02-13 21:07:16.533 [info] Profiles: No changes found during synchronizing profiles.
2025-02-13 21:07:16.535 [info] Sync done. Took 216ms
2025-02-13 21:09:29.290 [info] [AutoSync] Triggered by Activity
2025-02-13 21:09:29.291 [info] Sync started.
2025-02-13 21:09:29.571 [info] Settings: No changes found during synchronizing settings.
2025-02-13 21:09:29.576 [info] Keybindings: No changes found during synchronizing keybindings.
2025-02-13 21:09:29.579 [info] Snippets: No changes found during synchronizing snippets.
2025-02-13 21:09:29.581 [info] Tasks: No changes found during synchronizing tasks.
2025-02-13 21:09:29.586 [info] GlobalState: No changes found during synchronizing ui state.
2025-02-13 21:09:29.709 [info] Extensions: No changes found during synchronizing extensions.
2025-02-13 21:09:29.711 [info] Profiles: No changes found during synchronizing profiles.
2025-02-13 21:09:29.712 [info] Sync done. Took 422ms
2025-02-13 21:10:54.611 [info] [AutoSync] Triggered by Activity
2025-02-13 21:10:54.611 [info] Sync started.
2025-02-13 21:10:54.684 [info] Settings: No changes found during synchronizing settings.
2025-02-13 21:10:54.689 [info] Keybindings: No changes found during synchronizing keybindings.
2025-02-13 21:10:54.692 [info] Snippets: No changes found during synchronizing snippets.
2025-02-13 21:10:54.694 [info] Tasks: No changes found during synchronizing tasks.
2025-02-13 21:10:54.698 [info] GlobalState: No changes found during synchronizing ui state.
2025-02-13 21:10:54.799 [info] Extensions: No changes found during synchronizing extensions.
2025-02-13 21:10:54.800 [info] Profiles: No changes found during synchronizing profiles.
2025-02-13 21:10:54.802 [info] Sync done. Took 191ms
2025-02-13 21:15:54.850 [info] [AutoSync] Triggered by Interval
2025-02-13 21:15:54.850 [info] Sync started.
2025-02-13 21:15:55.127 [info] Settings: No changes found during synchronizing settings.
2025-02-13 21:15:55.133 [info] Keybindings: No changes found during synchronizing keybindings.
2025-02-13 21:15:55.136 [info] Snippets: No changes found during synchronizing snippets.
2025-02-13 21:15:55.139 [info] Tasks: No changes found during synchronizing tasks.
2025-02-13 21:15:55.143 [info] GlobalState: No changes found during synchronizing ui state.
2025-02-13 21:15:55.262 [info] Extensions: No changes found during synchronizing extensions.
2025-02-13 21:15:55.266 [info] Profiles: No changes found during synchronizing profiles.
2025-02-13 21:15:55.268 [info] Sync done. Took 418ms
2025-02-13 21:18:04.468 [info] [AutoSync] Triggered by Activity
2025-02-13 21:18:04.468 [info] Sync started.
2025-02-13 21:18:04.548 [info] Settings: No changes found during synchronizing settings.
2025-02-13 21:18:04.553 [info] Keybindings: No changes found during synchronizing keybindings.
2025-02-13 21:18:04.556 [info] Snippets: No changes found during synchronizing snippets.
2025-02-13 21:18:04.558 [info] Tasks: No changes found during synchronizing tasks.
2025-02-13 21:18:04.562 [info] GlobalState: No changes found during synchronizing ui state.
2025-02-13 21:18:04.668 [info] Extensions: No changes found during synchronizing extensions.
2025-02-13 21:18:04.670 [info] Profiles: No changes found during synchronizing profiles.
2025-02-13 21:18:04.671 [info] Sync done. Took 205ms
2025-02-13 21:21:08.551 [info] [AutoSync] Triggered by Activity
2025-02-13 21:21:08.551 [info] Sync started.
2025-02-13 21:21:08.818 [info] Settings: No changes found during synchronizing settings.
2025-02-13 21:21:08.824 [info] Keybindings: No changes found during synchronizing keybindings.
2025-02-13 21:21:08.827 [info] Snippets: No changes found during synchronizing snippets.
2025-02-13 21:21:08.829 [info] Tasks: No changes found during synchronizing tasks.
2025-02-13 21:21:08.834 [info] GlobalState: No changes found during synchronizing ui state.
2025-02-13 21:21:08.959 [info] Extensions: No changes found during synchronizing extensions.
2025-02-13 21:21:08.961 [info] Profiles: No changes found during synchronizing profiles.
2025-02-13 21:21:08.962 [info] Sync done. Took 412ms
2025-02-13 21:21:27.732 [info] [AutoSync] Triggered by Activity
2025-02-13 21:21:27.732 [info] Sync started.
2025-02-13 21:21:27.822 [info] Settings: No changes found during synchronizing settings.
2025-02-13 21:21:27.827 [info] Keybindings: No changes found during synchronizing keybindings.
2025-02-13 21:21:27.830 [info] Snippets: No changes found during synchronizing snippets.
2025-02-13 21:21:27.832 [info] Tasks: No changes found during synchronizing tasks.
2025-02-13 21:21:27.836 [info] GlobalState: No changes found during synchronizing ui state.
2025-02-13 21:21:27.929 [info] Extensions: No changes found during synchronizing extensions.
2025-02-13 21:21:27.932 [info] Profiles: No changes found during synchronizing profiles.
2025-02-13 21:21:27.933 [info] Sync done. Took 202ms
2025-02-13 21:21:59.960 [info] [AutoSync] Triggered by Activity
2025-02-13 21:21:59.960 [info] Sync started.
2025-02-13 21:22:00.025 [info] Settings: No changes found during synchronizing settings.
2025-02-13 21:22:00.030 [info] Keybindings: No changes found during synchronizing keybindings.
2025-02-13 21:22:00.033 [info] Snippets: No changes found during synchronizing snippets.
2025-02-13 21:22:00.035 [info] Tasks: No changes found during synchronizing tasks.
2025-02-13 21:22:00.039 [info] GlobalState: No changes found during synchronizing ui state.
2025-02-13 21:22:00.160 [info] Extensions: No changes found during synchronizing extensions.
2025-02-13 21:22:00.161 [info] Profiles: No changes found during synchronizing profiles.
2025-02-13 21:22:00.163 [info] Sync done. Took 203ms
2025-02-13 21:24:02.528 [info] [AutoSync] Triggered by Activity
2025-02-13 21:24:02.528 [info] Sync started.
2025-02-13 21:24:02.605 [info] Settings: No changes found during synchronizing settings.
2025-02-13 21:24:02.611 [info] Keybindings: No changes found during synchronizing keybindings.
2025-02-13 21:24:02.615 [info] Snippets: No changes found during synchronizing snippets.
2025-02-13 21:24:02.617 [info] Tasks: No changes found during synchronizing tasks.
2025-02-13 21:24:02.621 [info] GlobalState: No changes found during synchronizing ui state.
2025-02-13 21:24:02.730 [info] Extensions: No changes found during synchronizing extensions.
2025-02-13 21:24:02.732 [info] Profiles: No changes found during synchronizing profiles.
2025-02-13 21:24:02.733 [info] Sync done. Took 206ms
2025-02-13 21:25:01.469 [info] [AutoSync] Triggered by Activity
2025-02-13 21:25:01.470 [info] Sync started.
2025-02-13 21:25:01.550 [info] Settings: No changes found during synchronizing settings.
2025-02-13 21:25:01.556 [info] Keybindings: No changes found during synchronizing keybindings.
2025-02-13 21:25:01.560 [info] Snippets: No changes found during synchronizing snippets.
2025-02-13 21:25:01.563 [info] Tasks: No changes found during synchronizing tasks.
2025-02-13 21:25:01.568 [info] GlobalState: No changes found during synchronizing ui state.
2025-02-13 21:25:01.725 [info] Extensions: No changes found during synchronizing extensions.
2025-02-13 21:25:01.734 [info] Profiles: No changes found during synchronizing profiles.
2025-02-13 21:25:01.736 [info] Sync done. Took 267ms
2025-02-13 21:30:01.737 [info] [AutoSync] Triggered by Interval
2025-02-13 21:30:01.737 [info] Sync started.
2025-02-13 21:30:02.122 [info] Settings: No changes found during synchronizing settings.
2025-02-13 21:30:02.128 [info] Keybindings: No changes found during synchronizing keybindings.
2025-02-13 21:30:02.130 [info] Snippets: No changes found during synchronizing snippets.
2025-02-13 21:30:02.132 [info] Tasks: No changes found during synchronizing tasks.
2025-02-13 21:30:02.136 [info] GlobalState: No changes found during synchronizing ui state.
2025-02-13 21:30:02.245 [info] Extensions: No changes found during synchronizing extensions.
2025-02-13 21:30:02.246 [info] Profiles: No changes found during synchronizing profiles.
2025-02-13 21:30:02.248 [info] Sync done. Took 511ms
2025-02-13 21:32:27.307 [info] [AutoSync] Triggered by Activity
2025-02-13 21:32:27.307 [info] Sync started.
2025-02-13 21:32:27.565 [info] Settings: No changes found during synchronizing settings.
2025-02-13 21:32:27.569 [info] Keybindings: No changes found during synchronizing keybindings.
2025-02-13 21:32:27.573 [info] Snippets: No changes found during synchronizing snippets.
2025-02-13 21:32:27.575 [info] Tasks: No changes found during synchronizing tasks.
2025-02-13 21:32:27.579 [info] GlobalState: No changes found during synchronizing ui state.
2025-02-13 21:32:27.689 [info] Extensions: No changes found during synchronizing extensions.
2025-02-13 21:32:27.691 [info] Profiles: No changes found during synchronizing profiles.
2025-02-13 21:32:27.692 [info] Sync done. Took 385ms
2025-02-13 21:35:33.280 [info] [AutoSync] Triggered by Activity
2025-02-13 21:35:33.280 [info] Sync started.
2025-02-13 21:35:33.546 [info] Settings: No changes found during synchronizing settings.
2025-02-13 21:35:33.553 [info] Keybindings: No changes found during synchronizing keybindings.
2025-02-13 21:35:33.556 [info] Snippets: No changes found during synchronizing snippets.
2025-02-13 21:35:33.559 [info] Tasks: No changes found during synchronizing tasks.
2025-02-13 21:35:33.563 [info] GlobalState: No changes found during synchronizing ui state.
2025-02-13 21:35:33.675 [info] Extensions: No changes found during synchronizing extensions.
2025-02-13 21:35:33.677 [info] Profiles: No changes found during synchronizing profiles.
2025-02-13 21:35:33.678 [info] Sync done. Took 399ms
2025-02-13 21:36:03.047 [info] [AutoSync] Triggered by Activity
2025-02-13 21:36:03.048 [info] Sync started.
2025-02-13 21:36:03.122 [info] Settings: No changes found during synchronizing settings.
2025-02-13 21:36:03.127 [info] Keybindings: No changes found during synchronizing keybindings.
2025-02-13 21:36:03.129 [info] Snippets: No changes found during synchronizing snippets.
2025-02-13 21:36:03.132 [info] Tasks: No changes found during synchronizing tasks.
2025-02-13 21:36:03.136 [info] GlobalState: No changes found during synchronizing ui state.
2025-02-13 21:36:03.230 [info] Extensions: No changes found during synchronizing extensions.
2025-02-13 21:36:03.231 [info] Profiles: No changes found during synchronizing profiles.
2025-02-13 21:36:03.232 [info] Sync done. Took 186ms
2025-02-13 21:36:55.882 [info] [AutoSync] Triggered by Activity
2025-02-13 21:36:55.883 [info] Sync started.
2025-02-13 21:36:55.969 [info] Settings: No changes found during synchronizing settings.
2025-02-13 21:36:55.975 [info] Keybindings: No changes found during synchronizing keybindings.
2025-02-13 21:36:55.980 [info] Snippets: No changes found during synchronizing snippets.
2025-02-13 21:36:55.983 [info] Tasks: No changes found during synchronizing tasks.
2025-02-13 21:36:55.988 [info] GlobalState: No changes found during synchronizing ui state.
2025-02-13 21:36:56.160 [info] Extensions: No changes found during synchronizing extensions.
2025-02-13 21:36:56.163 [info] Profiles: No changes found during synchronizing profiles.
2025-02-13 21:36:56.165 [info] Sync done. Took 283ms
2025-02-13 21:37:22.407 [info] [AutoSync] Triggered by Activity
2025-02-13 21:37:22.407 [info] Sync started.
2025-02-13 21:37:22.485 [info] Settings: No changes found during synchronizing settings.
2025-02-13 21:37:22.491 [info] Keybindings: No changes found during synchronizing keybindings.
2025-02-13 21:37:22.494 [info] Snippets: No changes found during synchronizing snippets.
2025-02-13 21:37:22.496 [info] Tasks: No changes found during synchronizing tasks.
2025-02-13 21:37:22.500 [info] GlobalState: No changes found during synchronizing ui state.
2025-02-13 21:37:22.619 [info] Extensions: No changes found during synchronizing extensions.
2025-02-13 21:37:22.620 [info] Profiles: No changes found during synchronizing profiles.
2025-02-13 21:37:22.622 [info] Sync done. Took 215ms
2025-02-13 21:38:02.049 [info] [AutoSync] Triggered by Activity
2025-02-13 21:38:02.049 [info] Sync started.
2025-02-13 21:38:02.152 [info] Settings: No changes found during synchronizing settings.
2025-02-13 21:38:02.159 [info] Keybindings: No changes found during synchronizing keybindings.
2025-02-13 21:38:02.162 [info] Snippets: No changes found during synchronizing snippets.
2025-02-13 21:38:02.165 [info] Tasks: No changes found during synchronizing tasks.
2025-02-13 21:38:02.171 [info] GlobalState: No changes found during synchronizing ui state.
2025-02-13 21:38:02.294 [info] Extensions: No changes found during synchronizing extensions.
2025-02-13 21:38:02.297 [info] Profiles: No changes found during synchronizing profiles.
2025-02-13 21:38:02.299 [info] Sync done. Took 250ms
2025-02-13 21:38:12.237 [info] [AutoSync] Triggered by Activity
2025-02-13 21:38:12.237 [info] Sync started.
2025-02-13 21:38:12.314 [info] Settings: No changes found during synchronizing settings.
2025-02-13 21:38:12.322 [info] Keybindings: No changes found during synchronizing keybindings.
2025-02-13 21:38:12.329 [info] Snippets: No changes found during synchronizing snippets.
2025-02-13 21:38:12.332 [info] Tasks: No changes found during synchronizing tasks.
2025-02-13 21:38:12.336 [info] GlobalState: No changes found during synchronizing ui state.
2025-02-13 21:38:12.450 [info] Extensions: No changes found during synchronizing extensions.
2025-02-13 21:38:12.452 [info] Profiles: No changes found during synchronizing profiles.
2025-02-13 21:38:12.453 [info] Sync done. Took 216ms
2025-02-13 21:38:31.051 [info] [AutoSync] Triggered by Activity
2025-02-13 21:38:31.051 [info] Sync started.
2025-02-13 21:38:31.157 [info] Settings: No changes found during synchronizing settings.
2025-02-13 21:38:31.162 [info] Keybindings: No changes found during synchronizing keybindings.
2025-02-13 21:38:31.166 [info] Snippets: No changes found during synchronizing snippets.
2025-02-13 21:38:31.168 [info] Tasks: No changes found during synchronizing tasks.
2025-02-13 21:38:31.172 [info] GlobalState: No changes found during synchronizing ui state.
2025-02-13 21:38:31.313 [info] Extensions: No changes found during synchronizing extensions.
2025-02-13 21:38:31.317 [info] Profiles: No changes found during synchronizing profiles.
2025-02-13 21:38:31.320 [info] Sync done. Took 269ms
2025-02-13 21:39:20.854 [info] [AutoSync] Triggered by Activity
2025-02-13 21:39:20.854 [info] Sync started.
2025-02-13 21:39:20.926 [info] Settings: No changes found during synchronizing settings.
2025-02-13 21:39:20.933 [info] Keybindings: No changes found during synchronizing keybindings.
2025-02-13 21:39:20.936 [info] Snippets: No changes found during synchronizing snippets.
2025-02-13 21:39:20.941 [info] Tasks: No changes found during synchronizing tasks.
2025-02-13 21:39:20.947 [info] GlobalState: No changes found during synchronizing ui state.
2025-02-13 21:39:21.125 [info] Extensions: No changes found during synchronizing extensions.
2025-02-13 21:39:21.127 [info] Profiles: No changes found during synchronizing profiles.
2025-02-13 21:39:21.129 [info] Sync done. Took 275ms
2025-02-13 21:40:31.631 [info] [AutoSync] Triggered by Activity
2025-02-13 21:40:31.631 [info] Sync started.
2025-02-13 21:40:31.709 [info] Settings: No changes found during synchronizing settings.
2025-02-13 21:40:31.717 [info] Keybindings: No changes found during synchronizing keybindings.
2025-02-13 21:40:31.720 [info] Snippets: No changes found during synchronizing snippets.
2025-02-13 21:40:31.722 [info] Tasks: No changes found during synchronizing tasks.
2025-02-13 21:40:31.726 [info] GlobalState: No changes found during synchronizing ui state.
2025-02-13 21:40:31.844 [info] Extensions: No changes found during synchronizing extensions.
2025-02-13 21:40:31.846 [info] Profiles: No changes found during synchronizing profiles.
2025-02-13 21:40:31.848 [info] Sync done. Took 217ms
2025-02-13 21:41:48.820 [info] [AutoSync] Triggered by Activity
2025-02-13 21:41:48.821 [info] Sync started.
2025-02-13 21:41:48.899 [info] Settings: No changes found during synchronizing settings.
2025-02-13 21:41:48.904 [info] Keybindings: No changes found during synchronizing keybindings.
2025-02-13 21:41:48.907 [info] Snippets: No changes found during synchronizing snippets.
2025-02-13 21:41:48.910 [info] Tasks: No changes found during synchronizing tasks.
2025-02-13 21:41:48.916 [info] GlobalState: No changes found during synchronizing ui state.
2025-02-13 21:41:49.049 [info] Extensions: No changes found during synchronizing extensions.
2025-02-13 21:41:49.051 [info] Profiles: No changes found during synchronizing profiles.
2025-02-13 21:41:49.052 [info] Sync done. Took 232ms
2025-02-13 21:41:59.390 [info] [AutoSync] Triggered by Activity
2025-02-13 21:41:59.391 [info] Sync started.
2025-02-13 21:41:59.456 [info] Settings: No changes found during synchronizing settings.
2025-02-13 21:41:59.461 [info] Keybindings: No changes found during synchronizing keybindings.
2025-02-13 21:41:59.464 [info] Snippets: No changes found during synchronizing snippets.
2025-02-13 21:41:59.467 [info] Tasks: No changes found during synchronizing tasks.
2025-02-13 21:41:59.472 [info] GlobalState: No changes found during synchronizing ui state.
2025-02-13 21:41:59.610 [info] Extensions: No changes found during synchronizing extensions.
2025-02-13 21:41:59.611 [info] Profiles: No changes found during synchronizing profiles.
2025-02-13 21:41:59.613 [info] Sync done. Took 224ms
2025-02-13 21:42:10.955 [info] [AutoSync] Triggered by Activity
2025-02-13 21:42:10.955 [info] Sync started.
2025-02-13 21:42:11.036 [info] Settings: No changes found during synchronizing settings.
2025-02-13 21:42:11.041 [info] Keybindings: No changes found during synchronizing keybindings.
2025-02-13 21:42:11.044 [info] Snippets: No changes found during synchronizing snippets.
2025-02-13 21:42:11.047 [info] Tasks: No changes found during synchronizing tasks.
2025-02-13 21:42:11.052 [info] GlobalState: No changes found during synchronizing ui state.
2025-02-13 21:42:11.196 [info] Extensions: No changes found during synchronizing extensions.
2025-02-13 21:42:11.199 [info] Profiles: No changes found during synchronizing profiles.
2025-02-13 21:42:11.201 [info] Sync done. Took 246ms
2025-02-13 21:43:48.429 [info] [AutoSync] Triggered by Activity
2025-02-13 21:43:48.429 [info] Sync started.
2025-02-13 21:43:48.494 [info] Settings: No changes found during synchronizing settings.
2025-02-13 21:43:48.500 [info] Keybindings: No changes found during synchronizing keybindings.
2025-02-13 21:43:48.502 [info] Snippets: No changes found during synchronizing snippets.
2025-02-13 21:43:48.504 [info] Tasks: No changes found during synchronizing tasks.
2025-02-13 21:43:48.509 [info] GlobalState: No changes found during synchronizing ui state.
2025-02-13 21:43:48.610 [info] Extensions: No changes found during synchronizing extensions.
2025-02-13 21:43:48.612 [info] Profiles: No changes found during synchronizing profiles.
2025-02-13 21:43:48.613 [info] Sync done. Took 184ms
2025-02-13 21:43:58.929 [info] [AutoSync] Triggered by Activity
2025-02-13 21:43:58.929 [info] Sync started.
2025-02-13 21:43:59.021 [info] Settings: No changes found during synchronizing settings.
2025-02-13 21:43:59.027 [info] Keybindings: No changes found during synchronizing keybindings.
2025-02-13 21:43:59.029 [info] Snippets: No changes found during synchronizing snippets.
2025-02-13 21:43:59.034 [info] Tasks: No changes found during synchronizing tasks.
2025-02-13 21:43:59.037 [info] GlobalState: No changes found during synchronizing ui state.
2025-02-13 21:43:59.171 [info] Extensions: No changes found during synchronizing extensions.
2025-02-13 21:43:59.172 [info] Profiles: No changes found during synchronizing profiles.
2025-02-13 21:43:59.174 [info] Sync done. Took 245ms
2025-02-13 21:45:31.168 [info] [AutoSync] Triggered by Activity
2025-02-13 21:45:31.168 [info] Sync started.
2025-02-13 21:45:31.244 [info] Settings: No changes found during synchronizing settings.
2025-02-13 21:45:31.249 [info] Keybindings: No changes found during synchronizing keybindings.
2025-02-13 21:45:31.252 [info] Snippets: No changes found during synchronizing snippets.
2025-02-13 21:45:31.257 [info] Tasks: No changes found during synchronizing tasks.
2025-02-13 21:45:31.263 [info] GlobalState: No changes found during synchronizing ui state.
2025-02-13 21:45:31.378 [info] Extensions: No changes found during synchronizing extensions.
2025-02-13 21:45:31.380 [info] Profiles: No changes found during synchronizing profiles.
2025-02-13 21:45:31.382 [info] Sync done. Took 214ms
