2025-02-13 18:54:18.903 [warning] Via 'product.json#extensionEnabledApiProposals' extension 'ms-vscode.vscode-selfhost-test-provider' wants API proposal 'attributableCoverage' but that proposal DOES NOT EXIST. Likely, the proposal has been finalized (check 'vscode.d.ts') or was abandoned.
2025-02-13 18:54:18.903 [warning] Via 'product.json#extensionEnabledApiProposals' extension 'ms-python.python' wants API proposal 'contribIssueReporter' but that proposal DOES NOT EXIST. Likely, the proposal has been finalized (check 'vscode.d.ts') or was abandoned.
2025-02-13 18:54:18.904 [warning] Via 'product.json#extensionEnabledApiProposals' extension 'ms-python.debugpy' wants API proposal 'contribIssueReporter' but that proposal DOES NOT EXIST. Likely, the proposal has been finalized (check 'vscode.d.ts') or was abandoned.
2025-02-13 18:54:18.904 [warning] Via 'product.json#extensionEnabledApiProposals' extension 'redhat.java' wants API proposal 'documentPaste' but that proposal DOES NOT EXIST. Likely, the proposal has been finalized (check 'vscode.d.ts') or was abandoned.
2025-02-13 18:54:19.404 [info] Started local extension host with pid 10594.
2025-02-13 18:54:19.903 [warning] [REditorSupport.r]: Cannot register 'r.rpath.windows'. This property is already registered.
2025-02-13 18:54:19.903 [warning] [REditorSupport.r]: Cannot register 'r.rpath.mac'. This property is already registered.
2025-02-13 18:54:19.904 [warning] [REditorSupport.r]: Cannot register 'r.rpath.linux'. This property is already registered.
2025-02-13 18:54:21.601 [info] Settings Sync: Token updated for the account juanluserra
2025-02-13 18:54:21.670 [info] Settings Sync: Account status changed from uninitialized to available
2025-02-13 18:54:21.951 [warning] Authentication provider sqltools-driver-credentials was not declared in the Extension Manifest.
2025-02-13 18:54:24.223 [info] [perf] Render performance baseline is 41ms
2025-02-13 18:54:26.608 [warning] Authentication provider gitlab was not declared in the Extension Manifest.
2025-02-13 18:54:29.727 [error] Illegal value for lineNumber: Error: Illegal value for lineNumber
    at bf.getLineMaxColumn (vscode-file://vscode-app/usr/share/code/resources/app/out/vs/workbench/workbench.desktop.main.js:252:112)
    at ka.getBottomForLineNumber (vscode-file://vscode-app/usr/share/code/resources/app/out/vs/workbench/workbench.desktop.main.js:261:1594)
    at Q0.findScrollWidgetState (vscode-file://vscode-app/usr/share/code/resources/app/out/vs/workbench/workbench.desktop.main.js:452:33539)
    at Q0.fb (vscode-file://vscode-app/usr/share/code/resources/app/out/vs/workbench/workbench.desktop.main.js:452:32821)
    at async Q0.db (vscode-file://vscode-app/usr/share/code/resources/app/out/vs/workbench/workbench.desktop.main.js:452:32307)
2025-02-13 18:54:30.728 [error] Illegal value for lineNumber: Error: Illegal value for lineNumber
    at bf.getLineMaxColumn (vscode-file://vscode-app/usr/share/code/resources/app/out/vs/workbench/workbench.desktop.main.js:252:112)
    at ka.getBottomForLineNumber (vscode-file://vscode-app/usr/share/code/resources/app/out/vs/workbench/workbench.desktop.main.js:261:1594)
    at Q0.findScrollWidgetState (vscode-file://vscode-app/usr/share/code/resources/app/out/vs/workbench/workbench.desktop.main.js:452:33539)
    at Q0.fb (vscode-file://vscode-app/usr/share/code/resources/app/out/vs/workbench/workbench.desktop.main.js:452:32821)
    at async Q0.db (vscode-file://vscode-app/usr/share/code/resources/app/out/vs/workbench/workbench.desktop.main.js:452:32307)
