2025-02-15 17:03:04.717 [info] Active editor: file:///home/juanluis/git-repositories/TFM-BigData/apuntes/ApuntesLennard.tex
2025-02-15 17:03:06.700 [info] extension-output-etmoffat.pip-packages-#1-Pip package updater closed
2025-02-15 17:04:19.599 [info] Active editor: file:///home/juanluis/git-repositories/TFM-BigData/apuntes/ApuntesLennard.tex
2025-02-15 17:06:01.403 [info] /home/juanluis/.config/Code/User/settings.json closed
2025-02-15 17:06:01.656 [info] /home/juanluis/.config/Code/User/keybindings.json closed
2025-02-15 17:09:01.425 [info] /home/juanluis/.config/Code/User/settings.json closed
2025-02-15 17:09:01.663 [info] /home/juanluis/.config/Code/User/keybindings.json closed
2025-02-15 17:11:51.952 [info] Active editor: file:///home/juanluis/git-repositories/TFM-BigData/apuntes/ApuntesLennard.tex
2025-02-15 17:11:53.339 [info] Configuration changed
2025-02-15 17:12:44.332 [info] Active editor: file:///home/juanluis/git-repositories/TFM-BigData/apuntes/ApuntesLennard.tex
2025-02-15 17:14:55.364 [info] Executing :w
2025-02-15 17:15:18.300 [info] Active editor: output:extension-output-etmoffat.pip-packages-%231-Pip%20package%20updater
2025-02-15 17:15:23.410 [info] Active editor: file:///home/juanluis/git-repositories/TFM-BigData/apuntes/ApuntesLennard.tex
2025-02-15 17:17:20.367 [info] Executing :w
2025-02-15 17:17:37.188 [info] Executing :w
2025-02-15 17:17:51.374 [info] Active editor: file:///home/juanluis/git-repositories/TFM-BigData/apuntes/ApuntesLennard.tex
2025-02-15 17:18:18.001 [info] /home/juanluis/git-repositories/TFM-BigData/apuntes/ApuntesLennard.tex.git closed
2025-02-15 17:18:18.276 [info] extension-output-etmoffat.pip-packages-#1-Pip package updater closed
2025-02-15 17:18:18.436 [info] Active editor: file:///home/juanluis/git-repositories/TFM-BigData/apuntes/ApuntesLennard.tex
2025-02-15 17:18:39.416 [info] Active editor: file:///home/juanluis/git-repositories/TFM-BigData/apuntes/ApuntesLennard.tex
2025-02-15 17:20:20.253 [info] Active editor: untitled:Untitled-1
2025-02-15 17:20:27.690 [info] Untitled-1 closed
2025-02-15 17:20:27.738 [info] Active editor: file:///home/juanluis/git-repositories/TFM-BigData/apuntes/ApuntesLennard.tex
2025-02-15 17:21:23.422 [info] /response_a0b498ba-c36d-4be3-98eb-4f31071e4ca3/0 closed
2025-02-15 17:21:37.958 [info] /response_af146ca5-a788-4f6e-9ea4-c4a97d9a4976/0 closed
2025-02-15 17:24:23.458 [info] /response_a0b498ba-c36d-4be3-98eb-4f31071e4ca3/0 closed
2025-02-15 17:24:51.624 [info] Executing :w
2025-02-15 17:25:07.846 [info] Configuration changed
2025-02-15 17:27:04.667 [info] Executing :w
2025-02-15 17:27:21.690 [info] Executing :w
2025-02-15 17:28:14.654 [info] Executing :w
2025-02-15 17:28:31.739 [info] Executing :w
2025-02-15 17:29:08.192 [info] Executing :w
2025-02-15 17:30:26.742 [info] Executing :w
2025-02-15 17:32:49.022 [info] Active editor: file:///home/juanluis/git-repositories/TFM-BigData/apuntes/ApuntesLennard.tex
2025-02-15 17:34:14.335 [info] Executing :w
2025-02-15 17:34:40.259 [info] Active editor: file:///home/juanluis/git-repositories/TFM-BigData/apuntes/ApuntesLennard.tex
2025-02-15 17:36:45.140 [info] Executing :w
2025-02-15 17:36:48.742 [info] Executing :w
2025-02-15 17:37:15.991 [info] /response_af146ca5-a788-4f6e-9ea4-c4a97d9a4976/0 closed
2025-02-15 17:38:43.642 [info] Active editor: file:///home/juanluis/git-repositories/TFM-BigData/apuntes/ApuntesLennard.tex
2025-02-15 17:39:14.432 [info] Executing :w
2025-02-15 17:39:45.246 [info] Active editor: file:///home/juanluis/git-repositories/TFM-BigData/apuntes/ApuntesLennard.tex
2025-02-15 17:39:58.887 [info] Executing :w
2025-02-15 17:40:52.245 [info] Executing :w
2025-02-15 17:41:25.794 [info] Executing :w
2025-02-15 17:41:49.436 [info] Active editor: untitled:Untitled-1
2025-02-15 17:41:49.465 [info] /home/juanluis/git-repositories/TFM-BigData/apuntes/ApuntesLennard.tex.git closed
2025-02-15 17:41:49.466 [warning] getLineLength() called with out-of-bounds line 245
2025-02-15 17:41:49.466 [warning] invalid cursor position. [[245, 12] | [245, 12]].
2025-02-15 17:41:53.743 [info] Active editor: file:///home/juanluis/git-repositories/TFM-BigData/apuntes/ApuntesLennard.tex
2025-02-15 17:41:55.406 [info] Active editor: untitled:Untitled-1
2025-02-15 17:41:55.420 [warning] getLineLength() called with out-of-bounds line 245
2025-02-15 17:41:55.420 [warning] invalid cursor position. [[245, 12] | [245, 12]].
2025-02-15 17:42:00.335 [info] Active editor: file:///home/juanluis/git-repositories/TFM-BigData/apuntes/ApuntesLennard.tex
2025-02-15 17:42:03.646 [info] Executing :w
2025-02-15 17:42:55.740 [info] Active editor: file:///home/juanluis/git-repositories/TFM-BigData/apuntes/ApuntesLennard.tex
2025-02-15 17:43:22.160 [info] Executing :w
2025-02-15 17:44:12.225 [info] Active editor: file:///home/juanluis/git-repositories/TFM-BigData/apuntes/ApuntesLennard.tex
2025-02-15 17:44:49.557 [info] Untitled-1 closed
2025-02-15 17:45:17.589 [info] Executing :w
2025-02-15 17:45:25.299 [info] /home/juanluis/git-repositories/TFM-BigData/apuntes/ApuntesLennard.tex.git closed
