2025-02-13 21:05:10.882 [info] [main] Log level: Info
2025-02-13 21:05:10.882 [info] [main] Validating found git in: "git"
2025-02-13 21:05:10.882 [info] [main] Using git "2.48.1" from "git"
2025-02-13 21:05:10.882 [info] [Model][doInitialScan] Initial repository scan started
2025-02-13 21:05:10.882 [info] > git rev-parse --show-toplevel [7ms]
2025-02-13 21:05:10.882 [info] > git rev-parse --git-dir --git-common-dir [2ms]
2025-02-13 21:05:10.882 [info] [Model][openRepository] Opened repository: /home/juanluis/git-repositories/TFM-BigData
2025-02-13 21:05:10.882 [info] > git rev-parse --show-toplevel [4ms]
2025-02-13 21:05:10.882 [info] > git config --get commit.template [13ms]
2025-02-13 21:05:10.882 [info] > git rev-parse --show-toplevel [12ms]
2025-02-13 21:05:10.882 [info] > git for-each-ref --format=%(refname)%00%(upstream:short)%00%(objectname)%00%(upstream:track)%00%(upstream:remotename)%00%(upstream:remoteref) refs/heads/main refs/remotes/main [3548ms]
2025-02-13 21:05:10.882 [info] > git rev-parse --show-toplevel [1636ms]
2025-02-13 21:05:10.882 [info] > git check-ignore -v -z --stdin [560ms]
2025-02-13 21:05:10.892 [info] > git rev-parse --show-toplevel [290ms]
2025-02-13 21:05:11.050 [info] > git status -z -uall [100ms]
2025-02-13 21:05:11.052 [info] > git rev-parse --show-toplevel [39ms]
2025-02-13 21:05:11.052 [info] > git for-each-ref --sort -committerdate --format %(refname) %(objectname) %(*objectname) [76ms]
2025-02-13 21:05:11.206 [info] > git for-each-ref --format=%(refname)%00%(upstream:short)%00%(objectname)%00%(upstream:track)%00%(upstream:remotename)%00%(upstream:remoteref) refs/heads/main refs/remotes/main [114ms]
2025-02-13 21:05:11.301 [info] > git config --get --local branch.main.vscode-merge-base [73ms]
2025-02-13 21:05:11.328 [info] > git config --get commit.template [126ms]
2025-02-13 21:05:11.328 [info] > git rev-parse --show-toplevel [148ms]
2025-02-13 21:05:11.333 [info] [Model][doInitialScan] Initial repository scan completed - repositories (1), closed repositories (0), parent repositories (0), unsafe repositories (0)
2025-02-13 21:05:11.560 [info] > git show --textconv :apuntes/ApuntesLennard.tex [202ms]
2025-02-13 21:05:11.563 [info] > git ls-files --stage -- /home/juanluis/git-repositories/TFM-BigData/apuntes/ApuntesLennard.tex [183ms]
2025-02-13 21:05:11.586 [info] > git for-each-ref --format=%(refname)%00%(upstream:short)%00%(objectname)%00%(upstream:track)%00%(upstream:remotename)%00%(upstream:remoteref) refs/heads/origin/main refs/remotes/origin/main [259ms]
2025-02-13 21:05:11.800 [info] > git merge-base refs/heads/main refs/remotes/origin/main [191ms]
2025-02-13 21:05:11.820 [info] > git cat-file -s 6fc981f4691ddf8d18151c87fb72b9076e2b2d4e [236ms]
2025-02-13 21:05:11.991 [info] > git diff --name-status -z --diff-filter=ADMR a932a8b6b1236aaa63f74a23d601b1bac1f38e0e...refs/remotes/origin/main [171ms]
2025-02-13 21:05:11.992 [info] > git rev-parse --show-toplevel [293ms]
2025-02-13 21:05:11.992 [info] > git for-each-ref --format=%(refname)%00%(upstream:short)%00%(objectname)%00%(upstream:track)%00%(upstream:remotename)%00%(upstream:remoteref) refs/heads/main refs/remotes/main [318ms]
2025-02-13 21:05:14.685 [info] > git ls-files --stage -- /home/juanluis/git-repositories/TFM-BigData/apuntes/ApuntesLennard.tex [2653ms]
2025-02-13 21:05:14.822 [info] > git cat-file -s 6fc981f4691ddf8d18151c87fb72b9076e2b2d4e [121ms]
2025-02-13 21:05:15.138 [info] > git status -z -uall [79ms]
2025-02-13 21:05:15.201 [info] > git for-each-ref --sort -committerdate --format %(refname) %(objectname) %(*objectname) [119ms]
2025-02-13 21:05:15.396 [info] > git config --get commit.template [44ms]
2025-02-13 21:05:15.599 [info] > git for-each-ref --format=%(refname)%00%(upstream:short)%00%(objectname)%00%(upstream:track)%00%(upstream:remotename)%00%(upstream:remoteref) refs/heads/main refs/remotes/main [154ms]
2025-02-13 21:05:16.309 [info] > git status -z -uall [632ms]
2025-02-13 21:05:16.311 [info] > git for-each-ref --sort -committerdate --format %(refname) %(objectname) %(*objectname) [606ms]
2025-02-13 21:05:16.405 [info] > git rev-parse --show-toplevel [555ms]
2025-02-13 21:05:16.419 [info] > git config --get commit.template [18ms]
2025-02-13 21:05:16.673 [info] > git config --get --local branch.main.github-pr-owner-number [196ms]
2025-02-13 21:05:16.673 [warning] [Git][config] git config failed: Failed to execute git
2025-02-13 21:05:16.756 [info] > git for-each-ref --format=%(refname)%00%(upstream:short)%00%(objectname)%00%(upstream:track)%00%(upstream:remotename)%00%(upstream:remoteref) refs/heads/main refs/remotes/main [100ms]
2025-02-13 21:05:16.934 [info] > git status -z -uall [67ms]
2025-02-13 21:05:16.935 [info] > git rev-parse --show-toplevel [100ms]
2025-02-13 21:05:17.411 [info] > git for-each-ref --sort -committerdate --format %(refname) %(objectname) %(*objectname) [520ms]
2025-02-13 21:05:17.956 [info] > git rev-parse --show-toplevel [7ms]
2025-02-13 21:24:02.981 [info] > git blame --root --incremental a932a8b6b1236aaa63f74a23d601b1bac1f38e0e -- /home/juanluis/git-repositories/TFM-BigData/apuntes/ApuntesLennard.tex [4ms]
2025-02-13 21:32:26.397 [info] > git config --get commit.template [23ms]
2025-02-13 21:32:26.397 [info] > git for-each-ref --format=%(refname)%00%(upstream:short)%00%(objectname)%00%(upstream:track)%00%(upstream:remotename)%00%(upstream:remoteref) refs/heads/main refs/remotes/main [2ms]
2025-02-13 21:32:26.437 [info] > git status -z -uall [20ms]
2025-02-13 21:32:26.439 [info] > git for-each-ref --sort -committerdate --format %(refname) %(objectname) %(*objectname) [3ms]
2025-02-13 21:32:26.967 [info] > git rev-parse --show-toplevel [1ms]
2025-02-13 21:32:31.484 [info] > git config --get commit.template [19ms]
2025-02-13 21:32:31.485 [info] > git for-each-ref --format=%(refname)%00%(upstream:short)%00%(objectname)%00%(upstream:track)%00%(upstream:remotename)%00%(upstream:remoteref) refs/heads/main refs/remotes/main [2ms]
2025-02-13 21:32:31.545 [info] > git status -z -uall [37ms]
2025-02-13 21:32:31.545 [info] > git for-each-ref --sort -committerdate --format %(refname) %(objectname) %(*objectname) [7ms]
2025-02-13 21:32:32.074 [info] > git rev-parse --show-toplevel [3ms]
2025-02-13 21:33:29.622 [info] > git config --get commit.template [3ms]
2025-02-13 21:33:29.642 [info] > git for-each-ref --format=%(refname)%00%(upstream:short)%00%(objectname)%00%(upstream:track)%00%(upstream:remotename)%00%(upstream:remoteref) refs/heads/main refs/remotes/main [1ms]
2025-02-13 21:33:29.680 [info] > git status -z -uall [20ms]
2025-02-13 21:33:29.682 [info] > git for-each-ref --sort -committerdate --format %(refname) %(objectname) %(*objectname) [4ms]
2025-02-13 21:33:30.204 [info] > git rev-parse --show-toplevel [2ms]
2025-02-13 21:33:46.063 [info] > git config --get commit.template [20ms]
2025-02-13 21:33:46.090 [info] > git for-each-ref --format=%(refname)%00%(upstream:short)%00%(objectname)%00%(upstream:track)%00%(upstream:remotename)%00%(upstream:remoteref) refs/heads/main refs/remotes/main [3ms]
2025-02-13 21:33:46.130 [info] > git status -z -uall [19ms]
2025-02-13 21:33:46.132 [info] > git for-each-ref --sort -committerdate --format %(refname) %(objectname) %(*objectname) [3ms]
2025-02-13 21:33:46.670 [info] > git rev-parse --show-toplevel [1ms]
2025-02-13 21:33:53.199 [info] > git config --get commit.template [18ms]
2025-02-13 21:33:53.200 [info] > git for-each-ref --format=%(refname)%00%(upstream:short)%00%(objectname)%00%(upstream:track)%00%(upstream:remotename)%00%(upstream:remoteref) refs/heads/main refs/remotes/main [2ms]
2025-02-13 21:33:53.234 [info] > git status -z -uall [17ms]
2025-02-13 21:33:53.236 [info] > git for-each-ref --sort -committerdate --format %(refname) %(objectname) %(*objectname) [1ms]
2025-02-13 21:33:53.756 [info] > git rev-parse --show-toplevel [1ms]
2025-02-13 21:35:13.583 [info] > git config --get commit.template [16ms]
2025-02-13 21:35:13.584 [info] > git for-each-ref --format=%(refname)%00%(upstream:short)%00%(objectname)%00%(upstream:track)%00%(upstream:remotename)%00%(upstream:remoteref) refs/heads/main refs/remotes/main [2ms]
2025-02-13 21:35:13.617 [info] > git status -z -uall [16ms]
2025-02-13 21:35:13.618 [info] > git for-each-ref --sort -committerdate --format %(refname) %(objectname) %(*objectname) [2ms]
2025-02-13 21:35:14.137 [info] > git rev-parse --show-toplevel [2ms]
2025-02-13 21:38:01.126 [info] > git config --get commit.template [30ms]
2025-02-13 21:38:01.127 [info] > git for-each-ref --format=%(refname)%00%(upstream:short)%00%(objectname)%00%(upstream:track)%00%(upstream:remotename)%00%(upstream:remoteref) refs/heads/main refs/remotes/main [3ms]
2025-02-13 21:38:01.177 [info] > git status -z -uall [25ms]
2025-02-13 21:38:01.179 [info] > git for-each-ref --sort -committerdate --format %(refname) %(objectname) %(*objectname) [3ms]
2025-02-13 21:38:01.699 [info] > git rev-parse --show-toplevel [2ms]
2025-02-13 21:39:01.760 [info] > git config --get commit.template [19ms]
2025-02-13 21:39:01.761 [info] > git for-each-ref --format=%(refname)%00%(upstream:short)%00%(objectname)%00%(upstream:track)%00%(upstream:remotename)%00%(upstream:remoteref) refs/heads/main refs/remotes/main [2ms]
2025-02-13 21:39:01.799 [info] > git status -z -uall [20ms]
2025-02-13 21:39:01.800 [info] > git for-each-ref --sort -committerdate --format %(refname) %(objectname) %(*objectname) [3ms]
2025-02-13 21:39:02.321 [info] > git rev-parse --show-toplevel [2ms]
2025-02-13 21:39:19.944 [info] > git config --get commit.template [21ms]
2025-02-13 21:39:19.945 [info] > git for-each-ref --format=%(refname)%00%(upstream:short)%00%(objectname)%00%(upstream:track)%00%(upstream:remotename)%00%(upstream:remoteref) refs/heads/main refs/remotes/main [2ms]
2025-02-13 21:39:19.989 [info] > git status -z -uall [24ms]
2025-02-13 21:39:19.991 [info] > git for-each-ref --sort -committerdate --format %(refname) %(objectname) %(*objectname) [3ms]
2025-02-13 21:39:20.511 [info] > git rev-parse --show-toplevel [2ms]
2025-02-13 21:42:41.319 [info] > git config --get commit.template [16ms]
2025-02-13 21:42:41.319 [info] > git for-each-ref --format=%(refname)%00%(upstream:short)%00%(objectname)%00%(upstream:track)%00%(upstream:remotename)%00%(upstream:remoteref) refs/heads/main refs/remotes/main [2ms]
2025-02-13 21:42:41.352 [info] > git status -z -uall [16ms]
2025-02-13 21:42:41.354 [info] > git for-each-ref --sort -committerdate --format %(refname) %(objectname) %(*objectname) [2ms]
2025-02-13 21:42:41.872 [info] > git rev-parse --show-toplevel [1ms]
2025-02-13 21:43:58.021 [info] > git config --get commit.template [29ms]
2025-02-13 21:43:58.022 [info] > git for-each-ref --format=%(refname)%00%(upstream:short)%00%(objectname)%00%(upstream:track)%00%(upstream:remotename)%00%(upstream:remoteref) refs/heads/main refs/remotes/main [3ms]
2025-02-13 21:43:58.072 [info] > git status -z -uall [26ms]
2025-02-13 21:43:58.074 [info] > git for-each-ref --sort -committerdate --format %(refname) %(objectname) %(*objectname) [3ms]
2025-02-13 21:43:58.597 [info] > git rev-parse --show-toplevel [2ms]
