2025-02-17 13:22:56.737 [info] Reading sessions from keychain...
2025-02-17 13:22:56.737 [info] Getting sessions for all scopes...
2025-02-17 13:22:56.737 [info] Getting sessions for all scopes...
2025-02-17 13:22:56.737 [info] Getting sessions for all scopes...
2025-02-17 13:22:56.737 [info] Getting sessions for all scopes...
2025-02-17 13:22:56.737 [info] Getting sessions for all scopes...
2025-02-17 13:22:56.737 [info] Getting sessions for all scopes...
2025-02-17 13:22:56.737 [info] Getting sessions for all scopes...
2025-02-17 13:22:56.737 [info] Getting sessions for all scopes...
2025-02-17 13:22:56.737 [info] Got stored sessions!
2025-02-17 13:22:56.737 [info] Got 2 verified sessions.
2025-02-17 13:22:56.737 [info] Got 2 sessions for ...
2025-02-17 13:22:56.737 [info] Got 2 sessions for ...
2025-02-17 13:22:56.737 [info] Got 2 sessions for ...
2025-02-17 13:22:56.737 [info] Got 2 sessions for ...
2025-02-17 13:22:56.737 [info] Got 2 sessions for ...
2025-02-17 13:22:56.737 [info] Got 2 sessions for ...
2025-02-17 13:22:56.737 [info] Got 2 sessions for ...
2025-02-17 13:22:56.737 [info] Got 2 sessions for ...
2025-02-17 13:22:56.737 [info] Getting sessions for user:email...
2025-02-17 13:22:56.737 [info] Got 1 sessions for user:email...
2025-02-17 13:23:02.844 [info] Getting sessions for all scopes...
2025-02-17 13:23:02.844 [info] Got 2 sessions for ...
2025-02-17 13:23:03.602 [info] Getting sessions for read:user,repo,user:email...
2025-02-17 13:23:03.602 [info] Got 0 sessions for read:user,repo,user:email...
2025-02-17 13:23:03.679 [info] Getting sessions for read:user,repo,user:email,workflow...
2025-02-17 13:23:03.679 [info] Got 1 sessions for read:user,repo,user:email,workflow...
2025-02-17 13:23:03.725 [info] Getting sessions for all scopes...
2025-02-17 13:23:03.725 [info] Got 2 sessions for ...
2025-02-17 13:23:03.726 [info] Getting sessions for all scopes...
2025-02-17 13:23:03.726 [info] Got 2 sessions for ...
2025-02-17 13:23:03.727 [info] Getting sessions for project,read:org,read:user,repo,user:email,workflow...
2025-02-17 13:23:03.727 [info] Got 0 sessions for project,read:org,read:user,repo,user:email,workflow...
2025-02-17 13:23:04.305 [info] Getting sessions for read:user,repo,user:email,workflow...
2025-02-17 13:23:04.305 [info] Got 1 sessions for read:user,repo,user:email,workflow...
2025-02-17 13:23:04.305 [info] Getting sessions for read:user,repo,user:email,workflow...
2025-02-17 13:23:04.305 [info] Got 1 sessions for read:user,repo,user:email,workflow...
2025-02-17 13:23:04.455 [info] Getting sessions for read:user,repo,user:email,workflow...
2025-02-17 13:23:04.455 [info] Got 1 sessions for read:user,repo,user:email,workflow...
2025-02-17 13:23:04.792 [info] Getting sessions for all scopes...
2025-02-17 13:23:04.793 [info] Got 2 sessions for ...
2025-02-17 13:23:04.793 [info] Getting sessions for all scopes...
2025-02-17 13:23:04.793 [info] Got 2 sessions for ...
2025-02-17 13:23:07.474 [info] Getting sessions for read:user,repo,user:email,workflow...
2025-02-17 13:23:07.474 [info] Got 1 sessions for read:user,repo,user:email,workflow...
2025-02-17 13:23:07.579 [info] Getting sessions for read:user,repo,user:email...
2025-02-17 13:23:07.579 [info] Got 0 sessions for read:user,repo,user:email...
2025-02-17 13:23:08.372 [info] Getting sessions for read:user,repo,user:email,workflow...
2025-02-17 13:23:08.372 [info] Got 1 sessions for read:user,repo,user:email,workflow...
2025-02-17 13:23:08.700 [info] Getting sessions for all scopes...
2025-02-17 13:23:08.700 [info] Got 2 sessions for ...
2025-02-17 13:23:08.700 [info] Getting sessions for all scopes...
2025-02-17 13:23:08.700 [info] Got 2 sessions for ...
2025-02-17 13:23:09.006 [info] Getting sessions for read:user,repo,user:email,workflow...
2025-02-17 13:23:09.006 [info] Got 1 sessions for read:user,repo,user:email,workflow...
2025-02-17 13:23:09.075 [info] Getting sessions for all scopes...
2025-02-17 13:23:09.075 [info] Got 2 sessions for ...
2025-02-17 13:23:09.134 [info] Getting sessions for read:user,repo,user:email,workflow...
2025-02-17 13:23:09.134 [info] Got 1 sessions for read:user,repo,user:email,workflow...
2025-02-17 13:23:09.419 [info] Getting sessions for all scopes...
2025-02-17 13:23:09.419 [info] Got 2 sessions for ...
2025-02-17 13:23:09.485 [info] Getting sessions for read:user,repo,user:email,workflow...
2025-02-17 13:23:09.485 [info] Got 1 sessions for read:user,repo,user:email,workflow...
2025-02-17 13:25:33.211 [info] Getting sessions for all scopes...
2025-02-17 13:25:33.211 [info] Got 2 sessions for ...
2025-02-17 13:25:33.213 [info] Getting sessions for read:user,repo,user:email,workflow...
2025-02-17 13:25:33.213 [info] Got 1 sessions for read:user,repo,user:email,workflow...
2025-02-17 13:25:41.054 [info] Reading sessions from keychain...
2025-02-17 13:25:41.054 [info] Getting sessions for all scopes...
2025-02-17 13:25:41.054 [info] Getting sessions for all scopes...
2025-02-17 13:25:41.054 [info] Getting sessions for user:email...
2025-02-17 13:25:41.054 [info] Getting sessions for all scopes...
2025-02-17 13:25:41.054 [info] Getting sessions for all scopes...
2025-02-17 13:25:41.054 [info] Getting sessions for all scopes...
2025-02-17 13:25:41.054 [info] Getting sessions for all scopes...
2025-02-17 13:25:41.054 [info] Getting sessions for all scopes...
2025-02-17 13:25:41.054 [info] Got stored sessions!
2025-02-17 13:25:41.054 [info] Got 2 verified sessions.
2025-02-17 13:25:41.054 [info] Got 2 sessions for ...
2025-02-17 13:25:41.054 [info] Got 2 sessions for ...
2025-02-17 13:25:41.054 [info] Got 1 sessions for user:email...
2025-02-17 13:25:41.054 [info] Got 2 sessions for ...
2025-02-17 13:25:41.054 [info] Got 2 sessions for ...
2025-02-17 13:25:41.055 [info] Got 2 sessions for ...
2025-02-17 13:25:41.055 [info] Got 2 sessions for ...
2025-02-17 13:25:41.055 [info] Got 2 sessions for ...
2025-02-17 13:25:42.611 [info] Getting sessions for all scopes...
2025-02-17 13:25:42.611 [info] Got 2 sessions for ...
2025-02-17 13:25:48.814 [info] Getting sessions for all scopes...
2025-02-17 13:25:48.814 [info] Got 2 sessions for ...
2025-02-17 13:25:48.920 [info] Getting sessions for read:user,repo,user:email,workflow...
2025-02-17 13:25:48.921 [info] Got 1 sessions for read:user,repo,user:email,workflow...
2025-02-17 13:25:49.239 [info] Getting sessions for read:user,repo,user:email...
2025-02-17 13:25:49.239 [info] Got 0 sessions for read:user,repo,user:email...
2025-02-17 13:25:49.258 [info] Getting sessions for read:user,repo,user:email,workflow...
2025-02-17 13:25:49.258 [info] Got 1 sessions for read:user,repo,user:email,workflow...
2025-02-17 13:25:49.258 [info] Getting sessions for all scopes...
2025-02-17 13:25:49.258 [info] Got 2 sessions for ...
2025-02-17 13:25:49.259 [info] Getting sessions for all scopes...
2025-02-17 13:25:49.259 [info] Got 2 sessions for ...
2025-02-17 13:25:49.259 [info] Getting sessions for project,read:org,read:user,repo,user:email,workflow...
2025-02-17 13:25:49.259 [info] Got 0 sessions for project,read:org,read:user,repo,user:email,workflow...
2025-02-17 13:25:49.464 [info] Getting sessions for read:user,repo,user:email,workflow...
2025-02-17 13:25:49.464 [info] Got 1 sessions for read:user,repo,user:email,workflow...
2025-02-17 13:25:49.465 [info] Getting sessions for read:user,repo,user:email,workflow...
2025-02-17 13:25:49.465 [info] Got 1 sessions for read:user,repo,user:email,workflow...
2025-02-17 13:25:51.921 [info] Getting sessions for all scopes...
2025-02-17 13:25:51.921 [info] Got 2 sessions for ...
2025-02-17 13:25:52.034 [info] Getting sessions for read:user,repo,user:email...
2025-02-17 13:25:52.034 [info] Got 0 sessions for read:user,repo,user:email...
2025-02-17 13:25:52.239 [info] Getting sessions for read:user,repo,user:email,workflow...
2025-02-17 13:25:52.239 [info] Got 1 sessions for read:user,repo,user:email,workflow...
2025-02-17 13:25:52.367 [info] Getting sessions for read:user,repo,user:email,workflow...
2025-02-17 13:25:52.367 [info] Got 1 sessions for read:user,repo,user:email,workflow...
2025-02-17 13:25:52.371 [info] Getting sessions for all scopes...
2025-02-17 13:25:52.371 [info] Got 2 sessions for ...
2025-02-17 13:25:52.372 [info] Getting sessions for all scopes...
2025-02-17 13:25:52.372 [info] Got 2 sessions for ...
2025-02-17 13:25:52.616 [info] Getting sessions for read:user,repo,user:email,workflow...
2025-02-17 13:25:52.616 [info] Got 1 sessions for read:user,repo,user:email,workflow...
2025-02-17 13:25:55.207 [info] Getting sessions for all scopes...
2025-02-17 13:25:55.207 [info] Got 2 sessions for ...
2025-02-17 13:25:55.208 [info] Getting sessions for all scopes...
2025-02-17 13:25:55.208 [info] Got 2 sessions for ...
2025-02-17 13:25:55.497 [info] Getting sessions for read:user,repo,user:email,workflow...
2025-02-17 13:25:55.497 [info] Got 1 sessions for read:user,repo,user:email,workflow...
2025-02-17 13:25:55.674 [info] Getting sessions for all scopes...
2025-02-17 13:25:55.674 [info] Got 2 sessions for ...
2025-02-17 13:25:56.867 [info] Getting sessions for read:user,repo,user:email,workflow...
2025-02-17 13:25:56.867 [info] Got 1 sessions for read:user,repo,user:email,workflow...
2025-02-17 13:25:57.342 [info] Getting sessions for all scopes...
2025-02-17 13:25:57.342 [info] Got 2 sessions for ...
2025-02-17 13:25:57.345 [info] Getting sessions for read:user,repo,user:email,workflow...
2025-02-17 13:25:57.345 [info] Got 1 sessions for read:user,repo,user:email,workflow...
2025-02-17 13:26:45.005 [info] Getting sessions for all scopes...
2025-02-17 13:26:45.005 [info] Got 2 sessions for ...
2025-02-17 13:26:45.007 [info] Getting sessions for read:user,repo,user:email,workflow...
2025-02-17 13:26:45.008 [info] Got 1 sessions for read:user,repo,user:email,workflow...
2025-02-17 13:27:45.248 [info] Reading sessions from keychain...
2025-02-17 13:27:45.249 [info] Getting sessions for all scopes...
2025-02-17 13:27:45.249 [info] Getting sessions for all scopes...
2025-02-17 13:27:45.249 [info] Got stored sessions!
2025-02-17 13:27:45.249 [info] Got 2 verified sessions.
2025-02-17 13:27:45.249 [info] Got 2 sessions for ...
2025-02-17 13:27:45.249 [info] Got 2 sessions for ...
2025-02-17 13:27:45.249 [info] Getting sessions for user:email...
2025-02-17 13:27:45.249 [info] Got 1 sessions for user:email...
2025-02-17 13:27:45.249 [info] Getting sessions for all scopes...
2025-02-17 13:27:45.249 [info] Got 2 sessions for ...
2025-02-17 13:27:45.249 [info] Getting sessions for all scopes...
2025-02-17 13:27:45.249 [info] Got 2 sessions for ...
2025-02-17 13:27:45.249 [info] Getting sessions for all scopes...
2025-02-17 13:27:45.249 [info] Got 2 sessions for ...
2025-02-17 13:27:45.249 [info] Getting sessions for all scopes...
2025-02-17 13:27:45.249 [info] Got 2 sessions for ...
2025-02-17 13:27:45.249 [info] Getting sessions for all scopes...
2025-02-17 13:27:45.249 [info] Got 2 sessions for ...
2025-02-17 13:27:47.056 [info] Getting sessions for all scopes...
2025-02-17 13:27:47.056 [info] Got 2 sessions for ...
2025-02-17 13:27:54.993 [info] Getting sessions for all scopes...
2025-02-17 13:27:54.993 [info] Got 2 sessions for ...
2025-02-17 13:27:55.222 [info] Getting sessions for read:user,repo,user:email,workflow...
2025-02-17 13:27:55.222 [info] Got 1 sessions for read:user,repo,user:email,workflow...
2025-02-17 13:27:55.464 [info] Getting sessions for read:user,repo,user:email...
2025-02-17 13:27:55.464 [info] Got 0 sessions for read:user,repo,user:email...
2025-02-17 13:27:55.464 [info] Getting sessions for read:user,repo,user:email,workflow...
2025-02-17 13:27:55.464 [info] Got 1 sessions for read:user,repo,user:email,workflow...
2025-02-17 13:27:55.464 [info] Getting sessions for all scopes...
2025-02-17 13:27:55.464 [info] Got 2 sessions for ...
2025-02-17 13:27:55.464 [info] Getting sessions for all scopes...
2025-02-17 13:27:55.464 [info] Got 2 sessions for ...
2025-02-17 13:27:55.465 [info] Getting sessions for project,read:org,read:user,repo,user:email,workflow...
2025-02-17 13:27:55.465 [info] Got 0 sessions for project,read:org,read:user,repo,user:email,workflow...
2025-02-17 13:27:55.718 [info] Getting sessions for read:user,repo,user:email,workflow...
2025-02-17 13:27:55.718 [info] Got 1 sessions for read:user,repo,user:email,workflow...
2025-02-17 13:27:55.718 [info] Getting sessions for read:user,repo,user:email,workflow...
2025-02-17 13:27:55.718 [info] Got 1 sessions for read:user,repo,user:email,workflow...
2025-02-17 13:27:58.309 [info] Getting sessions for all scopes...
2025-02-17 13:27:58.309 [info] Got 2 sessions for ...
2025-02-17 13:27:58.457 [info] Getting sessions for read:user,repo,user:email...
2025-02-17 13:27:58.457 [info] Got 0 sessions for read:user,repo,user:email...
2025-02-17 13:27:58.606 [info] Getting sessions for read:user,repo,user:email,workflow...
2025-02-17 13:27:58.606 [info] Got 1 sessions for read:user,repo,user:email,workflow...
2025-02-17 13:27:58.614 [info] Getting sessions for read:user,repo,user:email,workflow...
2025-02-17 13:27:58.614 [info] Got 1 sessions for read:user,repo,user:email,workflow...
2025-02-17 13:27:58.730 [info] Getting sessions for all scopes...
2025-02-17 13:27:58.730 [info] Got 2 sessions for ...
2025-02-17 13:27:58.749 [info] Getting sessions for all scopes...
2025-02-17 13:27:58.749 [info] Got 2 sessions for ...
2025-02-17 13:27:58.751 [info] Getting sessions for read:user,repo,user:email,workflow...
2025-02-17 13:27:58.751 [info] Got 1 sessions for read:user,repo,user:email,workflow...
2025-02-17 13:28:00.750 [info] Getting sessions for all scopes...
2025-02-17 13:28:00.751 [info] Got 2 sessions for ...
2025-02-17 13:28:00.751 [info] Getting sessions for all scopes...
2025-02-17 13:28:00.751 [info] Got 2 sessions for ...
2025-02-17 13:28:00.877 [info] Getting sessions for read:user,repo,user:email,workflow...
2025-02-17 13:28:00.877 [info] Got 1 sessions for read:user,repo,user:email,workflow...
2025-02-17 13:28:00.959 [info] Getting sessions for all scopes...
2025-02-17 13:28:00.959 [info] Got 2 sessions for ...
2025-02-17 13:28:00.964 [info] Getting sessions for read:user,repo,user:email,workflow...
2025-02-17 13:28:00.964 [info] Got 1 sessions for read:user,repo,user:email,workflow...
2025-02-17 13:28:01.854 [info] Getting sessions for all scopes...
2025-02-17 13:28:01.854 [info] Got 2 sessions for ...
2025-02-17 13:28:01.923 [info] Getting sessions for read:user,repo,user:email,workflow...
2025-02-17 13:28:01.923 [info] Got 1 sessions for read:user,repo,user:email,workflow...
