[1739797786155] INFO  (ext): SQLTools is starting
[1739797786157] INFO  (ext): initializing language client...
[1739797786159] INFO  (ext): Registering client for languages [{"scheme":"sqltools"},{"language":"sql","scheme":"untitled"},{"language":"sql","scheme":"file"},{"language":"sql","scheme":"sqltools"}]
    ns: "lc"
[1739797786167] INFO  (ext): loading plugins...
[1739797786167] INFO  (ext): registering Formatter Plugin.
    plugin: {
      "name": "Formatter Plugin"
    }
[1739797786168] INFO  (ext): registering Connection Manager Plugin.
    plugin: {
      "name": "Connection Manager Plugin"
    }
[1739797786168] INFO  (ext): registering CodeLens Plugin.
    plugin: {
      "name": "CodeLens Plugin",
      "registeredLanguages": []
    }
[1739797786170] INFO  (ext): registering Dependency Manager Plugin.
    plugin: {
      "name": "Dependency Manager Plugin",
      "installingDrivers": []
    }
[1739797786173] INFO  (ext): Connection explorer changed. Will be updated.
    ns: "conn-man:explorer"
[1739797786174] INFO  (ext): registering History Manager Plugin.
    plugin: {
      "name": "History Manager Plugin"
    }
[1739797786175] INFO  (ext): registering Bookmarks Manager Plugin.
    plugin: {
      "name": "Bookmarks Manager Plugin"
    }
[1739797786176] INFO  (ext): registering Authentication Provider Plugin.
    plugin: {
      "name": "Authentication Provider Plugin",
      "isRegistered": false
    }
[1739797786176] INFO  (ext): registering Object Drop-in Provider (plugin).
    plugin: {
      "type": "plugin",
      "name": "Object Drop-in Provider",
      "isRegistered": false
    }
[1739797786178] INFO  (ext): SQLTools activation completed. 23.084534 ms
[1739797786178] INFO  (ext): Formatter Plugin registered!
[1739797786178] INFO  (ext): CodeLens Plugin registered!
[1739797786178] INFO  (ext): Dependency Manager Plugin registered!
[1739797786179] INFO  (ext): Connection Manager Plugin registered!
[1739797786179] INFO  (ext): History Manager Plugin registered!
[1739797786179] INFO  (ext): Bookmarks Manager Plugin registered!
[1739797786179] INFO  (ext): Authentication Provider Plugin registered!
[1739797786179] INFO  (ext): Object Drop-in Provider (plugin) registered!
[1739797786609] INFO  (ls): SQLTools Server started!
===============================
Using node runtime?: no
ExecPath: /usr/share/code/code 
===============================
[1739797787424] INFO  (ext): LanguageClient ready
    ns: "lc"
[1739797787426] INFO  (ext): EXECUTING COMMAND => sqltools.refreshTree
[1739797787426] INFO  (ext): Connection explorer changed. Will be updated.
    ns: "conn-man:explorer"
[1739797787421] INFO  (ls): Initialized with node version:v20.18.1
[1739797791268] INFO  (ext): Connection explorer changed. Will be updated.
    ns: "conn-man:explorer"
[1739797791270] INFO  (ext): Connection explorer changed. Will be updated.
    ns: "conn-man:explorer"
