2025-02-13 18:29:20.568 [info] Reading sessions from keychain...
2025-02-13 18:29:20.568 [info] Getting sessions for all scopes...
2025-02-13 18:29:20.568 [info] Getting sessions for all scopes...
2025-02-13 18:29:20.568 [info] Getting sessions for all scopes...
2025-02-13 18:29:20.568 [info] Getting sessions for user:email...
2025-02-13 18:29:20.568 [info] Getting sessions for all scopes...
2025-02-13 18:29:20.568 [info] Getting sessions for all scopes...
2025-02-13 18:29:20.568 [info] Getting sessions for all scopes...
2025-02-13 18:29:20.568 [info] Getting sessions for all scopes...
2025-02-13 18:29:20.568 [info] Getting sessions for all scopes...
2025-02-13 18:29:20.568 [info] Got stored sessions!
2025-02-13 18:29:20.568 [info] Got 2 verified sessions.
2025-02-13 18:29:20.568 [info] Got 2 sessions for ...
2025-02-13 18:29:20.568 [info] Got 2 sessions for ...
2025-02-13 18:29:20.568 [info] Got 2 sessions for ...
2025-02-13 18:29:20.568 [info] Got 1 sessions for user:email...
2025-02-13 18:29:20.568 [info] Got 2 sessions for ...
2025-02-13 18:29:20.569 [info] Got 2 sessions for ...
2025-02-13 18:29:20.569 [info] Got 2 sessions for ...
2025-02-13 18:29:20.569 [info] Got 2 sessions for ...
2025-02-13 18:29:20.569 [info] Got 2 sessions for ...
2025-02-13 18:29:24.724 [info] Getting sessions for all scopes...
2025-02-13 18:29:24.724 [info] Got 2 sessions for ...
2025-02-13 18:29:26.639 [info] Getting sessions for read:user,repo,user:email...
2025-02-13 18:29:26.639 [info] Got 0 sessions for read:user,repo,user:email...
2025-02-13 18:29:26.783 [info] Getting sessions for read:user,repo,user:email,workflow...
2025-02-13 18:29:26.784 [info] Got 1 sessions for read:user,repo,user:email,workflow...
2025-02-13 18:29:26.841 [info] Getting sessions for all scopes...
2025-02-13 18:29:26.841 [info] Got 2 sessions for ...
2025-02-13 18:29:26.842 [info] Getting sessions for all scopes...
2025-02-13 18:29:26.843 [info] Got 2 sessions for ...
2025-02-13 18:29:26.843 [info] Getting sessions for project,read:org,read:user,repo,user:email,workflow...
2025-02-13 18:29:26.844 [info] Got 0 sessions for project,read:org,read:user,repo,user:email,workflow...
2025-02-13 18:29:27.389 [info] Getting sessions for read:user,repo,user:email,workflow...
2025-02-13 18:29:27.389 [info] Got 1 sessions for read:user,repo,user:email,workflow...
2025-02-13 18:29:27.390 [info] Getting sessions for read:user,repo,user:email,workflow...
2025-02-13 18:29:27.390 [info] Got 1 sessions for read:user,repo,user:email,workflow...
2025-02-13 18:29:30.426 [info] Getting sessions for all scopes...
2025-02-13 18:29:30.426 [info] Got 2 sessions for ...
2025-02-13 18:29:30.426 [info] Getting sessions for all scopes...
2025-02-13 18:29:30.426 [info] Got 2 sessions for ...
2025-02-13 18:29:31.343 [info] Getting sessions for read:user,repo,user:email...
2025-02-13 18:29:31.343 [info] Got 0 sessions for read:user,repo,user:email...
2025-02-13 18:29:31.781 [info] Getting sessions for read:user,repo,user:email,workflow...
2025-02-13 18:29:31.781 [info] Got 1 sessions for read:user,repo,user:email,workflow...
2025-02-13 18:29:31.854 [info] Getting sessions for read:user,repo,user:email,workflow...
2025-02-13 18:29:31.855 [info] Got 1 sessions for read:user,repo,user:email,workflow...
2025-02-13 18:29:33.421 [info] Getting sessions for all scopes...
2025-02-13 18:29:33.421 [info] Got 2 sessions for ...
2025-02-13 18:29:33.421 [info] Getting sessions for all scopes...
2025-02-13 18:29:33.421 [info] Got 2 sessions for ...
2025-02-13 18:29:33.421 [info] Getting sessions for read:user,repo,user:email,workflow...
2025-02-13 18:29:33.421 [info] Got 1 sessions for read:user,repo,user:email,workflow...
2025-02-13 18:29:33.606 [info] Getting sessions for read:user,repo,user:email,workflow...
2025-02-13 18:29:33.606 [info] Got 1 sessions for read:user,repo,user:email,workflow...
2025-02-13 18:29:33.616 [info] Getting sessions for all scopes...
2025-02-13 18:29:33.616 [info] Got 2 sessions for ...
2025-02-13 18:29:33.631 [info] Getting sessions for read:user,repo,user:email,workflow...
2025-02-13 18:29:33.631 [info] Got 1 sessions for read:user,repo,user:email,workflow...
2025-02-13 18:29:33.965 [info] Getting sessions for all scopes...
2025-02-13 18:29:33.965 [info] Got 2 sessions for ...
2025-02-13 18:29:34.078 [info] Getting sessions for read:user,repo,user:email,workflow...
2025-02-13 18:29:34.078 [info] Got 1 sessions for read:user,repo,user:email,workflow...
2025-02-13 18:44:34.589 [info] Getting sessions for all scopes...
2025-02-13 18:44:34.589 [info] Got 2 sessions for ...
2025-02-13 18:44:34.590 [info] Getting sessions for read:user,repo,user:email,workflow...
2025-02-13 18:44:34.590 [info] Got 1 sessions for read:user,repo,user:email,workflow...
