2025-02-13 20:59:03.263 [info] Extension host with pid 3919 started
2025-02-13 20:59:03.263 [info] Skipping acquiring lock for /home/juanluis/.config/Code/User/workspaceStorage/7425a86f913654f669afc160236f52be.
2025-02-13 20:59:03.417 [info] ExtensionService#_doActivateExtension vscode.github-authentication, startup: false, activationEvent: 'onAuthenticationRequest:github'
2025-02-13 20:59:03.475 [info] ExtensionService#_doActivateExtension mechatroner.rainbow-csv, startup: false, activationEvent: 'onLanguage:plaintext'
2025-02-13 20:59:03.482 [info] ExtensionService#_doActivateExtension vscode.emmet, startup: false, activationEvent: 'onLanguage'
2025-02-13 20:59:03.511 [info] ExtensionService#_doActivateExtension James-Yu.latex-workshop, startup: false, activationEvent: 'onLanguage:latex'
2025-02-13 20:59:03.778 [warning] DiagnosticCollection with name 'BibTeX' does already exist.
2025-02-13 20:59:04.246 [warning] DiagnosticCollection with name 'BibTeX' does already exist.
2025-02-13 20:59:04.283 [info] ExtensionService#_doActivateExtension mathematic.vscode-latex, startup: false, activationEvent: 'onLanguage:latex'
2025-02-13 20:59:04.916 [info] ExtensionService#_doActivateExtension vscode.git-base, startup: true, activationEvent: '*', root cause: vscode.git
2025-02-13 20:59:04.921 [info] ExtensionService#_doActivateExtension etmoffat.pip-packages, startup: true, activationEvent: '*'
2025-02-13 20:59:04.929 [info] ExtensionService#_doActivateExtension mtxr.sqltools, startup: true, activationEvent: '*'
2025-02-13 20:59:05.098 [info] ExtensionService#_doActivateExtension yzhang.markdown-all-in-one, startup: true, activationEvent: 'workspaceContains:README.md'
2025-02-13 20:59:05.421 [info] Extension host terminating: renderer closed the MessagePort
2025-02-13 20:59:05.444 [error] Canceled: Canceled
	at jc (file:///usr/share/code/resources/app/out/vs/workbench/api/node/extensionHostProcess.js:7:1218)
	at file:///usr/share/code/resources/app/out/vs/workbench/api/node/extensionHostProcess.js:29:111857
	at Array.forEach (<anonymous>)
	at Uy.dispose (file:///usr/share/code/resources/app/out/vs/workbench/api/node/extensionHostProcess.js:29:111797)
	at PW.terminate (file:///usr/share/code/resources/app/out/vs/workbench/api/node/extensionHostProcess.js:116:10082)
	at wC.terminate (file:///usr/share/code/resources/app/out/vs/workbench/api/node/extensionHostProcess.js:117:1434)
	at ts (file:///usr/share/code/resources/app/out/vs/workbench/api/node/extensionHostProcess.js:190:15080)
	at MessagePortMain.<anonymous> (file:///usr/share/code/resources/app/out/vs/workbench/api/node/extensionHostProcess.js:190:11628)
	at MessagePortMain.emit (node:events:518:28)
	at MessagePortMain._internalPort.emit (node:electron/js2c/utility_init:2:2949) setContext undefined
2025-02-13 20:59:05.444 [error] Canceled: Canceled
	at jc (file:///usr/share/code/resources/app/out/vs/workbench/api/node/extensionHostProcess.js:7:1218)
	at file:///usr/share/code/resources/app/out/vs/workbench/api/node/extensionHostProcess.js:29:111857
	at Array.forEach (<anonymous>)
	at Uy.dispose (file:///usr/share/code/resources/app/out/vs/workbench/api/node/extensionHostProcess.js:29:111797)
	at PW.terminate (file:///usr/share/code/resources/app/out/vs/workbench/api/node/extensionHostProcess.js:116:10082)
	at wC.terminate (file:///usr/share/code/resources/app/out/vs/workbench/api/node/extensionHostProcess.js:117:1434)
	at ts (file:///usr/share/code/resources/app/out/vs/workbench/api/node/extensionHostProcess.js:190:15080)
	at MessagePortMain.<anonymous> (file:///usr/share/code/resources/app/out/vs/workbench/api/node/extensionHostProcess.js:190:11628)
	at MessagePortMain.emit (node:events:518:28)
	at MessagePortMain._internalPort.emit (node:electron/js2c/utility_init:2:2949) setContext undefined
2025-02-13 20:59:05.444 [error] Canceled: Canceled
	at jc (file:///usr/share/code/resources/app/out/vs/workbench/api/node/extensionHostProcess.js:7:1218)
	at file:///usr/share/code/resources/app/out/vs/workbench/api/node/extensionHostProcess.js:29:111857
	at Array.forEach (<anonymous>)
	at Uy.dispose (file:///usr/share/code/resources/app/out/vs/workbench/api/node/extensionHostProcess.js:29:111797)
	at PW.terminate (file:///usr/share/code/resources/app/out/vs/workbench/api/node/extensionHostProcess.js:116:10082)
	at wC.terminate (file:///usr/share/code/resources/app/out/vs/workbench/api/node/extensionHostProcess.js:117:1434)
	at ts (file:///usr/share/code/resources/app/out/vs/workbench/api/node/extensionHostProcess.js:190:15080)
	at MessagePortMain.<anonymous> (file:///usr/share/code/resources/app/out/vs/workbench/api/node/extensionHostProcess.js:190:11628)
	at MessagePortMain.emit (node:events:518:28)
	at MessagePortMain._internalPort.emit (node:electron/js2c/utility_init:2:2949) setContext undefined
2025-02-13 20:59:05.445 [info] Extension host with pid 3919 exiting with code 0
