2025-02-17 16:07:23.083 [info] Reading sessions from keychain...
2025-02-17 16:07:23.083 [info] Getting sessions for all scopes...
2025-02-17 16:07:23.083 [info] Getting sessions for all scopes...
2025-02-17 16:07:23.083 [info] Getting sessions for all scopes...
2025-02-17 16:07:23.083 [info] Getting sessions for all scopes...
2025-02-17 16:07:23.083 [info] Getting sessions for all scopes...
2025-02-17 16:07:23.083 [info] Getting sessions for all scopes...
2025-02-17 16:07:23.083 [info] Getting sessions for all scopes...
2025-02-17 16:07:23.083 [info] Got stored sessions!
2025-02-17 16:07:23.083 [info] Got 2 verified sessions.
2025-02-17 16:07:23.083 [info] Got 2 sessions for ...
2025-02-17 16:07:23.083 [info] Got 2 sessions for ...
2025-02-17 16:07:23.083 [info] Got 2 sessions for ...
2025-02-17 16:07:23.083 [info] Got 2 sessions for ...
2025-02-17 16:07:23.084 [info] Got 2 sessions for ...
2025-02-17 16:07:23.084 [info] Got 2 sessions for ...
2025-02-17 16:07:23.084 [info] Got 2 sessions for ...
2025-02-17 16:07:23.084 [info] Getting sessions for user:email...
2025-02-17 16:07:23.084 [info] Got 1 sessions for user:email...
2025-02-17 16:07:25.408 [info] Getting sessions for all scopes...
2025-02-17 16:07:25.409 [info] Got 2 sessions for ...
2025-02-17 16:07:31.676 [info] Getting sessions for read:user,repo,user:email...
2025-02-17 16:07:31.676 [info] Got 0 sessions for read:user,repo,user:email...
2025-02-17 16:07:31.676 [info] Getting sessions for read:user,repo,user:email,workflow...
2025-02-17 16:07:31.676 [info] Got 1 sessions for read:user,repo,user:email,workflow...
2025-02-17 16:07:31.801 [info] Getting sessions for all scopes...
2025-02-17 16:07:31.801 [info] Got 2 sessions for ...
2025-02-17 16:07:31.802 [info] Getting sessions for all scopes...
2025-02-17 16:07:31.802 [info] Got 2 sessions for ...
2025-02-17 16:07:31.802 [info] Getting sessions for project,read:org,read:user,repo,user:email,workflow...
2025-02-17 16:07:31.802 [info] Got 0 sessions for project,read:org,read:user,repo,user:email,workflow...
2025-02-17 16:07:32.363 [info] Getting sessions for read:user,repo,user:email,workflow...
2025-02-17 16:07:32.363 [info] Got 1 sessions for read:user,repo,user:email,workflow...
2025-02-17 16:07:32.363 [info] Getting sessions for read:user,repo,user:email,workflow...
2025-02-17 16:07:32.363 [info] Got 1 sessions for read:user,repo,user:email,workflow...
2025-02-17 16:07:35.256 [info] Getting sessions for all scopes...
2025-02-17 16:07:35.256 [info] Got 2 sessions for ...
2025-02-17 16:07:35.256 [info] Getting sessions for all scopes...
2025-02-17 16:07:35.256 [info] Got 2 sessions for ...
2025-02-17 16:07:35.297 [info] Getting sessions for read:user,repo,user:email...
2025-02-17 16:07:35.297 [info] Got 0 sessions for read:user,repo,user:email...
2025-02-17 16:07:35.297 [info] Getting sessions for read:user,repo,user:email,workflow...
2025-02-17 16:07:35.297 [info] Got 1 sessions for read:user,repo,user:email,workflow...
2025-02-17 16:07:35.651 [info] Getting sessions for read:user,repo,user:email,workflow...
2025-02-17 16:07:35.651 [info] Got 1 sessions for read:user,repo,user:email,workflow...
2025-02-17 16:07:36.173 [info] Getting sessions for read:user,repo,user:email,workflow...
2025-02-17 16:07:36.173 [info] Got 1 sessions for read:user,repo,user:email,workflow...
2025-02-17 16:07:36.994 [info] Getting sessions for all scopes...
2025-02-17 16:07:36.994 [info] Got 2 sessions for ...
2025-02-17 16:07:37.110 [info] Getting sessions for all scopes...
2025-02-17 16:07:37.110 [info] Got 2 sessions for ...
2025-02-17 16:07:37.250 [info] Getting sessions for read:user,repo,user:email,workflow...
2025-02-17 16:07:37.250 [info] Got 1 sessions for read:user,repo,user:email,workflow...
2025-02-17 16:07:37.321 [info] Getting sessions for all scopes...
2025-02-17 16:07:37.321 [info] Got 2 sessions for ...
2025-02-17 16:07:37.389 [info] Getting sessions for read:user,repo,user:email,workflow...
2025-02-17 16:07:37.389 [info] Got 1 sessions for read:user,repo,user:email,workflow...
2025-02-17 16:07:37.618 [info] Getting sessions for all scopes...
2025-02-17 16:07:37.618 [info] Got 2 sessions for ...
2025-02-17 16:07:37.657 [info] Getting sessions for read:user,repo,user:email,workflow...
2025-02-17 16:07:37.657 [info] Got 1 sessions for read:user,repo,user:email,workflow...
2025-02-17 16:07:38.364 [info] Getting sessions for all scopes...
2025-02-17 16:07:38.364 [info] Got 2 sessions for ...
2025-02-17 16:07:38.368 [info] Getting sessions for read:user,repo,user:email,workflow...
2025-02-17 16:07:38.369 [info] Got 1 sessions for read:user,repo,user:email,workflow...
2025-02-17 16:07:54.184 [info] Reading sessions from keychain...
2025-02-17 16:07:54.184 [info] Getting sessions for all scopes...
2025-02-17 16:07:54.184 [info] Getting sessions for all scopes...
2025-02-17 16:07:54.184 [info] Got stored sessions!
2025-02-17 16:07:54.184 [info] Got 2 verified sessions.
2025-02-17 16:07:54.184 [info] Got 2 sessions for ...
2025-02-17 16:07:54.184 [info] Got 2 sessions for ...
2025-02-17 16:07:54.184 [info] Getting sessions for all scopes...
2025-02-17 16:07:54.184 [info] Got 2 sessions for ...
2025-02-17 16:07:54.184 [info] Getting sessions for all scopes...
2025-02-17 16:07:54.184 [info] Got 2 sessions for ...
2025-02-17 16:07:54.184 [info] Getting sessions for all scopes...
2025-02-17 16:07:54.184 [info] Got 2 sessions for ...
2025-02-17 16:07:54.184 [info] Getting sessions for all scopes...
2025-02-17 16:07:54.184 [info] Got 2 sessions for ...
2025-02-17 16:07:54.184 [info] Getting sessions for all scopes...
2025-02-17 16:07:54.184 [info] Got 2 sessions for ...
2025-02-17 16:07:54.184 [info] Getting sessions for all scopes...
2025-02-17 16:07:54.184 [info] Got 2 sessions for ...
2025-02-17 16:07:54.184 [info] Getting sessions for user:email...
2025-02-17 16:07:54.184 [info] Got 1 sessions for user:email...
2025-02-17 16:07:57.813 [info] Getting sessions for all scopes...
2025-02-17 16:07:57.813 [info] Got 2 sessions for ...
2025-02-17 16:07:59.007 [info] Getting sessions for read:user,repo,user:email...
2025-02-17 16:07:59.007 [info] Got 0 sessions for read:user,repo,user:email...
2025-02-17 16:07:59.008 [info] Getting sessions for read:user,repo,user:email,workflow...
2025-02-17 16:07:59.008 [info] Got 1 sessions for read:user,repo,user:email,workflow...
2025-02-17 16:07:59.008 [info] Getting sessions for all scopes...
2025-02-17 16:07:59.008 [info] Got 2 sessions for ...
2025-02-17 16:07:59.008 [info] Getting sessions for all scopes...
2025-02-17 16:07:59.008 [info] Got 2 sessions for ...
2025-02-17 16:07:59.053 [info] Getting sessions for project,read:org,read:user,repo,user:email,workflow...
2025-02-17 16:07:59.053 [info] Got 0 sessions for project,read:org,read:user,repo,user:email,workflow...
2025-02-17 16:07:59.174 [info] Getting sessions for read:user,repo,user:email,workflow...
2025-02-17 16:07:59.174 [info] Got 1 sessions for read:user,repo,user:email,workflow...
2025-02-17 16:07:59.174 [info] Getting sessions for read:user,repo,user:email,workflow...
2025-02-17 16:07:59.174 [info] Got 1 sessions for read:user,repo,user:email,workflow...
2025-02-17 16:08:01.381 [info] Getting sessions for all scopes...
2025-02-17 16:08:01.381 [info] Got 2 sessions for ...
2025-02-17 16:08:01.763 [info] Getting sessions for read:user,repo,user:email,workflow...
2025-02-17 16:08:01.763 [info] Got 1 sessions for read:user,repo,user:email,workflow...
2025-02-17 16:08:01.874 [info] Getting sessions for read:user,repo,user:email...
2025-02-17 16:08:01.874 [info] Got 0 sessions for read:user,repo,user:email...
2025-02-17 16:08:01.924 [info] Getting sessions for all scopes...
2025-02-17 16:08:01.924 [info] Got 2 sessions for ...
2025-02-17 16:08:02.152 [info] Getting sessions for read:user,repo,user:email,workflow...
2025-02-17 16:08:02.153 [info] Got 1 sessions for read:user,repo,user:email,workflow...
2025-02-17 16:08:02.787 [info] Getting sessions for all scopes...
2025-02-17 16:08:02.787 [info] Got 2 sessions for ...
2025-02-17 16:08:02.787 [info] Getting sessions for all scopes...
2025-02-17 16:08:02.787 [info] Got 2 sessions for ...
2025-02-17 16:08:02.810 [info] Getting sessions for read:user,repo,user:email,workflow...
2025-02-17 16:08:02.810 [info] Got 1 sessions for read:user,repo,user:email,workflow...
2025-02-17 16:08:02.813 [info] Getting sessions for all scopes...
2025-02-17 16:08:02.813 [info] Got 2 sessions for ...
2025-02-17 16:08:02.815 [info] Getting sessions for read:user,repo,user:email,workflow...
2025-02-17 16:08:02.815 [info] Got 1 sessions for read:user,repo,user:email,workflow...
2025-02-17 16:08:03.379 [info] Getting sessions for all scopes...
2025-02-17 16:08:03.379 [info] Got 2 sessions for ...
2025-02-17 16:08:03.386 [info] Getting sessions for read:user,repo,user:email,workflow...
2025-02-17 16:08:03.386 [info] Got 1 sessions for read:user,repo,user:email,workflow...
2025-02-17 16:08:27.678 [info] Reading sessions from keychain...
2025-02-17 16:08:27.678 [info] Getting sessions for all scopes...
2025-02-17 16:08:27.678 [info] Getting sessions for all scopes...
2025-02-17 16:08:27.678 [info] Got stored sessions!
2025-02-17 16:08:27.678 [info] Got 2 verified sessions.
2025-02-17 16:08:27.678 [info] Got 2 sessions for ...
2025-02-17 16:08:27.678 [info] Got 2 sessions for ...
2025-02-17 16:08:27.678 [info] Getting sessions for all scopes...
2025-02-17 16:08:27.678 [info] Got 2 sessions for ...
2025-02-17 16:08:27.678 [info] Getting sessions for all scopes...
2025-02-17 16:08:27.678 [info] Got 2 sessions for ...
2025-02-17 16:08:27.678 [info] Getting sessions for all scopes...
2025-02-17 16:08:27.678 [info] Got 2 sessions for ...
2025-02-17 16:08:27.678 [info] Getting sessions for all scopes...
2025-02-17 16:08:27.678 [info] Got 2 sessions for ...
2025-02-17 16:08:27.678 [info] Getting sessions for all scopes...
2025-02-17 16:08:27.678 [info] Got 2 sessions for ...
2025-02-17 16:08:27.678 [info] Getting sessions for all scopes...
2025-02-17 16:08:27.678 [info] Got 2 sessions for ...
2025-02-17 16:08:27.976 [info] Getting sessions for user:email...
2025-02-17 16:08:27.976 [info] Got 1 sessions for user:email...
2025-02-17 16:08:35.029 [info] Getting sessions for all scopes...
2025-02-17 16:08:35.029 [info] Got 2 sessions for ...
2025-02-17 16:08:35.600 [info] Getting sessions for read:user,repo,user:email...
2025-02-17 16:08:35.600 [info] Got 0 sessions for read:user,repo,user:email...
2025-02-17 16:08:35.601 [info] Getting sessions for read:user,repo,user:email,workflow...
2025-02-17 16:08:35.601 [info] Got 1 sessions for read:user,repo,user:email,workflow...
2025-02-17 16:08:35.601 [info] Getting sessions for all scopes...
2025-02-17 16:08:35.601 [info] Got 2 sessions for ...
2025-02-17 16:08:35.601 [info] Getting sessions for all scopes...
2025-02-17 16:08:35.601 [info] Got 2 sessions for ...
2025-02-17 16:08:35.602 [info] Getting sessions for project,read:org,read:user,repo,user:email,workflow...
2025-02-17 16:08:35.602 [info] Got 0 sessions for project,read:org,read:user,repo,user:email,workflow...
2025-02-17 16:08:35.813 [info] Getting sessions for read:user,repo,user:email,workflow...
2025-02-17 16:08:35.813 [info] Got 1 sessions for read:user,repo,user:email,workflow...
2025-02-17 16:08:35.813 [info] Getting sessions for read:user,repo,user:email,workflow...
2025-02-17 16:08:35.813 [info] Got 1 sessions for read:user,repo,user:email,workflow...
2025-02-17 16:08:36.037 [info] Getting sessions for read:user,repo,user:email,workflow...
2025-02-17 16:08:36.037 [info] Got 1 sessions for read:user,repo,user:email,workflow...
2025-02-17 16:08:38.241 [info] Getting sessions for all scopes...
2025-02-17 16:08:38.241 [info] Got 2 sessions for ...
2025-02-17 16:08:38.486 [info] Getting sessions for read:user,repo,user:email,workflow...
2025-02-17 16:08:38.486 [info] Got 1 sessions for read:user,repo,user:email,workflow...
2025-02-17 16:08:38.648 [info] Getting sessions for read:user,repo,user:email...
2025-02-17 16:08:38.649 [info] Got 0 sessions for read:user,repo,user:email...
2025-02-17 16:08:38.697 [info] Getting sessions for all scopes...
2025-02-17 16:08:38.697 [info] Got 2 sessions for ...
2025-02-17 16:08:38.866 [info] Getting sessions for read:user,repo,user:email,workflow...
2025-02-17 16:08:38.866 [info] Got 1 sessions for read:user,repo,user:email,workflow...
2025-02-17 16:08:39.116 [info] Getting sessions for read:user,repo,user:email,workflow...
2025-02-17 16:08:39.117 [info] Got 1 sessions for read:user,repo,user:email,workflow...
2025-02-17 16:08:39.243 [info] Getting sessions for all scopes...
2025-02-17 16:08:39.243 [info] Got 2 sessions for ...
2025-02-17 16:08:39.246 [info] Getting sessions for read:user,repo,user:email,workflow...
2025-02-17 16:08:39.246 [info] Got 1 sessions for read:user,repo,user:email,workflow...
2025-02-17 16:08:39.843 [info] Getting sessions for all scopes...
2025-02-17 16:08:39.843 [info] Got 2 sessions for ...
2025-02-17 16:08:39.843 [info] Getting sessions for all scopes...
2025-02-17 16:08:39.843 [info] Got 2 sessions for ...
2025-02-17 16:08:39.908 [info] Getting sessions for read:user,repo,user:email,workflow...
2025-02-17 16:08:39.908 [info] Got 1 sessions for read:user,repo,user:email,workflow...
2025-02-17 16:08:39.917 [info] Getting sessions for all scopes...
2025-02-17 16:08:39.917 [info] Got 2 sessions for ...
2025-02-17 16:08:39.919 [info] Getting sessions for read:user,repo,user:email,workflow...
2025-02-17 16:08:39.919 [info] Got 1 sessions for read:user,repo,user:email,workflow...
2025-02-17 16:08:40.597 [info] Getting sessions for all scopes...
2025-02-17 16:08:40.597 [info] Got 2 sessions for ...
2025-02-17 16:08:40.673 [info] Getting sessions for read:user,repo,user:email,workflow...
2025-02-17 16:08:40.673 [info] Got 1 sessions for read:user,repo,user:email,workflow...
2025-02-17 16:09:51.977 [info] Getting sessions for all scopes...
2025-02-17 16:09:51.978 [info] Got 2 sessions for ...
2025-02-17 16:09:51.979 [info] Getting sessions for read:user,repo,user:email,workflow...
2025-02-17 16:09:51.979 [info] Got 1 sessions for read:user,repo,user:email,workflow...
2025-02-17 16:11:23.553 [info] Getting sessions for all scopes...
2025-02-17 16:11:23.553 [info] Got 2 sessions for ...
2025-02-17 16:11:23.555 [info] Getting sessions for read:user,repo,user:email,workflow...
2025-02-17 16:11:23.555 [info] Got 1 sessions for read:user,repo,user:email,workflow...
2025-02-17 16:13:02.033 [info] Getting sessions for all scopes...
2025-02-17 16:13:02.033 [info] Got 2 sessions for ...
2025-02-17 16:13:02.035 [info] Getting sessions for read:user,repo,user:email,workflow...
2025-02-17 16:13:02.035 [info] Got 1 sessions for read:user,repo,user:email,workflow...
2025-02-17 16:13:02.418 [info] Getting sessions for all scopes...
2025-02-17 16:13:02.418 [info] Got 2 sessions for ...
2025-02-17 16:13:02.420 [info] Getting sessions for read:user,repo,user:email,workflow...
2025-02-17 16:13:02.420 [info] Got 1 sessions for read:user,repo,user:email,workflow...
2025-02-17 16:14:03.952 [info] Getting sessions for all scopes...
2025-02-17 16:14:03.952 [info] Got 2 sessions for ...
2025-02-17 16:14:03.953 [info] Getting sessions for read:user,repo,user:email,workflow...
2025-02-17 16:14:03.953 [info] Got 1 sessions for read:user,repo,user:email,workflow...
2025-02-17 16:14:05.799 [info] Getting sessions for all scopes...
2025-02-17 16:14:05.799 [info] Got 2 sessions for ...
2025-02-17 16:14:05.800 [info] Getting sessions for read:user,repo,user:email,workflow...
2025-02-17 16:14:05.800 [info] Got 1 sessions for read:user,repo,user:email,workflow...
2025-02-17 16:14:06.214 [info] Getting sessions for all scopes...
2025-02-17 16:14:06.214 [info] Got 2 sessions for ...
2025-02-17 16:14:06.215 [info] Getting sessions for read:user,repo,user:email,workflow...
2025-02-17 16:14:06.215 [info] Got 1 sessions for read:user,repo,user:email,workflow...
2025-02-17 16:16:22.310 [info] Getting sessions for all scopes...
2025-02-17 16:16:22.310 [info] Got 2 sessions for ...
2025-02-17 16:16:22.311 [info] Getting sessions for read:user,repo,user:email,workflow...
2025-02-17 16:16:22.311 [info] Got 1 sessions for read:user,repo,user:email,workflow...
2025-02-17 16:16:22.720 [info] Getting sessions for all scopes...
2025-02-17 16:16:22.720 [info] Got 2 sessions for ...
2025-02-17 16:16:22.721 [info] Getting sessions for read:user,repo,user:email,workflow...
2025-02-17 16:16:22.721 [info] Got 1 sessions for read:user,repo,user:email,workflow...
2025-02-17 16:17:39.256 [info] Getting sessions for all scopes...
2025-02-17 16:17:39.256 [info] Got 2 sessions for ...
2025-02-17 16:17:39.257 [info] Getting sessions for read:user,repo,user:email,workflow...
2025-02-17 16:17:39.257 [info] Got 1 sessions for read:user,repo,user:email,workflow...
2025-02-17 16:17:42.680 [info] Getting sessions for all scopes...
2025-02-17 16:17:42.680 [info] Got 2 sessions for ...
2025-02-17 16:17:42.682 [info] Getting sessions for read:user,repo,user:email,workflow...
2025-02-17 16:17:42.682 [info] Got 1 sessions for read:user,repo,user:email,workflow...
2025-02-17 16:17:43.069 [info] Getting sessions for all scopes...
2025-02-17 16:17:43.069 [info] Got 2 sessions for ...
2025-02-17 16:17:43.070 [info] Getting sessions for read:user,repo,user:email,workflow...
2025-02-17 16:17:43.070 [info] Got 1 sessions for read:user,repo,user:email,workflow...
2025-02-17 16:18:29.182 [info] Getting sessions for all scopes...
2025-02-17 16:18:29.183 [info] Got 2 sessions for ...
2025-02-17 16:18:29.211 [info] Getting sessions for read:user,repo,user:email,workflow...
2025-02-17 16:18:29.211 [info] Got 1 sessions for read:user,repo,user:email,workflow...
2025-02-17 16:18:30.179 [info] Getting sessions for all scopes...
2025-02-17 16:18:30.179 [info] Got 2 sessions for ...
2025-02-17 16:18:30.218 [info] Getting sessions for read:user,repo,user:email,workflow...
2025-02-17 16:18:30.218 [info] Got 1 sessions for read:user,repo,user:email,workflow...
2025-02-17 16:18:32.538 [info] Getting sessions for all scopes...
2025-02-17 16:18:32.539 [info] Got 2 sessions for ...
2025-02-17 16:18:32.553 [info] Getting sessions for read:user,repo,user:email,workflow...
2025-02-17 16:18:32.554 [info] Got 1 sessions for read:user,repo,user:email,workflow...
2025-02-17 16:18:43.997 [info] Getting sessions for all scopes...
2025-02-17 16:18:43.997 [info] Got 2 sessions for ...
2025-02-17 16:18:43.999 [info] Getting sessions for read:user,repo,user:email,workflow...
2025-02-17 16:18:43.999 [info] Got 1 sessions for read:user,repo,user:email,workflow...
2025-02-17 16:18:44.149 [info] Getting sessions for all scopes...
2025-02-17 16:18:44.149 [info] Got 2 sessions for ...
2025-02-17 16:18:44.150 [info] Getting sessions for read:user,repo,user:email,workflow...
2025-02-17 16:18:44.150 [info] Got 1 sessions for read:user,repo,user:email,workflow...
2025-02-17 16:18:44.531 [info] Getting sessions for all scopes...
2025-02-17 16:18:44.531 [info] Got 2 sessions for ...
2025-02-17 16:18:44.545 [info] Getting sessions for read:user,repo,user:email,workflow...
2025-02-17 16:18:44.545 [info] Got 1 sessions for read:user,repo,user:email,workflow...
2025-02-17 16:18:54.420 [info] Getting sessions for all scopes...
2025-02-17 16:18:54.420 [info] Got 2 sessions for ...
2025-02-17 16:18:54.437 [info] Getting sessions for read:user,repo,user:email,workflow...
2025-02-17 16:18:54.437 [info] Got 1 sessions for read:user,repo,user:email,workflow...
2025-02-17 16:18:55.005 [info] Getting sessions for all scopes...
2025-02-17 16:18:55.005 [info] Got 2 sessions for ...
2025-02-17 16:18:55.018 [info] Getting sessions for read:user,repo,user:email,workflow...
2025-02-17 16:18:55.018 [info] Got 1 sessions for read:user,repo,user:email,workflow...
2025-02-17 16:19:03.970 [info] Getting sessions for all scopes...
2025-02-17 16:19:03.971 [info] Got 2 sessions for ...
2025-02-17 16:19:03.975 [info] Getting sessions for read:user,repo,user:email,workflow...
2025-02-17 16:19:03.975 [info] Got 1 sessions for read:user,repo,user:email,workflow...
2025-02-17 16:19:04.380 [info] Getting sessions for all scopes...
2025-02-17 16:19:04.380 [info] Got 2 sessions for ...
2025-02-17 16:19:04.392 [info] Getting sessions for read:user,repo,user:email,workflow...
2025-02-17 16:19:04.392 [info] Got 1 sessions for read:user,repo,user:email,workflow...
2025-02-17 16:19:07.589 [info] Getting sessions for all scopes...
2025-02-17 16:19:07.589 [info] Got 2 sessions for ...
2025-02-17 16:19:07.609 [info] Getting sessions for read:user,repo,user:email,workflow...
2025-02-17 16:19:07.609 [info] Got 1 sessions for read:user,repo,user:email,workflow...
2025-02-17 16:20:15.375 [info] Getting sessions for all scopes...
2025-02-17 16:20:15.375 [info] Got 2 sessions for ...
2025-02-17 16:20:15.377 [info] Getting sessions for read:user,repo,user:email,workflow...
2025-02-17 16:20:15.377 [info] Got 1 sessions for read:user,repo,user:email,workflow...
2025-02-17 16:20:15.786 [info] Getting sessions for all scopes...
2025-02-17 16:20:15.786 [info] Got 2 sessions for ...
2025-02-17 16:20:15.787 [info] Getting sessions for read:user,repo,user:email,workflow...
2025-02-17 16:20:15.787 [info] Got 1 sessions for read:user,repo,user:email,workflow...
2025-02-17 16:20:19.148 [info] Getting sessions for all scopes...
2025-02-17 16:20:19.148 [info] Got 2 sessions for ...
2025-02-17 16:20:19.150 [info] Getting sessions for read:user,repo,user:email,workflow...
2025-02-17 16:20:19.150 [info] Got 1 sessions for read:user,repo,user:email,workflow...
2025-02-17 16:23:40.679 [info] Getting sessions for all scopes...
2025-02-17 16:23:40.679 [info] Got 2 sessions for ...
2025-02-17 16:23:40.680 [info] Getting sessions for read:user,repo,user:email,workflow...
2025-02-17 16:23:40.680 [info] Got 1 sessions for read:user,repo,user:email,workflow...
2025-02-17 16:33:39.713 [info] Getting sessions for all scopes...
2025-02-17 16:33:39.713 [info] Got 2 sessions for ...
2025-02-17 16:33:39.715 [info] Getting sessions for read:user,repo,user:email,workflow...
2025-02-17 16:33:39.715 [info] Got 1 sessions for read:user,repo,user:email,workflow...
2025-02-17 16:33:40.506 [info] Getting sessions for all scopes...
2025-02-17 16:33:40.506 [info] Got 2 sessions for ...
2025-02-17 16:33:40.506 [info] Getting sessions for all scopes...
2025-02-17 16:33:40.506 [info] Got 2 sessions for ...
2025-02-17 16:33:40.507 [info] Getting sessions for read:user,repo,user:email,workflow...
2025-02-17 16:33:40.507 [info] Got 1 sessions for read:user,repo,user:email,workflow...
2025-02-17 16:33:40.509 [info] Getting sessions for all scopes...
2025-02-17 16:33:40.509 [info] Got 2 sessions for ...
2025-02-17 16:33:40.510 [info] Getting sessions for read:user,repo,user:email,workflow...
2025-02-17 16:33:40.510 [info] Got 1 sessions for read:user,repo,user:email,workflow...
2025-02-17 16:33:40.523 [info] Getting sessions for all scopes...
2025-02-17 16:33:40.523 [info] Got 2 sessions for ...
2025-02-17 16:33:40.524 [info] Getting sessions for read:user,repo,user:email,workflow...
2025-02-17 16:33:40.524 [info] Got 1 sessions for read:user,repo,user:email,workflow...
2025-02-17 16:33:40.527 [info] Getting sessions for all scopes...
2025-02-17 16:33:40.527 [info] Got 2 sessions for ...
2025-02-17 16:33:40.529 [info] Getting sessions for read:user,repo,user:email,workflow...
2025-02-17 16:33:40.529 [info] Got 1 sessions for read:user,repo,user:email,workflow...
2025-02-17 16:48:41.238 [info] Getting sessions for all scopes...
2025-02-17 16:48:41.238 [info] Got 2 sessions for ...
2025-02-17 16:48:41.242 [info] Getting sessions for read:user,repo,user:email,workflow...
2025-02-17 16:48:41.242 [info] Got 1 sessions for read:user,repo,user:email,workflow...
2025-02-17 16:48:41.246 [info] Getting sessions for all scopes...
2025-02-17 16:48:41.246 [info] Got 2 sessions for ...
2025-02-17 16:48:41.250 [info] Getting sessions for read:user,repo,user:email,workflow...
2025-02-17 16:48:41.251 [info] Got 1 sessions for read:user,repo,user:email,workflow...
