[1739797612951] INFO  (ext): SQLTools is starting
[1739797612953] INFO  (ext): initializing language client...
[1739797612954] INFO  (ext): Registering client for languages [{"scheme":"sqltools"},{"language":"sql","scheme":"untitled"},{"language":"sql","scheme":"file"},{"language":"sql","scheme":"sqltools"}]
    ns: "lc"
[1739797612963] INFO  (ext): loading plugins...
[1739797612963] INFO  (ext): registering Formatter Plugin.
    plugin: {
      "name": "Formatter Plugin"
    }
[1739797612964] INFO  (ext): registering Connection Manager Plugin.
    plugin: {
      "name": "Connection Manager Plugin"
    }
[1739797612965] INFO  (ext): registering CodeLens Plugin.
    plugin: {
      "name": "CodeLens Plugin",
      "registeredLanguages": []
    }
[1739797612967] INFO  (ext): registering Dependency Manager Plugin.
    plugin: {
      "name": "Dependency Manager Plugin",
      "installingDrivers": []
    }
[1739797612971] INFO  (ext): Connection explorer changed. Will be updated.
    ns: "conn-man:explorer"
[1739797612971] INFO  (ext): registering History Manager Plugin.
    plugin: {
      "name": "History Manager Plugin"
    }
[1739797612972] INFO  (ext): registering Bookmarks Manager Plugin.
    plugin: {
      "name": "Bookmarks Manager Plugin"
    }
[1739797612974] INFO  (ext): registering Authentication Provider Plugin.
    plugin: {
      "name": "Authentication Provider Plugin",
      "isRegistered": false
    }
[1739797612974] INFO  (ext): registering Object Drop-in Provider (plugin).
    plugin: {
      "type": "plugin",
      "name": "Object Drop-in Provider",
      "isRegistered": false
    }
[1739797612976] INFO  (ext): SQLTools activation completed. 24.589994 ms
[1739797612976] INFO  (ext): Formatter Plugin registered!
[1739797612977] INFO  (ext): CodeLens Plugin registered!
[1739797612977] INFO  (ext): Dependency Manager Plugin registered!
[1739797612977] INFO  (ext): Connection Manager Plugin registered!
[1739797612977] INFO  (ext): History Manager Plugin registered!
[1739797612977] INFO  (ext): Bookmarks Manager Plugin registered!
[1739797612977] INFO  (ext): Authentication Provider Plugin registered!
[1739797612977] INFO  (ext): Object Drop-in Provider (plugin) registered!
[1739797613323] INFO  (ls): SQLTools Server started!
===============================
Using node runtime?: no
ExecPath: /usr/share/code/code 
===============================
[1739797613417] INFO  (ext): LanguageClient ready
    ns: "lc"
[1739797613414] INFO  (ls): Initialized with node version:v20.18.1
[1739797616327] INFO  (ext): EXECUTING COMMAND => sqltools.refreshTree
[1739797616327] INFO  (ext): Connection explorer changed. Will be updated.
    ns: "conn-man:explorer"
[1739797616328] INFO  (ext): Connection explorer changed. Will be updated.
    ns: "conn-man:explorer"
[1739797618910] INFO  (ext): Connection explorer changed. Will be updated.
    ns: "conn-man:explorer"
[1739797620540] INFO  (ext): Connection explorer changed. Will be updated.
    ns: "conn-man:explorer"
[1739797620543] INFO  (ext): Connection explorer changed. Will be updated.
    ns: "conn-man:explorer"
[1739797668572] INFO  (ext): Connection explorer changed. Will be updated.
    ns: "conn-man:explorer"
[1739797699366] INFO  (ext): Connection explorer changed. Will be updated.
    ns: "conn-man:explorer"
[1739797702365] INFO  (ext): Connection explorer changed. Will be updated.
    ns: "conn-man:explorer"
[1739797769137] INFO  (ext): Connection explorer changed. Will be updated.
    ns: "conn-man:explorer"
