2025-02-13 18:55:50.101 [info] Reading sessions from keychain...
2025-02-13 18:55:50.101 [info] Getting sessions for all scopes...
2025-02-13 18:55:50.101 [info] Getting sessions for all scopes...
2025-02-13 18:55:50.101 [info] Getting sessions for all scopes...
2025-02-13 18:55:50.101 [info] Got stored sessions!
2025-02-13 18:55:50.101 [info] Got 2 verified sessions.
2025-02-13 18:55:50.101 [info] Got 2 sessions for ...
2025-02-13 18:55:50.101 [info] Got 2 sessions for ...
2025-02-13 18:55:50.101 [info] Got 2 sessions for ...
2025-02-13 18:55:50.101 [info] Getting sessions for all scopes...
2025-02-13 18:55:50.101 [info] Got 2 sessions for ...
2025-02-13 18:55:50.101 [info] Getting sessions for all scopes...
2025-02-13 18:55:50.101 [info] Got 2 sessions for ...
2025-02-13 18:55:50.101 [info] Getting sessions for all scopes...
2025-02-13 18:55:50.101 [info] Got 2 sessions for ...
2025-02-13 18:55:50.101 [info] Getting sessions for all scopes...
2025-02-13 18:55:50.101 [info] Got 2 sessions for ...
2025-02-13 18:55:50.101 [info] Getting sessions for all scopes...
2025-02-13 18:55:50.101 [info] Got 2 sessions for ...
2025-02-13 18:55:50.101 [info] Getting sessions for user:email...
2025-02-13 18:55:50.101 [info] Got 1 sessions for user:email...
2025-02-13 18:55:50.101 [info] Getting sessions for all scopes...
2025-02-13 18:55:50.101 [info] Got 2 sessions for ...
2025-02-13 18:55:53.709 [info] Getting sessions for all scopes...
2025-02-13 18:55:53.709 [info] Got 2 sessions for ...
2025-02-13 18:55:54.207 [info] Getting sessions for read:user,repo,user:email...
2025-02-13 18:55:54.207 [info] Got 0 sessions for read:user,repo,user:email...
2025-02-13 18:55:54.208 [info] Getting sessions for read:user,repo,user:email,workflow...
2025-02-13 18:55:54.208 [info] Got 1 sessions for read:user,repo,user:email,workflow...
2025-02-13 18:55:54.333 [info] Getting sessions for all scopes...
2025-02-13 18:55:54.333 [info] Got 2 sessions for ...
2025-02-13 18:55:54.334 [info] Getting sessions for all scopes...
2025-02-13 18:55:54.334 [info] Got 2 sessions for ...
2025-02-13 18:55:54.335 [info] Getting sessions for project,read:org,read:user,repo,user:email,workflow...
2025-02-13 18:55:54.335 [info] Got 0 sessions for project,read:org,read:user,repo,user:email,workflow...
2025-02-13 18:55:54.571 [info] Getting sessions for read:user,repo,user:email,workflow...
2025-02-13 18:55:54.571 [info] Got 1 sessions for read:user,repo,user:email,workflow...
2025-02-13 18:55:54.572 [info] Getting sessions for read:user,repo,user:email,workflow...
2025-02-13 18:55:54.572 [info] Got 1 sessions for read:user,repo,user:email,workflow...
2025-02-13 18:55:56.310 [info] Getting sessions for all scopes...
2025-02-13 18:55:56.310 [info] Got 2 sessions for ...
2025-02-13 18:55:56.311 [info] Getting sessions for all scopes...
2025-02-13 18:55:56.311 [info] Got 2 sessions for ...
2025-02-13 18:55:56.886 [info] Getting sessions for read:user,repo,user:email...
2025-02-13 18:55:56.886 [info] Got 0 sessions for read:user,repo,user:email...
2025-02-13 18:55:56.981 [info] Getting sessions for read:user,repo,user:email,workflow...
2025-02-13 18:55:56.981 [info] Got 1 sessions for read:user,repo,user:email,workflow...
2025-02-13 18:55:56.981 [info] Getting sessions for read:user,repo,user:email,workflow...
2025-02-13 18:55:56.981 [info] Got 1 sessions for read:user,repo,user:email,workflow...
2025-02-13 18:55:57.909 [info] Getting sessions for all scopes...
2025-02-13 18:55:57.909 [info] Got 2 sessions for ...
2025-02-13 18:55:57.928 [info] Getting sessions for read:user,repo,user:email,workflow...
2025-02-13 18:55:57.928 [info] Got 1 sessions for read:user,repo,user:email,workflow...
2025-02-13 18:55:58.170 [info] Getting sessions for read:user,repo,user:email,workflow...
2025-02-13 18:55:58.170 [info] Got 1 sessions for read:user,repo,user:email,workflow...
2025-02-13 18:55:58.183 [info] Getting sessions for all scopes...
2025-02-13 18:55:58.183 [info] Got 2 sessions for ...
2025-02-13 18:55:58.221 [info] Getting sessions for read:user,repo,user:email,workflow...
2025-02-13 18:55:58.221 [info] Got 1 sessions for read:user,repo,user:email,workflow...
2025-02-13 18:55:58.225 [info] Getting sessions for all scopes...
2025-02-13 18:55:58.225 [info] Got 2 sessions for ...
2025-02-13 18:55:58.234 [info] Getting sessions for read:user,repo,user:email,workflow...
2025-02-13 18:55:58.234 [info] Got 1 sessions for read:user,repo,user:email,workflow...
2025-02-13 18:55:58.379 [info] Getting sessions for all scopes...
2025-02-13 18:55:58.379 [info] Got 2 sessions for ...
2025-02-13 18:55:58.414 [info] Getting sessions for read:user,repo,user:email,workflow...
2025-02-13 18:55:58.414 [info] Got 1 sessions for read:user,repo,user:email,workflow...
2025-02-13 18:55:59.110 [info] Getting sessions for all scopes...
2025-02-13 18:55:59.110 [info] Got 2 sessions for ...
2025-02-13 18:55:59.124 [info] Getting sessions for read:user,repo,user:email,workflow...
2025-02-13 18:55:59.124 [info] Got 1 sessions for read:user,repo,user:email,workflow...
2025-02-13 19:10:59.132 [info] Getting sessions for all scopes...
2025-02-13 19:10:59.132 [info] Got 2 sessions for ...
2025-02-13 19:10:59.134 [info] Getting sessions for read:user,repo,user:email,workflow...
2025-02-13 19:10:59.134 [info] Got 1 sessions for read:user,repo,user:email,workflow...
2025-02-13 19:20:58.102 [info] Getting sessions for all scopes...
2025-02-13 19:20:58.102 [info] Got 2 sessions for ...
2025-02-13 19:20:58.103 [info] Getting sessions for read:user,repo,user:email,workflow...
2025-02-13 19:20:58.103 [info] Got 1 sessions for read:user,repo,user:email,workflow...
2025-02-13 19:20:58.900 [info] Getting sessions for all scopes...
2025-02-13 19:20:58.900 [info] Got 2 sessions for ...
2025-02-13 19:20:58.900 [info] Getting sessions for all scopes...
2025-02-13 19:20:58.900 [info] Got 2 sessions for ...
2025-02-13 19:20:58.901 [info] Getting sessions for read:user,repo,user:email,workflow...
2025-02-13 19:20:58.901 [info] Got 1 sessions for read:user,repo,user:email,workflow...
2025-02-13 19:20:58.902 [info] Getting sessions for all scopes...
2025-02-13 19:20:58.902 [info] Got 2 sessions for ...
2025-02-13 19:20:58.904 [info] Getting sessions for read:user,repo,user:email,workflow...
2025-02-13 19:20:58.904 [info] Got 1 sessions for read:user,repo,user:email,workflow...
2025-02-13 19:20:58.915 [info] Getting sessions for all scopes...
2025-02-13 19:20:58.915 [info] Got 2 sessions for ...
2025-02-13 19:20:58.916 [info] Getting sessions for read:user,repo,user:email,workflow...
2025-02-13 19:20:58.917 [info] Got 1 sessions for read:user,repo,user:email,workflow...
2025-02-13 19:20:58.920 [info] Getting sessions for all scopes...
2025-02-13 19:20:58.920 [info] Got 2 sessions for ...
2025-02-13 19:20:58.922 [info] Getting sessions for read:user,repo,user:email,workflow...
2025-02-13 19:20:58.922 [info] Got 1 sessions for read:user,repo,user:email,workflow...
2025-02-13 20:01:44.530 [info] Getting sessions for all scopes...
2025-02-13 20:01:44.530 [info] Got 2 sessions for ...
2025-02-13 20:01:44.532 [info] Getting sessions for read:user,repo,user:email,workflow...
2025-02-13 20:01:44.532 [info] Got 1 sessions for read:user,repo,user:email,workflow...
2025-02-13 20:01:44.535 [info] Getting sessions for all scopes...
2025-02-13 20:01:44.535 [info] Got 2 sessions for ...
2025-02-13 20:01:44.537 [info] Getting sessions for read:user,repo,user:email,workflow...
2025-02-13 20:01:44.537 [info] Got 1 sessions for read:user,repo,user:email,workflow...
2025-02-13 20:01:45.189 [info] Getting sessions for all scopes...
2025-02-13 20:01:45.189 [info] Got 2 sessions for ...
2025-02-13 20:01:45.189 [info] Getting sessions for all scopes...
2025-02-13 20:01:45.189 [info] Got 2 sessions for ...
2025-02-13 20:01:45.192 [info] Getting sessions for read:user,repo,user:email,workflow...
2025-02-13 20:01:45.192 [info] Got 1 sessions for read:user,repo,user:email,workflow...
2025-02-13 20:01:45.195 [info] Getting sessions for all scopes...
2025-02-13 20:01:45.195 [info] Got 2 sessions for ...
2025-02-13 20:01:45.197 [info] Getting sessions for read:user,repo,user:email,workflow...
2025-02-13 20:01:45.197 [info] Got 1 sessions for read:user,repo,user:email,workflow...
2025-02-13 20:01:45.199 [info] Getting sessions for all scopes...
2025-02-13 20:01:45.199 [info] Got 2 sessions for ...
2025-02-13 20:01:45.201 [info] Getting sessions for read:user,repo,user:email,workflow...
2025-02-13 20:01:45.201 [info] Got 1 sessions for read:user,repo,user:email,workflow...
