[1739477104247] INFO  (ext): SQLTools is starting
[1739477104250] INFO  (ext): initializing language client...
[1739477104252] INFO  (ext): Registering client for languages [{"scheme":"sqltools"},{"language":"sql","scheme":"untitled"},{"language":"sql","scheme":"file"},{"language":"sql","scheme":"sqltools"}]
    ns: "lc"
[1739477104262] INFO  (ext): loading plugins...
[1739477104263] INFO  (ext): registering Formatter Plugin.
    plugin: {
      "name": "Formatter Plugin"
    }
[1739477104264] INFO  (ext): registering Connection Manager Plugin.
    plugin: {
      "name": "Connection Manager Plugin"
    }
[1739477104264] INFO  (ext): registering CodeLens Plugin.
    plugin: {
      "name": "CodeLens Plugin",
      "registeredLanguages": []
    }
[1739477104266] INFO  (ext): registering Dependency Manager Plugin.
    plugin: {
      "name": "Dependency Manager Plugin",
      "installingDrivers": []
    }
[1739477104270] INFO  (ext): Connection explorer changed. Will be updated.
    ns: "conn-man:explorer"
[1739477104270] INFO  (ext): registering History Manager Plugin.
    plugin: {
      "name": "History Manager Plugin"
    }
[1739477104271] INFO  (ext): registering Bookmarks Manager Plugin.
    plugin: {
      "name": "Bookmarks Manager Plugin"
    }
[1739477104273] INFO  (ext): registering Authentication Provider Plugin.
    plugin: {
      "name": "Authentication Provider Plugin",
      "isRegistered": false
    }
[1739477104273] INFO  (ext): registering Object Drop-in Provider (plugin).
    plugin: {
      "type": "plugin",
      "name": "Object Drop-in Provider",
      "isRegistered": false
    }
[1739477104276] INFO  (ext): SQLTools activation completed. 27.790822 ms
[1739477104276] INFO  (ext): Formatter Plugin registered!
[1739477104276] INFO  (ext): CodeLens Plugin registered!
[1739477104276] INFO  (ext): Dependency Manager Plugin registered!
[1739477104276] INFO  (ext): Connection Manager Plugin registered!
[1739477104276] INFO  (ext): History Manager Plugin registered!
[1739477104276] INFO  (ext): Bookmarks Manager Plugin registered!
[1739477104276] INFO  (ext): Authentication Provider Plugin registered!
[1739477104277] INFO  (ext): Object Drop-in Provider (plugin) registered!
[1739477104690] INFO  (ls): SQLTools Server started!
===============================
Using node runtime?: no
ExecPath: /usr/share/code/code 
===============================
[1739477104728] INFO  (ext): LanguageClient ready
    ns: "lc"
[1739477104725] INFO  (ls): Initialized with node version:v20.18.1
[1739477108403] INFO  (ext): EXECUTING COMMAND => sqltools.refreshTree
[1739477108403] INFO  (ext): Connection explorer changed. Will be updated.
    ns: "conn-man:explorer"
[1739477108404] INFO  (ext): Connection explorer changed. Will be updated.
    ns: "conn-man:explorer"
[1739477108417] INFO  (ext): Connection explorer changed. Will be updated.
    ns: "conn-man:explorer"
[1739477108663] INFO  (ext): Connection explorer changed. Will be updated.
    ns: "conn-man:explorer"
[1739477108731] INFO  (ext): Connection explorer changed. Will be updated.
    ns: "conn-man:explorer"
