2025-02-13T21:05:09:817 [info]: PacProxyAgent not found
2025-02-13T21:05:15:146 [warning]: There is no GitLab account available with access to suggestions
2025-02-13T21:05:15:394 [info]: handleRegisterCapability: {
      "id": "6845adc3-1266-4957-a942-8c6b4be7a0db",
      "method": "workspace/didChangeWatchedFiles",
      "registerOptions": {
        "watchers": [
          {
            "globPattern": "**/*"
          }
        ]
      }
    }
2025-02-13T21:05:15:591 [info]: Extracted urls: []
2025-02-13T21:05:15:592 [warning]: GitExtensionWrapper is missing repository for file:///home/juanluis/git-repositories/TFM-BigData
2025-02-13T21:05:15:597 [warning]: GitExtensionWrapper is missing repository for file:///home/juanluis/git-repositories/TFM-BigData
2025-02-13T21:05:15:597 [warning]: GitExtensionWrapper is missing repository for file:///home/juanluis/git-repositories/TFM-BigData
2025-02-13T21:05:15:598 [warning]: GitExtensionWrapper is missing repository for file:///home/juanluis/git-repositories/TFM-BigData
2025-02-13T21:05:15:598 [info]: Found 0 projects for urls: []
2025-02-13T21:05:15:599 [warning]: There is no GitLab account available with access to suggestions
2025-02-13T21:05:15:776 [warning]: GitExtensionWrapper is missing repository for file:///home/juanluis/git-repositories/TFM-BigData
2025-02-13T21:05:16:810 [warning]: GitExtensionWrapper is missing repository for file:///home/juanluis/git-repositories/TFM-BigData
2025-02-13T21:05:17:418 [info]: Extracted urls: [
      "https://github.com/juanluserra/TFM-BigData.git"
    ]
2025-02-13T21:05:17:421 [info]: Found 0 projects for urls: [
      "https://github.com/juanluserra/TFM-BigData.git"
    ]
2025-02-13T21:05:17:421 [warning]: There is no GitLab account available with access to suggestions
