2025-02-13 18:55:54.496 [info] [main] Log level: Info
2025-02-13 18:55:54.496 [info] [main] Validating found git in: "git"
2025-02-13 18:55:54.496 [info] [main] Using git "2.48.1" from "git"
2025-02-13 18:55:54.496 [info] [Model][doInitialScan] Initial repository scan started
2025-02-13 18:55:54.496 [info] > git rev-parse --show-toplevel [2483ms]
2025-02-13 18:55:54.496 [info] > git rev-parse --git-dir --git-common-dir [187ms]
2025-02-13 18:55:54.496 [info] [Model][openRepository] Opened repository: /home/juanluis/git-repositories/TFM-BigData
2025-02-13 18:55:54.496 [info] > git rev-parse --show-toplevel [16ms]
2025-02-13 18:55:54.496 [info] > git config --get commit.template [34ms]
2025-02-13 18:55:54.569 [info] > git rev-parse --show-toplevel [58ms]
2025-02-13 18:55:54.632 [info] > git for-each-ref --format=%(refname)%00%(upstream:short)%00%(objectname)%00%(upstream:track)%00%(upstream:remotename)%00%(upstream:remoteref) refs/heads/main refs/remotes/main [81ms]
2025-02-13 18:55:54.673 [info] > git rev-parse --show-toplevel [43ms]
2025-02-13 18:55:56.290 [info] > git rev-parse --show-toplevel [1582ms]
2025-02-13 18:55:56.739 [info] > git check-ignore -v -z --stdin [431ms]
2025-02-13 18:55:56.740 [info] > git status -z -uall [95ms]
2025-02-13 18:55:56.741 [info] > git rev-parse --show-toplevel [64ms]
2025-02-13 18:55:56.741 [info] > git for-each-ref --sort -committerdate --format %(refname) %(objectname) %(*objectname) [80ms]
2025-02-13 18:55:56.856 [info] > git for-each-ref --format=%(refname)%00%(upstream:short)%00%(objectname)%00%(upstream:track)%00%(upstream:remotename)%00%(upstream:remoteref) refs/heads/main refs/remotes/main [93ms]
2025-02-13 18:55:56.895 [info] > git config --get --local branch.main.vscode-merge-base [24ms]
2025-02-13 18:55:56.911 [info] > git config --get commit.template [77ms]
2025-02-13 18:55:56.911 [info] > git rev-parse --show-toplevel [91ms]
2025-02-13 18:55:56.914 [info] [Model][doInitialScan] Initial repository scan completed - repositories (1), closed repositories (0), parent repositories (0), unsafe repositories (0)
2025-02-13 18:55:57.317 [info] > git show --textconv :apuntes/ApuntesLennard.tex [387ms]
2025-02-13 18:55:57.320 [info] > git ls-files --stage -- /home/juanluis/git-repositories/TFM-BigData/apuntes/ApuntesLennard.tex [372ms]
2025-02-13 18:55:57.336 [info] > git for-each-ref --format=%(refname)%00%(upstream:short)%00%(objectname)%00%(upstream:track)%00%(upstream:remotename)%00%(upstream:remoteref) refs/heads/origin/main refs/remotes/origin/main [425ms]
2025-02-13 18:55:57.479 [info] > git merge-base refs/heads/main refs/remotes/origin/main [125ms]
2025-02-13 18:55:57.494 [info] > git cat-file -s 6fc981f4691ddf8d18151c87fb72b9076e2b2d4e [159ms]
2025-02-13 18:55:57.538 [info] > git diff --name-status -z --diff-filter=ADMR a932a8b6b1236aaa63f74a23d601b1bac1f38e0e...refs/remotes/origin/main [44ms]
2025-02-13 18:55:57.539 [info] > git rev-parse --show-toplevel [71ms]
2025-02-13 18:55:57.539 [info] > git for-each-ref --format=%(refname)%00%(upstream:short)%00%(objectname)%00%(upstream:track)%00%(upstream:remotename)%00%(upstream:remoteref) refs/heads/main refs/remotes/main [87ms]
2025-02-13 18:55:57.700 [info] > git status -z -uall [24ms]
2025-02-13 18:55:57.702 [info] > git for-each-ref --sort -committerdate --format %(refname) %(objectname) %(*objectname) [9ms]
2025-02-13 18:55:57.754 [info] > git config --get commit.template [28ms]
2025-02-13 18:55:57.792 [info] > git for-each-ref --format=%(refname)%00%(upstream:short)%00%(objectname)%00%(upstream:track)%00%(upstream:remotename)%00%(upstream:remoteref) refs/heads/main refs/remotes/main [19ms]
2025-02-13 18:55:57.872 [info] > git status -z -uall [38ms]
2025-02-13 18:55:57.873 [info] > git for-each-ref --sort -committerdate --format %(refname) %(objectname) %(*objectname) [9ms]
2025-02-13 18:55:57.905 [info] > git config --get commit.template [6ms]
2025-02-13 18:55:58.029 [info] > git for-each-ref --format=%(refname)%00%(upstream:short)%00%(objectname)%00%(upstream:track)%00%(upstream:remotename)%00%(upstream:remoteref) refs/heads/main refs/remotes/main [105ms]
2025-02-13 18:55:58.042 [info] > git config --get --local branch.main.github-pr-owner-number [93ms]
2025-02-13 18:55:58.042 [warning] [Git][config] git config failed: Failed to execute git
2025-02-13 18:55:58.205 [info] > git status -z -uall [55ms]
2025-02-13 18:55:58.206 [info] > git for-each-ref --sort -committerdate --format %(refname) %(objectname) %(*objectname) [41ms]
2025-02-13 18:55:59.109 [info] > git rev-parse --show-toplevel [5ms]
2025-02-13 18:56:00.491 [info] > git blame --root --incremental a932a8b6b1236aaa63f74a23d601b1bac1f38e0e -- /home/juanluis/git-repositories/TFM-BigData/apuntes/ApuntesLennard.tex [2ms]
2025-02-13 18:56:03.638 [info] > git config --get commit.template [22ms]
2025-02-13 18:56:03.639 [info] > git for-each-ref --format=%(refname)%00%(upstream:short)%00%(objectname)%00%(upstream:track)%00%(upstream:remotename)%00%(upstream:remoteref) refs/heads/main refs/remotes/main [2ms]
2025-02-13 18:56:03.679 [info] > git status -z -uall [20ms]
2025-02-13 18:56:03.681 [info] > git for-each-ref --sort -committerdate --format %(refname) %(objectname) %(*objectname) [2ms]
2025-02-13 18:56:03.715 [info] > git ls-files --stage -- /home/juanluis/git-repositories/TFM-BigData/apuntes/ApuntesLennard.tex [1ms]
2025-02-13 18:56:03.733 [info] > git cat-file -s 6fc981f4691ddf8d18151c87fb72b9076e2b2d4e [2ms]
2025-02-13 18:56:03.752 [info] > git show --textconv :apuntes/ApuntesLennard.tex [2ms]
2025-02-13 18:56:04.222 [info] > git rev-parse --show-toplevel [2ms]
2025-02-13 19:00:09.017 [info] > git config --get commit.template [17ms]
2025-02-13 19:00:09.018 [info] > git for-each-ref --format=%(refname)%00%(upstream:short)%00%(objectname)%00%(upstream:track)%00%(upstream:remotename)%00%(upstream:remoteref) refs/heads/main refs/remotes/main [1ms]
2025-02-13 19:00:09.053 [info] > git status -z -uall [18ms]
2025-02-13 19:00:09.054 [info] > git for-each-ref --sort -committerdate --format %(refname) %(objectname) %(*objectname) [2ms]
2025-02-13 19:00:09.100 [info] > git ls-files --stage -- /home/juanluis/git-repositories/TFM-BigData/apuntes/ApuntesLennard.tex [2ms]
2025-02-13 19:00:09.116 [info] > git cat-file -s 6fc981f4691ddf8d18151c87fb72b9076e2b2d4e [2ms]
2025-02-13 19:00:09.135 [info] > git show --textconv :apuntes/ApuntesLennard.tex [1ms]
2025-02-13 19:00:09.574 [info] > git rev-parse --show-toplevel [2ms]
2025-02-13 19:00:14.089 [info] > git config --get commit.template [16ms]
2025-02-13 19:00:14.090 [info] > git for-each-ref --format=%(refname)%00%(upstream:short)%00%(objectname)%00%(upstream:track)%00%(upstream:remotename)%00%(upstream:remoteref) refs/heads/main refs/remotes/main [2ms]
2025-02-13 19:00:14.121 [info] > git status -z -uall [15ms]
2025-02-13 19:00:14.123 [info] > git for-each-ref --sort -committerdate --format %(refname) %(objectname) %(*objectname) [1ms]
2025-02-13 19:00:14.467 [info] > git ls-files --stage -- /home/juanluis/git-repositories/TFM-BigData/apuntes/ApuntesLennard.tex [2ms]
2025-02-13 19:00:14.487 [info] > git cat-file -s 6fc981f4691ddf8d18151c87fb72b9076e2b2d4e [2ms]
2025-02-13 19:00:14.505 [info] > git show --textconv :apuntes/ApuntesLennard.tex [2ms]
2025-02-13 19:00:14.641 [info] > git rev-parse --show-toplevel [2ms]
2025-02-13 19:00:19.159 [info] > git config --get commit.template [18ms]
2025-02-13 19:00:19.160 [info] > git for-each-ref --format=%(refname)%00%(upstream:short)%00%(objectname)%00%(upstream:track)%00%(upstream:remotename)%00%(upstream:remoteref) refs/heads/main refs/remotes/main [3ms]
2025-02-13 19:00:19.191 [info] > git status -z -uall [16ms]
2025-02-13 19:00:19.193 [info] > git for-each-ref --sort -committerdate --format %(refname) %(objectname) %(*objectname) [2ms]
2025-02-13 19:00:19.710 [info] > git rev-parse --show-toplevel [1ms]
2025-02-13 19:14:57.921 [info] > git config --get commit.template [11ms]
2025-02-13 19:14:57.952 [info] > git for-each-ref --format=%(refname)%00%(upstream:short)%00%(objectname)%00%(upstream:track)%00%(upstream:remotename)%00%(upstream:remoteref) refs/heads/main refs/remotes/main [4ms]
2025-02-13 19:14:58.012 [info] > git status -z -uall [23ms]
2025-02-13 19:14:58.014 [info] > git for-each-ref --sort -committerdate --format %(refname) %(objectname) %(*objectname) [3ms]
2025-02-13 19:14:58.550 [info] > git rev-parse --show-toplevel [1ms]
2025-02-13 19:15:03.052 [info] > git config --get commit.template [17ms]
2025-02-13 19:15:03.053 [info] > git for-each-ref --format=%(refname)%00%(upstream:short)%00%(objectname)%00%(upstream:track)%00%(upstream:remotename)%00%(upstream:remoteref) refs/heads/main refs/remotes/main [2ms]
2025-02-13 19:15:03.085 [info] > git status -z -uall [16ms]
2025-02-13 19:15:03.087 [info] > git for-each-ref --sort -committerdate --format %(refname) %(objectname) %(*objectname) [1ms]
2025-02-13 19:15:03.605 [info] > git rev-parse --show-toplevel [2ms]
2025-02-13 19:15:10.351 [info] > git config --get commit.template [15ms]
2025-02-13 19:15:10.352 [info] > git for-each-ref --format=%(refname)%00%(upstream:short)%00%(objectname)%00%(upstream:track)%00%(upstream:remotename)%00%(upstream:remoteref) refs/heads/main refs/remotes/main [1ms]
2025-02-13 19:15:10.385 [info] > git status -z -uall [17ms]
2025-02-13 19:15:10.386 [info] > git for-each-ref --sort -committerdate --format %(refname) %(objectname) %(*objectname) [2ms]
2025-02-13 19:15:10.906 [info] > git rev-parse --show-toplevel [1ms]
2025-02-13 19:20:11.679 [info] > git config --get commit.template [18ms]
2025-02-13 19:20:11.680 [info] > git for-each-ref --format=%(refname)%00%(upstream:short)%00%(objectname)%00%(upstream:track)%00%(upstream:remotename)%00%(upstream:remoteref) refs/heads/main refs/remotes/main [2ms]
2025-02-13 19:20:11.717 [info] > git status -z -uall [18ms]
2025-02-13 19:20:11.719 [info] > git for-each-ref --sort -committerdate --format %(refname) %(objectname) %(*objectname) [1ms]
2025-02-13 19:20:12.241 [info] > git rev-parse --show-toplevel [1ms]
2025-02-13 19:20:25.982 [info] > git config --get commit.template [16ms]
2025-02-13 19:20:25.983 [info] > git for-each-ref --format=%(refname)%00%(upstream:short)%00%(objectname)%00%(upstream:track)%00%(upstream:remotename)%00%(upstream:remoteref) refs/heads/main refs/remotes/main [2ms]
2025-02-13 19:20:26.015 [info] > git status -z -uall [15ms]
2025-02-13 19:20:26.016 [info] > git for-each-ref --sort -committerdate --format %(refname) %(objectname) %(*objectname) [1ms]
2025-02-13 19:20:26.534 [info] > git rev-parse --show-toplevel [1ms]
