[1739795267020] INFO  (ext): SQLTools is starting
[1739795267023] INFO  (ext): initializing language client...
[1739795267026] INFO  (ext): Registering client for languages [{"scheme":"sqltools"},{"language":"sql","scheme":"untitled"},{"language":"sql","scheme":"file"},{"language":"sql","scheme":"sqltools"}]
    ns: "lc"
[1739795267038] INFO  (ext): loading plugins...
[1739795267039] INFO  (ext): registering Formatter Plugin.
    plugin: {
      "name": "Formatter Plugin"
    }
[1739795267039] INFO  (ext): registering Connection Manager Plugin.
    plugin: {
      "name": "Connection Manager Plugin"
    }
[1739795267040] INFO  (ext): registering CodeLens Plugin.
    plugin: {
      "name": "CodeLens Plugin",
      "registeredLanguages": []
    }
[1739795267043] INFO  (ext): registering Dependency Manager Plugin.
    plugin: {
      "name": "Dependency Manager Plugin",
      "installingDrivers": []
    }
[1739795267048] INFO  (ext): Connection explorer changed. Will be updated.
    ns: "conn-man:explorer"
[1739795267048] INFO  (ext): registering History Manager Plugin.
    plugin: {
      "name": "History Manager Plugin"
    }
[1739795267049] INFO  (ext): registering Bookmarks Manager Plugin.
    plugin: {
      "name": "Bookmarks Manager Plugin"
    }
[1739795267050] INFO  (ext): registering Authentication Provider Plugin.
    plugin: {
      "name": "Authentication Provider Plugin",
      "isRegistered": false
    }
[1739795267051] INFO  (ext): registering Object Drop-in Provider (plugin).
    plugin: {
      "type": "plugin",
      "name": "Object Drop-in Provider",
      "isRegistered": false
    }
[1739795267053] INFO  (ext): SQLTools activation completed. 32.507173 ms
[1739795267053] INFO  (ext): Formatter Plugin registered!
[1739795267053] INFO  (ext): CodeLens Plugin registered!
[1739795267053] INFO  (ext): Dependency Manager Plugin registered!
[1739795267054] INFO  (ext): Connection Manager Plugin registered!
[1739795267054] INFO  (ext): History Manager Plugin registered!
[1739795267054] INFO  (ext): Bookmarks Manager Plugin registered!
[1739795267054] INFO  (ext): Authentication Provider Plugin registered!
[1739795267054] INFO  (ext): Object Drop-in Provider (plugin) registered!
[1739795267454] INFO  (ls): SQLTools Server started!
===============================
Using node runtime?: no
ExecPath: /usr/share/code/code 
===============================
[1739795267487] INFO  (ext): LanguageClient ready
    ns: "lc"
[1739795267482] INFO  (ls): Initialized with node version:v20.18.1
[1739795268060] INFO  (ext): EXECUTING COMMAND => sqltools.refreshTree
[1739795268060] INFO  (ext): Connection explorer changed. Will be updated.
    ns: "conn-man:explorer"
[1739795272475] INFO  (ext): Connection explorer changed. Will be updated.
    ns: "conn-man:explorer"
[1739795272485] INFO  (ext): Connection explorer changed. Will be updated.
    ns: "conn-man:explorer"
[1739795279458] INFO  (ext): Connection explorer changed. Will be updated.
    ns: "conn-man:explorer"
