[13:22:53.934][Logger] New log placeholder %WS1% registered for /home/juanluis/git-repositories/TFM-BigData .
[13:22:53.934][Extension] Initializing LaTeX Workshop.
[13:22:54.319][Build][Recipe] Set $LATEXWORKSHOP_DOCKER_LATEX: ""
[13:22:54.321][Build][Recipe] Set $LATEXWORKSHOP_DOCKER_PATH: "docker"
[13:22:54.390][Server] Creating LaTeX Workshop http and websocket server.
[13:22:54.668][Format][Bib] Bibtex format config: {"tab":"  ","case":"lowercase","left":"{","right":"}","trailingComma":false,"sort":["key"],"alignOnEqual":true,"sortFields":false,"fieldsOrder":[],"firstEntries":["string","xdata"]}
[13:22:54.757][Server] Server successfully started: {"address":"127.0.0.1","family":"IPv4","port":36815} .
[13:22:54.843][Extension] Extension root: /home/juanluis/.vscode/extensions/james-yu.latex-workshop-10.7.5
[13:22:54.843][Extension] $PATH: /home/juanluis/.atuin/bin:/home/juanluis/.local/bin:/home/juanluis/bin:/usr/local/bin:/usr/bin:/bin:/usr/local/sbin:/usr/sbin:/sbin:/var/lib/snapd/snap/bin:/usr/lib/jvm/jdk-17.0.12/bin
[13:22:54.844][Extension] $SHELL: /usr/bin/zsh
[13:22:54.844][Extension] $LANG: es_ES.UTF-8
[13:22:54.844][Extension] $LC_ALL: undefined
[13:22:54.845][Extension] process.platform: linux
[13:22:54.845][Extension] process.arch: x64
[13:22:54.845][Extension] vscode.env.appName: Visual Studio Code
[13:22:54.846][Extension] vscode.env.remoteName: undefined
[13:22:54.846][Extension] vscode.env.uiKind: 1
[13:22:54.862][Config] latex-workshop.latex.outDir: "%DIR%/build" .
[13:22:55.010][Extension] Trigger characters for intellisense of LaTeX documents: ["\\",",","{","}"]
[13:22:55.014][Root] Current workspace folders: ["file://%WS1%"]
[13:22:55.015][Root] Try finding root from magic comment.
[13:22:55.016][Extension] LaTeX Workshop initialized.
[13:22:55.016][Root] Try finding root from active editor.
[13:22:55.018][Root] Found root file from active editor: %WS1%/apuntes/ApuntesLennard.tex
[13:22:55.019][Root] Root file changed: from %WS1%/apuntes/ApuntesLennard.tex to %WS1%/apuntes/ApuntesLennard.tex, langID latex . Refresh dependencies
[13:22:55.019][Event] ROOT_FILE_CHANGED: "%WS1%/apuntes/ApuntesLennard.tex"
[13:22:55.021][Cacher][Watcher] Reset.
[13:22:55.021][Cacher][Watcher] Reset.
[13:22:55.030][Cacher] Adding %WS1%/apuntes/ApuntesLennard.tex .
[13:22:55.034][Cacher][Watcher] Watched file://%WS1%/apuntes/ApuntesLennard.tex with a new .* watcher on %WS1%/apuntes .
[13:22:55.034][Event] FILE_WATCHED: "file://%WS1%/apuntes/ApuntesLennard.tex"
[13:22:55.038][Cacher] Caching %WS1%/apuntes/ApuntesLennard.tex .
[13:22:55.039][Event] ROOT_FILE_SEARCHED
[13:22:55.060][Server] validOrigin is http://127.0.0.1:36815
[13:22:56.465][Viewer][Panel] Internal PDF viewer at http://127.0.0.1:36815/viewer.html?file=pdf..ZmlsZSUzQSUyRiUyRiUyRmhvbWUlMkZqdWFubHVpcyUyRmdpdC1yZXBvc2l0b3JpZXMlMkZURk0tQmlnRGF0YSUyRmFwdW50ZXMlMkZidWlsZCUyRkFwdW50ZXNMZW5uYXJkLnBkZg .
[13:22:56.467][Cacher][Watcher] Watched file://%WS1%/apuntes/build/ApuntesLennard.pdf with a new .pdf watcher on %WS1%/apuntes/build .
[13:22:56.468][Event] FILE_WATCHED: "file://%WS1%/apuntes/build/ApuntesLennard.pdf"
[13:22:56.603][Cacher] Updated inputs of %WS1%/apuntes/ApuntesLennard.tex .
[13:22:56.603][Cacher] Parse LaTeX AST: %WS1%/apuntes/ApuntesLennard.tex .
[13:22:57.373][Cacher] Parsed LaTeX AST in 769.33 ms: %WS1%/apuntes/ApuntesLennard.tex .
[13:22:57.375][File] Calling kpsewhich to resolve article.cls .
[13:22:57.798][File] kpsewhich returned with '/home/juanluis/.miktex/texmfs/install/tex/latex/base/article.cls'.
[13:23:07.663][File] Calling kpsewhich to resolve -format=.bib test.bib .
[13:23:08.006][File] kpsewhich returned with '/home/juanluis/.miktex/texmfs/install/bibtex/bib/wsemclassic/test.bib'.
[13:23:08.009][Cacher] Updated elements in 10634.92 ms: %WS1%/apuntes/ApuntesLennard.tex .
[13:23:08.010][Event] FILE_PARSED: "%WS1%/apuntes/ApuntesLennard.tex"
[13:23:08.019][Structure] Structure force updated with 0 root sections for %WS1%/apuntes/ApuntesLennard.tex .
[13:23:08.019][Event] STRUCTURE_UPDATED
[13:23:08.098][Cacher] Parsing .fls %WS1%/apuntes/build/ApuntesLennard.fls .
[13:23:08.894][Cacher] Found .aux %WS1%/apuntes/build/ApuntesLennard.aux from .fls %WS1%/apuntes/build/ApuntesLennard.fls , parsing.
[13:23:09.017][Cacher] Parsed .aux %WS1%/apuntes/build/ApuntesLennard.aux .
[13:23:09.018][Cacher] Parsed .fls %WS1%/apuntes/build/ApuntesLennard.fls .
[13:23:09.374][Viewer] Handle data type: open
[13:23:10.390][Server] Preview PDF file: file://%WS1%/apuntes/build/ApuntesLennard.pdf
[13:23:10.740][Viewer] Handle data type: loaded
[13:23:10.741][Event] VIEWER_PAGE_LOADED
[13:24:13.936][Viewer][Panel] Internal PDF viewer at http://127.0.0.1:36815/viewer.html?file=pdf..ZmlsZSUzQSUyRiUyRiUyRmhvbWUlMkZqdWFubHVpcyUyRmdpdC1yZXBvc2l0b3JpZXMlMkZURk0tQmlnRGF0YSUyRlRGTS1MZW5uYXJ0VG9sbGtlJTJGU3VibWlzc2lvbkZpbGVzQ1NHJTJGQkFfTGVubmFydF9UJUMzJUI2bGxrZS5wZGY .
[13:24:13.937][Cacher][Watcher] Watched file://%WS1%/TFM-LennartTollke/SubmissionFilesCSG/BA_Lennart_Töllke.pdf with a new .pdf watcher on %WS1%/TFM-LennartTollke/SubmissionFilesCSG .
[13:24:13.937][Event] FILE_WATCHED: "file://%WS1%/TFM-LennartTollke/SubmissionFilesCSG/BA_Lennart_Töllke.pdf"
[13:24:14.211][Viewer] Handle data type: open
[13:24:14.331][Server] Preview PDF file: file://%WS1%/TFM-LennartTollke/SubmissionFilesCSG/BA_Lennart_Töllke.pdf
[13:25:37.818][Cacher][Watcher] Reset.
[13:25:37.818][Cacher][Watcher] Reset.
