2025-02-13 21:05:04.732 [info] Reading sessions from keychain...
2025-02-13 21:05:04.732 [info] Getting sessions for all scopes...
2025-02-13 21:05:04.732 [info] Getting sessions for all scopes...
2025-02-13 21:05:04.732 [info] Getting sessions for all scopes...
2025-02-13 21:05:04.732 [info] Got stored sessions!
2025-02-13 21:05:04.732 [info] Got 2 verified sessions.
2025-02-13 21:05:04.732 [info] Got 2 sessions for ...
2025-02-13 21:05:04.732 [info] Got 2 sessions for ...
2025-02-13 21:05:04.732 [info] Got 2 sessions for ...
2025-02-13 21:05:04.732 [info] Getting sessions for all scopes...
2025-02-13 21:05:04.732 [info] Got 2 sessions for ...
2025-02-13 21:05:04.732 [info] Getting sessions for all scopes...
2025-02-13 21:05:04.732 [info] Got 2 sessions for ...
2025-02-13 21:05:04.732 [info] Getting sessions for all scopes...
2025-02-13 21:05:04.732 [info] Got 2 sessions for ...
2025-02-13 21:05:04.732 [info] Getting sessions for all scopes...
2025-02-13 21:05:04.732 [info] Got 2 sessions for ...
2025-02-13 21:05:04.732 [info] Getting sessions for all scopes...
2025-02-13 21:05:04.732 [info] Got 2 sessions for ...
2025-02-13 21:05:04.732 [info] Getting sessions for user:email...
2025-02-13 21:05:04.732 [info] Got 1 sessions for user:email...
2025-02-13 21:05:09.753 [info] Getting sessions for all scopes...
2025-02-13 21:05:09.753 [info] Got 2 sessions for ...
2025-02-13 21:05:10.715 [info] Getting sessions for read:user,repo,user:email...
2025-02-13 21:05:10.715 [info] Got 0 sessions for read:user,repo,user:email...
2025-02-13 21:05:10.829 [info] Getting sessions for read:user,repo,user:email,workflow...
2025-02-13 21:05:10.829 [info] Got 1 sessions for read:user,repo,user:email,workflow...
2025-02-13 21:05:10.877 [info] Getting sessions for all scopes...
2025-02-13 21:05:10.877 [info] Got 2 sessions for ...
2025-02-13 21:05:10.878 [info] Getting sessions for all scopes...
2025-02-13 21:05:10.878 [info] Got 2 sessions for ...
2025-02-13 21:05:10.879 [info] Getting sessions for project,read:org,read:user,repo,user:email,workflow...
2025-02-13 21:05:10.879 [info] Got 0 sessions for project,read:org,read:user,repo,user:email,workflow...
2025-02-13 21:05:11.237 [info] Getting sessions for read:user,repo,user:email,workflow...
2025-02-13 21:05:11.237 [info] Got 1 sessions for read:user,repo,user:email,workflow...
2025-02-13 21:05:11.237 [info] Getting sessions for read:user,repo,user:email,workflow...
2025-02-13 21:05:11.237 [info] Got 1 sessions for read:user,repo,user:email,workflow...
2025-02-13 21:05:11.614 [info] Getting sessions for read:user,repo,user:email,workflow...
2025-02-13 21:05:11.614 [info] Got 1 sessions for read:user,repo,user:email,workflow...
2025-02-13 21:05:12.043 [info] Getting sessions for all scopes...
2025-02-13 21:05:12.043 [info] Got 2 sessions for ...
2025-02-13 21:05:12.044 [info] Getting sessions for all scopes...
2025-02-13 21:05:12.044 [info] Got 2 sessions for ...
2025-02-13 21:05:15.172 [info] Getting sessions for read:user,repo,user:email,workflow...
2025-02-13 21:05:15.172 [info] Got 1 sessions for read:user,repo,user:email,workflow...
2025-02-13 21:05:15.173 [info] Getting sessions for read:user,repo,user:email...
2025-02-13 21:05:15.173 [info] Got 0 sessions for read:user,repo,user:email...
2025-02-13 21:05:15.642 [info] Getting sessions for read:user,repo,user:email,workflow...
2025-02-13 21:05:15.642 [info] Got 1 sessions for read:user,repo,user:email,workflow...
2025-02-13 21:05:16.445 [info] Getting sessions for all scopes...
2025-02-13 21:05:16.446 [info] Got 2 sessions for ...
2025-02-13 21:05:16.811 [info] Getting sessions for read:user,repo,user:email,workflow...
2025-02-13 21:05:16.811 [info] Got 1 sessions for read:user,repo,user:email,workflow...
2025-02-13 21:05:16.814 [info] Getting sessions for all scopes...
2025-02-13 21:05:16.814 [info] Got 2 sessions for ...
2025-02-13 21:05:17.507 [info] Getting sessions for read:user,repo,user:email,workflow...
2025-02-13 21:05:17.507 [info] Got 1 sessions for read:user,repo,user:email,workflow...
2025-02-13 21:05:17.540 [info] Getting sessions for all scopes...
2025-02-13 21:05:17.540 [info] Got 2 sessions for ...
2025-02-13 21:05:17.560 [info] Getting sessions for read:user,repo,user:email,workflow...
2025-02-13 21:05:17.561 [info] Got 1 sessions for read:user,repo,user:email,workflow...
2025-02-13 21:05:17.874 [info] Getting sessions for all scopes...
2025-02-13 21:05:17.874 [info] Got 2 sessions for ...
2025-02-13 21:05:17.963 [info] Getting sessions for read:user,repo,user:email,workflow...
2025-02-13 21:05:17.963 [info] Got 1 sessions for read:user,repo,user:email,workflow...
2025-02-13 21:05:18.687 [info] Getting sessions for all scopes...
2025-02-13 21:05:18.687 [info] Got 2 sessions for ...
2025-02-13 21:05:18.692 [info] Getting sessions for read:user,repo,user:email,workflow...
2025-02-13 21:05:18.692 [info] Got 1 sessions for read:user,repo,user:email,workflow...
2025-02-13 21:20:18.695 [info] Getting sessions for all scopes...
2025-02-13 21:20:18.695 [info] Got 2 sessions for ...
2025-02-13 21:20:18.696 [info] Getting sessions for read:user,repo,user:email,workflow...
2025-02-13 21:20:18.697 [info] Got 1 sessions for read:user,repo,user:email,workflow...
2025-02-13 21:30:15.204 [info] Getting sessions for read:user,repo,user:email,workflow...
2025-02-13 21:30:15.204 [info] Got 1 sessions for read:user,repo,user:email,workflow...
2025-02-13 21:30:16.735 [info] Getting sessions for all scopes...
2025-02-13 21:30:16.735 [info] Got 2 sessions for ...
2025-02-13 21:30:16.763 [info] Getting sessions for read:user,repo,user:email,workflow...
2025-02-13 21:30:16.763 [info] Got 1 sessions for read:user,repo,user:email,workflow...
2025-02-13 21:30:17.509 [info] Getting sessions for all scopes...
2025-02-13 21:30:17.509 [info] Got 2 sessions for ...
2025-02-13 21:30:17.509 [info] Getting sessions for all scopes...
2025-02-13 21:30:17.510 [info] Got 2 sessions for ...
2025-02-13 21:30:17.521 [info] Getting sessions for read:user,repo,user:email,workflow...
2025-02-13 21:30:17.521 [info] Got 1 sessions for read:user,repo,user:email,workflow...
2025-02-13 21:30:17.523 [info] Getting sessions for all scopes...
2025-02-13 21:30:17.523 [info] Got 2 sessions for ...
2025-02-13 21:30:17.526 [info] Getting sessions for read:user,repo,user:email,workflow...
2025-02-13 21:30:17.526 [info] Got 1 sessions for read:user,repo,user:email,workflow...
2025-02-13 21:30:17.572 [info] Getting sessions for all scopes...
2025-02-13 21:30:17.572 [info] Got 2 sessions for ...
2025-02-13 21:30:17.620 [info] Getting sessions for read:user,repo,user:email,workflow...
2025-02-13 21:30:17.621 [info] Got 1 sessions for read:user,repo,user:email,workflow...
2025-02-13 21:30:17.636 [info] Getting sessions for all scopes...
2025-02-13 21:30:17.636 [info] Got 2 sessions for ...
2025-02-13 21:30:17.637 [info] Getting sessions for read:user,repo,user:email,workflow...
2025-02-13 21:30:17.637 [info] Got 1 sessions for read:user,repo,user:email,workflow...
2025-02-13 21:45:18.228 [info] Getting sessions for all scopes...
2025-02-13 21:45:18.228 [info] Got 2 sessions for ...
2025-02-13 21:45:18.230 [info] Getting sessions for read:user,repo,user:email,workflow...
2025-02-13 21:45:18.230 [info] Got 1 sessions for read:user,repo,user:email,workflow...
