2025-02-17 14:06:53.537 [info] Reading sessions from keychain...
2025-02-17 14:06:53.537 [info] Getting sessions for all scopes...
2025-02-17 14:06:53.537 [info] Getting sessions for all scopes...
2025-02-17 14:06:53.538 [info] Getting sessions for all scopes...
2025-02-17 14:06:53.538 [info] Getting sessions for all scopes...
2025-02-17 14:06:53.538 [info] Getting sessions for all scopes...
2025-02-17 14:06:53.538 [info] Getting sessions for all scopes...
2025-02-17 14:06:53.538 [info] Getting sessions for all scopes...
2025-02-17 14:06:53.538 [info] Got stored sessions!
2025-02-17 14:06:53.538 [info] Got 2 verified sessions.
2025-02-17 14:06:53.538 [info] Got 2 sessions for ...
2025-02-17 14:06:53.538 [info] Got 2 sessions for ...
2025-02-17 14:06:53.538 [info] Got 2 sessions for ...
2025-02-17 14:06:53.538 [info] Got 2 sessions for ...
2025-02-17 14:06:53.538 [info] Got 2 sessions for ...
2025-02-17 14:06:53.538 [info] Got 2 sessions for ...
2025-02-17 14:06:53.538 [info] Got 2 sessions for ...
2025-02-17 14:06:53.538 [info] Getting sessions for all scopes...
2025-02-17 14:06:53.538 [info] Got 2 sessions for ...
2025-02-17 14:06:59.259 [info] Getting sessions for user:email...
2025-02-17 14:06:59.259 [info] Got 1 sessions for user:email...
2025-02-17 14:07:00.207 [info] Getting sessions for all scopes...
2025-02-17 14:07:00.207 [info] Got 2 sessions for ...
2025-02-17 14:07:00.746 [info] Getting sessions for read:user,repo,user:email...
2025-02-17 14:07:00.746 [info] Got 0 sessions for read:user,repo,user:email...
2025-02-17 14:07:00.747 [info] Getting sessions for read:user,repo,user:email,workflow...
2025-02-17 14:07:00.747 [info] Got 1 sessions for read:user,repo,user:email,workflow...
2025-02-17 14:07:00.974 [info] Getting sessions for all scopes...
2025-02-17 14:07:00.974 [info] Got 2 sessions for ...
2025-02-17 14:07:00.974 [info] Getting sessions for all scopes...
2025-02-17 14:07:00.974 [info] Got 2 sessions for ...
2025-02-17 14:07:00.992 [info] Getting sessions for project,read:org,read:user,repo,user:email,workflow...
2025-02-17 14:07:00.992 [info] Got 0 sessions for project,read:org,read:user,repo,user:email,workflow...
2025-02-17 14:07:01.805 [info] Getting sessions for read:user,repo,user:email,workflow...
2025-02-17 14:07:01.805 [info] Got 1 sessions for read:user,repo,user:email,workflow...
2025-02-17 14:07:01.806 [info] Getting sessions for read:user,repo,user:email,workflow...
2025-02-17 14:07:01.806 [info] Got 1 sessions for read:user,repo,user:email,workflow...
2025-02-17 14:07:02.157 [info] Getting sessions for read:user,repo,user:email,workflow...
2025-02-17 14:07:02.157 [info] Got 1 sessions for read:user,repo,user:email,workflow...
2025-02-17 14:07:02.370 [info] Getting sessions for all scopes...
2025-02-17 14:07:02.370 [info] Got 2 sessions for ...
2025-02-17 14:07:05.185 [info] Getting sessions for read:user,repo,user:email,workflow...
2025-02-17 14:07:05.185 [info] Got 1 sessions for read:user,repo,user:email,workflow...
2025-02-17 14:07:05.185 [info] Getting sessions for read:user,repo,user:email...
2025-02-17 14:07:05.185 [info] Got 0 sessions for read:user,repo,user:email...
2025-02-17 14:07:05.742 [info] Getting sessions for all scopes...
2025-02-17 14:07:05.742 [info] Got 2 sessions for ...
2025-02-17 14:07:06.191 [info] Getting sessions for read:user,repo,user:email,workflow...
2025-02-17 14:07:06.191 [info] Got 1 sessions for read:user,repo,user:email,workflow...
2025-02-17 14:07:06.192 [info] Getting sessions for read:user,repo,user:email,workflow...
2025-02-17 14:07:06.192 [info] Got 1 sessions for read:user,repo,user:email,workflow...
2025-02-17 14:07:07.003 [info] Getting sessions for all scopes...
2025-02-17 14:07:07.004 [info] Got 2 sessions for ...
2025-02-17 14:07:07.033 [info] Getting sessions for read:user,repo,user:email,workflow...
2025-02-17 14:07:07.034 [info] Got 1 sessions for read:user,repo,user:email,workflow...
2025-02-17 14:07:07.175 [info] Getting sessions for all scopes...
2025-02-17 14:07:07.175 [info] Got 2 sessions for ...
2025-02-17 14:07:07.175 [info] Getting sessions for all scopes...
2025-02-17 14:07:07.175 [info] Got 2 sessions for ...
2025-02-17 14:07:07.248 [info] Getting sessions for read:user,repo,user:email,workflow...
2025-02-17 14:07:07.248 [info] Got 1 sessions for read:user,repo,user:email,workflow...
2025-02-17 14:07:07.262 [info] Getting sessions for all scopes...
2025-02-17 14:07:07.262 [info] Got 2 sessions for ...
2025-02-17 14:07:07.320 [info] Getting sessions for read:user,repo,user:email,workflow...
2025-02-17 14:07:07.320 [info] Got 1 sessions for read:user,repo,user:email,workflow...
2025-02-17 14:07:07.505 [info] Getting sessions for all scopes...
2025-02-17 14:07:07.505 [info] Got 2 sessions for ...
2025-02-17 14:07:07.584 [info] Getting sessions for read:user,repo,user:email,workflow...
2025-02-17 14:07:07.584 [info] Got 1 sessions for read:user,repo,user:email,workflow...
2025-02-17 14:07:08.282 [info] Getting sessions for all scopes...
2025-02-17 14:07:08.282 [info] Got 2 sessions for ...
2025-02-17 14:07:08.289 [info] Getting sessions for read:user,repo,user:email,workflow...
2025-02-17 14:07:08.289 [info] Got 1 sessions for read:user,repo,user:email,workflow...
2025-02-17 14:07:51.502 [info] Getting sessions for read:user,repo,user:email...
2025-02-17 14:07:51.502 [info] Got 0 sessions for read:user,repo,user:email...
2025-02-17 14:09:46.233 [info] Reading sessions from keychain...
2025-02-17 14:09:46.233 [info] Getting sessions for all scopes...
2025-02-17 14:09:46.233 [info] Getting sessions for all scopes...
2025-02-17 14:09:46.233 [info] Getting sessions for all scopes...
2025-02-17 14:09:46.233 [info] Getting sessions for all scopes...
2025-02-17 14:09:46.233 [info] Getting sessions for all scopes...
2025-02-17 14:09:46.233 [info] Getting sessions for all scopes...
2025-02-17 14:09:46.233 [info] Getting sessions for all scopes...
2025-02-17 14:09:46.233 [info] Got stored sessions!
2025-02-17 14:09:46.233 [info] Got 2 verified sessions.
2025-02-17 14:09:46.233 [info] Got 2 sessions for ...
2025-02-17 14:09:46.233 [info] Got 2 sessions for ...
2025-02-17 14:09:46.233 [info] Got 2 sessions for ...
2025-02-17 14:09:46.233 [info] Got 2 sessions for ...
2025-02-17 14:09:46.233 [info] Got 2 sessions for ...
2025-02-17 14:09:46.233 [info] Got 2 sessions for ...
2025-02-17 14:09:46.233 [info] Got 2 sessions for ...
2025-02-17 14:09:46.233 [info] Getting sessions for all scopes...
2025-02-17 14:09:46.233 [info] Got 2 sessions for ...
2025-02-17 14:09:47.534 [info] Getting sessions for user:email...
2025-02-17 14:09:47.534 [info] Got 1 sessions for user:email...
2025-02-17 14:09:51.754 [info] Getting sessions for all scopes...
2025-02-17 14:09:51.754 [info] Got 2 sessions for ...
2025-02-17 14:09:52.724 [info] Getting sessions for read:user,repo,user:email,workflow...
2025-02-17 14:09:52.724 [info] Got 1 sessions for read:user,repo,user:email,workflow...
2025-02-17 14:09:53.035 [info] Getting sessions for read:user,repo,user:email...
2025-02-17 14:09:53.035 [info] Got 0 sessions for read:user,repo,user:email...
2025-02-17 14:09:53.035 [info] Getting sessions for read:user,repo,user:email,workflow...
2025-02-17 14:09:53.035 [info] Got 1 sessions for read:user,repo,user:email,workflow...
2025-02-17 14:09:53.036 [info] Getting sessions for all scopes...
2025-02-17 14:09:53.036 [info] Got 2 sessions for ...
2025-02-17 14:09:53.036 [info] Getting sessions for all scopes...
2025-02-17 14:09:53.036 [info] Got 2 sessions for ...
2025-02-17 14:09:53.037 [info] Getting sessions for project,read:org,read:user,repo,user:email,workflow...
2025-02-17 14:09:53.037 [info] Got 0 sessions for project,read:org,read:user,repo,user:email,workflow...
2025-02-17 14:09:53.209 [info] Getting sessions for read:user,repo,user:email,workflow...
2025-02-17 14:09:53.209 [info] Got 1 sessions for read:user,repo,user:email,workflow...
2025-02-17 14:09:53.263 [info] Getting sessions for read:user,repo,user:email,workflow...
2025-02-17 14:09:53.263 [info] Got 1 sessions for read:user,repo,user:email,workflow...
2025-02-17 14:09:53.652 [info] Getting sessions for all scopes...
2025-02-17 14:09:53.652 [info] Got 2 sessions for ...
2025-02-17 14:09:56.184 [info] Getting sessions for read:user,repo,user:email,workflow...
2025-02-17 14:09:56.184 [info] Got 1 sessions for read:user,repo,user:email,workflow...
2025-02-17 14:09:56.215 [info] Getting sessions for read:user,repo,user:email...
2025-02-17 14:09:56.215 [info] Got 0 sessions for read:user,repo,user:email...
2025-02-17 14:09:56.252 [info] Getting sessions for read:user,repo,user:email,workflow...
2025-02-17 14:09:56.252 [info] Got 1 sessions for read:user,repo,user:email,workflow...
2025-02-17 14:09:56.356 [info] Getting sessions for all scopes...
2025-02-17 14:09:56.356 [info] Got 2 sessions for ...
2025-02-17 14:09:56.407 [info] Getting sessions for all scopes...
2025-02-17 14:09:56.407 [info] Got 2 sessions for ...
2025-02-17 14:09:56.408 [info] Getting sessions for read:user,repo,user:email,workflow...
2025-02-17 14:09:56.408 [info] Got 1 sessions for read:user,repo,user:email,workflow...
2025-02-17 14:09:57.463 [info] Getting sessions for all scopes...
2025-02-17 14:09:57.463 [info] Got 2 sessions for ...
2025-02-17 14:09:57.463 [info] Getting sessions for all scopes...
2025-02-17 14:09:57.463 [info] Got 2 sessions for ...
2025-02-17 14:09:57.482 [info] Getting sessions for read:user,repo,user:email,workflow...
2025-02-17 14:09:57.482 [info] Got 1 sessions for read:user,repo,user:email,workflow...
2025-02-17 14:09:57.487 [info] Getting sessions for all scopes...
2025-02-17 14:09:57.487 [info] Got 2 sessions for ...
2025-02-17 14:09:57.498 [info] Getting sessions for read:user,repo,user:email,workflow...
2025-02-17 14:09:57.498 [info] Got 1 sessions for read:user,repo,user:email,workflow...
2025-02-17 14:09:57.921 [info] Getting sessions for all scopes...
2025-02-17 14:09:57.921 [info] Got 2 sessions for ...
2025-02-17 14:09:58.530 [info] Getting sessions for read:user,repo,user:email,workflow...
2025-02-17 14:09:58.530 [info] Got 1 sessions for read:user,repo,user:email,workflow...
