2025-02-17 16:07:31.678 [info] [main] Log level: Info
2025-02-17 16:07:31.678 [info] [main] Validating found git in: "git"
2025-02-17 16:07:31.678 [info] [main] Using git "2.48.1" from "git"
2025-02-17 16:07:31.678 [info] [Model][doInitialScan] Initial repository scan started
2025-02-17 16:07:31.678 [info] > git rev-parse --show-toplevel [15ms]
2025-02-17 16:07:31.678 [info] > git rev-parse --git-dir --git-common-dir [315ms]
2025-02-17 16:07:31.678 [info] [Model][openRepository] Opened repository: /home/juanluis/git-repositories/TFM-BigData
2025-02-17 16:07:31.799 [info] > git rev-parse --show-toplevel [51ms]
2025-02-17 16:07:31.801 [info] > git config --get commit.template [80ms]
2025-02-17 16:07:31.975 [info] > git rev-parse --show-toplevel [82ms]
2025-02-17 16:07:32.058 [info] > git for-each-ref --format=%(refname)%00%(upstream:short)%00%(objectname)%00%(upstream:track)%00%(upstream:remotename)%00%(upstream:remoteref) refs/heads/main refs/remotes/main [87ms]
2025-02-17 16:07:32.287 [info] > git rev-parse --show-toplevel [283ms]
2025-02-17 16:07:32.370 [info] > git rev-parse --show-toplevel [48ms]
2025-02-17 16:07:35.027 [info] > git check-ignore -v -z --stdin [2631ms]
2025-02-17 16:07:35.027 [info] > git status -z -uall [2592ms]
2025-02-17 16:07:35.029 [info] > git rev-parse --show-toplevel [2538ms]
2025-02-17 16:07:35.029 [info] > git for-each-ref --sort -committerdate --format %(refname) %(objectname) %(*objectname) [2564ms]
2025-02-17 16:07:35.177 [info] > git for-each-ref --format=%(refname)%00%(upstream:short)%00%(objectname)%00%(upstream:track)%00%(upstream:remotename)%00%(upstream:remoteref) refs/heads/main refs/remotes/main [125ms]
2025-02-17 16:07:35.267 [info] > git config --get --local branch.main.vscode-merge-base [75ms]
2025-02-17 16:07:35.282 [info] > git config --get commit.template [113ms]
2025-02-17 16:07:35.283 [info] > git rev-parse --show-toplevel [130ms]
2025-02-17 16:07:35.320 [info] > git for-each-ref --format=%(refname)%00%(upstream:short)%00%(objectname)%00%(upstream:track)%00%(upstream:remotename)%00%(upstream:remoteref) refs/heads/origin/main refs/remotes/origin/main [38ms]
2025-02-17 16:07:35.376 [info] > git merge-base refs/heads/main refs/remotes/origin/main [38ms]
2025-02-17 16:07:35.396 [info] > git rev-parse --show-toplevel [76ms]
2025-02-17 16:07:35.399 [info] [Model][doInitialScan] Initial repository scan completed - repositories (1), closed repositories (0), parent repositories (0), unsafe repositories (0)
2025-02-17 16:07:35.559 [info] > git show --textconv :apuntes/ApuntesLennard.tex [140ms]
2025-02-17 16:07:35.563 [info] > git ls-files --stage -- /home/juanluis/git-repositories/TFM-BigData/apuntes/ApuntesLennard.tex [126ms]
2025-02-17 16:07:35.581 [info] > git diff --name-status -z --diff-filter=ADMR f64f186ded4ca09de895c37b4c4333178331c33a...refs/remotes/origin/main [186ms]
2025-02-17 16:07:35.582 [info] > git for-each-ref --format=%(refname)%00%(upstream:short)%00%(objectname)%00%(upstream:track)%00%(upstream:remotename)%00%(upstream:remoteref) refs/heads/main refs/remotes/main [219ms]
2025-02-17 16:07:35.707 [info] > git cat-file -s 900b4f9b350349e3201f367a410939fbbd36d337 [126ms]
2025-02-17 16:07:35.738 [info] > git rev-parse --show-toplevel [68ms]
2025-02-17 16:07:36.015 [info] > git status -z -uall [233ms]
2025-02-17 16:07:36.016 [info] > git for-each-ref --sort -committerdate --format %(refname) %(objectname) %(*objectname) [214ms]
2025-02-17 16:07:36.073 [info] > git config --get commit.template [20ms]
2025-02-17 16:07:36.161 [info] > git blame --root --incremental f64f186ded4ca09de895c37b4c4333178331c33a -- /home/juanluis/git-repositories/TFM-BigData/apuntes/ApuntesLennard.tex [61ms]
2025-02-17 16:07:36.179 [info] > git for-each-ref --format=%(refname)%00%(upstream:short)%00%(objectname)%00%(upstream:track)%00%(upstream:remotename)%00%(upstream:remoteref) refs/heads/main refs/remotes/main [20ms]
2025-02-17 16:07:36.332 [info] > git status -z -uall [65ms]
2025-02-17 16:07:36.333 [info] > git for-each-ref --sort -committerdate --format %(refname) %(objectname) %(*objectname) [43ms]
2025-02-17 16:07:36.731 [info] > git ls-files --stage -- /home/juanluis/git-repositories/TFM-BigData/apuntes/ApuntesLennard.tex [412ms]
2025-02-17 16:07:36.774 [info] > git cat-file -s 900b4f9b350349e3201f367a410939fbbd36d337 [27ms]
2025-02-17 16:07:37.022 [info] > git show --textconv :apuntes/ApuntesLennard.tex [29ms]
2025-02-17 16:07:37.024 [info] > git config --get --local branch.main.github-pr-owner-number [207ms]
2025-02-17 16:07:37.024 [warning] [Git][config] git config failed: Failed to execute git
2025-02-17 16:07:37.088 [info] > git rev-parse --show-toplevel [70ms]
2025-02-17 16:07:37.257 [info] > git config --get commit.template [69ms]
2025-02-17 16:07:37.320 [info] > git for-each-ref --format=%(refname)%00%(upstream:short)%00%(objectname)%00%(upstream:track)%00%(upstream:remotename)%00%(upstream:remoteref) refs/heads/main refs/remotes/main [32ms]
2025-02-17 16:07:37.367 [info] > git status -z -uall [24ms]
2025-02-17 16:07:37.369 [info] > git for-each-ref --sort -committerdate --format %(refname) %(objectname) %(*objectname) [4ms]
2025-02-17 16:07:38.362 [info] > git rev-parse --show-toplevel [3ms]
2025-02-17 16:07:54.279 [info] [main] Log level: Info
2025-02-17 16:07:54.279 [info] [main] Validating found git in: "git"
2025-02-17 16:07:54.279 [info] [main] Using git "2.48.1" from "git"
2025-02-17 16:07:54.279 [info] [Model][doInitialScan] Initial repository scan started
2025-02-17 16:07:54.279 [info] > git rev-parse --show-toplevel [13ms]
2025-02-17 16:07:54.289 [info] > git rev-parse --show-toplevel [3ms]
2025-02-17 16:07:54.305 [info] > git rev-parse --show-toplevel [4ms]
2025-02-17 16:07:57.544 [info] > git rev-parse --show-toplevel [3232ms]
2025-02-17 16:07:58.644 [info] [Model][doInitialScan] Initial repository scan completed - repositories (0), closed repositories (0), parent repositories (1), unsafe repositories (0)
2025-02-17 16:07:59.065 [info] > git rev-parse --show-toplevel [142ms]
2025-02-17 16:07:59.166 [info] > git rev-parse --show-toplevel [10ms]
2025-02-17 16:08:01.378 [info] > git rev-parse --show-toplevel [81ms]
2025-02-17 16:08:01.841 [info] > git rev-parse --show-toplevel [210ms]
2025-02-17 16:08:02.919 [info] > git rev-parse --show-toplevel [6ms]
2025-02-17 16:08:28.515 [info] [main] Log level: Info
2025-02-17 16:08:28.515 [info] [main] Validating found git in: "git"
2025-02-17 16:08:28.515 [info] [main] Using git "2.48.1" from "git"
2025-02-17 16:08:28.515 [info] [Model][doInitialScan] Initial repository scan started
2025-02-17 16:08:28.515 [info] > git rev-parse --show-toplevel [16ms]
2025-02-17 16:08:28.520 [info] > git rev-parse --git-dir --git-common-dir [6ms]
2025-02-17 16:08:28.554 [info] [Model][openRepository] Opened repository: /home/juanluis/git-repositories/master_bigdata
2025-02-17 16:08:28.633 [info] > git config --get commit.template [57ms]
2025-02-17 16:08:35.550 [info] > git check-ignore -v -z --stdin [246ms]
2025-02-17 16:08:35.554 [info] > git for-each-ref --format=%(refname)%00%(upstream:short)%00%(objectname)%00%(upstream:track)%00%(upstream:remotename)%00%(upstream:remoteref) refs/heads/main refs/remotes/main [342ms]
2025-02-17 16:08:35.618 [info] > git rev-parse --show-toplevel [77ms]
2025-02-17 16:08:35.647 [info] > git rev-parse --show-toplevel [4ms]
2025-02-17 16:08:35.746 [info] > git status -z -uall [54ms]
2025-02-17 16:08:35.775 [info] > git for-each-ref --sort -committerdate --format %(refname) %(objectname) %(*objectname) [60ms]
2025-02-17 16:08:35.925 [info] > git for-each-ref --format=%(refname)%00%(upstream:short)%00%(objectname)%00%(upstream:track)%00%(upstream:remotename)%00%(upstream:remoteref) refs/heads/main refs/remotes/main [119ms]
2025-02-17 16:08:35.945 [info] > git rev-parse --show-toplevel [209ms]
2025-02-17 16:08:35.985 [info] > git config --get --local branch.main.vscode-merge-base [41ms]
2025-02-17 16:08:36.004 [info] > git config --get commit.template [98ms]
2025-02-17 16:08:36.088 [info] > git for-each-ref --format=%(refname)%00%(upstream:short)%00%(objectname)%00%(upstream:track)%00%(upstream:remotename)%00%(upstream:remoteref) refs/heads/origin/main refs/remotes/origin/main [85ms]
2025-02-17 16:08:36.106 [info] > git rev-parse --show-toplevel [126ms]
2025-02-17 16:08:38.162 [info] > git merge-base refs/heads/main refs/remotes/origin/main [2057ms]
2025-02-17 16:08:38.279 [info] > git diff --name-status -z --diff-filter=ADMR 60eaa35b76e03ae550f9e4e0db49f4729f9da50d...refs/remotes/origin/main [102ms]
2025-02-17 16:08:38.280 [info] > git rev-parse --show-toplevel [179ms]
2025-02-17 16:08:38.280 [info] > git for-each-ref --format=%(refname)%00%(upstream:short)%00%(objectname)%00%(upstream:track)%00%(upstream:remotename)%00%(upstream:remoteref) refs/heads/main refs/remotes/main [2128ms]
2025-02-17 16:08:38.406 [info] > git rev-parse --show-toplevel [67ms]
2025-02-17 16:08:38.567 [info] > git rev-parse --show-toplevel [120ms]
2025-02-17 16:08:38.616 [info] > git status -z -uall [91ms]
2025-02-17 16:08:38.617 [info] > git for-each-ref --sort -committerdate --format %(refname) %(objectname) %(*objectname) [73ms]
2025-02-17 16:08:38.630 [info] > git rev-parse --show-toplevel [19ms]
2025-02-17 16:08:38.675 [info] > git rev-parse --show-toplevel [4ms]
2025-02-17 16:08:38.679 [info] [Model][doInitialScan] Initial repository scan completed - repositories (1), closed repositories (0), parent repositories (0), unsafe repositories (0)
2025-02-17 16:08:38.837 [info] > git config --get commit.template [62ms]
2025-02-17 16:08:38.838 [info] > git rev-parse --show-toplevel [93ms]
2025-02-17 16:08:38.888 [info] > git rev-parse --show-toplevel [23ms]
2025-02-17 16:08:38.901 [info] > git for-each-ref --format=%(refname)%00%(upstream:short)%00%(objectname)%00%(upstream:track)%00%(upstream:remotename)%00%(upstream:remoteref) refs/heads/main refs/remotes/main [16ms]
2025-02-17 16:08:39.139 [info] > git status -z -uall [50ms]
2025-02-17 16:08:39.140 [info] > git for-each-ref --sort -committerdate --format %(refname) %(objectname) %(*objectname) [29ms]
2025-02-17 16:08:39.643 [info] > git config --get commit.template [183ms]
2025-02-17 16:08:39.684 [info] > git config --get --local branch.main.github-pr-owner-number [183ms]
2025-02-17 16:08:39.684 [warning] [Git][config] git config failed: Failed to execute git
2025-02-17 16:08:39.750 [info] > git rev-parse --show-toplevel [83ms]
2025-02-17 16:08:39.782 [info] > git for-each-ref --format=%(refname)%00%(upstream:short)%00%(objectname)%00%(upstream:track)%00%(upstream:remotename)%00%(upstream:remoteref) refs/heads/main refs/remotes/main [35ms]
2025-02-17 16:08:39.825 [info] > git rev-parse --show-toplevel [43ms]
2025-02-17 16:08:39.895 [info] > git status -z -uall [28ms]
2025-02-17 16:08:39.897 [info] > git for-each-ref --sort -committerdate --format %(refname) %(objectname) %(*objectname) [9ms]
2025-02-17 16:08:40.622 [info] > git rev-parse --show-toplevel [29ms]
2025-02-17 16:08:40.666 [info] > git rev-parse --show-toplevel [18ms]
2025-02-17 16:08:40.666 [info] > git diff --name-status -z --diff-filter=ADMR 60eaa35b76e03ae550f9e4e0db49f4729f9da50d [45ms]
2025-02-17 16:08:41.115 [info] > git check-ignore -v -z --stdin [1ms]
2025-02-17 16:08:45.477 [info] > git check-ignore -v -z --stdin [2ms]
2025-02-17 16:08:48.018 [info] > git show --textconv :IOT/apuntes.tex [43ms]
2025-02-17 16:08:48.019 [info] > git ls-files --stage -- /home/juanluis/git-repositories/master_bigdata/IOT/apuntes.tex [22ms]
2025-02-17 16:08:48.152 [info] > git cat-file -s 1e21896367964e0b568081c6eb823d27032102de [111ms]
2025-02-17 16:08:48.219 [info] > git blame --root --incremental 60eaa35b76e03ae550f9e4e0db49f4729f9da50d -- /home/juanluis/git-repositories/master_bigdata/IOT/apuntes.tex [8ms]
2025-02-17 16:08:50.424 [info] > git check-ignore -v -z --stdin [2ms]
2025-02-17 16:08:53.206 [info] > git config --get commit.template [7ms]
2025-02-17 16:08:53.228 [info] > git for-each-ref --format=%(refname)%00%(upstream:short)%00%(objectname)%00%(upstream:track)%00%(upstream:remotename)%00%(upstream:remoteref) refs/heads/main refs/remotes/main [2ms]
2025-02-17 16:08:53.267 [info] > git status -z -uall [19ms]
2025-02-17 16:08:53.269 [info] > git for-each-ref --sort -committerdate --format %(refname) %(objectname) %(*objectname) [3ms]
2025-02-17 16:08:53.787 [info] > git rev-parse --show-toplevel [1ms]
2025-02-17 16:08:53.810 [info] > git rev-parse --show-toplevel [5ms]
2025-02-17 16:09:51.393 [info] > git config --get commit.template [21ms]
2025-02-17 16:09:51.394 [info] > git for-each-ref --format=%(refname)%00%(upstream:short)%00%(objectname)%00%(upstream:track)%00%(upstream:remotename)%00%(upstream:remoteref) refs/heads/main refs/remotes/main [2ms]
2025-02-17 16:09:51.435 [info] > git status -z -uall [21ms]
2025-02-17 16:09:51.436 [info] > git for-each-ref --sort -committerdate --format %(refname) %(objectname) %(*objectname) [2ms]
2025-02-17 16:09:51.958 [info] > git rev-parse --show-toplevel [2ms]
2025-02-17 16:09:51.977 [info] > git rev-parse --show-toplevel [2ms]
2025-02-17 16:09:56.695 [info] > git config --get commit.template [18ms]
2025-02-17 16:09:56.696 [info] > git for-each-ref --format=%(refname)%00%(upstream:short)%00%(objectname)%00%(upstream:track)%00%(upstream:remotename)%00%(upstream:remoteref) refs/heads/main refs/remotes/main [3ms]
2025-02-17 16:09:56.732 [info] > git status -z -uall [18ms]
2025-02-17 16:09:56.733 [info] > git for-each-ref --sort -committerdate --format %(refname) %(objectname) %(*objectname) [2ms]
2025-02-17 16:09:56.780 [info] > git ls-files --stage -- /home/juanluis/git-repositories/master_bigdata/IOT/apuntes.tex [2ms]
2025-02-17 16:09:56.797 [info] > git cat-file -s 1e21896367964e0b568081c6eb823d27032102de [2ms]
2025-02-17 16:09:56.816 [info] > git show --textconv :IOT/apuntes.tex [2ms]
2025-02-17 16:09:57.253 [info] > git rev-parse --show-toplevel [1ms]
2025-02-17 16:09:57.272 [info] > git rev-parse --show-toplevel [2ms]
2025-02-17 16:10:00.238 [info] > git ls-files --stage -- /home/juanluis/git-repositories/master_bigdata/IOT/apuntes.tex [2ms]
2025-02-17 16:10:00.259 [info] > git cat-file -s 1e21896367964e0b568081c6eb823d27032102de [2ms]
2025-02-17 16:10:00.278 [info] > git show --textconv :IOT/apuntes.tex [2ms]
2025-02-17 16:10:02.842 [info] > git config --get commit.template [26ms]
2025-02-17 16:10:02.843 [info] > git for-each-ref --format=%(refname)%00%(upstream:short)%00%(objectname)%00%(upstream:track)%00%(upstream:remotename)%00%(upstream:remoteref) refs/heads/main refs/remotes/main [2ms]
2025-02-17 16:10:02.882 [info] > git status -z -uall [18ms]
2025-02-17 16:10:02.884 [info] > git for-each-ref --sort -committerdate --format %(refname) %(objectname) %(*objectname) [2ms]
2025-02-17 16:10:03.405 [info] > git rev-parse --show-toplevel [1ms]
2025-02-17 16:10:03.423 [info] > git rev-parse --show-toplevel [1ms]
2025-02-17 16:10:37.873 [info] > git check-ignore -v -z --stdin [2ms]
2025-02-17 16:10:40.628 [info] > git diff --name-status -z --diff-filter=ADMR 60eaa35b76e03ae550f9e4e0db49f4729f9da50d [7ms]
2025-02-17 16:10:41.733 [info] > git config --get commit.template [15ms]
2025-02-17 16:10:41.733 [info] > git for-each-ref --format=%(refname)%00%(upstream:short)%00%(objectname)%00%(upstream:track)%00%(upstream:remotename)%00%(upstream:remoteref) refs/heads/main refs/remotes/main [1ms]
2025-02-17 16:10:41.766 [info] > git status -z -uall [16ms]
2025-02-17 16:10:41.767 [info] > git for-each-ref --sort -committerdate --format %(refname) %(objectname) %(*objectname) [2ms]
2025-02-17 16:10:41.820 [info] > git ls-files --stage -- /home/juanluis/git-repositories/master_bigdata/IOT/apuntes.tex [1ms]
2025-02-17 16:10:41.837 [info] > git cat-file -s 1e21896367964e0b568081c6eb823d27032102de [2ms]
2025-02-17 16:10:41.856 [info] > git show --textconv :IOT/apuntes.tex [2ms]
2025-02-17 16:10:42.284 [info] > git rev-parse --show-toplevel [2ms]
2025-02-17 16:10:42.300 [info] > git rev-parse --show-toplevel [1ms]
2025-02-17 16:12:03.449 [info] > git config --get commit.template [16ms]
2025-02-17 16:12:03.450 [info] > git for-each-ref --format=%(refname)%00%(upstream:short)%00%(objectname)%00%(upstream:track)%00%(upstream:remotename)%00%(upstream:remoteref) refs/heads/main refs/remotes/main [1ms]
2025-02-17 16:12:03.482 [info] > git status -z -uall [16ms]
2025-02-17 16:12:03.483 [info] > git for-each-ref --sort -committerdate --format %(refname) %(objectname) %(*objectname) [2ms]
2025-02-17 16:12:04.003 [info] > git rev-parse --show-toplevel [2ms]
2025-02-17 16:12:04.020 [info] > git rev-parse --show-toplevel [2ms]
2025-02-17 16:12:40.625 [info] > git diff --name-status -z --diff-filter=ADMR 60eaa35b76e03ae550f9e4e0db49f4729f9da50d [5ms]
2025-02-17 16:13:07.244 [info] > git config --get commit.template [16ms]
2025-02-17 16:13:07.245 [info] > git for-each-ref --format=%(refname)%00%(upstream:short)%00%(objectname)%00%(upstream:track)%00%(upstream:remotename)%00%(upstream:remoteref) refs/heads/main refs/remotes/main [2ms]
2025-02-17 16:13:07.279 [info] > git status -z -uall [18ms]
2025-02-17 16:13:07.281 [info] > git for-each-ref --sort -committerdate --format %(refname) %(objectname) %(*objectname) [1ms]
2025-02-17 16:13:07.802 [info] > git rev-parse --show-toplevel [2ms]
2025-02-17 16:13:07.821 [info] > git rev-parse --show-toplevel [2ms]
2025-02-17 16:14:40.626 [info] > git diff --name-status -z --diff-filter=ADMR 60eaa35b76e03ae550f9e4e0db49f4729f9da50d [4ms]
2025-02-17 16:15:01.260 [info] > git config --get commit.template [20ms]
2025-02-17 16:15:01.261 [info] > git for-each-ref --format=%(refname)%00%(upstream:short)%00%(objectname)%00%(upstream:track)%00%(upstream:remotename)%00%(upstream:remoteref) refs/heads/main refs/remotes/main [2ms]
2025-02-17 16:15:01.300 [info] > git status -z -uall [21ms]
2025-02-17 16:15:01.302 [info] > git for-each-ref --sort -committerdate --format %(refname) %(objectname) %(*objectname) [4ms]
2025-02-17 16:15:01.822 [info] > git rev-parse --show-toplevel [1ms]
2025-02-17 16:15:01.841 [info] > git rev-parse --show-toplevel [2ms]
2025-02-17 16:15:09.355 [info] > git config --get commit.template [3ms]
2025-02-17 16:15:09.381 [info] > git for-each-ref --format=%(refname)%00%(upstream:short)%00%(objectname)%00%(upstream:track)%00%(upstream:remotename)%00%(upstream:remoteref) refs/heads/main refs/remotes/main [4ms]
2025-02-17 16:15:09.426 [info] > git status -z -uall [23ms]
2025-02-17 16:15:09.429 [info] > git for-each-ref --sort -committerdate --format %(refname) %(objectname) %(*objectname) [5ms]
2025-02-17 16:15:09.954 [info] > git rev-parse --show-toplevel [4ms]
2025-02-17 16:15:09.988 [info] > git rev-parse --show-toplevel [14ms]
2025-02-17 16:15:23.750 [info] > git config --get commit.template [17ms]
2025-02-17 16:15:23.751 [info] > git for-each-ref --format=%(refname)%00%(upstream:short)%00%(objectname)%00%(upstream:track)%00%(upstream:remotename)%00%(upstream:remoteref) refs/heads/main refs/remotes/main [2ms]
2025-02-17 16:15:23.785 [info] > git status -z -uall [17ms]
2025-02-17 16:15:23.786 [info] > git for-each-ref --sort -committerdate --format %(refname) %(objectname) %(*objectname) [2ms]
2025-02-17 16:15:24.306 [info] > git rev-parse --show-toplevel [1ms]
2025-02-17 16:15:24.326 [info] > git rev-parse --show-toplevel [1ms]
2025-02-17 16:16:40.626 [info] > git diff --name-status -z --diff-filter=ADMR 60eaa35b76e03ae550f9e4e0db49f4729f9da50d [4ms]
2025-02-17 16:16:44.103 [info] > git config --get commit.template [19ms]
2025-02-17 16:16:44.103 [info] > git for-each-ref --format=%(refname)%00%(upstream:short)%00%(objectname)%00%(upstream:track)%00%(upstream:remotename)%00%(upstream:remoteref) refs/heads/main refs/remotes/main [1ms]
2025-02-17 16:16:44.138 [info] > git status -z -uall [17ms]
2025-02-17 16:16:44.139 [info] > git for-each-ref --sort -committerdate --format %(refname) %(objectname) %(*objectname) [1ms]
2025-02-17 16:16:44.659 [info] > git rev-parse --show-toplevel [1ms]
2025-02-17 16:16:44.678 [info] > git rev-parse --show-toplevel [2ms]
2025-02-17 16:18:40.627 [info] > git diff --name-status -z --diff-filter=ADMR 60eaa35b76e03ae550f9e4e0db49f4729f9da50d [5ms]
2025-02-17 16:19:16.822 [info] > git config --get commit.template [18ms]
2025-02-17 16:19:16.823 [info] > git for-each-ref --format=%(refname)%00%(upstream:short)%00%(objectname)%00%(upstream:track)%00%(upstream:remotename)%00%(upstream:remoteref) refs/heads/main refs/remotes/main [2ms]
2025-02-17 16:19:16.859 [info] > git status -z -uall [18ms]
2025-02-17 16:19:16.860 [info] > git for-each-ref --sort -committerdate --format %(refname) %(objectname) %(*objectname) [2ms]
2025-02-17 16:19:17.379 [info] > git rev-parse --show-toplevel [2ms]
2025-02-17 16:19:17.398 [info] > git rev-parse --show-toplevel [1ms]
2025-02-17 16:20:40.626 [info] > git diff --name-status -z --diff-filter=ADMR 60eaa35b76e03ae550f9e4e0db49f4729f9da50d [4ms]
2025-02-17 16:22:40.625 [info] > git diff --name-status -z --diff-filter=ADMR 60eaa35b76e03ae550f9e4e0db49f4729f9da50d [4ms]
2025-02-17 16:24:40.625 [info] > git diff --name-status -z --diff-filter=ADMR 60eaa35b76e03ae550f9e4e0db49f4729f9da50d [3ms]
2025-02-17 16:26:40.627 [info] > git diff --name-status -z --diff-filter=ADMR 60eaa35b76e03ae550f9e4e0db49f4729f9da50d [4ms]
2025-02-17 16:28:40.627 [info] > git diff --name-status -z --diff-filter=ADMR 60eaa35b76e03ae550f9e4e0db49f4729f9da50d [4ms]
2025-02-17 16:30:40.631 [info] > git diff --name-status -z --diff-filter=ADMR 60eaa35b76e03ae550f9e4e0db49f4729f9da50d [4ms]
2025-02-17 16:32:40.630 [info] > git diff --name-status -z --diff-filter=ADMR 60eaa35b76e03ae550f9e4e0db49f4729f9da50d [4ms]
2025-02-17 16:34:40.629 [info] > git diff --name-status -z --diff-filter=ADMR 60eaa35b76e03ae550f9e4e0db49f4729f9da50d [4ms]
2025-02-17 16:36:40.632 [info] > git diff --name-status -z --diff-filter=ADMR 60eaa35b76e03ae550f9e4e0db49f4729f9da50d [4ms]
2025-02-17 16:38:40.631 [info] > git diff --name-status -z --diff-filter=ADMR 60eaa35b76e03ae550f9e4e0db49f4729f9da50d [4ms]
2025-02-17 16:40:40.637 [info] > git diff --name-status -z --diff-filter=ADMR 60eaa35b76e03ae550f9e4e0db49f4729f9da50d [4ms]
2025-02-17 16:42:40.637 [info] > git diff --name-status -z --diff-filter=ADMR 60eaa35b76e03ae550f9e4e0db49f4729f9da50d [4ms]
2025-02-17 16:44:40.639 [info] > git diff --name-status -z --diff-filter=ADMR 60eaa35b76e03ae550f9e4e0db49f4729f9da50d [5ms]
2025-02-17 16:46:40.702 [info] > git diff --name-status -z --diff-filter=ADMR 60eaa35b76e03ae550f9e4e0db49f4729f9da50d [14ms]
2025-02-17 16:48:40.678 [info] > git diff --name-status -z --diff-filter=ADMR 60eaa35b76e03ae550f9e4e0db49f4729f9da50d [13ms]
2025-02-17 16:50:40.680 [info] > git diff --name-status -z --diff-filter=ADMR 60eaa35b76e03ae550f9e4e0db49f4729f9da50d [13ms]
2025-02-17 16:52:40.681 [info] > git diff --name-status -z --diff-filter=ADMR 60eaa35b76e03ae550f9e4e0db49f4729f9da50d [20ms]
