2025-02-15 17:03:04.505 [info] [main] Log level: Info
2025-02-15 17:03:04.505 [info] [main] Validating found git in: "git"
2025-02-15 17:03:04.505 [info] [main] Using git "2.48.1" from "git"
2025-02-15 17:03:04.505 [info] [Model][doInitialScan] Initial repository scan started
2025-02-15 17:03:04.505 [info] > git rev-parse --show-toplevel [645ms]
2025-02-15 17:03:04.505 [info] > git rev-parse --git-dir --git-common-dir [304ms]
2025-02-15 17:03:04.505 [info] [Model][openRepository] Opened repository: /home/juanluis/git-repositories/TFM-BigData
2025-02-15 17:03:04.505 [info] > git rev-parse --show-toplevel [81ms]
2025-02-15 17:03:04.505 [info] > git config --get commit.template [98ms]
2025-02-15 17:03:04.508 [info] > git rev-parse --show-toplevel [45ms]
2025-02-15 17:03:04.534 [info] > git for-each-ref --format=%(refname)%00%(upstream:short)%00%(objectname)%00%(upstream:track)%00%(upstream:remotename)%00%(upstream:remoteref) refs/heads/main refs/remotes/main [31ms]
2025-02-15 17:03:04.599 [info] > git rev-parse --show-toplevel [66ms]
2025-02-15 17:03:04.701 [info] > git rev-parse --show-toplevel [71ms]
2025-02-15 17:03:06.813 [info] > git status -z -uall [189ms]
2025-02-15 17:03:06.813 [info] > git check-ignore -v -z --stdin [115ms]
2025-02-15 17:03:06.815 [info] > git rev-parse --show-toplevel [155ms]
2025-02-15 17:03:06.816 [info] > git for-each-ref --sort -committerdate --format %(refname) %(objectname) %(*objectname) [175ms]
2025-02-15 17:03:06.938 [info] > git for-each-ref --format=%(refname)%00%(upstream:short)%00%(objectname)%00%(upstream:track)%00%(upstream:remotename)%00%(upstream:remoteref) refs/heads/main refs/remotes/main [101ms]
2025-02-15 17:03:07.025 [info] > git config --get --local branch.main.vscode-merge-base [73ms]
2025-02-15 17:03:07.039 [info] > git config --get commit.template [110ms]
2025-02-15 17:03:07.040 [info] > git rev-parse --show-toplevel [126ms]
2025-02-15 17:03:07.042 [info] [Model][doInitialScan] Initial repository scan completed - repositories (1), closed repositories (0), parent repositories (0), unsafe repositories (0)
2025-02-15 17:03:07.128 [info] > git show --textconv :apuntes/ApuntesLennard.tex [71ms]
2025-02-15 17:03:07.129 [info] > git ls-files --stage -- /home/juanluis/git-repositories/TFM-BigData/apuntes/ApuntesLennard.tex [59ms]
2025-02-15 17:03:07.146 [info] > git for-each-ref --format=%(refname)%00%(upstream:short)%00%(objectname)%00%(upstream:track)%00%(upstream:remotename)%00%(upstream:remoteref) refs/heads/origin/main refs/remotes/origin/main [107ms]
2025-02-15 17:03:07.555 [info] > git merge-base refs/heads/main refs/remotes/origin/main [394ms]
2025-02-15 17:03:07.569 [info] > git cat-file -s 0bc1aa9ab0b6bac9980c943d2546d680ce495ca5 [424ms]
2025-02-15 17:03:07.570 [info] > git rev-parse --show-toplevel [450ms]
2025-02-15 17:03:07.680 [info] > git diff --name-status -z --diff-filter=ADMR 9a4c39faa2200423119d99d2ecb9f4062cdacee0...refs/remotes/origin/main [111ms]
2025-02-15 17:03:07.681 [info] > git config --get --local branch.main.github-pr-owner-number [133ms]
2025-02-15 17:03:07.681 [warning] [Git][config] git config failed: Failed to execute git
2025-02-15 17:03:07.682 [info] > git for-each-ref --format=%(refname)%00%(upstream:short)%00%(objectname)%00%(upstream:track)%00%(upstream:remotename)%00%(upstream:remoteref) refs/heads/main refs/remotes/main [434ms]
2025-02-15 17:03:07.730 [info] > git rev-parse --show-toplevel [62ms]
2025-02-15 17:03:07.911 [info] > git status -z -uall [19ms]
2025-02-15 17:03:07.929 [info] > git for-each-ref --sort -committerdate --format %(refname) %(objectname) %(*objectname) [22ms]
2025-02-15 17:03:07.991 [info] > git config --get commit.template [35ms]
2025-02-15 17:03:07.995 [info] > git blame --root --incremental 9a4c39faa2200423119d99d2ecb9f4062cdacee0 -- /home/juanluis/git-repositories/TFM-BigData/apuntes/ApuntesLennard.tex [11ms]
2025-02-15 17:03:08.046 [info] > git for-each-ref --format=%(refname)%00%(upstream:short)%00%(objectname)%00%(upstream:track)%00%(upstream:remotename)%00%(upstream:remoteref) refs/heads/main refs/remotes/main [25ms]
2025-02-15 17:03:08.390 [info] > git status -z -uall [321ms]
2025-02-15 17:03:08.396 [info] > git for-each-ref --sort -committerdate --format %(refname) %(objectname) %(*objectname) [312ms]
2025-02-15 17:03:08.918 [info] > git rev-parse --show-toplevel [2ms]
2025-02-15 17:14:56.733 [info] > git config --get commit.template [2ms]
2025-02-15 17:14:56.754 [info] > git for-each-ref --format=%(refname)%00%(upstream:short)%00%(objectname)%00%(upstream:track)%00%(upstream:remotename)%00%(upstream:remoteref) refs/heads/main refs/remotes/main [2ms]
2025-02-15 17:14:56.797 [info] > git status -z -uall [23ms]
2025-02-15 17:14:56.798 [info] > git for-each-ref --sort -committerdate --format %(refname) %(objectname) %(*objectname) [3ms]
2025-02-15 17:14:57.321 [info] > git rev-parse --show-toplevel [1ms]
2025-02-15 17:15:01.842 [info] > git config --get commit.template [18ms]
2025-02-15 17:15:01.843 [info] > git for-each-ref --format=%(refname)%00%(upstream:short)%00%(objectname)%00%(upstream:track)%00%(upstream:remotename)%00%(upstream:remoteref) refs/heads/main refs/remotes/main [2ms]
2025-02-15 17:15:01.881 [info] > git status -z -uall [19ms]
2025-02-15 17:15:01.883 [info] > git for-each-ref --sort -committerdate --format %(refname) %(objectname) %(*objectname) [2ms]
2025-02-15 17:15:02.400 [info] > git rev-parse --show-toplevel [1ms]
2025-02-15 17:15:26.870 [info] > git config --get commit.template [17ms]
2025-02-15 17:15:26.870 [info] > git for-each-ref --format=%(refname)%00%(upstream:short)%00%(objectname)%00%(upstream:track)%00%(upstream:remotename)%00%(upstream:remoteref) refs/heads/main refs/remotes/main [2ms]
2025-02-15 17:15:26.907 [info] > git status -z -uall [18ms]
2025-02-15 17:15:26.908 [info] > git for-each-ref --sort -committerdate --format %(refname) %(objectname) %(*objectname) [2ms]
2025-02-15 17:15:26.953 [info] > git ls-files --stage -- /home/juanluis/git-repositories/TFM-BigData/apuntes/ApuntesLennard.tex [2ms]
2025-02-15 17:15:26.972 [info] > git cat-file -s 0bc1aa9ab0b6bac9980c943d2546d680ce495ca5 [2ms]
2025-02-15 17:15:26.994 [info] > git show --textconv :apuntes/ApuntesLennard.tex [2ms]
2025-02-15 17:15:27.443 [info] > git rev-parse --show-toplevel [18ms]
2025-02-15 17:15:41.163 [info] > git config --get commit.template [19ms]
2025-02-15 17:15:41.164 [info] > git for-each-ref --format=%(refname)%00%(upstream:short)%00%(objectname)%00%(upstream:track)%00%(upstream:remotename)%00%(upstream:remoteref) refs/heads/main refs/remotes/main [2ms]
2025-02-15 17:15:41.204 [info] > git status -z -uall [21ms]
2025-02-15 17:15:41.206 [info] > git for-each-ref --sort -committerdate --format %(refname) %(objectname) %(*objectname) [3ms]
2025-02-15 17:15:41.245 [info] > git ls-files --stage -- /home/juanluis/git-repositories/TFM-BigData/apuntes/ApuntesLennard.tex [2ms]
2025-02-15 17:15:41.268 [info] > git cat-file -s 0bc1aa9ab0b6bac9980c943d2546d680ce495ca5 [2ms]
2025-02-15 17:15:41.290 [info] > git show --textconv :apuntes/ApuntesLennard.tex [2ms]
2025-02-15 17:15:41.773 [info] > git rev-parse --show-toplevel [26ms]
2025-02-15 17:15:44.452 [info] > git ls-files --stage -- /home/juanluis/git-repositories/TFM-BigData/apuntes/ApuntesLennard.tex [2ms]
2025-02-15 17:15:44.473 [info] > git cat-file -s 0bc1aa9ab0b6bac9980c943d2546d680ce495ca5 [2ms]
2025-02-15 17:15:44.496 [info] > git show --textconv :apuntes/ApuntesLennard.tex [2ms]
2025-02-15 17:15:46.247 [info] > git config --get commit.template [18ms]
2025-02-15 17:15:46.248 [info] > git for-each-ref --format=%(refname)%00%(upstream:short)%00%(objectname)%00%(upstream:track)%00%(upstream:remotename)%00%(upstream:remoteref) refs/heads/main refs/remotes/main [2ms]
2025-02-15 17:15:46.283 [info] > git status -z -uall [18ms]
2025-02-15 17:15:46.285 [info] > git for-each-ref --sort -committerdate --format %(refname) %(objectname) %(*objectname) [2ms]
2025-02-15 17:15:46.803 [info] > git rev-parse --show-toplevel [1ms]
2025-02-15 17:17:23.934 [info] > git config --get commit.template [20ms]
2025-02-15 17:17:23.935 [info] > git for-each-ref --format=%(refname)%00%(upstream:short)%00%(objectname)%00%(upstream:track)%00%(upstream:remotename)%00%(upstream:remoteref) refs/heads/main refs/remotes/main [2ms]
2025-02-15 17:17:23.978 [info] > git status -z -uall [22ms]
2025-02-15 17:17:23.980 [info] > git for-each-ref --sort -committerdate --format %(refname) %(objectname) %(*objectname) [2ms]
2025-02-15 17:17:24.503 [info] > git rev-parse --show-toplevel [1ms]
2025-02-15 17:17:33.485 [info] > git config --get commit.template [20ms]
2025-02-15 17:17:33.486 [info] > git for-each-ref --format=%(refname)%00%(upstream:short)%00%(objectname)%00%(upstream:track)%00%(upstream:remotename)%00%(upstream:remoteref) refs/heads/main refs/remotes/main [1ms]
2025-02-15 17:17:33.525 [info] > git status -z -uall [19ms]
2025-02-15 17:17:33.527 [info] > git for-each-ref --sort -committerdate --format %(refname) %(objectname) %(*objectname) [2ms]
2025-02-15 17:17:34.047 [info] > git rev-parse --show-toplevel [1ms]
2025-02-15 17:17:40.658 [info] > git config --get commit.template [18ms]
2025-02-15 17:17:40.659 [info] > git for-each-ref --format=%(refname)%00%(upstream:short)%00%(objectname)%00%(upstream:track)%00%(upstream:remotename)%00%(upstream:remoteref) refs/heads/main refs/remotes/main [1ms]
2025-02-15 17:17:40.694 [info] > git status -z -uall [18ms]
2025-02-15 17:17:40.695 [info] > git for-each-ref --sort -committerdate --format %(refname) %(objectname) %(*objectname) [2ms]
2025-02-15 17:17:41.216 [info] > git rev-parse --show-toplevel [2ms]
2025-02-15 17:18:10.937 [info] > git log --format=%H%n%aN%n%aE%n%at%n%ct%n%P%n%D%n%B -z -n32 -- /home/juanluis/git-repositories/TFM-BigData/apuntes/ApuntesLennard.tex [4ms]
2025-02-15 17:18:10.963 [info] > git diff --name-status -z --diff-filter=ADMR 97afdf6193f0b0eb7baae54994058a07d059350f...9a4c39faa2200423119d99d2ecb9f4062cdacee0 [2ms]
2025-02-15 17:18:10.996 [info] > git diff --name-status -z --diff-filter=ADMR a932a8b6b1236aaa63f74a23d601b1bac1f38e0e...129d61fd15da2f9aa862182b56cf6c7798ed8650 [2ms]
2025-02-15 17:18:11.021 [info] > git diff --name-status -z --diff-filter=ADMR 7449975045aa1f844e84753040d0abd8d2a2a17d...a932a8b6b1236aaa63f74a23d601b1bac1f38e0e [2ms]
2025-02-15 17:18:18.475 [info] > git log --format=%H%n%aN%n%aE%n%at%n%ct%n%P%n%D%n%B -z -n32 -- /home/juanluis/git-repositories/TFM-BigData/apuntes/ApuntesLennard.tex [3ms]
2025-02-15 17:18:18.681 [info] > git show --textconv :apuntes/ApuntesLennard.tex [25ms]
2025-02-15 17:18:18.682 [info] > git ls-files --stage -- /home/juanluis/git-repositories/TFM-BigData/apuntes/ApuntesLennard.tex [2ms]
2025-02-15 17:18:18.732 [info] > git cat-file -s 0bc1aa9ab0b6bac9980c943d2546d680ce495ca5 [24ms]
2025-02-15 17:18:39.460 [info] > git log --format=%H%n%aN%n%aE%n%at%n%ct%n%P%n%D%n%B -z -n32 -- /home/juanluis/git-repositories/TFM-BigData/apuntes/ApuntesLennard.tex [4ms]
2025-02-15 17:20:27.787 [info] > git log --format=%H%n%aN%n%aE%n%at%n%ct%n%P%n%D%n%B -z -n32 -- /home/juanluis/git-repositories/TFM-BigData/apuntes/ApuntesLennard.tex [4ms]
2025-02-15 17:24:56.963 [info] > git config --get commit.template [19ms]
2025-02-15 17:24:56.964 [info] > git for-each-ref --format=%(refname)%00%(upstream:short)%00%(objectname)%00%(upstream:track)%00%(upstream:remotename)%00%(upstream:remoteref) refs/heads/main refs/remotes/main [2ms]
2025-02-15 17:24:57.003 [info] > git status -z -uall [22ms]
2025-02-15 17:24:57.005 [info] > git for-each-ref --sort -committerdate --format %(refname) %(objectname) %(*objectname) [3ms]
2025-02-15 17:24:57.527 [info] > git rev-parse --show-toplevel [1ms]
2025-02-15 17:27:08.039 [info] > git for-each-ref --format=%(refname)%00%(upstream:short)%00%(objectname)%00%(upstream:track)%00%(upstream:remotename)%00%(upstream:remoteref) refs/heads/main refs/remotes/main [4ms]
2025-02-15 17:27:08.040 [info] > git config --get commit.template [22ms]
2025-02-15 17:27:08.081 [info] > git status -z -uall [22ms]
2025-02-15 17:27:08.082 [info] > git for-each-ref --sort -committerdate --format %(refname) %(objectname) %(*objectname) [2ms]
2025-02-15 17:27:08.602 [info] > git rev-parse --show-toplevel [1ms]
2025-02-15 17:27:23.031 [info] > git config --get commit.template [21ms]
2025-02-15 17:27:23.032 [info] > git for-each-ref --format=%(refname)%00%(upstream:short)%00%(objectname)%00%(upstream:track)%00%(upstream:remotename)%00%(upstream:remoteref) refs/heads/main refs/remotes/main [2ms]
2025-02-15 17:27:23.066 [info] > git status -z -uall [18ms]
2025-02-15 17:27:23.067 [info] > git for-each-ref --sort -committerdate --format %(refname) %(objectname) %(*objectname) [2ms]
2025-02-15 17:27:23.585 [info] > git rev-parse --show-toplevel [1ms]
2025-02-15 17:28:18.071 [info] > git config --get commit.template [17ms]
2025-02-15 17:28:18.072 [info] > git for-each-ref --format=%(refname)%00%(upstream:short)%00%(objectname)%00%(upstream:track)%00%(upstream:remotename)%00%(upstream:remoteref) refs/heads/main refs/remotes/main [2ms]
2025-02-15 17:28:18.113 [info] > git status -z -uall [24ms]
2025-02-15 17:28:18.114 [info] > git for-each-ref --sort -committerdate --format %(refname) %(objectname) %(*objectname) [5ms]
2025-02-15 17:28:18.634 [info] > git rev-parse --show-toplevel [1ms]
2025-02-15 17:28:35.172 [info] > git config --get commit.template [17ms]
2025-02-15 17:28:35.173 [info] > git for-each-ref --format=%(refname)%00%(upstream:short)%00%(objectname)%00%(upstream:track)%00%(upstream:remotename)%00%(upstream:remoteref) refs/heads/main refs/remotes/main [2ms]
2025-02-15 17:28:35.208 [info] > git status -z -uall [19ms]
2025-02-15 17:28:35.209 [info] > git for-each-ref --sort -committerdate --format %(refname) %(objectname) %(*objectname) [2ms]
2025-02-15 17:28:35.727 [info] > git rev-parse --show-toplevel [1ms]
2025-02-15 17:29:13.318 [info] > git config --get commit.template [21ms]
2025-02-15 17:29:13.319 [info] > git for-each-ref --format=%(refname)%00%(upstream:short)%00%(objectname)%00%(upstream:track)%00%(upstream:remotename)%00%(upstream:remoteref) refs/heads/main refs/remotes/main [2ms]
2025-02-15 17:29:13.356 [info] > git status -z -uall [19ms]
2025-02-15 17:29:13.358 [info] > git for-each-ref --sort -committerdate --format %(refname) %(objectname) %(*objectname) [2ms]
2025-02-15 17:29:13.882 [info] > git rev-parse --show-toplevel [4ms]
2025-02-15 17:30:00.196 [info] > git config --get commit.template [17ms]
2025-02-15 17:30:00.197 [info] > git for-each-ref --format=%(refname)%00%(upstream:short)%00%(objectname)%00%(upstream:track)%00%(upstream:remotename)%00%(upstream:remoteref) refs/heads/main refs/remotes/main [1ms]
2025-02-15 17:30:00.229 [info] > git status -z -uall [16ms]
2025-02-15 17:30:00.231 [info] > git for-each-ref --sort -committerdate --format %(refname) %(objectname) %(*objectname) [2ms]
2025-02-15 17:30:00.749 [info] > git rev-parse --show-toplevel [1ms]
2025-02-15 17:30:30.140 [info] > git config --get commit.template [18ms]
2025-02-15 17:30:30.141 [info] > git for-each-ref --format=%(refname)%00%(upstream:short)%00%(objectname)%00%(upstream:track)%00%(upstream:remotename)%00%(upstream:remoteref) refs/heads/main refs/remotes/main [2ms]
2025-02-15 17:30:30.175 [info] > git status -z -uall [18ms]
2025-02-15 17:30:30.178 [info] > git for-each-ref --sort -committerdate --format %(refname) %(objectname) %(*objectname) [2ms]
2025-02-15 17:30:30.695 [info] > git rev-parse --show-toplevel [1ms]
2025-02-15 17:34:15.701 [info] > git config --get commit.template [3ms]
2025-02-15 17:34:15.730 [info] > git for-each-ref --format=%(refname)%00%(upstream:short)%00%(objectname)%00%(upstream:track)%00%(upstream:remotename)%00%(upstream:remoteref) refs/heads/main refs/remotes/main [2ms]
2025-02-15 17:34:15.781 [info] > git status -z -uall [26ms]
2025-02-15 17:34:15.783 [info] > git for-each-ref --sort -committerdate --format %(refname) %(objectname) %(*objectname) [3ms]
2025-02-15 17:34:16.309 [info] > git rev-parse --show-toplevel [1ms]
2025-02-15 17:36:48.784 [info] > git config --get commit.template [2ms]
2025-02-15 17:36:48.850 [info] > git for-each-ref --format=%(refname)%00%(upstream:short)%00%(objectname)%00%(upstream:track)%00%(upstream:remotename)%00%(upstream:remoteref) refs/heads/main refs/remotes/main [4ms]
2025-02-15 17:36:48.902 [info] > git status -z -uall [24ms]
2025-02-15 17:36:48.904 [info] > git for-each-ref --sort -committerdate --format %(refname) %(objectname) %(*objectname) [4ms]
2025-02-15 17:36:49.424 [info] > git rev-parse --show-toplevel [1ms]
2025-02-15 17:37:07.850 [info] > git config --get commit.template [26ms]
2025-02-15 17:37:07.851 [info] > git for-each-ref --format=%(refname)%00%(upstream:short)%00%(objectname)%00%(upstream:track)%00%(upstream:remotename)%00%(upstream:remoteref) refs/heads/main refs/remotes/main [2ms]
2025-02-15 17:37:07.901 [info] > git status -z -uall [25ms]
2025-02-15 17:37:07.902 [info] > git for-each-ref --sort -committerdate --format %(refname) %(objectname) %(*objectname) [2ms]
2025-02-15 17:37:08.426 [info] > git rev-parse --show-toplevel [2ms]
2025-02-15 17:39:38.195 [info] > git config --get commit.template [30ms]
2025-02-15 17:39:38.196 [info] > git for-each-ref --format=%(refname)%00%(upstream:short)%00%(objectname)%00%(upstream:track)%00%(upstream:remotename)%00%(upstream:remoteref) refs/heads/main refs/remotes/main [2ms]
2025-02-15 17:39:38.251 [info] > git status -z -uall [29ms]
2025-02-15 17:39:38.253 [info] > git for-each-ref --sort -committerdate --format %(refname) %(objectname) %(*objectname) [3ms]
2025-02-15 17:39:38.779 [info] > git rev-parse --show-toplevel [2ms]
2025-02-15 17:40:04.021 [info] > git config --get commit.template [17ms]
2025-02-15 17:40:04.022 [info] > git for-each-ref --format=%(refname)%00%(upstream:short)%00%(objectname)%00%(upstream:track)%00%(upstream:remotename)%00%(upstream:remoteref) refs/heads/main refs/remotes/main [2ms]
2025-02-15 17:40:04.057 [info] > git status -z -uall [18ms]
2025-02-15 17:40:04.058 [info] > git for-each-ref --sort -committerdate --format %(refname) %(objectname) %(*objectname) [2ms]
2025-02-15 17:40:04.577 [info] > git rev-parse --show-toplevel [1ms]
2025-02-15 17:40:55.901 [info] > git config --get commit.template [2ms]
2025-02-15 17:40:55.922 [info] > git for-each-ref --format=%(refname)%00%(upstream:short)%00%(objectname)%00%(upstream:track)%00%(upstream:remotename)%00%(upstream:remoteref) refs/heads/main refs/remotes/main [2ms]
2025-02-15 17:40:55.960 [info] > git status -z -uall [19ms]
2025-02-15 17:40:55.962 [info] > git for-each-ref --sort -committerdate --format %(refname) %(objectname) %(*objectname) [3ms]
2025-02-15 17:40:56.486 [info] > git rev-parse --show-toplevel [1ms]
2025-02-15 17:41:29.282 [info] > git config --get commit.template [19ms]
2025-02-15 17:41:29.283 [info] > git for-each-ref --format=%(refname)%00%(upstream:short)%00%(objectname)%00%(upstream:track)%00%(upstream:remotename)%00%(upstream:remoteref) refs/heads/main refs/remotes/main [2ms]
2025-02-15 17:41:29.320 [info] > git status -z -uall [18ms]
2025-02-15 17:41:29.322 [info] > git for-each-ref --sort -committerdate --format %(refname) %(objectname) %(*objectname) [2ms]
2025-02-15 17:41:29.840 [info] > git rev-parse --show-toplevel [1ms]
2025-02-15 17:41:53.793 [info] > git log --format=%H%n%aN%n%aE%n%at%n%ct%n%P%n%D%n%B -z -n32 -- /home/juanluis/git-repositories/TFM-BigData/apuntes/ApuntesLennard.tex [5ms]
2025-02-15 17:41:53.981 [info] > git show --textconv :apuntes/ApuntesLennard.tex [20ms]
2025-02-15 17:41:53.983 [info] > git ls-files --stage -- /home/juanluis/git-repositories/TFM-BigData/apuntes/ApuntesLennard.tex [3ms]
2025-02-15 17:41:54.026 [info] > git cat-file -s 0bc1aa9ab0b6bac9980c943d2546d680ce495ca5 [24ms]
2025-02-15 17:41:57.985 [info] > git log --format=%H%n%aN%n%aE%n%at%n%ct%n%P%n%D%n%B -z -n32 -- /home/juanluis/git-repositories/TFM-BigData/apuntes/ApuntesLennard.tex [4ms]
2025-02-15 17:42:07.074 [info] > git config --get commit.template [18ms]
2025-02-15 17:42:07.075 [info] > git for-each-ref --format=%(refname)%00%(upstream:short)%00%(objectname)%00%(upstream:track)%00%(upstream:remotename)%00%(upstream:remoteref) refs/heads/main refs/remotes/main [1ms]
2025-02-15 17:42:07.114 [info] > git status -z -uall [20ms]
2025-02-15 17:42:07.116 [info] > git for-each-ref --sort -committerdate --format %(refname) %(objectname) %(*objectname) [2ms]
2025-02-15 17:42:07.639 [info] > git rev-parse --show-toplevel [2ms]
2025-02-15 17:43:27.226 [info] > git config --get commit.template [20ms]
2025-02-15 17:43:27.227 [info] > git for-each-ref --format=%(refname)%00%(upstream:short)%00%(objectname)%00%(upstream:track)%00%(upstream:remotename)%00%(upstream:remoteref) refs/heads/main refs/remotes/main [2ms]
2025-02-15 17:43:27.264 [info] > git status -z -uall [16ms]
2025-02-15 17:43:27.265 [info] > git for-each-ref --sort -committerdate --format %(refname) %(objectname) %(*objectname) [2ms]
2025-02-15 17:43:27.786 [info] > git rev-parse --show-toplevel [2ms]
2025-02-15 17:45:23.499 [info] > git config --get commit.template [21ms]
2025-02-15 17:45:23.500 [info] > git for-each-ref --format=%(refname)%00%(upstream:short)%00%(objectname)%00%(upstream:track)%00%(upstream:remotename)%00%(upstream:remoteref) refs/heads/main refs/remotes/main [2ms]
2025-02-15 17:45:23.545 [info] > git status -z -uall [24ms]
2025-02-15 17:45:23.545 [info] > git for-each-ref --sort -committerdate --format %(refname) %(objectname) %(*objectname) [3ms]
2025-02-15 17:45:24.065 [info] > git rev-parse --show-toplevel [2ms]
2025-02-15 17:45:36.396 [info] [main] Log level: Info
2025-02-15 17:45:36.396 [info] [main] Validating found git in: "git"
2025-02-15 17:45:36.396 [info] [main] Using git "2.48.1" from "git"
2025-02-15 17:45:36.396 [info] [Model][doInitialScan] Initial repository scan started
2025-02-15 17:45:36.396 [info] > git rev-parse --show-toplevel [1036ms]
2025-02-15 17:45:36.915 [info] > git rev-parse --git-dir --git-common-dir [175ms]
2025-02-15 17:45:36.934 [info] [Model][openRepository] Opened repository: /home/juanluis/git-repositories/TFM-BigData
2025-02-15 17:45:37.117 [info] > git rev-parse --show-toplevel [46ms]
2025-02-15 17:45:37.118 [info] > git config --get commit.template [69ms]
2025-02-15 17:45:37.266 [info] > git rev-parse --show-toplevel [70ms]
2025-02-15 17:45:37.463 [info] > git for-each-ref --format=%(refname)%00%(upstream:short)%00%(objectname)%00%(upstream:track)%00%(upstream:remotename)%00%(upstream:remoteref) refs/heads/main refs/remotes/main [217ms]
2025-02-15 17:45:37.747 [info] > git rev-parse --show-toplevel [412ms]
2025-02-15 17:45:37.885 [info] > git check-ignore -v -z --stdin [112ms]
2025-02-15 17:45:37.916 [info] > git rev-parse --show-toplevel [113ms]
2025-02-15 17:45:40.597 [info] > git status -z -uall [2654ms]
2025-02-15 17:45:40.734 [info] > git rev-parse --show-toplevel [167ms]
2025-02-15 17:45:40.734 [info] > git for-each-ref --sort -committerdate --format %(refname) %(objectname) %(*objectname) [2765ms]
2025-02-15 17:45:40.901 [info] > git for-each-ref --format=%(refname)%00%(upstream:short)%00%(objectname)%00%(upstream:track)%00%(upstream:remotename)%00%(upstream:remoteref) refs/heads/main refs/remotes/main [142ms]
2025-02-15 17:45:40.995 [info] > git config --get --local branch.main.vscode-merge-base [74ms]
2025-02-15 17:45:41.016 [info] > git config --get commit.template [123ms]
2025-02-15 17:45:41.016 [info] > git rev-parse --show-toplevel [144ms]
2025-02-15 17:45:41.057 [info] > git for-each-ref --format=%(refname)%00%(upstream:short)%00%(objectname)%00%(upstream:track)%00%(upstream:remotename)%00%(upstream:remoteref) refs/heads/origin/main refs/remotes/origin/main [42ms]
2025-02-15 17:45:41.105 [info] > git merge-base refs/heads/main refs/remotes/origin/main [28ms]
2025-02-15 17:45:41.125 [info] > git rev-parse --show-toplevel [80ms]
2025-02-15 17:45:41.127 [info] [Model][doInitialScan] Initial repository scan completed - repositories (1), closed repositories (0), parent repositories (0), unsafe repositories (0)
2025-02-15 17:45:41.243 [info] > git show --textconv :apuntes/ApuntesLennard.tex [94ms]
2025-02-15 17:45:41.246 [info] > git ls-files --stage -- /home/juanluis/git-repositories/TFM-BigData/apuntes/ApuntesLennard.tex [76ms]
2025-02-15 17:45:41.265 [info] > git diff --name-status -z --diff-filter=ADMR 9a4c39faa2200423119d99d2ecb9f4062cdacee0...refs/remotes/origin/main [141ms]
2025-02-15 17:45:41.266 [info] > git for-each-ref --format=%(refname)%00%(upstream:short)%00%(objectname)%00%(upstream:track)%00%(upstream:remotename)%00%(upstream:remoteref) refs/heads/main refs/remotes/main [166ms]
2025-02-15 17:45:41.686 [info] > git cat-file -s 0bc1aa9ab0b6bac9980c943d2546d680ce495ca5 [423ms]
2025-02-15 17:45:41.716 [info] > git rev-parse --show-toplevel [42ms]
2025-02-15 17:45:42.197 [info] > git status -z -uall [139ms]
2025-02-15 17:45:42.214 [info] > git for-each-ref --sort -committerdate --format %(refname) %(objectname) %(*objectname) [136ms]
2025-02-15 17:45:42.305 [info] > git ls-files --stage -- /home/juanluis/git-repositories/TFM-BigData/apuntes/ApuntesLennard.tex [26ms]
2025-02-15 17:45:42.354 [info] > git cat-file -s 0bc1aa9ab0b6bac9980c943d2546d680ce495ca5 [30ms]
2025-02-15 17:45:42.355 [info] > git config --get commit.template [54ms]
2025-02-15 17:45:42.474 [info] > git show --textconv :apuntes/ApuntesLennard.tex [57ms]
2025-02-15 17:45:42.522 [info] > git blame --root --incremental 9a4c39faa2200423119d99d2ecb9f4062cdacee0 -- /home/juanluis/git-repositories/TFM-BigData/apuntes/ApuntesLennard.tex [50ms]
2025-02-15 17:45:42.523 [info] > git for-each-ref --format=%(refname)%00%(upstream:short)%00%(objectname)%00%(upstream:track)%00%(upstream:remotename)%00%(upstream:remoteref) refs/heads/main refs/remotes/main [82ms]
2025-02-15 17:45:43.004 [info] > git rev-parse --show-toplevel [65ms]
2025-02-15 17:45:43.033 [info] > git status -z -uall [53ms]
2025-02-15 17:45:43.033 [info] > git for-each-ref --sort -committerdate --format %(refname) %(objectname) %(*objectname) [31ms]
2025-02-15 17:45:43.247 [info] > git config --get --local branch.main.github-pr-owner-number [166ms]
2025-02-15 17:45:43.247 [warning] [Git][config] git config failed: Failed to execute git
2025-02-15 17:45:44.429 [info] > git rev-parse --show-toplevel [61ms]
2025-02-15 17:45:53.300 [info] > git config --get commit.template [67ms]
2025-02-15 17:45:53.330 [info] > git for-each-ref --format=%(refname)%00%(upstream:short)%00%(objectname)%00%(upstream:track)%00%(upstream:remotename)%00%(upstream:remoteref) refs/heads/main refs/remotes/main [2ms]
2025-02-15 17:45:53.383 [info] > git status -z -uall [27ms]
2025-02-15 17:45:53.386 [info] > git for-each-ref --sort -committerdate --format %(refname) %(objectname) %(*objectname) [5ms]
2025-02-15 17:45:53.911 [info] > git rev-parse --show-toplevel [1ms]
2025-02-15 17:45:58.426 [info] > git config --get commit.template [18ms]
2025-02-15 17:45:58.427 [info] > git for-each-ref --format=%(refname)%00%(upstream:short)%00%(objectname)%00%(upstream:track)%00%(upstream:remotename)%00%(upstream:remoteref) refs/heads/main refs/remotes/main [2ms]
2025-02-15 17:45:58.463 [info] > git status -z -uall [18ms]
2025-02-15 17:45:58.465 [info] > git for-each-ref --sort -committerdate --format %(refname) %(objectname) %(*objectname) [3ms]
2025-02-15 17:45:58.991 [info] > git rev-parse --show-toplevel [1ms]
2025-02-15 17:47:13.498 [info] > git config --get commit.template [17ms]
2025-02-15 17:47:13.499 [info] > git for-each-ref --format=%(refname)%00%(upstream:short)%00%(objectname)%00%(upstream:track)%00%(upstream:remotename)%00%(upstream:remoteref) refs/heads/main refs/remotes/main [2ms]
2025-02-15 17:47:13.533 [info] > git status -z -uall [18ms]
2025-02-15 17:47:13.534 [info] > git for-each-ref --sort -committerdate --format %(refname) %(objectname) %(*objectname) [2ms]
2025-02-15 17:47:14.051 [info] > git rev-parse --show-toplevel [1ms]
2025-02-15 17:47:29.426 [info] > git config --get commit.template [19ms]
2025-02-15 17:47:29.427 [info] > git for-each-ref --format=%(refname)%00%(upstream:short)%00%(objectname)%00%(upstream:track)%00%(upstream:remotename)%00%(upstream:remoteref) refs/heads/main refs/remotes/main [2ms]
2025-02-15 17:47:29.465 [info] > git status -z -uall [20ms]
2025-02-15 17:47:29.467 [info] > git for-each-ref --sort -committerdate --format %(refname) %(objectname) %(*objectname) [3ms]
2025-02-15 17:47:29.988 [info] > git rev-parse --show-toplevel [2ms]
2025-02-15 17:47:41.334 [info] > git config --get commit.template [22ms]
2025-02-15 17:47:41.335 [info] > git for-each-ref --format=%(refname)%00%(upstream:short)%00%(objectname)%00%(upstream:track)%00%(upstream:remotename)%00%(upstream:remoteref) refs/heads/main refs/remotes/main [2ms]
2025-02-15 17:47:41.379 [info] > git status -z -uall [24ms]
2025-02-15 17:47:41.379 [info] > git for-each-ref --sort -committerdate --format %(refname) %(objectname) %(*objectname) [4ms]
2025-02-15 17:47:41.917 [info] > git rev-parse --show-toplevel [2ms]
2025-02-15 17:47:44.391 [info] > git check-ignore -v -z --stdin [2ms]
2025-02-15 17:48:10.573 [info] > git config --get commit.template [8ms]
2025-02-15 17:48:10.594 [info] > git for-each-ref --format=%(refname)%00%(upstream:short)%00%(objectname)%00%(upstream:track)%00%(upstream:remotename)%00%(upstream:remoteref) refs/heads/main refs/remotes/main [2ms]
2025-02-15 17:48:10.642 [info] > git status -z -uall [27ms]
2025-02-15 17:48:10.644 [info] > git for-each-ref --sort -committerdate --format %(refname) %(objectname) %(*objectname) [3ms]
2025-02-15 17:48:11.167 [info] > git rev-parse --show-toplevel [1ms]
2025-02-15 17:48:55.753 [info] > git config --get commit.template [25ms]
2025-02-15 17:48:55.755 [info] > git for-each-ref --format=%(refname)%00%(upstream:short)%00%(objectname)%00%(upstream:track)%00%(upstream:remotename)%00%(upstream:remoteref) refs/heads/main refs/remotes/main [3ms]
2025-02-15 17:48:55.802 [info] > git status -z -uall [24ms]
2025-02-15 17:48:55.804 [info] > git for-each-ref --sort -committerdate --format %(refname) %(objectname) %(*objectname) [3ms]
2025-02-15 17:48:56.331 [info] > git rev-parse --show-toplevel [2ms]
2025-02-15 17:49:18.860 [info] > git config --get commit.template [21ms]
2025-02-15 17:49:18.861 [info] > git for-each-ref --format=%(refname)%00%(upstream:short)%00%(objectname)%00%(upstream:track)%00%(upstream:remotename)%00%(upstream:remoteref) refs/heads/main refs/remotes/main [3ms]
2025-02-15 17:49:18.904 [info] > git status -z -uall [21ms]
2025-02-15 17:49:18.905 [info] > git for-each-ref --sort -committerdate --format %(refname) %(objectname) %(*objectname) [2ms]
2025-02-15 17:49:19.706 [info] > git rev-parse --show-toplevel [3ms]
2025-02-15 17:49:40.106 [info] > git config --get commit.template [2ms]
2025-02-15 17:49:40.133 [info] > git for-each-ref --format=%(refname)%00%(upstream:short)%00%(objectname)%00%(upstream:track)%00%(upstream:remotename)%00%(upstream:remoteref) refs/heads/main refs/remotes/main [3ms]
2025-02-15 17:49:40.180 [info] > git status -z -uall [24ms]
2025-02-15 17:49:40.181 [info] > git for-each-ref --sort -committerdate --format %(refname) %(objectname) %(*objectname) [2ms]
2025-02-15 17:49:40.705 [info] > git rev-parse --show-toplevel [2ms]
2025-02-15 17:49:45.223 [info] > git config --get commit.template [20ms]
2025-02-15 17:49:45.225 [info] > git for-each-ref --format=%(refname)%00%(upstream:short)%00%(objectname)%00%(upstream:track)%00%(upstream:remotename)%00%(upstream:remoteref) refs/heads/main refs/remotes/main [1ms]
2025-02-15 17:49:45.265 [info] > git status -z -uall [21ms]
2025-02-15 17:49:45.266 [info] > git for-each-ref --sort -committerdate --format %(refname) %(objectname) %(*objectname) [2ms]
2025-02-15 17:49:45.786 [info] > git rev-parse --show-toplevel [1ms]
2025-02-15 17:50:09.291 [info] > git config --get commit.template [17ms]
2025-02-15 17:50:09.292 [info] > git for-each-ref --format=%(refname)%00%(upstream:short)%00%(objectname)%00%(upstream:track)%00%(upstream:remotename)%00%(upstream:remoteref) refs/heads/main refs/remotes/main [1ms]
2025-02-15 17:50:09.327 [info] > git status -z -uall [18ms]
2025-02-15 17:50:09.329 [info] > git for-each-ref --sort -committerdate --format %(refname) %(objectname) %(*objectname) [2ms]
2025-02-15 17:50:09.851 [info] > git rev-parse --show-toplevel [2ms]
2025-02-15 17:50:56.852 [info] > git config --get commit.template [1ms]
2025-02-15 17:50:56.871 [info] > git for-each-ref --format=%(refname)%00%(upstream:short)%00%(objectname)%00%(upstream:track)%00%(upstream:remotename)%00%(upstream:remoteref) refs/heads/main refs/remotes/main [2ms]
2025-02-15 17:50:56.910 [info] > git status -z -uall [21ms]
2025-02-15 17:50:56.910 [info] > git for-each-ref --sort -committerdate --format %(refname) %(objectname) %(*objectname) [3ms]
2025-02-15 17:50:57.432 [info] > git rev-parse --show-toplevel [2ms]
2025-02-15 17:51:01.955 [info] > git config --get commit.template [21ms]
2025-02-15 17:51:01.957 [info] > git for-each-ref --format=%(refname)%00%(upstream:short)%00%(objectname)%00%(upstream:track)%00%(upstream:remotename)%00%(upstream:remoteref) refs/heads/main refs/remotes/main [3ms]
2025-02-15 17:51:02.002 [info] > git status -z -uall [22ms]
2025-02-15 17:51:02.004 [info] > git for-each-ref --sort -committerdate --format %(refname) %(objectname) %(*objectname) [2ms]
2025-02-15 17:51:02.526 [info] > git rev-parse --show-toplevel [2ms]
2025-02-15 17:52:36.359 [info] > git config --get commit.template [20ms]
2025-02-15 17:52:36.361 [info] > git for-each-ref --format=%(refname)%00%(upstream:short)%00%(objectname)%00%(upstream:track)%00%(upstream:remotename)%00%(upstream:remoteref) refs/heads/main refs/remotes/main [2ms]
2025-02-15 17:52:36.399 [info] > git status -z -uall [20ms]
2025-02-15 17:52:36.402 [info] > git for-each-ref --sort -committerdate --format %(refname) %(objectname) %(*objectname) [4ms]
2025-02-15 17:52:36.923 [info] > git rev-parse --show-toplevel [1ms]
2025-02-15 17:53:24.524 [info] > git config --get commit.template [17ms]
2025-02-15 17:53:24.524 [info] > git for-each-ref --format=%(refname)%00%(upstream:short)%00%(objectname)%00%(upstream:track)%00%(upstream:remotename)%00%(upstream:remoteref) refs/heads/main refs/remotes/main [1ms]
2025-02-15 17:53:24.562 [info] > git status -z -uall [20ms]
2025-02-15 17:53:24.563 [info] > git for-each-ref --sort -committerdate --format %(refname) %(objectname) %(*objectname) [2ms]
2025-02-15 17:53:25.083 [info] > git rev-parse --show-toplevel [1ms]
2025-02-15 17:53:38.558 [info] > git config --get commit.template [4ms]
2025-02-15 17:53:38.621 [info] > git for-each-ref --format=%(refname)%00%(upstream:short)%00%(objectname)%00%(upstream:track)%00%(upstream:remotename)%00%(upstream:remoteref) refs/heads/main refs/remotes/main [5ms]
2025-02-15 17:53:38.682 [info] > git status -z -uall [33ms]
2025-02-15 17:53:38.682 [info] > git for-each-ref --sort -committerdate --format %(refname) %(objectname) %(*objectname) [6ms]
2025-02-15 17:53:39.208 [info] > git rev-parse --show-toplevel [1ms]
2025-02-15 17:53:44.077 [info] > git config --get commit.template [20ms]
2025-02-15 17:53:44.079 [info] > git for-each-ref --format=%(refname)%00%(upstream:short)%00%(objectname)%00%(upstream:track)%00%(upstream:remotename)%00%(upstream:remoteref) refs/heads/main refs/remotes/main [2ms]
2025-02-15 17:53:44.120 [info] > git status -z -uall [21ms]
2025-02-15 17:53:44.122 [info] > git for-each-ref --sort -committerdate --format %(refname) %(objectname) %(*objectname) [2ms]
2025-02-15 17:53:44.644 [info] > git rev-parse --show-toplevel [2ms]
2025-02-15 17:54:06.335 [info] > git config --get commit.template [19ms]
2025-02-15 17:54:06.337 [info] > git for-each-ref --format=%(refname)%00%(upstream:short)%00%(objectname)%00%(upstream:track)%00%(upstream:remotename)%00%(upstream:remoteref) refs/heads/main refs/remotes/main [2ms]
2025-02-15 17:54:06.371 [info] > git status -z -uall [17ms]
2025-02-15 17:54:06.372 [info] > git for-each-ref --sort -committerdate --format %(refname) %(objectname) %(*objectname) [1ms]
2025-02-15 17:54:06.892 [info] > git rev-parse --show-toplevel [1ms]
2025-02-15 17:54:26.410 [info] > git config --get commit.template [18ms]
2025-02-15 17:54:26.411 [info] > git for-each-ref --format=%(refname)%00%(upstream:short)%00%(objectname)%00%(upstream:track)%00%(upstream:remotename)%00%(upstream:remoteref) refs/heads/main refs/remotes/main [2ms]
2025-02-15 17:54:26.446 [info] > git status -z -uall [18ms]
2025-02-15 17:54:26.448 [info] > git for-each-ref --sort -committerdate --format %(refname) %(objectname) %(*objectname) [3ms]
2025-02-15 17:54:26.986 [info] > git rev-parse --show-toplevel [11ms]
2025-02-15 17:55:13.231 [info] > git config --get commit.template [21ms]
2025-02-15 17:55:13.233 [info] > git for-each-ref --format=%(refname)%00%(upstream:short)%00%(objectname)%00%(upstream:track)%00%(upstream:remotename)%00%(upstream:remoteref) refs/heads/main refs/remotes/main [2ms]
2025-02-15 17:55:13.276 [info] > git status -z -uall [22ms]
2025-02-15 17:55:13.278 [info] > git for-each-ref --sort -committerdate --format %(refname) %(objectname) %(*objectname) [1ms]
2025-02-15 17:55:13.799 [info] > git rev-parse --show-toplevel [2ms]
2025-02-15 18:00:38.603 [info] > git config --get commit.template [7ms]
2025-02-15 18:00:38.631 [info] > git for-each-ref --format=%(refname)%00%(upstream:short)%00%(objectname)%00%(upstream:track)%00%(upstream:remotename)%00%(upstream:remoteref) refs/heads/main refs/remotes/main [3ms]
2025-02-15 18:00:38.674 [info] > git status -z -uall [21ms]
2025-02-15 18:00:38.676 [info] > git for-each-ref --sort -committerdate --format %(refname) %(objectname) %(*objectname) [2ms]
2025-02-15 18:00:39.203 [info] > git rev-parse --show-toplevel [4ms]
2025-02-15 18:00:51.945 [info] > git config --get commit.template [20ms]
2025-02-15 18:00:51.947 [info] > git for-each-ref --format=%(refname)%00%(upstream:short)%00%(objectname)%00%(upstream:track)%00%(upstream:remotename)%00%(upstream:remoteref) refs/heads/main refs/remotes/main [2ms]
2025-02-15 18:00:51.986 [info] > git status -z -uall [20ms]
2025-02-15 18:00:51.986 [info] > git for-each-ref --sort -committerdate --format %(refname) %(objectname) %(*objectname) [3ms]
2025-02-15 18:00:52.507 [info] > git rev-parse --show-toplevel [2ms]
2025-02-15 18:01:04.195 [info] > git config --get commit.template [18ms]
2025-02-15 18:01:04.196 [info] > git for-each-ref --format=%(refname)%00%(upstream:short)%00%(objectname)%00%(upstream:track)%00%(upstream:remotename)%00%(upstream:remoteref) refs/heads/main refs/remotes/main [1ms]
2025-02-15 18:01:04.232 [info] > git status -z -uall [19ms]
2025-02-15 18:01:04.233 [info] > git for-each-ref --sort -committerdate --format %(refname) %(objectname) %(*objectname) [2ms]
2025-02-15 18:01:04.754 [info] > git rev-parse --show-toplevel [2ms]
2025-02-15 18:01:09.510 [info] > git config --get commit.template [20ms]
2025-02-15 18:01:09.511 [info] > git for-each-ref --format=%(refname)%00%(upstream:short)%00%(objectname)%00%(upstream:track)%00%(upstream:remotename)%00%(upstream:remoteref) refs/heads/main refs/remotes/main [1ms]
2025-02-15 18:01:09.553 [info] > git status -z -uall [23ms]
2025-02-15 18:01:09.554 [info] > git for-each-ref --sort -committerdate --format %(refname) %(objectname) %(*objectname) [3ms]
2025-02-15 18:01:10.073 [info] > git rev-parse --show-toplevel [1ms]
2025-02-15 18:01:22.767 [info] > git config --get commit.template [17ms]
2025-02-15 18:01:22.768 [info] > git for-each-ref --format=%(refname)%00%(upstream:short)%00%(objectname)%00%(upstream:track)%00%(upstream:remotename)%00%(upstream:remoteref) refs/heads/main refs/remotes/main [1ms]
2025-02-15 18:01:22.803 [info] > git status -z -uall [17ms]
2025-02-15 18:01:22.804 [info] > git for-each-ref --sort -committerdate --format %(refname) %(objectname) %(*objectname) [2ms]
2025-02-15 18:01:23.325 [info] > git rev-parse --show-toplevel [2ms]
2025-02-15 18:01:32.633 [info] > git config --get commit.template [21ms]
2025-02-15 18:01:32.634 [info] > git for-each-ref --format=%(refname)%00%(upstream:short)%00%(objectname)%00%(upstream:track)%00%(upstream:remotename)%00%(upstream:remoteref) refs/heads/main refs/remotes/main [1ms]
2025-02-15 18:01:32.678 [info] > git status -z -uall [24ms]
2025-02-15 18:01:32.679 [info] > git for-each-ref --sort -committerdate --format %(refname) %(objectname) %(*objectname) [5ms]
2025-02-15 18:01:33.208 [info] > git rev-parse --show-toplevel [1ms]
2025-02-15 18:01:37.991 [info] > git config --get commit.template [31ms]
2025-02-15 18:01:38.026 [info] > git for-each-ref --format=%(refname)%00%(upstream:short)%00%(objectname)%00%(upstream:track)%00%(upstream:remotename)%00%(upstream:remoteref) refs/heads/main refs/remotes/main [3ms]
2025-02-15 18:01:38.090 [info] > git status -z -uall [40ms]
2025-02-15 18:01:38.091 [info] > git for-each-ref --sort -committerdate --format %(refname) %(objectname) %(*objectname) [8ms]
2025-02-15 18:01:38.617 [info] > git rev-parse --show-toplevel [2ms]
2025-02-15 18:02:18.405 [info] > git config --get commit.template [3ms]
2025-02-15 18:02:18.426 [info] > git for-each-ref --format=%(refname)%00%(upstream:short)%00%(objectname)%00%(upstream:track)%00%(upstream:remotename)%00%(upstream:remoteref) refs/heads/main refs/remotes/main [2ms]
2025-02-15 18:02:18.482 [info] > git status -z -uall [35ms]
2025-02-15 18:02:18.483 [info] > git for-each-ref --sort -committerdate --format %(refname) %(objectname) %(*objectname) [12ms]
2025-02-15 18:02:19.003 [info] > git rev-parse --show-toplevel [1ms]
2025-02-15 18:02:23.529 [info] > git config --get commit.template [21ms]
2025-02-15 18:02:23.530 [info] > git for-each-ref --format=%(refname)%00%(upstream:short)%00%(objectname)%00%(upstream:track)%00%(upstream:remotename)%00%(upstream:remoteref) refs/heads/main refs/remotes/main [2ms]
2025-02-15 18:02:23.573 [info] > git status -z -uall [22ms]
2025-02-15 18:02:23.575 [info] > git for-each-ref --sort -committerdate --format %(refname) %(objectname) %(*objectname) [2ms]
2025-02-15 18:02:24.096 [info] > git rev-parse --show-toplevel [1ms]
2025-02-15 18:02:31.284 [info] > git config --get commit.template [18ms]
2025-02-15 18:02:31.285 [info] > git for-each-ref --format=%(refname)%00%(upstream:short)%00%(objectname)%00%(upstream:track)%00%(upstream:remotename)%00%(upstream:remoteref) refs/heads/main refs/remotes/main [1ms]
2025-02-15 18:02:31.319 [info] > git status -z -uall [18ms]
2025-02-15 18:02:31.320 [info] > git for-each-ref --sort -committerdate --format %(refname) %(objectname) %(*objectname) [2ms]
2025-02-15 18:02:31.838 [info] > git rev-parse --show-toplevel [1ms]
2025-02-15 18:02:38.366 [info] > git config --get commit.template [8ms]
2025-02-15 18:02:38.387 [info] > git for-each-ref --format=%(refname)%00%(upstream:short)%00%(objectname)%00%(upstream:track)%00%(upstream:remotename)%00%(upstream:remoteref) refs/heads/main refs/remotes/main [1ms]
2025-02-15 18:02:38.431 [info] > git status -z -uall [22ms]
2025-02-15 18:02:38.432 [info] > git for-each-ref --sort -committerdate --format %(refname) %(objectname) %(*objectname) [3ms]
2025-02-15 18:02:38.953 [info] > git rev-parse --show-toplevel [1ms]
2025-02-15 18:02:43.469 [info] > git config --get commit.template [17ms]
2025-02-15 18:02:43.470 [info] > git for-each-ref --format=%(refname)%00%(upstream:short)%00%(objectname)%00%(upstream:track)%00%(upstream:remotename)%00%(upstream:remoteref) refs/heads/main refs/remotes/main [2ms]
2025-02-15 18:02:43.504 [info] > git status -z -uall [17ms]
2025-02-15 18:02:43.505 [info] > git for-each-ref --sort -committerdate --format %(refname) %(objectname) %(*objectname) [1ms]
2025-02-15 18:02:44.023 [info] > git rev-parse --show-toplevel [1ms]
2025-02-15 18:14:22.145 [info] > git config --get commit.template [17ms]
2025-02-15 18:14:22.146 [info] > git for-each-ref --format=%(refname)%00%(upstream:short)%00%(objectname)%00%(upstream:track)%00%(upstream:remotename)%00%(upstream:remoteref) refs/heads/main refs/remotes/main [1ms]
2025-02-15 18:14:22.179 [info] > git status -z -uall [17ms]
2025-02-15 18:14:22.181 [info] > git for-each-ref --sort -committerdate --format %(refname) %(objectname) %(*objectname) [1ms]
2025-02-15 18:14:22.701 [info] > git rev-parse --show-toplevel [2ms]
2025-02-15 18:14:54.220 [info] > git config --get commit.template [17ms]
2025-02-15 18:14:54.221 [info] > git for-each-ref --format=%(refname)%00%(upstream:short)%00%(objectname)%00%(upstream:track)%00%(upstream:remotename)%00%(upstream:remoteref) refs/heads/main refs/remotes/main [1ms]
2025-02-15 18:14:54.254 [info] > git status -z -uall [17ms]
2025-02-15 18:14:54.255 [info] > git for-each-ref --sort -committerdate --format %(refname) %(objectname) %(*objectname) [1ms]
2025-02-15 18:14:54.782 [info] > git rev-parse --show-toplevel [2ms]
2025-02-15 18:15:19.035 [info] > git config --get commit.template [17ms]
2025-02-15 18:15:19.036 [info] > git for-each-ref --format=%(refname)%00%(upstream:short)%00%(objectname)%00%(upstream:track)%00%(upstream:remotename)%00%(upstream:remoteref) refs/heads/main refs/remotes/main [2ms]
2025-02-15 18:15:19.069 [info] > git status -z -uall [17ms]
2025-02-15 18:15:19.071 [info] > git for-each-ref --sort -committerdate --format %(refname) %(objectname) %(*objectname) [2ms]
2025-02-15 18:15:19.591 [info] > git rev-parse --show-toplevel [1ms]
2025-02-15 18:17:53.575 [info] > git config --get commit.template [22ms]
2025-02-15 18:17:53.577 [info] > git for-each-ref --format=%(refname)%00%(upstream:short)%00%(objectname)%00%(upstream:track)%00%(upstream:remotename)%00%(upstream:remoteref) refs/heads/main refs/remotes/main [3ms]
2025-02-15 18:17:53.620 [info] > git status -z -uall [22ms]
2025-02-15 18:17:53.622 [info] > git for-each-ref --sort -committerdate --format %(refname) %(objectname) %(*objectname) [2ms]
2025-02-15 18:17:54.143 [info] > git rev-parse --show-toplevel [1ms]
2025-02-15 18:22:02.118 [info] > git config --get commit.template [2ms]
2025-02-15 18:22:02.153 [info] > git for-each-ref --format=%(refname)%00%(upstream:short)%00%(objectname)%00%(upstream:track)%00%(upstream:remotename)%00%(upstream:remoteref) refs/heads/main refs/remotes/main [3ms]
2025-02-15 18:22:02.225 [info] > git status -z -uall [27ms]
2025-02-15 18:22:02.228 [info] > git for-each-ref --sort -committerdate --format %(refname) %(objectname) %(*objectname) [4ms]
2025-02-15 18:22:02.750 [info] > git rev-parse --show-toplevel [1ms]
2025-02-15 18:22:07.271 [info] > git config --get commit.template [19ms]
2025-02-15 18:22:07.272 [info] > git for-each-ref --format=%(refname)%00%(upstream:short)%00%(objectname)%00%(upstream:track)%00%(upstream:remotename)%00%(upstream:remoteref) refs/heads/main refs/remotes/main [2ms]
2025-02-15 18:22:07.311 [info] > git status -z -uall [19ms]
2025-02-15 18:22:07.312 [info] > git for-each-ref --sort -committerdate --format %(refname) %(objectname) %(*objectname) [2ms]
2025-02-15 18:22:07.834 [info] > git rev-parse --show-toplevel [2ms]
2025-02-15 18:23:47.116 [info] > git config --get commit.template [20ms]
2025-02-15 18:23:47.118 [info] > git for-each-ref --format=%(refname)%00%(upstream:short)%00%(objectname)%00%(upstream:track)%00%(upstream:remotename)%00%(upstream:remoteref) refs/heads/main refs/remotes/main [1ms]
2025-02-15 18:23:47.157 [info] > git status -z -uall [19ms]
2025-02-15 18:23:47.158 [info] > git for-each-ref --sort -committerdate --format %(refname) %(objectname) %(*objectname) [2ms]
2025-02-15 18:23:47.679 [info] > git rev-parse --show-toplevel [1ms]
2025-02-15 18:24:54.925 [info] > git config --get commit.template [22ms]
2025-02-15 18:24:54.925 [info] > git for-each-ref --format=%(refname)%00%(upstream:short)%00%(objectname)%00%(upstream:track)%00%(upstream:remotename)%00%(upstream:remoteref) refs/heads/main refs/remotes/main [3ms]
2025-02-15 18:24:54.969 [info] > git status -z -uall [22ms]
2025-02-15 18:24:54.970 [info] > git for-each-ref --sort -committerdate --format %(refname) %(objectname) %(*objectname) [3ms]
2025-02-15 18:24:55.495 [info] > git rev-parse --show-toplevel [2ms]
2025-02-15 18:26:50.446 [info] > git config --get commit.template [18ms]
2025-02-15 18:26:50.447 [info] > git for-each-ref --format=%(refname)%00%(upstream:short)%00%(objectname)%00%(upstream:track)%00%(upstream:remotename)%00%(upstream:remoteref) refs/heads/main refs/remotes/main [2ms]
2025-02-15 18:26:50.483 [info] > git status -z -uall [18ms]
2025-02-15 18:26:50.484 [info] > git for-each-ref --sort -committerdate --format %(refname) %(objectname) %(*objectname) [2ms]
2025-02-15 18:26:51.002 [info] > git rev-parse --show-toplevel [1ms]
2025-02-15 18:27:18.795 [info] > git config --get commit.template [18ms]
2025-02-15 18:27:18.796 [info] > git for-each-ref --format=%(refname)%00%(upstream:short)%00%(objectname)%00%(upstream:track)%00%(upstream:remotename)%00%(upstream:remoteref) refs/heads/main refs/remotes/main [2ms]
2025-02-15 18:27:18.836 [info] > git status -z -uall [22ms]
2025-02-15 18:27:18.836 [info] > git for-each-ref --sort -committerdate --format %(refname) %(objectname) %(*objectname) [2ms]
2025-02-15 18:27:19.357 [info] > git rev-parse --show-toplevel [1ms]
2025-02-15 18:29:17.477 [info] > git config --get commit.template [2ms]
2025-02-15 18:29:17.499 [info] > git for-each-ref --format=%(refname)%00%(upstream:short)%00%(objectname)%00%(upstream:track)%00%(upstream:remotename)%00%(upstream:remoteref) refs/heads/main refs/remotes/main [2ms]
2025-02-15 18:29:17.543 [info] > git status -z -uall [22ms]
2025-02-15 18:29:17.546 [info] > git for-each-ref --sort -committerdate --format %(refname) %(objectname) %(*objectname) [6ms]
2025-02-15 18:29:18.073 [info] > git rev-parse --show-toplevel [1ms]
2025-02-15 18:29:22.586 [info] > git config --get commit.template [18ms]
2025-02-15 18:29:22.587 [info] > git for-each-ref --format=%(refname)%00%(upstream:short)%00%(objectname)%00%(upstream:track)%00%(upstream:remotename)%00%(upstream:remoteref) refs/heads/main refs/remotes/main [1ms]
2025-02-15 18:29:22.626 [info] > git status -z -uall [21ms]
2025-02-15 18:29:22.628 [info] > git for-each-ref --sort -committerdate --format %(refname) %(objectname) %(*objectname) [2ms]
2025-02-15 18:29:23.147 [info] > git rev-parse --show-toplevel [1ms]
2025-02-15 18:29:50.923 [info] > git config --get commit.template [22ms]
2025-02-15 18:29:50.924 [info] > git for-each-ref --format=%(refname)%00%(upstream:short)%00%(objectname)%00%(upstream:track)%00%(upstream:remotename)%00%(upstream:remoteref) refs/heads/main refs/remotes/main [2ms]
2025-02-15 18:29:50.968 [info] > git status -z -uall [24ms]
2025-02-15 18:29:50.969 [info] > git for-each-ref --sort -committerdate --format %(refname) %(objectname) %(*objectname) [2ms]
2025-02-15 18:29:51.513 [info] > git rev-parse --show-toplevel [2ms]
2025-02-15 18:33:00.699 [info] > git config --get commit.template [3ms]
2025-02-15 18:33:00.734 [info] > git for-each-ref --format=%(refname)%00%(upstream:short)%00%(objectname)%00%(upstream:track)%00%(upstream:remotename)%00%(upstream:remoteref) refs/heads/main refs/remotes/main [3ms]
2025-02-15 18:33:00.784 [info] > git status -z -uall [24ms]
2025-02-15 18:33:00.785 [info] > git for-each-ref --sort -committerdate --format %(refname) %(objectname) %(*objectname) [2ms]
2025-02-15 18:33:01.321 [info] > git rev-parse --show-toplevel [9ms]
2025-02-15 18:33:05.815 [info] > git config --get commit.template [3ms]
2025-02-15 18:33:05.839 [info] > git for-each-ref --format=%(refname)%00%(upstream:short)%00%(objectname)%00%(upstream:track)%00%(upstream:remotename)%00%(upstream:remoteref) refs/heads/main refs/remotes/main [2ms]
2025-02-15 18:33:05.884 [info] > git status -z -uall [23ms]
2025-02-15 18:33:05.885 [info] > git for-each-ref --sort -committerdate --format %(refname) %(objectname) %(*objectname) [2ms]
2025-02-15 18:33:06.411 [info] > git rev-parse --show-toplevel [2ms]
2025-02-15 18:33:44.714 [info] > git config --get commit.template [4ms]
2025-02-15 18:33:44.737 [info] > git for-each-ref --format=%(refname)%00%(upstream:short)%00%(objectname)%00%(upstream:track)%00%(upstream:remotename)%00%(upstream:remoteref) refs/heads/main refs/remotes/main [2ms]
2025-02-15 18:33:44.785 [info] > git status -z -uall [24ms]
2025-02-15 18:33:44.787 [info] > git for-each-ref --sort -committerdate --format %(refname) %(objectname) %(*objectname) [3ms]
2025-02-15 18:33:45.309 [info] > git rev-parse --show-toplevel [1ms]
2025-02-15 18:33:49.836 [info] > git config --get commit.template [24ms]
2025-02-15 18:33:49.844 [info] > git for-each-ref --format=%(refname)%00%(upstream:short)%00%(objectname)%00%(upstream:track)%00%(upstream:remotename)%00%(upstream:remoteref) refs/heads/main refs/remotes/main [12ms]
2025-02-15 18:33:49.889 [info] > git status -z -uall [24ms]
2025-02-15 18:33:49.891 [info] > git for-each-ref --sort -committerdate --format %(refname) %(objectname) %(*objectname) [3ms]
2025-02-15 18:33:50.466 [info] > git rev-parse --show-toplevel [2ms]
2025-02-15 18:34:28.127 [info] > git config --get commit.template [1ms]
2025-02-15 18:34:28.148 [info] > git for-each-ref --format=%(refname)%00%(upstream:short)%00%(objectname)%00%(upstream:track)%00%(upstream:remotename)%00%(upstream:remoteref) refs/heads/main refs/remotes/main [2ms]
2025-02-15 18:34:28.205 [info] > git status -z -uall [36ms]
2025-02-15 18:34:28.221 [info] > git for-each-ref --sort -committerdate --format %(refname) %(objectname) %(*objectname) [22ms]
2025-02-15 18:34:28.747 [info] > git rev-parse --show-toplevel [1ms]
2025-02-15 18:34:33.272 [info] > git config --get commit.template [23ms]
2025-02-15 18:34:33.274 [info] > git for-each-ref --format=%(refname)%00%(upstream:short)%00%(objectname)%00%(upstream:track)%00%(upstream:remotename)%00%(upstream:remoteref) refs/heads/main refs/remotes/main [3ms]
2025-02-15 18:34:33.323 [info] > git status -z -uall [26ms]
2025-02-15 18:34:33.325 [info] > git for-each-ref --sort -committerdate --format %(refname) %(objectname) %(*objectname) [3ms]
2025-02-15 18:34:33.846 [info] > git rev-parse --show-toplevel [1ms]
2025-02-15 18:35:16.804 [info] > git config --get commit.template [28ms]
2025-02-15 18:35:16.805 [info] > git for-each-ref --format=%(refname)%00%(upstream:short)%00%(objectname)%00%(upstream:track)%00%(upstream:remotename)%00%(upstream:remoteref) refs/heads/main refs/remotes/main [3ms]
2025-02-15 18:35:16.856 [info] > git status -z -uall [26ms]
2025-02-15 18:35:16.858 [info] > git for-each-ref --sort -committerdate --format %(refname) %(objectname) %(*objectname) [3ms]
2025-02-15 18:35:17.384 [info] > git rev-parse --show-toplevel [1ms]
2025-02-15 18:36:15.682 [info] > git config --get commit.template [32ms]
2025-02-15 18:36:15.683 [info] > git for-each-ref --format=%(refname)%00%(upstream:short)%00%(objectname)%00%(upstream:track)%00%(upstream:remotename)%00%(upstream:remoteref) refs/heads/main refs/remotes/main [4ms]
2025-02-15 18:36:15.737 [info] > git status -z -uall [25ms]
2025-02-15 18:36:15.739 [info] > git for-each-ref --sort -committerdate --format %(refname) %(objectname) %(*objectname) [4ms]
2025-02-15 18:36:16.264 [info] > git rev-parse --show-toplevel [2ms]
2025-02-15 18:36:20.786 [info] > git config --get commit.template [21ms]
2025-02-15 18:36:20.786 [info] > git for-each-ref --format=%(refname)%00%(upstream:short)%00%(objectname)%00%(upstream:track)%00%(upstream:remotename)%00%(upstream:remoteref) refs/heads/main refs/remotes/main [1ms]
2025-02-15 18:36:20.853 [info] > git status -z -uall [45ms]
2025-02-15 18:36:20.854 [info] > git for-each-ref --sort -committerdate --format %(refname) %(objectname) %(*objectname) [17ms]
2025-02-15 18:36:21.597 [info] > git rev-parse --show-toplevel [3ms]
2025-02-15 18:37:46.433 [info] > git config --get commit.template [23ms]
2025-02-15 18:37:46.434 [info] > git for-each-ref --format=%(refname)%00%(upstream:short)%00%(objectname)%00%(upstream:track)%00%(upstream:remotename)%00%(upstream:remoteref) refs/heads/main refs/remotes/main [2ms]
2025-02-15 18:37:46.480 [info] > git status -z -uall [23ms]
2025-02-15 18:37:46.482 [info] > git for-each-ref --sort -committerdate --format %(refname) %(objectname) %(*objectname) [3ms]
2025-02-15 18:37:47.071 [info] > git rev-parse --show-toplevel [9ms]
2025-02-15 18:37:53.133 [info] > git config --get commit.template [11ms]
2025-02-15 18:37:53.166 [info] > git for-each-ref --format=%(refname)%00%(upstream:short)%00%(objectname)%00%(upstream:track)%00%(upstream:remotename)%00%(upstream:remoteref) refs/heads/main refs/remotes/main [3ms]
2025-02-15 18:37:53.241 [info] > git status -z -uall [30ms]
2025-02-15 18:37:53.244 [info] > git for-each-ref --sort -committerdate --format %(refname) %(objectname) %(*objectname) [4ms]
2025-02-15 18:37:53.770 [info] > git rev-parse --show-toplevel [2ms]
2025-02-15 18:37:58.288 [info] > git config --get commit.template [20ms]
2025-02-15 18:37:58.289 [info] > git for-each-ref --format=%(refname)%00%(upstream:short)%00%(objectname)%00%(upstream:track)%00%(upstream:remotename)%00%(upstream:remoteref) refs/heads/main refs/remotes/main [2ms]
2025-02-15 18:37:58.328 [info] > git status -z -uall [20ms]
2025-02-15 18:37:58.329 [info] > git for-each-ref --sort -committerdate --format %(refname) %(objectname) %(*objectname) [2ms]
2025-02-15 18:37:58.850 [info] > git rev-parse --show-toplevel [2ms]
2025-02-15 18:40:17.234 [info] > git config --get commit.template [5ms]
2025-02-15 18:40:17.262 [info] > git for-each-ref --format=%(refname)%00%(upstream:short)%00%(objectname)%00%(upstream:track)%00%(upstream:remotename)%00%(upstream:remoteref) refs/heads/main refs/remotes/main [2ms]
2025-02-15 18:40:17.311 [info] > git status -z -uall [24ms]
2025-02-15 18:40:17.313 [info] > git for-each-ref --sort -committerdate --format %(refname) %(objectname) %(*objectname) [2ms]
2025-02-15 18:40:17.843 [info] > git rev-parse --show-toplevel [2ms]
2025-02-15 18:40:22.363 [info] > git config --get commit.template [23ms]
2025-02-15 18:40:22.363 [info] > git for-each-ref --format=%(refname)%00%(upstream:short)%00%(objectname)%00%(upstream:track)%00%(upstream:remotename)%00%(upstream:remoteref) refs/heads/main refs/remotes/main [2ms]
2025-02-15 18:40:22.409 [info] > git status -z -uall [25ms]
2025-02-15 18:40:22.410 [info] > git for-each-ref --sort -committerdate --format %(refname) %(objectname) %(*objectname) [2ms]
2025-02-15 18:40:22.932 [info] > git rev-parse --show-toplevel [2ms]
2025-02-15 18:41:22.927 [info] > git config --get commit.template [13ms]
2025-02-15 18:41:22.952 [info] > git for-each-ref --format=%(refname)%00%(upstream:short)%00%(objectname)%00%(upstream:track)%00%(upstream:remotename)%00%(upstream:remoteref) refs/heads/main refs/remotes/main [3ms]
2025-02-15 18:41:22.997 [info] > git status -z -uall [22ms]
2025-02-15 18:41:22.998 [info] > git for-each-ref --sort -committerdate --format %(refname) %(objectname) %(*objectname) [2ms]
2025-02-15 18:41:23.527 [info] > git rev-parse --show-toplevel [1ms]
2025-02-15 18:41:49.588 [info] > git config --get commit.template [28ms]
2025-02-15 18:41:49.589 [info] > git for-each-ref --format=%(refname)%00%(upstream:short)%00%(objectname)%00%(upstream:track)%00%(upstream:remotename)%00%(upstream:remoteref) refs/heads/main refs/remotes/main [2ms]
2025-02-15 18:41:49.643 [info] > git status -z -uall [27ms]
2025-02-15 18:41:49.645 [info] > git for-each-ref --sort -committerdate --format %(refname) %(objectname) %(*objectname) [3ms]
2025-02-15 18:41:50.167 [info] > git rev-parse --show-toplevel [2ms]
2025-02-15 18:42:06.819 [info] > git config --get commit.template [18ms]
2025-02-15 18:42:06.820 [info] > git for-each-ref --format=%(refname)%00%(upstream:short)%00%(objectname)%00%(upstream:track)%00%(upstream:remotename)%00%(upstream:remoteref) refs/heads/main refs/remotes/main [1ms]
2025-02-15 18:42:06.857 [info] > git status -z -uall [19ms]
2025-02-15 18:42:06.858 [info] > git for-each-ref --sort -committerdate --format %(refname) %(objectname) %(*objectname) [2ms]
2025-02-15 18:42:07.379 [info] > git rev-parse --show-toplevel [2ms]
2025-02-15 18:44:04.455 [info] > git config --get commit.template [2ms]
2025-02-15 18:44:04.485 [info] > git for-each-ref --format=%(refname)%00%(upstream:short)%00%(objectname)%00%(upstream:track)%00%(upstream:remotename)%00%(upstream:remoteref) refs/heads/main refs/remotes/main [3ms]
2025-02-15 18:44:04.536 [info] > git status -z -uall [27ms]
2025-02-15 18:44:04.538 [info] > git for-each-ref --sort -committerdate --format %(refname) %(objectname) %(*objectname) [3ms]
2025-02-15 18:44:05.061 [info] > git rev-parse --show-toplevel [2ms]
2025-02-15 18:44:09.591 [info] > git config --get commit.template [27ms]
2025-02-15 18:44:09.593 [info] > git for-each-ref --format=%(refname)%00%(upstream:short)%00%(objectname)%00%(upstream:track)%00%(upstream:remotename)%00%(upstream:remoteref) refs/heads/main refs/remotes/main [3ms]
2025-02-15 18:44:09.636 [info] > git status -z -uall [20ms]
2025-02-15 18:44:09.638 [info] > git for-each-ref --sort -committerdate --format %(refname) %(objectname) %(*objectname) [2ms]
2025-02-15 18:44:10.241 [info] > git rev-parse --show-toplevel [8ms]
2025-02-15 18:45:38.429 [info] > git config --get commit.template [28ms]
2025-02-15 18:45:38.430 [info] > git for-each-ref --format=%(refname)%00%(upstream:short)%00%(objectname)%00%(upstream:track)%00%(upstream:remotename)%00%(upstream:remoteref) refs/heads/main refs/remotes/main [2ms]
2025-02-15 18:45:38.484 [info] > git status -z -uall [27ms]
2025-02-15 18:45:38.486 [info] > git for-each-ref --sort -committerdate --format %(refname) %(objectname) %(*objectname) [3ms]
2025-02-15 18:45:39.013 [info] > git rev-parse --show-toplevel [2ms]
2025-02-15 18:45:43.538 [info] > git config --get commit.template [24ms]
2025-02-15 18:45:43.539 [info] > git for-each-ref --format=%(refname)%00%(upstream:short)%00%(objectname)%00%(upstream:track)%00%(upstream:remotename)%00%(upstream:remoteref) refs/heads/main refs/remotes/main [2ms]
2025-02-15 18:45:43.588 [info] > git status -z -uall [23ms]
2025-02-15 18:45:43.590 [info] > git for-each-ref --sort -committerdate --format %(refname) %(objectname) %(*objectname) [3ms]
2025-02-15 18:45:44.116 [info] > git rev-parse --show-toplevel [2ms]
2025-02-15 18:47:37.335 [info] > git config --get commit.template [3ms]
2025-02-15 18:47:37.368 [info] > git for-each-ref --format=%(refname)%00%(upstream:short)%00%(objectname)%00%(upstream:track)%00%(upstream:remotename)%00%(upstream:remoteref) refs/heads/main refs/remotes/main [5ms]
2025-02-15 18:47:37.424 [info] > git status -z -uall [29ms]
2025-02-15 18:47:37.426 [info] > git for-each-ref --sort -committerdate --format %(refname) %(objectname) %(*objectname) [3ms]
2025-02-15 18:47:37.958 [info] > git rev-parse --show-toplevel [2ms]
2025-02-15 18:47:42.454 [info] > git config --get commit.template [3ms]
2025-02-15 18:47:42.487 [info] > git for-each-ref --format=%(refname)%00%(upstream:short)%00%(objectname)%00%(upstream:track)%00%(upstream:remotename)%00%(upstream:remoteref) refs/heads/main refs/remotes/main [4ms]
2025-02-15 18:47:42.532 [info] > git status -z -uall [24ms]
2025-02-15 18:47:42.537 [info] > git for-each-ref --sort -committerdate --format %(refname) %(objectname) %(*objectname) [6ms]
2025-02-15 18:47:43.098 [info] > git rev-parse --show-toplevel [5ms]
2025-02-15 18:48:05.291 [info] > git config --get commit.template [19ms]
2025-02-15 18:48:05.293 [info] > git for-each-ref --format=%(refname)%00%(upstream:short)%00%(objectname)%00%(upstream:track)%00%(upstream:remotename)%00%(upstream:remoteref) refs/heads/main refs/remotes/main [1ms]
2025-02-15 18:48:05.331 [info] > git status -z -uall [19ms]
2025-02-15 18:48:05.333 [info] > git for-each-ref --sort -committerdate --format %(refname) %(objectname) %(*objectname) [1ms]
2025-02-15 18:48:05.890 [info] > git rev-parse --show-toplevel [2ms]
2025-02-15 18:49:06.322 [info] > git config --get commit.template [8ms]
2025-02-15 18:49:06.354 [info] > git for-each-ref --format=%(refname)%00%(upstream:short)%00%(objectname)%00%(upstream:track)%00%(upstream:remotename)%00%(upstream:remoteref) refs/heads/main refs/remotes/main [2ms]
2025-02-15 18:49:06.406 [info] > git status -z -uall [27ms]
2025-02-15 18:49:06.408 [info] > git for-each-ref --sort -committerdate --format %(refname) %(objectname) %(*objectname) [3ms]
2025-02-15 18:49:06.931 [info] > git rev-parse --show-toplevel [1ms]
2025-02-15 18:49:11.451 [info] > git config --get commit.template [21ms]
2025-02-15 18:49:11.452 [info] > git for-each-ref --format=%(refname)%00%(upstream:short)%00%(objectname)%00%(upstream:track)%00%(upstream:remotename)%00%(upstream:remoteref) refs/heads/main refs/remotes/main [2ms]
2025-02-15 18:49:11.493 [info] > git status -z -uall [21ms]
2025-02-15 18:49:11.494 [info] > git for-each-ref --sort -committerdate --format %(refname) %(objectname) %(*objectname) [2ms]
2025-02-15 18:49:12.024 [info] > git rev-parse --show-toplevel [4ms]
2025-02-15 18:49:38.861 [info] > git config --get commit.template [4ms]
2025-02-15 18:49:38.890 [info] > git for-each-ref --format=%(refname)%00%(upstream:short)%00%(objectname)%00%(upstream:track)%00%(upstream:remotename)%00%(upstream:remoteref) refs/heads/main refs/remotes/main [3ms]
2025-02-15 18:49:38.938 [info] > git status -z -uall [26ms]
2025-02-15 18:49:38.940 [info] > git for-each-ref --sort -committerdate --format %(refname) %(objectname) %(*objectname) [2ms]
2025-02-15 18:49:39.507 [info] > git rev-parse --show-toplevel [5ms]
2025-02-15 18:49:53.251 [info] > git config --get commit.template [9ms]
2025-02-15 18:49:53.295 [info] > git for-each-ref --format=%(refname)%00%(upstream:short)%00%(objectname)%00%(upstream:track)%00%(upstream:remotename)%00%(upstream:remoteref) refs/heads/main refs/remotes/main [5ms]
2025-02-15 18:49:53.351 [info] > git status -z -uall [28ms]
2025-02-15 18:49:53.353 [info] > git for-each-ref --sort -committerdate --format %(refname) %(objectname) %(*objectname) [3ms]
2025-02-15 18:49:53.875 [info] > git rev-parse --show-toplevel [1ms]
2025-02-15 18:50:20.030 [info] > git config --get commit.template [50ms]
2025-02-15 18:50:20.066 [info] > git for-each-ref --format=%(refname)%00%(upstream:short)%00%(objectname)%00%(upstream:track)%00%(upstream:remotename)%00%(upstream:remoteref) refs/heads/main refs/remotes/main [3ms]
2025-02-15 18:50:20.116 [info] > git status -z -uall [24ms]
2025-02-15 18:50:20.120 [info] > git for-each-ref --sort -committerdate --format %(refname) %(objectname) %(*objectname) [3ms]
2025-02-15 18:50:20.648 [info] > git rev-parse --show-toplevel [2ms]
2025-02-15 18:50:25.158 [info] > git config --get commit.template [11ms]
2025-02-15 18:50:25.183 [info] > git for-each-ref --format=%(refname)%00%(upstream:short)%00%(objectname)%00%(upstream:track)%00%(upstream:remotename)%00%(upstream:remoteref) refs/heads/main refs/remotes/main [2ms]
2025-02-15 18:50:25.230 [info] > git status -z -uall [24ms]
2025-02-15 18:50:25.234 [info] > git for-each-ref --sort -committerdate --format %(refname) %(objectname) %(*objectname) [6ms]
2025-02-15 18:50:25.769 [info] > git rev-parse --show-toplevel [2ms]
2025-02-15 18:50:34.974 [info] > git config --get commit.template [13ms]
2025-02-15 18:50:35.005 [info] > git for-each-ref --format=%(refname)%00%(upstream:short)%00%(objectname)%00%(upstream:track)%00%(upstream:remotename)%00%(upstream:remoteref) refs/heads/main refs/remotes/main [3ms]
2025-02-15 18:50:35.075 [info] > git status -z -uall [30ms]
2025-02-15 18:50:35.077 [info] > git for-each-ref --sort -committerdate --format %(refname) %(objectname) %(*objectname) [3ms]
2025-02-15 18:50:35.604 [info] > git rev-parse --show-toplevel [2ms]
2025-02-15 18:50:40.104 [info] > git config --get commit.template [2ms]
2025-02-15 18:50:40.128 [info] > git for-each-ref --format=%(refname)%00%(upstream:short)%00%(objectname)%00%(upstream:track)%00%(upstream:remotename)%00%(upstream:remoteref) refs/heads/main refs/remotes/main [2ms]
2025-02-15 18:50:40.171 [info] > git status -z -uall [22ms]
2025-02-15 18:50:40.173 [info] > git for-each-ref --sort -committerdate --format %(refname) %(objectname) %(*objectname) [3ms]
2025-02-15 18:50:40.701 [info] > git rev-parse --show-toplevel [3ms]
2025-02-15 18:51:01.787 [info] > git config --get commit.template [21ms]
2025-02-15 18:51:01.789 [info] > git for-each-ref --format=%(refname)%00%(upstream:short)%00%(objectname)%00%(upstream:track)%00%(upstream:remotename)%00%(upstream:remoteref) refs/heads/main refs/remotes/main [3ms]
2025-02-15 18:51:01.827 [info] > git status -z -uall [19ms]
2025-02-15 18:51:01.828 [info] > git for-each-ref --sort -committerdate --format %(refname) %(objectname) %(*objectname) [2ms]
2025-02-15 18:51:02.388 [info] > git rev-parse --show-toplevel [1ms]
2025-02-15 18:52:02.996 [info] > git config --get commit.template [6ms]
2025-02-15 18:52:03.019 [info] > git for-each-ref --format=%(refname)%00%(upstream:short)%00%(objectname)%00%(upstream:track)%00%(upstream:remotename)%00%(upstream:remoteref) refs/heads/main refs/remotes/main [2ms]
2025-02-15 18:52:03.064 [info] > git status -z -uall [24ms]
2025-02-15 18:52:03.068 [info] > git for-each-ref --sort -committerdate --format %(refname) %(objectname) %(*objectname) [4ms]
2025-02-15 18:52:03.641 [info] > git rev-parse --show-toplevel [2ms]
2025-02-15 18:52:08.262 [info] > git config --get commit.template [6ms]
2025-02-15 18:52:08.292 [info] > git for-each-ref --format=%(refname)%00%(upstream:short)%00%(objectname)%00%(upstream:track)%00%(upstream:remotename)%00%(upstream:remoteref) refs/heads/main refs/remotes/main [3ms]
2025-02-15 18:52:08.349 [info] > git status -z -uall [29ms]
2025-02-15 18:52:08.351 [info] > git for-each-ref --sort -committerdate --format %(refname) %(objectname) %(*objectname) [3ms]
2025-02-15 18:52:08.879 [info] > git rev-parse --show-toplevel [1ms]
2025-02-15 18:52:13.451 [info] > git config --get commit.template [2ms]
2025-02-15 18:52:13.497 [info] > git for-each-ref --format=%(refname)%00%(upstream:short)%00%(objectname)%00%(upstream:track)%00%(upstream:remotename)%00%(upstream:remoteref) refs/heads/main refs/remotes/main [7ms]
2025-02-15 18:52:13.749 [info] > git status -z -uall [121ms]
2025-02-15 18:52:13.751 [info] > git for-each-ref --sort -committerdate --format %(refname) %(objectname) %(*objectname) [100ms]
2025-02-15 18:52:14.352 [info] > git rev-parse --show-toplevel [5ms]
2025-02-15 18:52:30.669 [info] > git config --get commit.template [2ms]
2025-02-15 18:52:30.696 [info] > git for-each-ref --format=%(refname)%00%(upstream:short)%00%(objectname)%00%(upstream:track)%00%(upstream:remotename)%00%(upstream:remoteref) refs/heads/main refs/remotes/main [2ms]
2025-02-15 18:52:30.750 [info] > git status -z -uall [29ms]
2025-02-15 18:52:30.751 [info] > git for-each-ref --sort -committerdate --format %(refname) %(objectname) %(*objectname) [3ms]
2025-02-15 18:52:31.277 [info] > git rev-parse --show-toplevel [1ms]
2025-02-15 18:52:35.781 [info] > git config --get commit.template [4ms]
2025-02-15 18:52:35.804 [info] > git for-each-ref --format=%(refname)%00%(upstream:short)%00%(objectname)%00%(upstream:track)%00%(upstream:remotename)%00%(upstream:remoteref) refs/heads/main refs/remotes/main [2ms]
2025-02-15 18:52:35.850 [info] > git status -z -uall [23ms]
2025-02-15 18:52:35.851 [info] > git for-each-ref --sort -committerdate --format %(refname) %(objectname) %(*objectname) [2ms]
2025-02-15 18:52:36.373 [info] > git rev-parse --show-toplevel [2ms]
2025-02-15 18:54:06.083 [info] > git config --get commit.template [1ms]
2025-02-15 18:54:06.129 [info] > git for-each-ref --format=%(refname)%00%(upstream:short)%00%(objectname)%00%(upstream:track)%00%(upstream:remotename)%00%(upstream:remoteref) refs/heads/main refs/remotes/main [5ms]
2025-02-15 18:54:06.220 [info] > git status -z -uall [55ms]
2025-02-15 18:54:06.221 [info] > git for-each-ref --sort -committerdate --format %(refname) %(objectname) %(*objectname) [27ms]
2025-02-15 18:54:06.746 [info] > git rev-parse --show-toplevel [1ms]
2025-02-15 18:54:11.262 [info] > git config --get commit.template [19ms]
2025-02-15 18:54:11.263 [info] > git for-each-ref --format=%(refname)%00%(upstream:short)%00%(objectname)%00%(upstream:track)%00%(upstream:remotename)%00%(upstream:remoteref) refs/heads/main refs/remotes/main [2ms]
2025-02-15 18:54:11.300 [info] > git status -z -uall [19ms]
2025-02-15 18:54:11.302 [info] > git for-each-ref --sort -committerdate --format %(refname) %(objectname) %(*objectname) [2ms]
2025-02-15 18:54:11.826 [info] > git rev-parse --show-toplevel [2ms]
2025-02-15 18:54:30.121 [info] > git config --get commit.template [7ms]
2025-02-15 18:54:30.165 [info] > git for-each-ref --format=%(refname)%00%(upstream:short)%00%(objectname)%00%(upstream:track)%00%(upstream:remotename)%00%(upstream:remoteref) refs/heads/main refs/remotes/main [2ms]
2025-02-15 18:54:30.220 [info] > git status -z -uall [27ms]
2025-02-15 18:54:30.221 [info] > git for-each-ref --sort -committerdate --format %(refname) %(objectname) %(*objectname) [2ms]
2025-02-15 18:54:30.751 [info] > git rev-parse --show-toplevel [2ms]
2025-02-15 18:54:35.268 [info] > git config --get commit.template [4ms]
2025-02-15 18:54:35.305 [info] > git for-each-ref --format=%(refname)%00%(upstream:short)%00%(objectname)%00%(upstream:track)%00%(upstream:remotename)%00%(upstream:remoteref) refs/heads/main refs/remotes/main [3ms]
2025-02-15 18:54:35.369 [info] > git status -z -uall [31ms]
2025-02-15 18:54:35.371 [info] > git for-each-ref --sort -committerdate --format %(refname) %(objectname) %(*objectname) [3ms]
2025-02-15 18:54:36.152 [info] > git rev-parse --show-toplevel [3ms]
2025-02-15 18:54:41.547 [info] > git config --get commit.template [18ms]
2025-02-15 18:54:41.548 [info] > git for-each-ref --format=%(refname)%00%(upstream:short)%00%(objectname)%00%(upstream:track)%00%(upstream:remotename)%00%(upstream:remoteref) refs/heads/main refs/remotes/main [1ms]
2025-02-15 18:54:41.585 [info] > git status -z -uall [18ms]
2025-02-15 18:54:41.587 [info] > git for-each-ref --sort -committerdate --format %(refname) %(objectname) %(*objectname) [1ms]
2025-02-15 18:54:42.110 [info] > git rev-parse --show-toplevel [1ms]
2025-02-15 18:55:47.045 [info] > git config --get commit.template [4ms]
2025-02-15 18:55:47.075 [info] > git for-each-ref --format=%(refname)%00%(upstream:short)%00%(objectname)%00%(upstream:track)%00%(upstream:remotename)%00%(upstream:remoteref) refs/heads/main refs/remotes/main [3ms]
2025-02-15 18:55:47.130 [info] > git status -z -uall [26ms]
2025-02-15 18:55:47.131 [info] > git for-each-ref --sort -committerdate --format %(refname) %(objectname) %(*objectname) [2ms]
2025-02-15 18:55:47.656 [info] > git rev-parse --show-toplevel [2ms]
2025-02-15 18:55:52.162 [info] > git config --get commit.template [6ms]
2025-02-15 18:55:52.185 [info] > git for-each-ref --format=%(refname)%00%(upstream:short)%00%(objectname)%00%(upstream:track)%00%(upstream:remotename)%00%(upstream:remoteref) refs/heads/main refs/remotes/main [1ms]
2025-02-15 18:55:52.225 [info] > git status -z -uall [21ms]
2025-02-15 18:55:52.226 [info] > git for-each-ref --sort -committerdate --format %(refname) %(objectname) %(*objectname) [2ms]
2025-02-15 18:55:52.747 [info] > git rev-parse --show-toplevel [1ms]
2025-02-15 18:56:01.797 [info] > git config --get commit.template [5ms]
2025-02-15 18:56:01.818 [info] > git for-each-ref --format=%(refname)%00%(upstream:short)%00%(objectname)%00%(upstream:track)%00%(upstream:remotename)%00%(upstream:remoteref) refs/heads/main refs/remotes/main [2ms]
2025-02-15 18:56:01.867 [info] > git status -z -uall [23ms]
2025-02-15 18:56:01.869 [info] > git for-each-ref --sort -committerdate --format %(refname) %(objectname) %(*objectname) [2ms]
2025-02-15 18:56:02.394 [info] > git rev-parse --show-toplevel [2ms]
2025-02-15 18:56:06.911 [info] > git config --get commit.template [20ms]
2025-02-15 18:56:06.912 [info] > git for-each-ref --format=%(refname)%00%(upstream:short)%00%(objectname)%00%(upstream:track)%00%(upstream:remotename)%00%(upstream:remoteref) refs/heads/main refs/remotes/main [2ms]
2025-02-15 18:56:06.952 [info] > git status -z -uall [20ms]
2025-02-15 18:56:06.965 [info] > git for-each-ref --sort -committerdate --format %(refname) %(objectname) %(*objectname) [14ms]
2025-02-15 18:56:07.491 [info] > git rev-parse --show-toplevel [2ms]
2025-02-15 18:56:33.478 [info] > git config --get commit.template [22ms]
2025-02-15 18:56:33.480 [info] > git for-each-ref --format=%(refname)%00%(upstream:short)%00%(objectname)%00%(upstream:track)%00%(upstream:remotename)%00%(upstream:remoteref) refs/heads/main refs/remotes/main [2ms]
2025-02-15 18:56:33.521 [info] > git status -z -uall [21ms]
2025-02-15 18:56:33.522 [info] > git for-each-ref --sort -committerdate --format %(refname) %(objectname) %(*objectname) [2ms]
2025-02-15 18:56:34.043 [info] > git rev-parse --show-toplevel [2ms]
2025-02-15 18:57:41.303 [info] > git config --get commit.template [9ms]
2025-02-15 18:57:41.327 [info] > git for-each-ref --format=%(refname)%00%(upstream:short)%00%(objectname)%00%(upstream:track)%00%(upstream:remotename)%00%(upstream:remoteref) refs/heads/main refs/remotes/main [2ms]
2025-02-15 18:57:41.374 [info] > git status -z -uall [23ms]
2025-02-15 18:57:41.376 [info] > git for-each-ref --sort -committerdate --format %(refname) %(objectname) %(*objectname) [3ms]
2025-02-15 18:57:41.899 [info] > git rev-parse --show-toplevel [2ms]
2025-02-15 18:57:46.415 [info] > git config --get commit.template [18ms]
2025-02-15 18:57:46.416 [info] > git for-each-ref --format=%(refname)%00%(upstream:short)%00%(objectname)%00%(upstream:track)%00%(upstream:remotename)%00%(upstream:remoteref) refs/heads/main refs/remotes/main [1ms]
2025-02-15 18:57:46.453 [info] > git status -z -uall [19ms]
2025-02-15 18:57:46.455 [info] > git for-each-ref --sort -committerdate --format %(refname) %(objectname) %(*objectname) [3ms]
2025-02-15 18:57:46.975 [info] > git rev-parse --show-toplevel [1ms]
2025-02-15 18:58:03.236 [info] > git config --get commit.template [25ms]
2025-02-15 18:58:03.238 [info] > git for-each-ref --format=%(refname)%00%(upstream:short)%00%(objectname)%00%(upstream:track)%00%(upstream:remotename)%00%(upstream:remoteref) refs/heads/main refs/remotes/main [3ms]
2025-02-15 18:58:03.283 [info] > git status -z -uall [25ms]
2025-02-15 18:58:03.283 [info] > git for-each-ref --sort -committerdate --format %(refname) %(objectname) %(*objectname) [2ms]
2025-02-15 18:58:03.805 [info] > git rev-parse --show-toplevel [1ms]
2025-02-15 18:58:10.566 [info] > git config --get commit.template [18ms]
2025-02-15 18:58:10.567 [info] > git for-each-ref --format=%(refname)%00%(upstream:short)%00%(objectname)%00%(upstream:track)%00%(upstream:remotename)%00%(upstream:remoteref) refs/heads/main refs/remotes/main [1ms]
2025-02-15 18:58:10.603 [info] > git status -z -uall [18ms]
2025-02-15 18:58:10.605 [info] > git for-each-ref --sort -committerdate --format %(refname) %(objectname) %(*objectname) [1ms]
2025-02-15 18:58:11.126 [info] > git rev-parse --show-toplevel [1ms]
2025-02-15 18:59:14.999 [info] > git config --get commit.template [12ms]
2025-02-15 18:59:15.022 [info] > git for-each-ref --format=%(refname)%00%(upstream:short)%00%(objectname)%00%(upstream:track)%00%(upstream:remotename)%00%(upstream:remoteref) refs/heads/main refs/remotes/main [2ms]
2025-02-15 18:59:15.068 [info] > git status -z -uall [24ms]
2025-02-15 18:59:15.069 [info] > git for-each-ref --sort -committerdate --format %(refname) %(objectname) %(*objectname) [3ms]
2025-02-15 18:59:15.600 [info] > git rev-parse --show-toplevel [2ms]
2025-02-15 18:59:21.961 [info] > git config --get commit.template [21ms]
2025-02-15 18:59:21.962 [info] > git for-each-ref --format=%(refname)%00%(upstream:short)%00%(objectname)%00%(upstream:track)%00%(upstream:remotename)%00%(upstream:remoteref) refs/heads/main refs/remotes/main [1ms]
2025-02-15 18:59:22.007 [info] > git status -z -uall [25ms]
2025-02-15 18:59:22.007 [info] > git for-each-ref --sort -committerdate --format %(refname) %(objectname) %(*objectname) [4ms]
2025-02-15 18:59:22.531 [info] > git rev-parse --show-toplevel [1ms]
2025-02-15 19:00:09.844 [info] > git config --get commit.template [3ms]
2025-02-15 19:00:09.865 [info] > git for-each-ref --format=%(refname)%00%(upstream:short)%00%(objectname)%00%(upstream:track)%00%(upstream:remotename)%00%(upstream:remoteref) refs/heads/main refs/remotes/main [1ms]
2025-02-15 19:00:09.907 [info] > git status -z -uall [22ms]
2025-02-15 19:00:09.908 [info] > git for-each-ref --sort -committerdate --format %(refname) %(objectname) %(*objectname) [3ms]
2025-02-15 19:00:10.432 [info] > git rev-parse --show-toplevel [1ms]
2025-02-15 19:00:25.714 [info] [main] Log level: Info
2025-02-15 19:00:25.714 [info] [main] Validating found git in: "git"
2025-02-15 19:00:25.714 [info] [main] Using git "2.48.1" from "git"
2025-02-15 19:00:25.714 [info] [Model][doInitialScan] Initial repository scan started
2025-02-15 19:00:25.714 [info] > git rev-parse --show-toplevel [17ms]
2025-02-15 19:00:25.717 [info] > git rev-parse --git-dir --git-common-dir [4ms]
2025-02-15 19:00:25.748 [info] [Model][openRepository] Opened repository: /home/juanluis/git-repositories/TFM-BigData
2025-02-15 19:00:25.791 [info] > git rev-parse --show-toplevel [4ms]
2025-02-15 19:00:25.793 [info] > git config --get commit.template [21ms]
2025-02-15 19:00:25.848 [info] > git rev-parse --show-toplevel [22ms]
2025-02-15 19:00:25.868 [info] > git for-each-ref --format=%(refname)%00%(upstream:short)%00%(objectname)%00%(upstream:track)%00%(upstream:remotename)%00%(upstream:remoteref) refs/heads/main refs/remotes/main [25ms]
2025-02-15 19:00:29.846 [info] > git rev-parse --show-toplevel [3979ms]
2025-02-15 19:00:31.475 [info] > git check-ignore -v -z --stdin [235ms]
2025-02-15 19:00:31.478 [info] > git rev-parse --show-toplevel [336ms]
2025-02-15 19:00:32.065 [info] > git status -z -uall [547ms]
2025-02-15 19:00:32.065 [info] > git rev-parse --show-toplevel [485ms]
2025-02-15 19:00:32.065 [info] > git for-each-ref --sort -committerdate --format %(refname) %(objectname) %(*objectname) [518ms]
2025-02-15 19:00:32.228 [info] > git for-each-ref --format=%(refname)%00%(upstream:short)%00%(objectname)%00%(upstream:track)%00%(upstream:remotename)%00%(upstream:remoteref) refs/heads/main refs/remotes/main [128ms]
2025-02-15 19:00:32.303 [info] > git config --get --local branch.main.vscode-merge-base [54ms]
2025-02-15 19:00:32.324 [info] > git config --get commit.template [134ms]
2025-02-15 19:00:32.324 [info] > git rev-parse --show-toplevel [154ms]
2025-02-15 19:00:32.359 [info] > git for-each-ref --format=%(refname)%00%(upstream:short)%00%(objectname)%00%(upstream:track)%00%(upstream:remotename)%00%(upstream:remoteref) refs/heads/origin/main refs/remotes/origin/main [36ms]
2025-02-15 19:00:32.480 [info] > git merge-base refs/heads/main refs/remotes/origin/main [100ms]
2025-02-15 19:00:32.500 [info] > git rev-parse --show-toplevel [143ms]
2025-02-15 19:00:32.504 [info] [Model][doInitialScan] Initial repository scan completed - repositories (1), closed repositories (0), parent repositories (0), unsafe repositories (0)
2025-02-15 19:00:32.596 [info] > git show --textconv :apuntes/ApuntesLennard.tex [71ms]
2025-02-15 19:00:32.596 [info] > git ls-files --stage -- /home/juanluis/git-repositories/TFM-BigData/apuntes/ApuntesLennard.tex [52ms]
2025-02-15 19:00:32.617 [info] > git diff --name-status -z --diff-filter=ADMR 9a4c39faa2200423119d99d2ecb9f4062cdacee0...refs/remotes/origin/main [117ms]
2025-02-15 19:00:32.619 [info] > git for-each-ref --format=%(refname)%00%(upstream:short)%00%(objectname)%00%(upstream:track)%00%(upstream:remotename)%00%(upstream:remoteref) refs/heads/main refs/remotes/main [147ms]
2025-02-15 19:00:32.761 [info] > git cat-file -s 0bc1aa9ab0b6bac9980c943d2546d680ce495ca5 [145ms]
2025-02-15 19:00:32.805 [info] > git rev-parse --show-toplevel [86ms]
2025-02-15 19:00:35.120 [info] > git status -z -uall [62ms]
2025-02-15 19:00:35.196 [info] > git for-each-ref --sort -committerdate --format %(refname) %(objectname) %(*objectname) [123ms]
2025-02-15 19:00:35.352 [info] > git config --get commit.template [92ms]
2025-02-15 19:00:35.433 [info] > git blame --root --incremental 9a4c39faa2200423119d99d2ecb9f4062cdacee0 -- /home/juanluis/git-repositories/TFM-BigData/apuntes/ApuntesLennard.tex [50ms]
2025-02-15 19:00:35.465 [info] > git for-each-ref --format=%(refname)%00%(upstream:short)%00%(objectname)%00%(upstream:track)%00%(upstream:remotename)%00%(upstream:remoteref) refs/heads/main refs/remotes/main [38ms]
2025-02-15 19:00:36.097 [info] > git status -z -uall [29ms]
2025-02-15 19:00:36.135 [info] > git rev-parse --show-toplevel [203ms]
2025-02-15 19:00:36.201 [info] > git for-each-ref --sort -committerdate --format %(refname) %(objectname) %(*objectname) [114ms]
2025-02-15 19:00:37.128 [info] > git config --get commit.template [638ms]
2025-02-15 19:00:37.818 [info] > git rev-parse --show-toplevel [648ms]
2025-02-15 19:00:37.932 [info] > git config --get --local branch.main.github-pr-owner-number [262ms]
2025-02-15 19:00:37.932 [warning] [Git][config] git config failed: Failed to execute git
2025-02-15 19:00:37.957 [info] > git for-each-ref --format=%(refname)%00%(upstream:short)%00%(objectname)%00%(upstream:track)%00%(upstream:remotename)%00%(upstream:remoteref) refs/heads/main refs/remotes/main [315ms]
2025-02-15 19:00:38.139 [info] > git status -z -uall [30ms]
2025-02-15 19:00:38.140 [info] > git for-each-ref --sort -committerdate --format %(refname) %(objectname) %(*objectname) [8ms]
2025-02-15 19:00:38.706 [info] > git ls-files --stage -- /home/juanluis/git-repositories/TFM-BigData/apuntes/ApuntesLennard.tex [24ms]
2025-02-15 19:00:38.740 [info] > git cat-file -s 0bc1aa9ab0b6bac9980c943d2546d680ce495ca5 [13ms]
2025-02-15 19:00:38.741 [info] > git rev-parse --show-toplevel [38ms]
2025-02-15 19:00:38.787 [info] > git show --textconv :apuntes/ApuntesLennard.tex [8ms]
2025-02-15 19:00:40.475 [info] > git config --get commit.template [24ms]
2025-02-15 19:00:40.476 [info] > git for-each-ref --format=%(refname)%00%(upstream:short)%00%(objectname)%00%(upstream:track)%00%(upstream:remotename)%00%(upstream:remoteref) refs/heads/main refs/remotes/main [3ms]
2025-02-15 19:00:40.515 [info] > git status -z -uall [19ms]
2025-02-15 19:00:40.517 [info] > git for-each-ref --sort -committerdate --format %(refname) %(objectname) %(*objectname) [2ms]
2025-02-15 19:00:40.552 [info] > git ls-files --stage -- /home/juanluis/git-repositories/TFM-BigData/apuntes/ApuntesLennard.tex [2ms]
2025-02-15 19:00:40.571 [info] > git cat-file -s 45963d388e089e3952e1ce043ef8e13116a05f36 [2ms]
2025-02-15 19:00:40.595 [info] > git show --textconv :apuntes/ApuntesLennard.tex [3ms]
2025-02-15 19:00:40.859 [info] > git show --textconv HEAD:apuntes/ApuntesLennard.tex [18ms]
2025-02-15 19:00:40.861 [info] > git ls-tree -l HEAD -- /home/juanluis/git-repositories/TFM-BigData/apuntes/ApuntesLennard.tex [2ms]
2025-02-15 19:00:41.038 [info] > git rev-parse --show-toplevel [1ms]
2025-02-15 19:00:53.551 [info] > git config --get commit.template [20ms]
2025-02-15 19:00:53.552 [info] > git for-each-ref --format=%(refname)%00%(upstream:short)%00%(objectname)%00%(upstream:track)%00%(upstream:remotename)%00%(upstream:remoteref) refs/heads/main refs/remotes/main [2ms]
2025-02-15 19:00:53.593 [info] > git status -z -uall [21ms]
2025-02-15 19:00:53.594 [info] > git for-each-ref --sort -committerdate --format %(refname) %(objectname) %(*objectname) [2ms]
2025-02-15 19:00:53.715 [info] > git merge-base refs/heads/main refs/remotes/origin/main [75ms]
2025-02-15 19:00:53.737 [info] > git blame --root --incremental d1cf5ceea5d72f7b0e9ff6715ac128840fd3d136 -- /home/juanluis/git-repositories/TFM-BigData/apuntes/ApuntesLennard.tex [115ms]
2025-02-15 19:00:53.760 [info] > git diff --name-status -z --diff-filter=ADMR 9a4c39faa2200423119d99d2ecb9f4062cdacee0...refs/remotes/origin/main [24ms]
2025-02-15 19:00:53.799 [info] > git ls-files --stage -- /home/juanluis/git-repositories/TFM-BigData/apuntes/ApuntesLennard.tex [20ms]
2025-02-15 19:00:53.816 [info] > git config --get --local branch.main.github-pr-owner-number [57ms]
2025-02-15 19:00:53.816 [warning] [Git][config] git config failed: Failed to execute git
2025-02-15 19:00:53.837 [info] > git cat-file -s 45963d388e089e3952e1ce043ef8e13116a05f36 [21ms]
2025-02-15 19:00:53.837 [info] > git ls-tree -l HEAD -- /home/juanluis/git-repositories/TFM-BigData/apuntes/ApuntesLennard.tex [40ms]
2025-02-15 19:00:53.874 [info] > git show --textconv :apuntes/ApuntesLennard.tex [19ms]
2025-02-15 19:00:53.876 [info] > git show --textconv HEAD:apuntes/ApuntesLennard.tex [3ms]
2025-02-15 19:00:54.120 [info] > git rev-parse --show-toplevel [2ms]
2025-02-15 19:00:58.531 [info] > git ls-files --stage -- /home/juanluis/git-repositories/TFM-BigData/apuntes/ApuntesLennard.tex [17ms]
2025-02-15 19:00:58.547 [info] > git ls-tree -l HEAD -- /home/juanluis/git-repositories/TFM-BigData/apuntes/ApuntesLennard.tex [17ms]
2025-02-15 19:00:58.548 [info] > git cat-file -s 45963d388e089e3952e1ce043ef8e13116a05f36 [2ms]
2025-02-15 19:00:58.581 [info] > git show --textconv HEAD:apuntes/ApuntesLennard.tex [16ms]
2025-02-15 19:00:58.583 [info] > git show --textconv :apuntes/ApuntesLennard.tex [2ms]
2025-02-15 19:00:58.677 [info] > git config --get commit.template [19ms]
2025-02-15 19:00:58.678 [info] > git for-each-ref --format=%(refname)%00%(upstream:short)%00%(objectname)%00%(upstream:track)%00%(upstream:remotename)%00%(upstream:remoteref) refs/heads/main refs/remotes/main [2ms]
2025-02-15 19:00:58.716 [info] > git status -z -uall [21ms]
2025-02-15 19:00:58.718 [info] > git for-each-ref --sort -committerdate --format %(refname) %(objectname) %(*objectname) [2ms]
2025-02-15 19:00:58.762 [info] > git merge-base refs/heads/main refs/remotes/origin/main [21ms]
2025-02-15 19:00:58.782 [info] > git config --get --local branch.main.github-pr-owner-number [20ms]
2025-02-15 19:00:58.782 [warning] [Git][config] git config failed: Failed to execute git
2025-02-15 19:00:58.800 [info] > git diff --name-status -z --diff-filter=ADMR d1cf5ceea5d72f7b0e9ff6715ac128840fd3d136...refs/remotes/origin/main [20ms]
2025-02-15 19:00:59.237 [info] > git rev-parse --show-toplevel [1ms]
