2025-02-17 13:23:04.337 [warning] /home/juanluis/.ssh/config: ENOENT: no such file or directory, open '/home/juanluis/.ssh/config'
2025-02-17 13:23:04.337 [info] Activation> Extension version: 0.104.1
2025-02-17 13:23:07.096 [info] Looking for git repository
2025-02-17 13:23:07.096 [info] Found 0 repositories during activation
2025-02-17 13:23:07.096 [info] Git repository found, initializing review manager and pr tree view.
2025-02-17 13:23:07.106 [info] Registering git provider
2025-02-17 13:23:07.106 [info] Review+0> Validate state in progress
2025-02-17 13:23:07.106 [info] Review+0> Validating state...
2025-02-17 13:23:07.439 [info] Found GitHub remote for folder /home/juanluis/git-repositories/TFM-BigData
2025-02-17 13:23:07.545 [info] Repo state for file:///home/juanluis/git-repositories/TFM-BigData changed.
2025-02-17 13:23:07.545 [info] Repo file:///home/juanluis/git-repositories/TFM-BigData has already been setup.
2025-02-17 13:23:08.440 [info] FolderRepositoryManager+0> Trying to use globalState for assignableUsers.
2025-02-17 13:23:08.818 [info] Review+0> No matching pull request metadata found locally for current branch main
2025-02-17 13:23:08.866 [info] FolderRepositoryManager+0> Using globalState assignableUsers for 1.
2025-02-17 13:23:09.371 [info] Review+0> No matching pull request metadata found on GitHub for current branch main
2025-02-17 13:25:49.300 [warning] /home/juanluis/.ssh/config: ENOENT: no such file or directory, open '/home/juanluis/.ssh/config'
2025-02-17 13:25:49.300 [info] Activation> Extension version: 0.104.1
2025-02-17 13:25:52.094 [info] Looking for git repository
2025-02-17 13:25:52.094 [info] Found 0 repositories during activation
2025-02-17 13:25:52.094 [info] Git repository found, initializing review manager and pr tree view.
2025-02-17 13:25:52.102 [info] Registering git provider
2025-02-17 13:25:52.102 [info] Review+0> Validate state in progress
2025-02-17 13:25:52.102 [info] Review+0> Validating state...
2025-02-17 13:25:52.205 [info] Found GitHub remote for folder /home/juanluis/git-repositories/TFM-BigData
2025-02-17 13:25:52.331 [info] Repo state for file:///home/juanluis/git-repositories/TFM-BigData changed.
2025-02-17 13:25:52.331 [info] Repo file:///home/juanluis/git-repositories/TFM-BigData has already been setup.
2025-02-17 13:25:52.644 [info] FolderRepositoryManager+0> Trying to use globalState for assignableUsers.
2025-02-17 13:25:52.821 [info] Review+0> No matching pull request metadata found locally for current branch main
2025-02-17 13:25:54.547 [info] FolderRepositoryManager+0> Using globalState assignableUsers for 1.
2025-02-17 13:25:55.385 [info] Review+0> No matching pull request metadata found on GitHub for current branch main
2025-02-17 13:27:55.516 [warning] /home/juanluis/.ssh/config: ENOENT: no such file or directory, open '/home/juanluis/.ssh/config'
2025-02-17 13:27:55.516 [info] Activation> Extension version: 0.104.1
2025-02-17 13:27:58.353 [info] Looking for git repository
2025-02-17 13:27:58.353 [info] Found 0 repositories during activation
2025-02-17 13:27:58.353 [info] Git repository found, initializing review manager and pr tree view.
2025-02-17 13:27:58.359 [info] Registering git provider
2025-02-17 13:27:58.359 [info] Review+0> Validate state in progress
2025-02-17 13:27:58.359 [info] Review+0> Validating state...
2025-02-17 13:27:58.519 [info] Found GitHub remote for folder /home/juanluis/git-repositories/TFM-BigData
2025-02-17 13:27:58.727 [info] Repo state for file:///home/juanluis/git-repositories/TFM-BigData changed.
2025-02-17 13:27:58.728 [info] Repo file:///home/juanluis/git-repositories/TFM-BigData has already been setup.
2025-02-17 13:27:59.021 [info] FolderRepositoryManager+0> Trying to use globalState for assignableUsers.
2025-02-17 13:27:59.226 [info] Review+0> No matching pull request metadata found locally for current branch main
2025-02-17 13:27:59.293 [info] FolderRepositoryManager+0> Using globalState assignableUsers for 1.
2025-02-17 13:28:00.836 [info] Review+0> No matching pull request metadata found on GitHub for current branch main
