[1739804844542] INFO  (ext): SQLTools is starting
[1739804844545] INFO  (ext): initializing language client...
[1739804844548] INFO  (ext): Registering client for languages [{"scheme":"sqltools"},{"language":"sql","scheme":"untitled"},{"language":"sql","scheme":"file"},{"language":"sql","scheme":"sqltools"}]
    ns: "lc"
[1739804844558] INFO  (ext): loading plugins...
[1739804844559] INFO  (ext): registering Formatter Plugin.
    plugin: {
      "name": "Formatter Plugin"
    }
[1739804844559] INFO  (ext): registering Connection Manager Plugin.
    plugin: {
      "name": "Connection Manager Plugin"
    }
[1739804844560] INFO  (ext): registering CodeLens Plugin.
    plugin: {
      "name": "CodeLens Plugin",
      "registeredLanguages": []
    }
[1739804844562] INFO  (ext): registering Dependency Manager Plugin.
    plugin: {
      "name": "Dependency Manager Plugin",
      "installingDrivers": []
    }
[1739804844567] INFO  (ext): Connection explorer changed. Will be updated.
    ns: "conn-man:explorer"
[1739804844568] INFO  (ext): registering History Manager Plugin.
    plugin: {
      "name": "History Manager Plugin"
    }
[1739804844569] INFO  (ext): registering Bookmarks Manager Plugin.
    plugin: {
      "name": "Bookmarks Manager Plugin"
    }
[1739804844570] INFO  (ext): registering Authentication Provider Plugin.
    plugin: {
      "name": "Authentication Provider Plugin",
      "isRegistered": false
    }
[1739804844570] INFO  (ext): registering Object Drop-in Provider (plugin).
    plugin: {
      "type": "plugin",
      "name": "Object Drop-in Provider",
      "isRegistered": false
    }
[1739804844572] INFO  (ext): SQLTools activation completed. 29.892074 ms
[1739804844573] INFO  (ext): Formatter Plugin registered!
[1739804844573] INFO  (ext): CodeLens Plugin registered!
[1739804844573] INFO  (ext): Dependency Manager Plugin registered!
[1739804844573] INFO  (ext): Connection Manager Plugin registered!
[1739804844573] INFO  (ext): History Manager Plugin registered!
[1739804844573] INFO  (ext): Bookmarks Manager Plugin registered!
[1739804844573] INFO  (ext): Authentication Provider Plugin registered!
[1739804844573] INFO  (ext): Object Drop-in Provider (plugin) registered!
[1739804844633] INFO  (ext): Connection explorer changed. Will be updated.
    ns: "conn-man:explorer"
[1739804844736] INFO  (ext): Connection explorer changed. Will be updated.
    ns: "conn-man:explorer"
[1739804845093] INFO  (ls): SQLTools Server started!
===============================
Using node runtime?: no
ExecPath: /usr/share/code/code 
===============================
[1739804845403] INFO  (ext): LanguageClient ready
    ns: "lc"
[1739804845399] INFO  (ls): Initialized with node version:v20.18.1
[1739804845583] INFO  (ext): EXECUTING COMMAND => sqltools.refreshTree
[1739804845583] INFO  (ext): Connection explorer changed. Will be updated.
    ns: "conn-man:explorer"
[1739804849323] INFO  (ext): Connection explorer changed. Will be updated.
    ns: "conn-man:explorer"
[1739804851810] INFO  (ext): Connection explorer changed. Will be updated.
    ns: "conn-man:explorer"
