[1739783289170] INFO  (ext): SQLTools is starting
[1739783289174] INFO  (ext): initializing language client...
[1739783289176] INFO  (ext): Registering client for languages [{"scheme":"sqltools"},{"language":"sql","scheme":"untitled"},{"language":"sql","scheme":"file"},{"language":"sql","scheme":"sqltools"}]
    ns: "lc"
[1739783289188] INFO  (ext): loading plugins...
[1739783289188] INFO  (ext): registering Formatter Plugin.
    plugin: {
      "name": "Formatter Plugin"
    }
[1739783289189] INFO  (ext): registering Connection Manager Plugin.
    plugin: {
      "name": "Connection Manager Plugin"
    }
[1739783289189] INFO  (ext): registering CodeLens Plugin.
    plugin: {
      "name": "CodeLens Plugin",
      "registeredLanguages": []
    }
[1739783289191] INFO  (ext): registering Dependency Manager Plugin.
    plugin: {
      "name": "Dependency Manager Plugin",
      "installingDrivers": []
    }
[1739783289196] INFO  (ext): Connection explorer changed. Will be updated.
    ns: "conn-man:explorer"
[1739783289197] INFO  (ext): registering History Manager Plugin.
    plugin: {
      "name": "History Manager Plugin"
    }
[1739783289199] INFO  (ext): registering Bookmarks Manager Plugin.
    plugin: {
      "name": "Bookmarks Manager Plugin"
    }
[1739783289200] INFO  (ext): registering Authentication Provider Plugin.
    plugin: {
      "name": "Authentication Provider Plugin",
      "isRegistered": false
    }
[1739783289200] INFO  (ext): registering Object Drop-in Provider (plugin).
    plugin: {
      "type": "plugin",
      "name": "Object Drop-in Provider",
      "isRegistered": false
    }
[1739783289202] INFO  (ext): SQLTools activation completed. 31.809374 ms
[1739783289202] INFO  (ext): Formatter Plugin registered!
[1739783289202] INFO  (ext): CodeLens Plugin registered!
[1739783289202] INFO  (ext): Dependency Manager Plugin registered!
[1739783289202] INFO  (ext): Connection Manager Plugin registered!
[1739783289202] INFO  (ext): History Manager Plugin registered!
[1739783289202] INFO  (ext): Bookmarks Manager Plugin registered!
[1739783289202] INFO  (ext): Authentication Provider Plugin registered!
[1739783289202] INFO  (ext): Object Drop-in Provider (plugin) registered!
[1739783289743] INFO  (ls): SQLTools Server started!
===============================
Using node runtime?: no
ExecPath: /usr/share/code/code 
===============================
[1739783289931] INFO  (ext): LanguageClient ready
    ns: "lc"
[1739783289927] INFO  (ls): Initialized with node version:v20.18.1
[1739783290405] INFO  (ext): EXECUTING COMMAND => sqltools.refreshTree
[1739783290405] INFO  (ext): Connection explorer changed. Will be updated.
    ns: "conn-man:explorer"
[1739783294479] INFO  (ext): Connection explorer changed. Will be updated.
    ns: "conn-man:explorer"
[1739783294484] INFO  (ext): Connection explorer changed. Will be updated.
    ns: "conn-man:explorer"
[1739783295980] INFO  (ext): Connection explorer changed. Will be updated.
    ns: "conn-man:explorer"
[1739783297877] INFO  (ext): Connection explorer changed. Will be updated.
    ns: "conn-man:explorer"
