2025-02-13 18:29:18.668 [info] [AutoSync] Using settings sync service https://vscode-sync.trafficmanager.net/
2025-02-13 18:29:18.668 [info] [AutoSync] Enabled.
2025-02-13 18:29:18.668 [info] [AutoSync] Suspended until auth token is available.
2025-02-13 18:29:19.787 [info] [AutoSync] Triggered by Interval
2025-02-13 18:29:19.788 [info] Sync started.
2025-02-13 18:29:21.853 [info] Settings: No changes found during synchronizing settings.
2025-02-13 18:29:22.028 [info] Keybindings: No changes found during synchronizing keybindings.
2025-02-13 18:29:22.041 [info] Snippets: No changes found during synchronizing snippets.
2025-02-13 18:29:22.046 [info] Tasks: No changes found during synchronizing tasks.
2025-02-13 18:29:22.826 [info] GlobalState: Updated remote ui state. Updated: cpp.1.lastSessionDate,cpp.1.sessionCount,java.2.lastSessionDate,java.2.sessionCount,javascript.1.lastSessionDate,javascript.1.sessionCount,typescript.1.lastSessionDate,typescript.1.sessionCount,csharp.1.lastSessionDate,csharp.1.sessionCount.
2025-02-13 18:29:22.831 [info] GlobalState: Updated last synchronized ui state
2025-02-13 18:29:22.949 [info] Extensions: No changes found during synchronizing extensions.
2025-02-13 18:29:22.951 [info] Profiles: No changes found during synchronizing profiles.
2025-02-13 18:29:22.953 [info] Sync done. Took 3167ms
2025-02-13 18:29:37.686 [info] [AutoSync] Triggered by Activity
2025-02-13 18:29:37.686 [info] Sync started.
2025-02-13 18:29:38.185 [info] Settings: Updated remote settings
2025-02-13 18:29:38.189 [info] Settings: Updated last synchronized settings
2025-02-13 18:29:38.205 [info] Keybindings: No changes found during synchronizing keybindings.
2025-02-13 18:29:38.208 [info] Snippets: No changes found during synchronizing snippets.
2025-02-13 18:29:38.211 [info] Tasks: No changes found during synchronizing tasks.
2025-02-13 18:29:38.765 [info] GlobalState: Updated remote ui state. Updated: colorThemeData.
2025-02-13 18:29:38.769 [info] GlobalState: Updated last synchronized ui state
2025-02-13 18:29:38.850 [info] Extensions: No changes found during synchronizing extensions.
2025-02-13 18:29:38.851 [info] Profiles: No changes found during synchronizing profiles.
2025-02-13 18:29:38.853 [info] Sync done. Took 1167ms
2025-02-13 18:29:40.713 [info] [AutoSync] Triggered by Activity
2025-02-13 18:29:40.713 [info] Sync started.
2025-02-13 18:29:40.780 [info] Settings: No changes found during synchronizing settings.
2025-02-13 18:29:40.785 [info] Keybindings: No changes found during synchronizing keybindings.
2025-02-13 18:29:40.788 [info] Snippets: No changes found during synchronizing snippets.
2025-02-13 18:29:40.790 [info] Tasks: No changes found during synchronizing tasks.
2025-02-13 18:29:40.794 [info] GlobalState: No changes found during synchronizing ui state.
2025-02-13 18:29:40.876 [info] Extensions: No changes found during synchronizing extensions.
2025-02-13 18:29:40.878 [info] Profiles: No changes found during synchronizing profiles.
2025-02-13 18:29:40.881 [info] Sync done. Took 168ms
2025-02-13 18:30:01.205 [info] [AutoSync] Triggered by Activity
2025-02-13 18:30:01.206 [info] Sync started.
2025-02-13 18:30:01.326 [info] Settings: No changes found during synchronizing settings.
2025-02-13 18:30:01.332 [info] Keybindings: No changes found during synchronizing keybindings.
2025-02-13 18:30:01.335 [info] Snippets: No changes found during synchronizing snippets.
2025-02-13 18:30:01.337 [info] Tasks: No changes found during synchronizing tasks.
2025-02-13 18:30:01.341 [info] GlobalState: No changes found during synchronizing ui state.
2025-02-13 18:30:01.470 [info] Extensions: No changes found during synchronizing extensions.
2025-02-13 18:30:01.473 [info] Profiles: No changes found during synchronizing profiles.
2025-02-13 18:30:01.474 [info] Sync done. Took 269ms
2025-02-13 18:30:18.598 [info] [AutoSync] Triggered by Activity
2025-02-13 18:30:18.599 [info] Sync started.
2025-02-13 18:30:18.669 [info] Settings: No changes found during synchronizing settings.
2025-02-13 18:30:18.676 [info] Keybindings: No changes found during synchronizing keybindings.
2025-02-13 18:30:18.679 [info] Snippets: No changes found during synchronizing snippets.
2025-02-13 18:30:18.682 [info] Tasks: No changes found during synchronizing tasks.
2025-02-13 18:30:18.687 [info] GlobalState: No changes found during synchronizing ui state.
2025-02-13 18:30:18.793 [info] Extensions: No changes found during synchronizing extensions.
2025-02-13 18:30:18.795 [info] Profiles: No changes found during synchronizing profiles.
2025-02-13 18:30:18.797 [info] Sync done. Took 198ms
2025-02-13 18:30:41.917 [info] [AutoSync] Triggered by Activity
2025-02-13 18:30:41.917 [info] Sync started.
2025-02-13 18:30:41.987 [info] Settings: No changes found during synchronizing settings.
2025-02-13 18:30:41.994 [info] Keybindings: No changes found during synchronizing keybindings.
2025-02-13 18:30:41.997 [info] Snippets: No changes found during synchronizing snippets.
2025-02-13 18:30:42.000 [info] Tasks: No changes found during synchronizing tasks.
2025-02-13 18:30:42.004 [info] GlobalState: No changes found during synchronizing ui state.
2025-02-13 18:30:42.118 [info] Extensions: No changes found during synchronizing extensions.
2025-02-13 18:30:42.120 [info] Profiles: No changes found during synchronizing profiles.
2025-02-13 18:30:42.122 [info] Sync done. Took 205ms
2025-02-13 18:30:54.054 [info] [AutoSync] Triggered by Activity
2025-02-13 18:30:54.055 [info] Sync started.
2025-02-13 18:30:54.144 [info] Settings: No changes found during synchronizing settings.
2025-02-13 18:30:54.152 [info] Keybindings: No changes found during synchronizing keybindings.
2025-02-13 18:30:54.155 [info] Snippets: No changes found during synchronizing snippets.
2025-02-13 18:30:54.158 [info] Tasks: No changes found during synchronizing tasks.
2025-02-13 18:30:54.163 [info] GlobalState: No changes found during synchronizing ui state.
2025-02-13 18:30:54.268 [info] Extensions: No changes found during synchronizing extensions.
2025-02-13 18:30:54.273 [info] Profiles: No changes found during synchronizing profiles.
2025-02-13 18:30:54.275 [info] Sync done. Took 221ms
2025-02-13 18:31:35.152 [info] [AutoSync] Triggered by Activity
2025-02-13 18:31:35.152 [info] Sync started.
2025-02-13 18:31:35.243 [info] Settings: No changes found during synchronizing settings.
2025-02-13 18:31:35.253 [info] Keybindings: No changes found during synchronizing keybindings.
2025-02-13 18:31:35.256 [info] Snippets: No changes found during synchronizing snippets.
2025-02-13 18:31:35.260 [info] Tasks: No changes found during synchronizing tasks.
2025-02-13 18:31:35.266 [info] GlobalState: No changes found during synchronizing ui state.
2025-02-13 18:31:35.387 [info] Extensions: No changes found during synchronizing extensions.
2025-02-13 18:31:35.389 [info] Profiles: No changes found during synchronizing profiles.
2025-02-13 18:31:35.391 [info] Sync done. Took 239ms
2025-02-13 18:31:49.294 [info] [AutoSync] Triggered by Activity
2025-02-13 18:31:49.294 [info] Sync started.
2025-02-13 18:31:49.363 [info] Settings: No changes found during synchronizing settings.
2025-02-13 18:31:49.369 [info] Keybindings: No changes found during synchronizing keybindings.
2025-02-13 18:31:49.371 [info] Snippets: No changes found during synchronizing snippets.
2025-02-13 18:31:49.373 [info] Tasks: No changes found during synchronizing tasks.
2025-02-13 18:31:49.377 [info] GlobalState: No changes found during synchronizing ui state.
2025-02-13 18:31:49.498 [info] Extensions: No changes found during synchronizing extensions.
2025-02-13 18:31:49.503 [info] Profiles: No changes found during synchronizing profiles.
2025-02-13 18:31:49.505 [info] Sync done. Took 211ms
2025-02-13 18:32:06.355 [info] [AutoSync] Triggered by Activity
2025-02-13 18:32:06.355 [info] Sync started.
2025-02-13 18:32:06.431 [info] Settings: No changes found during synchronizing settings.
2025-02-13 18:32:06.436 [info] Keybindings: No changes found during synchronizing keybindings.
2025-02-13 18:32:06.439 [info] Snippets: No changes found during synchronizing snippets.
2025-02-13 18:32:06.441 [info] Tasks: No changes found during synchronizing tasks.
2025-02-13 18:32:06.445 [info] GlobalState: No changes found during synchronizing ui state.
2025-02-13 18:32:06.531 [info] Extensions: No changes found during synchronizing extensions.
2025-02-13 18:32:06.534 [info] Profiles: No changes found during synchronizing profiles.
2025-02-13 18:32:06.539 [info] Sync done. Took 183ms
2025-02-13 18:32:17.446 [info] [AutoSync] Triggered by Activity
2025-02-13 18:32:17.446 [info] Sync started.
2025-02-13 18:32:17.510 [info] Settings: No changes found during synchronizing settings.
2025-02-13 18:32:17.516 [info] Keybindings: No changes found during synchronizing keybindings.
2025-02-13 18:32:17.519 [info] Snippets: No changes found during synchronizing snippets.
2025-02-13 18:32:17.521 [info] Tasks: No changes found during synchronizing tasks.
2025-02-13 18:32:17.525 [info] GlobalState: No changes found during synchronizing ui state.
2025-02-13 18:32:17.628 [info] Extensions: No changes found during synchronizing extensions.
2025-02-13 18:32:17.630 [info] Profiles: No changes found during synchronizing profiles.
2025-02-13 18:32:17.632 [info] Sync done. Took 186ms
2025-02-13 18:32:27.761 [info] [AutoSync] Triggered by Activity
2025-02-13 18:32:27.761 [info] Sync started.
2025-02-13 18:32:27.830 [info] Settings: No changes found during synchronizing settings.
2025-02-13 18:32:27.837 [info] Keybindings: No changes found during synchronizing keybindings.
2025-02-13 18:32:27.841 [info] Snippets: No changes found during synchronizing snippets.
2025-02-13 18:32:27.843 [info] Tasks: No changes found during synchronizing tasks.
2025-02-13 18:32:27.847 [info] GlobalState: No changes found during synchronizing ui state.
2025-02-13 18:32:27.950 [info] Extensions: No changes found during synchronizing extensions.
2025-02-13 18:32:27.952 [info] Profiles: No changes found during synchronizing profiles.
2025-02-13 18:32:27.954 [info] Sync done. Took 193ms
2025-02-13 18:32:41.442 [info] [AutoSync] Triggered by Activity
2025-02-13 18:32:41.442 [info] Sync started.
2025-02-13 18:32:41.517 [info] Settings: No changes found during synchronizing settings.
2025-02-13 18:32:41.525 [info] Keybindings: No changes found during synchronizing keybindings.
2025-02-13 18:32:41.528 [info] Snippets: No changes found during synchronizing snippets.
2025-02-13 18:32:41.530 [info] Tasks: No changes found during synchronizing tasks.
2025-02-13 18:32:41.535 [info] GlobalState: No changes found during synchronizing ui state.
2025-02-13 18:32:41.662 [info] Extensions: No changes found during synchronizing extensions.
2025-02-13 18:32:41.664 [info] Profiles: No changes found during synchronizing profiles.
2025-02-13 18:32:41.666 [info] Sync done. Took 224ms
2025-02-13 18:32:51.595 [info] [AutoSync] Triggered by Activity
2025-02-13 18:32:51.596 [info] Sync started.
2025-02-13 18:32:51.665 [info] Settings: No changes found during synchronizing settings.
2025-02-13 18:32:51.672 [info] Keybindings: No changes found during synchronizing keybindings.
2025-02-13 18:32:51.675 [info] Snippets: No changes found during synchronizing snippets.
2025-02-13 18:32:51.678 [info] Tasks: No changes found during synchronizing tasks.
2025-02-13 18:32:51.681 [info] GlobalState: No changes found during synchronizing ui state.
2025-02-13 18:32:51.791 [info] Extensions: No changes found during synchronizing extensions.
2025-02-13 18:32:51.794 [info] Profiles: No changes found during synchronizing profiles.
2025-02-13 18:32:51.796 [info] Sync done. Took 200ms
2025-02-13 18:33:05.584 [info] [AutoSync] Triggered by Activity
2025-02-13 18:33:05.584 [info] Sync started.
2025-02-13 18:33:05.662 [info] Settings: No changes found during synchronizing settings.
2025-02-13 18:33:05.669 [info] Keybindings: No changes found during synchronizing keybindings.
2025-02-13 18:33:05.675 [info] Snippets: No changes found during synchronizing snippets.
2025-02-13 18:33:05.678 [info] Tasks: No changes found during synchronizing tasks.
2025-02-13 18:33:05.691 [info] GlobalState: No changes found during synchronizing ui state.
2025-02-13 18:33:05.852 [info] Extensions: No changes found during synchronizing extensions.
2025-02-13 18:33:05.855 [info] Profiles: No changes found during synchronizing profiles.
2025-02-13 18:33:05.857 [info] Sync done. Took 273ms
2025-02-13 18:33:34.120 [info] [AutoSync] Triggered by Activity
2025-02-13 18:33:34.120 [info] Sync started.
2025-02-13 18:33:34.210 [info] Settings: No changes found during synchronizing settings.
2025-02-13 18:33:34.218 [info] Keybindings: No changes found during synchronizing keybindings.
2025-02-13 18:33:34.222 [info] Snippets: No changes found during synchronizing snippets.
2025-02-13 18:33:34.225 [info] Tasks: No changes found during synchronizing tasks.
2025-02-13 18:33:34.230 [info] GlobalState: No changes found during synchronizing ui state.
2025-02-13 18:33:34.337 [info] Extensions: No changes found during synchronizing extensions.
2025-02-13 18:33:34.338 [info] Profiles: No changes found during synchronizing profiles.
2025-02-13 18:33:34.339 [info] Sync done. Took 221ms
2025-02-13 18:33:45.375 [info] [AutoSync] Triggered by Activity
2025-02-13 18:33:45.375 [info] Sync started.
2025-02-13 18:33:45.462 [info] Settings: No changes found during synchronizing settings.
2025-02-13 18:33:45.470 [info] Keybindings: No changes found during synchronizing keybindings.
2025-02-13 18:33:45.474 [info] Snippets: No changes found during synchronizing snippets.
2025-02-13 18:33:45.476 [info] Tasks: No changes found during synchronizing tasks.
2025-02-13 18:33:45.481 [info] GlobalState: No changes found during synchronizing ui state.
2025-02-13 18:33:45.599 [info] Extensions: No changes found during synchronizing extensions.
2025-02-13 18:33:45.601 [info] Profiles: No changes found during synchronizing profiles.
2025-02-13 18:33:45.603 [info] Sync done. Took 228ms
2025-02-13 18:34:36.047 [info] [AutoSync] Triggered by Activity
2025-02-13 18:34:36.048 [info] Sync started.
2025-02-13 18:34:36.115 [info] Settings: No changes found during synchronizing settings.
2025-02-13 18:34:36.122 [info] Keybindings: No changes found during synchronizing keybindings.
2025-02-13 18:34:36.125 [info] Snippets: No changes found during synchronizing snippets.
2025-02-13 18:34:36.128 [info] Tasks: No changes found during synchronizing tasks.
2025-02-13 18:34:36.132 [info] GlobalState: No changes found during synchronizing ui state.
2025-02-13 18:34:36.257 [info] Extensions: No changes found during synchronizing extensions.
2025-02-13 18:34:36.259 [info] Profiles: No changes found during synchronizing profiles.
2025-02-13 18:34:36.261 [info] Sync done. Took 214ms
2025-02-13 18:34:55.008 [info] [AutoSync] Triggered by Activity
2025-02-13 18:34:55.009 [info] Sync started.
2025-02-13 18:34:55.106 [info] Settings: No changes found during synchronizing settings.
2025-02-13 18:34:55.113 [info] Keybindings: No changes found during synchronizing keybindings.
2025-02-13 18:34:55.116 [info] Snippets: No changes found during synchronizing snippets.
2025-02-13 18:34:55.119 [info] Tasks: No changes found during synchronizing tasks.
2025-02-13 18:34:55.123 [info] GlobalState: No changes found during synchronizing ui state.
2025-02-13 18:34:55.223 [info] Extensions: No changes found during synchronizing extensions.
2025-02-13 18:34:55.225 [info] Profiles: No changes found during synchronizing profiles.
2025-02-13 18:34:55.228 [info] Sync done. Took 220ms
2025-02-13 18:35:29.611 [info] [AutoSync] Triggered by Activity
2025-02-13 18:35:29.611 [info] Sync started.
2025-02-13 18:35:29.686 [info] Settings: No changes found during synchronizing settings.
2025-02-13 18:35:29.692 [info] Keybindings: No changes found during synchronizing keybindings.
2025-02-13 18:35:29.696 [info] Snippets: No changes found during synchronizing snippets.
2025-02-13 18:35:29.699 [info] Tasks: No changes found during synchronizing tasks.
2025-02-13 18:35:29.703 [info] GlobalState: No changes found during synchronizing ui state.
2025-02-13 18:35:29.818 [info] Extensions: No changes found during synchronizing extensions.
2025-02-13 18:35:29.820 [info] Profiles: No changes found during synchronizing profiles.
2025-02-13 18:35:29.821 [info] Sync done. Took 211ms
2025-02-13 18:35:46.975 [info] [AutoSync] Triggered by Activity
2025-02-13 18:35:46.975 [info] Sync started.
2025-02-13 18:35:47.047 [info] Settings: No changes found during synchronizing settings.
2025-02-13 18:35:47.052 [info] Keybindings: No changes found during synchronizing keybindings.
2025-02-13 18:35:47.055 [info] Snippets: No changes found during synchronizing snippets.
2025-02-13 18:35:47.057 [info] Tasks: No changes found during synchronizing tasks.
2025-02-13 18:35:47.061 [info] GlobalState: No changes found during synchronizing ui state.
2025-02-13 18:35:47.183 [info] Extensions: No changes found during synchronizing extensions.
2025-02-13 18:35:47.184 [info] Profiles: No changes found during synchronizing profiles.
2025-02-13 18:35:47.185 [info] Sync done. Took 211ms
2025-02-13 18:36:10.144 [info] [AutoSync] Triggered by Activity
2025-02-13 18:36:10.144 [info] Sync started.
2025-02-13 18:36:10.226 [info] Settings: No changes found during synchronizing settings.
2025-02-13 18:36:10.232 [info] Keybindings: No changes found during synchronizing keybindings.
2025-02-13 18:36:10.235 [info] Snippets: No changes found during synchronizing snippets.
2025-02-13 18:36:10.237 [info] Tasks: No changes found during synchronizing tasks.
2025-02-13 18:36:10.241 [info] GlobalState: No changes found during synchronizing ui state.
2025-02-13 18:36:10.337 [info] Extensions: No changes found during synchronizing extensions.
2025-02-13 18:36:10.338 [info] Profiles: No changes found during synchronizing profiles.
2025-02-13 18:36:10.340 [info] Sync done. Took 196ms
2025-02-13 18:36:21.320 [info] [AutoSync] Triggered by Activity
2025-02-13 18:36:21.321 [info] Sync started.
2025-02-13 18:36:21.414 [info] Settings: No changes found during synchronizing settings.
2025-02-13 18:36:21.423 [info] Keybindings: No changes found during synchronizing keybindings.
2025-02-13 18:36:21.428 [info] Snippets: No changes found during synchronizing snippets.
2025-02-13 18:36:21.431 [info] Tasks: No changes found during synchronizing tasks.
2025-02-13 18:36:21.436 [info] GlobalState: No changes found during synchronizing ui state.
2025-02-13 18:36:21.548 [info] Extensions: No changes found during synchronizing extensions.
2025-02-13 18:36:21.558 [info] Profiles: No changes found during synchronizing profiles.
2025-02-13 18:36:21.559 [info] Sync done. Took 238ms
2025-02-13 18:36:54.507 [info] [AutoSync] Triggered by Activity
2025-02-13 18:36:54.507 [info] Sync started.
2025-02-13 18:36:54.582 [info] Settings: No changes found during synchronizing settings.
2025-02-13 18:36:54.588 [info] Keybindings: No changes found during synchronizing keybindings.
2025-02-13 18:36:54.592 [info] Snippets: No changes found during synchronizing snippets.
2025-02-13 18:36:54.594 [info] Tasks: No changes found during synchronizing tasks.
2025-02-13 18:36:54.597 [info] GlobalState: No changes found during synchronizing ui state.
2025-02-13 18:36:54.691 [info] Extensions: No changes found during synchronizing extensions.
2025-02-13 18:36:54.693 [info] Profiles: No changes found during synchronizing profiles.
2025-02-13 18:36:54.694 [info] Sync done. Took 187ms
2025-02-13 18:37:12.612 [info] [AutoSync] Triggered by Activity
2025-02-13 18:37:12.612 [info] Sync started.
2025-02-13 18:37:12.688 [info] Settings: No changes found during synchronizing settings.
2025-02-13 18:37:12.694 [info] Keybindings: No changes found during synchronizing keybindings.
2025-02-13 18:37:12.697 [info] Snippets: No changes found during synchronizing snippets.
2025-02-13 18:37:12.699 [info] Tasks: No changes found during synchronizing tasks.
2025-02-13 18:37:12.704 [info] GlobalState: No changes found during synchronizing ui state.
2025-02-13 18:37:12.817 [info] Extensions: No changes found during synchronizing extensions.
2025-02-13 18:37:12.818 [info] Profiles: No changes found during synchronizing profiles.
2025-02-13 18:37:12.820 [info] Sync done. Took 208ms
2025-02-13 18:37:23.910 [info] [AutoSync] Triggered by Activity
2025-02-13 18:37:23.910 [info] Sync started.
2025-02-13 18:37:23.984 [info] Settings: No changes found during synchronizing settings.
2025-02-13 18:37:23.989 [info] Keybindings: No changes found during synchronizing keybindings.
2025-02-13 18:37:23.992 [info] Snippets: No changes found during synchronizing snippets.
2025-02-13 18:37:23.994 [info] Tasks: No changes found during synchronizing tasks.
2025-02-13 18:37:23.998 [info] GlobalState: No changes found during synchronizing ui state.
2025-02-13 18:37:24.089 [info] Extensions: No changes found during synchronizing extensions.
2025-02-13 18:37:24.091 [info] Profiles: No changes found during synchronizing profiles.
2025-02-13 18:37:24.093 [info] Sync done. Took 183ms
2025-02-13 18:37:54.205 [info] [AutoSync] Triggered by Activity
2025-02-13 18:37:54.205 [info] Sync started.
2025-02-13 18:37:54.305 [info] Settings: No changes found during synchronizing settings.
2025-02-13 18:37:54.319 [info] Keybindings: No changes found during synchronizing keybindings.
2025-02-13 18:37:54.325 [info] Snippets: No changes found during synchronizing snippets.
2025-02-13 18:37:54.329 [info] Tasks: No changes found during synchronizing tasks.
2025-02-13 18:37:54.333 [info] GlobalState: No changes found during synchronizing ui state.
2025-02-13 18:37:54.434 [info] Extensions: No changes found during synchronizing extensions.
2025-02-13 18:37:54.435 [info] Profiles: No changes found during synchronizing profiles.
2025-02-13 18:37:54.437 [info] Sync done. Took 232ms
2025-02-13 18:38:07.288 [info] [AutoSync] Triggered by Activity
2025-02-13 18:38:07.288 [info] Sync started.
2025-02-13 18:38:07.361 [info] Settings: No changes found during synchronizing settings.
2025-02-13 18:38:07.365 [info] Keybindings: No changes found during synchronizing keybindings.
2025-02-13 18:38:07.369 [info] Snippets: No changes found during synchronizing snippets.
2025-02-13 18:38:07.371 [info] Tasks: No changes found during synchronizing tasks.
2025-02-13 18:38:07.374 [info] GlobalState: No changes found during synchronizing ui state.
2025-02-13 18:38:07.474 [info] Extensions: No changes found during synchronizing extensions.
2025-02-13 18:38:07.476 [info] Profiles: No changes found during synchronizing profiles.
2025-02-13 18:38:07.478 [info] Sync done. Took 191ms
2025-02-13 18:38:18.630 [info] [AutoSync] Triggered by Activity
2025-02-13 18:38:18.630 [info] Sync started.
2025-02-13 18:38:18.703 [info] Settings: No changes found during synchronizing settings.
2025-02-13 18:38:18.709 [info] Keybindings: No changes found during synchronizing keybindings.
2025-02-13 18:38:18.712 [info] Snippets: No changes found during synchronizing snippets.
2025-02-13 18:38:18.715 [info] Tasks: No changes found during synchronizing tasks.
2025-02-13 18:38:18.719 [info] GlobalState: No changes found during synchronizing ui state.
2025-02-13 18:38:18.812 [info] Extensions: No changes found during synchronizing extensions.
2025-02-13 18:38:18.815 [info] Profiles: No changes found during synchronizing profiles.
2025-02-13 18:38:18.816 [info] Sync done. Took 187ms
2025-02-13 18:38:38.905 [info] [AutoSync] Triggered by Activity
2025-02-13 18:38:38.905 [info] Sync started.
2025-02-13 18:38:38.985 [info] Settings: No changes found during synchronizing settings.
2025-02-13 18:38:38.992 [info] Keybindings: No changes found during synchronizing keybindings.
2025-02-13 18:38:38.994 [info] Snippets: No changes found during synchronizing snippets.
2025-02-13 18:38:38.996 [info] Tasks: No changes found during synchronizing tasks.
2025-02-13 18:38:39.000 [info] GlobalState: No changes found during synchronizing ui state.
2025-02-13 18:38:39.096 [info] Extensions: No changes found during synchronizing extensions.
2025-02-13 18:38:39.098 [info] Profiles: No changes found during synchronizing profiles.
2025-02-13 18:38:39.099 [info] Sync done. Took 195ms
2025-02-13 18:38:52.520 [info] [AutoSync] Triggered by Activity
2025-02-13 18:38:52.520 [info] Sync started.
2025-02-13 18:38:52.593 [info] Settings: No changes found during synchronizing settings.
2025-02-13 18:38:52.599 [info] Keybindings: No changes found during synchronizing keybindings.
2025-02-13 18:38:52.602 [info] Snippets: No changes found during synchronizing snippets.
2025-02-13 18:38:52.605 [info] Tasks: No changes found during synchronizing tasks.
2025-02-13 18:38:52.609 [info] GlobalState: No changes found during synchronizing ui state.
2025-02-13 18:38:52.723 [info] Extensions: No changes found during synchronizing extensions.
2025-02-13 18:38:52.724 [info] Profiles: No changes found during synchronizing profiles.
2025-02-13 18:38:52.726 [info] Sync done. Took 206ms
2025-02-13 18:39:05.504 [info] [AutoSync] Triggered by Activity
2025-02-13 18:39:05.504 [info] Sync started.
2025-02-13 18:39:05.570 [info] Settings: No changes found during synchronizing settings.
2025-02-13 18:39:05.576 [info] Keybindings: No changes found during synchronizing keybindings.
2025-02-13 18:39:05.579 [info] Snippets: No changes found during synchronizing snippets.
2025-02-13 18:39:05.582 [info] Tasks: No changes found during synchronizing tasks.
2025-02-13 18:39:05.587 [info] GlobalState: No changes found during synchronizing ui state.
2025-02-13 18:39:05.675 [info] Extensions: No changes found during synchronizing extensions.
2025-02-13 18:39:05.679 [info] Profiles: No changes found during synchronizing profiles.
2025-02-13 18:39:05.680 [info] Sync done. Took 177ms
2025-02-13 18:39:29.567 [info] [AutoSync] Triggered by Activity
2025-02-13 18:39:29.568 [info] Sync started.
2025-02-13 18:39:29.635 [info] Settings: No changes found during synchronizing settings.
2025-02-13 18:39:29.642 [info] Keybindings: No changes found during synchronizing keybindings.
2025-02-13 18:39:29.645 [info] Snippets: No changes found during synchronizing snippets.
2025-02-13 18:39:29.648 [info] Tasks: No changes found during synchronizing tasks.
2025-02-13 18:39:29.653 [info] GlobalState: No changes found during synchronizing ui state.
2025-02-13 18:39:29.756 [info] Extensions: No changes found during synchronizing extensions.
2025-02-13 18:39:29.758 [info] Profiles: No changes found during synchronizing profiles.
2025-02-13 18:39:29.759 [info] Sync done. Took 192ms
2025-02-13 18:39:54.903 [info] [AutoSync] Triggered by Activity
2025-02-13 18:39:54.903 [info] Sync started.
2025-02-13 18:39:54.970 [info] Settings: No changes found during synchronizing settings.
2025-02-13 18:39:54.976 [info] Keybindings: No changes found during synchronizing keybindings.
2025-02-13 18:39:54.978 [info] Snippets: No changes found during synchronizing snippets.
2025-02-13 18:39:54.981 [info] Tasks: No changes found during synchronizing tasks.
2025-02-13 18:39:54.985 [info] GlobalState: No changes found during synchronizing ui state.
2025-02-13 18:39:55.092 [info] Extensions: No changes found during synchronizing extensions.
2025-02-13 18:39:55.094 [info] Profiles: No changes found during synchronizing profiles.
2025-02-13 18:39:55.096 [info] Sync done. Took 193ms
2025-02-13 18:40:15.660 [info] [AutoSync] Triggered by Activity
2025-02-13 18:40:15.660 [info] Sync started.
2025-02-13 18:40:15.725 [info] Settings: No changes found during synchronizing settings.
2025-02-13 18:40:15.729 [info] Keybindings: No changes found during synchronizing keybindings.
2025-02-13 18:40:15.731 [info] Snippets: No changes found during synchronizing snippets.
2025-02-13 18:40:15.734 [info] Tasks: No changes found during synchronizing tasks.
2025-02-13 18:40:15.737 [info] GlobalState: No changes found during synchronizing ui state.
2025-02-13 18:40:15.839 [info] Extensions: No changes found during synchronizing extensions.
2025-02-13 18:40:15.845 [info] Profiles: No changes found during synchronizing profiles.
2025-02-13 18:40:15.846 [info] Sync done. Took 187ms
2025-02-13 18:40:36.372 [info] [AutoSync] Triggered by Activity
2025-02-13 18:40:36.374 [info] Sync started.
2025-02-13 18:40:36.442 [info] Settings: No changes found during synchronizing settings.
2025-02-13 18:40:36.447 [info] Keybindings: No changes found during synchronizing keybindings.
2025-02-13 18:40:36.450 [info] Snippets: No changes found during synchronizing snippets.
2025-02-13 18:40:36.453 [info] Tasks: No changes found during synchronizing tasks.
2025-02-13 18:40:36.457 [info] GlobalState: No changes found during synchronizing ui state.
2025-02-13 18:40:36.575 [info] Extensions: No changes found during synchronizing extensions.
2025-02-13 18:40:36.577 [info] Profiles: No changes found during synchronizing profiles.
2025-02-13 18:40:36.578 [info] Sync done. Took 206ms
2025-02-13 18:44:15.300 [info] [AutoSync] Triggered by Activity
2025-02-13 18:44:15.301 [info] Sync started.
2025-02-13 18:44:15.564 [info] Settings: No changes found during synchronizing settings.
2025-02-13 18:44:15.568 [info] Keybindings: No changes found during synchronizing keybindings.
2025-02-13 18:44:15.571 [info] Snippets: No changes found during synchronizing snippets.
2025-02-13 18:44:15.574 [info] Tasks: No changes found during synchronizing tasks.
2025-02-13 18:44:15.579 [info] GlobalState: No changes found during synchronizing ui state.
2025-02-13 18:44:15.693 [info] Extensions: No changes found during synchronizing extensions.
2025-02-13 18:44:15.694 [info] Profiles: No changes found during synchronizing profiles.
2025-02-13 18:44:15.695 [info] Sync done. Took 395ms
2025-02-13 18:44:48.625 [info] [AutoSync] Triggered by Activity
2025-02-13 18:44:48.625 [info] Sync started.
2025-02-13 18:44:48.696 [info] Settings: No changes found during synchronizing settings.
2025-02-13 18:44:48.702 [info] Keybindings: No changes found during synchronizing keybindings.
2025-02-13 18:44:48.704 [info] Snippets: No changes found during synchronizing snippets.
2025-02-13 18:44:48.706 [info] Tasks: No changes found during synchronizing tasks.
2025-02-13 18:44:48.710 [info] GlobalState: No changes found during synchronizing ui state.
2025-02-13 18:44:48.790 [info] Extensions: No changes found during synchronizing extensions.
2025-02-13 18:44:48.792 [info] Profiles: No changes found during synchronizing profiles.
2025-02-13 18:44:48.793 [info] Sync done. Took 169ms
2025-02-13 18:45:01.829 [info] [AutoSync] Triggered by Activity
2025-02-13 18:45:01.829 [info] Sync started.
2025-02-13 18:45:01.938 [info] Settings: No changes found during synchronizing settings.
2025-02-13 18:45:01.944 [info] Keybindings: No changes found during synchronizing keybindings.
2025-02-13 18:45:01.947 [info] Snippets: No changes found during synchronizing snippets.
2025-02-13 18:45:01.950 [info] Tasks: No changes found during synchronizing tasks.
2025-02-13 18:45:01.956 [info] GlobalState: No changes found during synchronizing ui state.
2025-02-13 18:45:02.073 [info] Extensions: No changes found during synchronizing extensions.
2025-02-13 18:45:02.075 [info] Profiles: No changes found during synchronizing profiles.
2025-02-13 18:45:02.076 [info] Sync done. Took 249ms
2025-02-13 18:46:03.181 [info] [AutoSync] Triggered by Activity
2025-02-13 18:46:03.182 [info] Sync started.
2025-02-13 18:46:03.255 [info] Settings: No changes found during synchronizing settings.
2025-02-13 18:46:03.261 [info] Keybindings: No changes found during synchronizing keybindings.
2025-02-13 18:46:03.263 [info] Snippets: No changes found during synchronizing snippets.
2025-02-13 18:46:03.266 [info] Tasks: No changes found during synchronizing tasks.
2025-02-13 18:46:03.270 [info] GlobalState: No changes found during synchronizing ui state.
2025-02-13 18:46:03.369 [info] Extensions: No changes found during synchronizing extensions.
2025-02-13 18:46:03.370 [info] Profiles: No changes found during synchronizing profiles.
2025-02-13 18:46:03.372 [info] Sync done. Took 190ms
2025-02-13 18:46:44.683 [info] [AutoSync] Triggered by Activity
2025-02-13 18:46:44.684 [info] Sync started.
2025-02-13 18:46:44.755 [info] Settings: No changes found during synchronizing settings.
2025-02-13 18:46:44.762 [info] Keybindings: No changes found during synchronizing keybindings.
2025-02-13 18:46:44.765 [info] Snippets: No changes found during synchronizing snippets.
2025-02-13 18:46:44.768 [info] Tasks: No changes found during synchronizing tasks.
2025-02-13 18:46:44.772 [info] GlobalState: No changes found during synchronizing ui state.
2025-02-13 18:46:44.880 [info] Extensions: No changes found during synchronizing extensions.
2025-02-13 18:46:44.882 [info] Profiles: No changes found during synchronizing profiles.
2025-02-13 18:46:44.884 [info] Sync done. Took 200ms
2025-02-13 18:47:09.357 [info] [AutoSync] Triggered by Activity
2025-02-13 18:47:09.357 [info] Sync started.
2025-02-13 18:47:09.428 [info] Settings: No changes found during synchronizing settings.
2025-02-13 18:47:09.433 [info] Keybindings: No changes found during synchronizing keybindings.
2025-02-13 18:47:09.435 [info] Snippets: No changes found during synchronizing snippets.
2025-02-13 18:47:09.437 [info] Tasks: No changes found during synchronizing tasks.
2025-02-13 18:47:09.441 [info] GlobalState: No changes found during synchronizing ui state.
2025-02-13 18:47:09.535 [info] Extensions: No changes found during synchronizing extensions.
2025-02-13 18:47:09.537 [info] Profiles: No changes found during synchronizing profiles.
2025-02-13 18:47:09.538 [info] Sync done. Took 181ms
2025-02-13 18:47:23.524 [info] [AutoSync] Triggered by Activity
2025-02-13 18:47:23.524 [info] Sync started.
2025-02-13 18:47:23.591 [info] Settings: No changes found during synchronizing settings.
2025-02-13 18:47:23.595 [info] Keybindings: No changes found during synchronizing keybindings.
2025-02-13 18:47:23.598 [info] Snippets: No changes found during synchronizing snippets.
2025-02-13 18:47:23.601 [info] Tasks: No changes found during synchronizing tasks.
2025-02-13 18:47:23.604 [info] GlobalState: No changes found during synchronizing ui state.
2025-02-13 18:47:23.680 [info] Extensions: No changes found during synchronizing extensions.
2025-02-13 18:47:23.681 [info] Profiles: No changes found during synchronizing profiles.
2025-02-13 18:47:23.683 [info] Sync done. Took 160ms
2025-02-13 18:47:42.664 [info] [AutoSync] Triggered by Activity
2025-02-13 18:47:42.665 [info] Sync started.
2025-02-13 18:47:42.732 [info] Settings: No changes found during synchronizing settings.
2025-02-13 18:47:42.738 [info] Keybindings: No changes found during synchronizing keybindings.
2025-02-13 18:47:42.741 [info] Snippets: No changes found during synchronizing snippets.
2025-02-13 18:47:42.744 [info] Tasks: No changes found during synchronizing tasks.
2025-02-13 18:47:42.747 [info] GlobalState: No changes found during synchronizing ui state.
2025-02-13 18:47:42.836 [info] Extensions: No changes found during synchronizing extensions.
2025-02-13 18:47:42.838 [info] Profiles: No changes found during synchronizing profiles.
2025-02-13 18:47:42.840 [info] Sync done. Took 175ms
2025-02-13 18:47:58.766 [info] [AutoSync] Triggered by Activity
2025-02-13 18:47:58.767 [info] Sync started.
2025-02-13 18:47:58.840 [info] Settings: No changes found during synchronizing settings.
2025-02-13 18:47:58.845 [info] Keybindings: No changes found during synchronizing keybindings.
2025-02-13 18:47:58.848 [info] Snippets: No changes found during synchronizing snippets.
2025-02-13 18:47:58.850 [info] Tasks: No changes found during synchronizing tasks.
2025-02-13 18:47:58.855 [info] GlobalState: No changes found during synchronizing ui state.
2025-02-13 18:47:58.943 [info] Extensions: No changes found during synchronizing extensions.
2025-02-13 18:47:58.945 [info] Profiles: No changes found during synchronizing profiles.
2025-02-13 18:47:58.949 [info] Sync done. Took 182ms
2025-02-13 18:49:01.798 [info] [AutoSync] Triggered by Activity
2025-02-13 18:49:01.799 [info] Sync started.
2025-02-13 18:49:01.874 [info] Settings: No changes found during synchronizing settings.
2025-02-13 18:49:01.880 [info] Keybindings: No changes found during synchronizing keybindings.
2025-02-13 18:49:01.883 [info] Snippets: No changes found during synchronizing snippets.
2025-02-13 18:49:01.886 [info] Tasks: No changes found during synchronizing tasks.
2025-02-13 18:49:01.889 [info] GlobalState: No changes found during synchronizing ui state.
2025-02-13 18:49:01.998 [info] Extensions: No changes found during synchronizing extensions.
2025-02-13 18:49:01.999 [info] Profiles: No changes found during synchronizing profiles.
2025-02-13 18:49:02.000 [info] Sync done. Took 201ms
