2025-02-12 18:40:14.865 [info] [main] Log level: Info
2025-02-12 18:40:14.866 [info] [main] Validating found git in: "git"
2025-02-12 18:40:14.866 [info] [main] Using git "2.48.1" from "git"
2025-02-12 18:40:14.866 [info] [Model][doInitialScan] Initial repository scan started
2025-02-12 18:40:14.866 [info] > git rev-parse --show-toplevel [97ms]
2025-02-12 18:40:14.866 [info] fatal: not a git repository (or any parent up to mount point /)
Stopping at filesystem boundary (GIT_DISCOVERY_ACROSS_FILESYSTEM not set).
2025-02-12 18:40:14.866 [info] > git rev-parse --show-toplevel [4ms]
2025-02-12 18:40:14.866 [info] fatal: not a git repository (or any parent up to mount point /)
Stopping at filesystem boundary (GIT_DISCOVERY_ACROSS_FILESYSTEM not set).
2025-02-12 18:40:14.881 [info] > git rev-parse --show-toplevel [3ms]
2025-02-12 18:40:14.881 [info] fatal: not a git repository (or any parent up to mount point /)
Stopping at filesystem boundary (GIT_DISCOVERY_ACROSS_FILESYSTEM not set).
2025-02-12 18:40:21.487 [info] > git rev-parse --show-toplevel [6295ms]
2025-02-12 18:40:21.487 [info] fatal: not a git repository (or any parent up to mount point /)
Stopping at filesystem boundary (GIT_DISCOVERY_ACROSS_FILESYSTEM not set).
2025-02-12 18:40:23.622 [info] > git rev-parse --show-toplevel [456ms]
2025-02-12 18:40:23.622 [info] fatal: not a git repository (or any parent up to mount point /)
Stopping at filesystem boundary (GIT_DISCOVERY_ACROSS_FILESYSTEM not set).
2025-02-12 18:40:23.765 [info] > git rev-parse --show-toplevel [81ms]
2025-02-12 18:40:23.765 [info] fatal: not a git repository (or any parent up to mount point /)
Stopping at filesystem boundary (GIT_DISCOVERY_ACROSS_FILESYSTEM not set).
2025-02-12 18:40:23.957 [info] > git rev-parse --show-toplevel [128ms]
2025-02-12 18:40:23.957 [info] fatal: not a git repository (or any parent up to mount point /)
Stopping at filesystem boundary (GIT_DISCOVERY_ACROSS_FILESYSTEM not set).
2025-02-12 18:40:24.218 [info] > git rev-parse --show-toplevel [220ms]
2025-02-12 18:40:24.218 [info] fatal: not a git repository (or any parent up to mount point /)
Stopping at filesystem boundary (GIT_DISCOVERY_ACROSS_FILESYSTEM not set).
2025-02-12 18:40:24.469 [info] > git rev-parse --show-toplevel [197ms]
2025-02-12 18:40:24.469 [info] fatal: not a git repository (or any parent up to mount point /)
Stopping at filesystem boundary (GIT_DISCOVERY_ACROSS_FILESYSTEM not set).
2025-02-12 18:40:27.607 [info] > git rev-parse --show-toplevel [86ms]
2025-02-12 18:40:27.607 [info] fatal: not a git repository (or any parent up to mount point /)
Stopping at filesystem boundary (GIT_DISCOVERY_ACROSS_FILESYSTEM not set).
2025-02-12 18:40:27.869 [info] > git rev-parse --show-toplevel [156ms]
2025-02-12 18:40:27.869 [info] fatal: not a git repository (or any parent up to mount point /)
Stopping at filesystem boundary (GIT_DISCOVERY_ACROSS_FILESYSTEM not set).
2025-02-12 18:40:27.960 [info] > git rev-parse --show-toplevel [47ms]
2025-02-12 18:40:27.960 [info] fatal: not a git repository (or any parent up to mount point /)
Stopping at filesystem boundary (GIT_DISCOVERY_ACROSS_FILESYSTEM not set).
2025-02-12 18:40:28.037 [info] > git rev-parse --show-toplevel [51ms]
2025-02-12 18:40:28.037 [info] fatal: not a git repository (or any parent up to mount point /)
Stopping at filesystem boundary (GIT_DISCOVERY_ACROSS_FILESYSTEM not set).
2025-02-12 18:40:28.081 [info] > git rev-parse --show-toplevel [13ms]
2025-02-12 18:40:28.081 [info] fatal: not a git repository (or any parent up to mount point /)
Stopping at filesystem boundary (GIT_DISCOVERY_ACROSS_FILESYSTEM not set).
2025-02-12 18:40:28.106 [info] > git rev-parse --show-toplevel [4ms]
2025-02-12 18:40:28.106 [info] fatal: not a git repository (or any parent up to mount point /)
Stopping at filesystem boundary (GIT_DISCOVERY_ACROSS_FILESYSTEM not set).
2025-02-12 18:40:28.144 [info] > git rev-parse --show-toplevel [10ms]
2025-02-12 18:40:28.144 [info] fatal: not a git repository (or any parent up to mount point /)
Stopping at filesystem boundary (GIT_DISCOVERY_ACROSS_FILESYSTEM not set).
2025-02-12 18:40:28.348 [info] > git rev-parse --show-toplevel [174ms]
2025-02-12 18:40:28.383 [info] > git rev-parse --git-dir --git-common-dir [7ms]
2025-02-12 18:40:28.413 [info] [Model][openRepository] Opened repository: /home/juanluis/.oh-my-zsh
2025-02-12 18:40:28.482 [info] > git rev-parse --show-toplevel [16ms]
2025-02-12 18:40:28.482 [info] fatal: not a git repository (or any parent up to mount point /)
Stopping at filesystem boundary (GIT_DISCOVERY_ACROSS_FILESYSTEM not set).
2025-02-12 18:40:28.483 [info] > git config --get commit.template [39ms]
2025-02-12 18:40:28.535 [info] > git rev-parse --show-toplevel [32ms]
2025-02-12 18:40:28.535 [info] fatal: not a git repository (or any parent up to mount point /)
Stopping at filesystem boundary (GIT_DISCOVERY_ACROSS_FILESYSTEM not set).
2025-02-12 18:40:28.579 [info] > git for-each-ref --format=%(refname)%00%(upstream:short)%00%(objectname)%00%(upstream:track)%00%(upstream:remotename)%00%(upstream:remoteref) refs/heads/master refs/remotes/master [49ms]
2025-02-12 18:40:28.586 [info] > git rev-parse --show-toplevel [11ms]
2025-02-12 18:40:28.586 [info] fatal: not a git repository (or any parent up to mount point /)
Stopping at filesystem boundary (GIT_DISCOVERY_ACROSS_FILESYSTEM not set).
2025-02-12 18:40:28.676 [info] > git rev-parse --show-toplevel [62ms]
2025-02-12 18:40:28.676 [info] fatal: not a git repository (or any parent up to mount point /)
Stopping at filesystem boundary (GIT_DISCOVERY_ACROSS_FILESYSTEM not set).
2025-02-12 18:40:28.707 [info] > git for-each-ref --sort -committerdate --format %(refname) %(objectname) %(*objectname) [33ms]
2025-02-12 18:40:28.716 [info] > git rev-parse --show-toplevel [11ms]
2025-02-12 18:40:28.716 [info] fatal: not a git repository (or any parent up to mount point /)
Stopping at filesystem boundary (GIT_DISCOVERY_ACROSS_FILESYSTEM not set).
2025-02-12 18:40:28.747 [info] > git status -z -uall [100ms]
2025-02-12 18:40:28.847 [info] > git for-each-ref --format=%(refname)%00%(upstream:short)%00%(objectname)%00%(upstream:track)%00%(upstream:remotename)%00%(upstream:remoteref) refs/heads/master refs/remotes/master [62ms]
2025-02-12 18:40:28.871 [info] > git rev-parse --show-toplevel [126ms]
2025-02-12 18:40:28.871 [info] fatal: not a git repository (or any parent up to mount point /)
Stopping at filesystem boundary (GIT_DISCOVERY_ACROSS_FILESYSTEM not set).
2025-02-12 18:40:28.917 [info] > git config --get --local branch.master.vscode-merge-base [47ms]
2025-02-12 18:40:28.939 [info] > git config --get commit.template [106ms]
2025-02-12 18:40:28.965 [info] > git for-each-ref --format=%(refname)%00%(upstream:short)%00%(objectname)%00%(upstream:track)%00%(upstream:remotename)%00%(upstream:remoteref) refs/heads/origin/master refs/remotes/origin/master [26ms]
2025-02-12 18:40:28.991 [info] > git rev-parse --show-toplevel [98ms]
2025-02-12 18:40:28.991 [info] fatal: not a git repository (or any parent up to mount point /)
Stopping at filesystem boundary (GIT_DISCOVERY_ACROSS_FILESYSTEM not set).
2025-02-12 18:40:29.055 [info] > git merge-base refs/heads/master refs/remotes/origin/master [65ms]
2025-02-12 18:40:29.253 [info] > git diff --name-status -z --diff-filter=ADMR db32c6ccce91e0b36873c8bfccd1e40f452a2060...refs/remotes/origin/master [169ms]
2025-02-12 18:40:29.254 [info] > git rev-parse --show-toplevel [202ms]
2025-02-12 18:40:29.254 [info] fatal: not a git repository (or any parent up to mount point /)
Stopping at filesystem boundary (GIT_DISCOVERY_ACROSS_FILESYSTEM not set).
2025-02-12 18:40:29.254 [info] > git for-each-ref --format=%(refname)%00%(upstream:short)%00%(objectname)%00%(upstream:track)%00%(upstream:remotename)%00%(upstream:remoteref) refs/heads/master refs/remotes/master [239ms]
2025-02-12 18:40:29.326 [info] > git rev-parse --show-toplevel [12ms]
2025-02-12 18:40:29.326 [info] fatal: not a git repository (or any parent up to mount point /)
Stopping at filesystem boundary (GIT_DISCOVERY_ACROSS_FILESYSTEM not set).
2025-02-12 18:40:29.531 [info] > git status -z -uall [121ms]
2025-02-12 18:40:29.532 [info] > git rev-parse --show-toplevel [164ms]
2025-02-12 18:40:29.532 [info] fatal: not a git repository (or any parent up to mount point /)
Stopping at filesystem boundary (GIT_DISCOVERY_ACROSS_FILESYSTEM not set).
2025-02-12 18:40:29.550 [info] > git for-each-ref --sort -committerdate --format %(refname) %(objectname) %(*objectname) [105ms]
2025-02-12 18:40:29.640 [info] > git rev-parse --show-toplevel [25ms]
2025-02-12 18:40:29.640 [info] fatal: not a git repository (or any parent up to mount point /)
Stopping at filesystem boundary (GIT_DISCOVERY_ACROSS_FILESYSTEM not set).
2025-02-12 18:40:29.864 [info] > git rev-parse --show-toplevel [119ms]
2025-02-12 18:40:29.864 [info] fatal: not a git repository (or any parent up to mount point /)
Stopping at filesystem boundary (GIT_DISCOVERY_ACROSS_FILESYSTEM not set).
2025-02-12 18:40:29.971 [info] > git rev-parse --show-toplevel [73ms]
2025-02-12 18:40:29.971 [info] fatal: not a git repository (or any parent up to mount point /)
Stopping at filesystem boundary (GIT_DISCOVERY_ACROSS_FILESYSTEM not set).
2025-02-12 18:40:30.108 [info] > git rev-parse --show-toplevel [71ms]
2025-02-12 18:40:30.108 [info] fatal: not a git repository (or any parent up to mount point /)
Stopping at filesystem boundary (GIT_DISCOVERY_ACROSS_FILESYSTEM not set).
2025-02-12 18:40:30.211 [info] > git rev-parse --show-toplevel [28ms]
2025-02-12 18:40:30.211 [info] fatal: not a git repository (or any parent up to mount point /)
Stopping at filesystem boundary (GIT_DISCOVERY_ACROSS_FILESYSTEM not set).
2025-02-12 18:40:30.300 [info] > git rev-parse --show-toplevel [56ms]
2025-02-12 18:40:30.300 [info] fatal: not a git repository (or any parent up to mount point /)
Stopping at filesystem boundary (GIT_DISCOVERY_ACROSS_FILESYSTEM not set).
2025-02-12 18:40:31.076 [info] > git rev-parse --show-toplevel [666ms]
2025-02-12 18:40:31.076 [info] fatal: not a git repository (or any parent up to mount point /)
Stopping at filesystem boundary (GIT_DISCOVERY_ACROSS_FILESYSTEM not set).
2025-02-12 18:40:31.151 [info] > git rev-parse --show-toplevel [24ms]
2025-02-12 18:40:31.151 [info] fatal: not a git repository (or any parent up to mount point /)
Stopping at filesystem boundary (GIT_DISCOVERY_ACROSS_FILESYSTEM not set).
2025-02-12 18:40:31.207 [info] > git rev-parse --show-toplevel [14ms]
2025-02-12 18:40:31.207 [info] fatal: not a git repository (or any parent up to mount point /)
Stopping at filesystem boundary (GIT_DISCOVERY_ACROSS_FILESYSTEM not set).
2025-02-12 18:40:31.238 [info] > git rev-parse --show-toplevel [8ms]
2025-02-12 18:40:31.238 [info] fatal: not a git repository (or any parent up to mount point /)
Stopping at filesystem boundary (GIT_DISCOVERY_ACROSS_FILESYSTEM not set).
2025-02-12 18:40:31.269 [info] > git rev-parse --show-toplevel [7ms]
2025-02-12 18:40:31.269 [info] fatal: not a git repository (or any parent up to mount point /)
Stopping at filesystem boundary (GIT_DISCOVERY_ACROSS_FILESYSTEM not set).
2025-02-12 18:40:31.322 [info] > git rev-parse --show-toplevel [25ms]
2025-02-12 18:40:31.322 [info] fatal: not a git repository (or any parent up to mount point /)
Stopping at filesystem boundary (GIT_DISCOVERY_ACROSS_FILESYSTEM not set).
2025-02-12 18:40:31.358 [info] > git rev-parse --show-toplevel [9ms]
2025-02-12 18:40:31.358 [info] fatal: not a git repository (or any parent up to mount point /)
Stopping at filesystem boundary (GIT_DISCOVERY_ACROSS_FILESYSTEM not set).
2025-02-12 18:40:31.394 [info] > git rev-parse --show-toplevel [7ms]
2025-02-12 18:40:31.468 [info] > git rev-parse --git-dir --git-common-dir [49ms]
2025-02-12 18:40:31.478 [info] [Model][openRepository] Opened repository: /home/juanluis/fastfetch-examples
2025-02-12 18:40:31.539 [info] > git rev-parse --show-toplevel [16ms]
2025-02-12 18:40:31.539 [info] fatal: not a git repository (or any parent up to mount point /)
Stopping at filesystem boundary (GIT_DISCOVERY_ACROSS_FILESYSTEM not set).
2025-02-12 18:40:31.539 [info] > git config --get commit.template [38ms]
2025-02-12 18:40:31.657 [info] > git rev-parse --show-toplevel [30ms]
2025-02-12 18:40:31.681 [info] > git for-each-ref --format=%(refname)%00%(upstream:short)%00%(objectname)%00%(upstream:track)%00%(upstream:remotename)%00%(upstream:remoteref) refs/heads/master refs/remotes/master [29ms]
2025-02-12 18:40:31.700 [warning] [Git][revParse] Unable to read file: ENOENT: no such file or directory, open '/home/juanluis/fastfetch-examples/.git/refs/remotes/origin/master'
2025-02-12 18:40:31.704 [info] > git rev-parse --git-dir --git-common-dir [27ms]
2025-02-12 18:40:31.712 [info] [Model][openRepository] Opened repository: /home/juanluis/neofetch
2025-02-12 18:40:31.757 [info] > git rev-parse refs/remotes/origin/master [57ms]
2025-02-12 18:40:31.826 [info] > git for-each-ref --sort -committerdate --format %(refname) %(objectname) %(*objectname) [29ms]
2025-02-12 18:40:31.827 [info] > git rev-parse --show-toplevel [74ms]
2025-02-12 18:40:31.827 [info] fatal: not a git repository (or any parent up to mount point /)
Stopping at filesystem boundary (GIT_DISCOVERY_ACROSS_FILESYSTEM not set).
2025-02-12 18:40:31.830 [info] [Model][doInitialScan] Initial repository scan completed - repositories (3), closed repositories (0), parent repositories (0), unsafe repositories (0)
2025-02-12 18:40:31.843 [info] > git config --get commit.template [111ms]
2025-02-12 18:40:31.923 [info] > git config --get commit.template [37ms]
2025-02-12 18:40:31.923 [info] > git rev-parse --show-toplevel [60ms]
2025-02-12 18:40:31.923 [info] fatal: not a git repository (or any parent up to mount point /)
Stopping at filesystem boundary (GIT_DISCOVERY_ACROSS_FILESYSTEM not set).
2025-02-12 18:40:31.961 [info] > git for-each-ref --format=%(refname)%00%(upstream:short)%00%(objectname)%00%(upstream:track)%00%(upstream:remotename)%00%(upstream:remoteref) refs/heads/master refs/remotes/master [44ms]
2025-02-12 18:40:32.009 [warning] [Git][revParse] Unable to read file: ENOENT: no such file or directory, open '/home/juanluis/neofetch/.git/refs/remotes/origin/master'
2025-02-12 18:40:32.022 [info] > git rev-parse --show-toplevel [77ms]
2025-02-12 18:40:32.022 [info] fatal: not a git repository (or any parent up to mount point /)
Stopping at filesystem boundary (GIT_DISCOVERY_ACROSS_FILESYSTEM not set).
2025-02-12 18:40:32.072 [info] > git rev-parse refs/remotes/origin/master [63ms]
2025-02-12 18:40:32.125 [info] > git for-each-ref --format=%(refname)%00%(upstream:short)%00%(objectname)%00%(upstream:track)%00%(upstream:remotename)%00%(upstream:remoteref) refs/heads/master refs/remotes/master [144ms]
2025-02-12 18:40:32.168 [info] > git status -z -uall [65ms]
2025-02-12 18:40:32.169 [info] > git for-each-ref --sort -committerdate --format %(refname) %(objectname) %(*objectname) [43ms]
2025-02-12 18:40:32.210 [info] > git rev-parse --show-toplevel [152ms]
2025-02-12 18:40:32.210 [info] fatal: not a git repository (or any parent up to mount point /)
Stopping at filesystem boundary (GIT_DISCOVERY_ACROSS_FILESYSTEM not set).
2025-02-12 18:40:32.379 [info] > git for-each-ref --format=%(refname)%00%(upstream:short)%00%(objectname)%00%(upstream:track)%00%(upstream:remotename)%00%(upstream:remoteref) refs/heads/master refs/remotes/master [176ms]
2025-02-12 18:40:32.416 [info] > git rev-parse --show-toplevel [47ms]
2025-02-12 18:40:32.416 [info] fatal: not a git repository (or any parent up to mount point /)
Stopping at filesystem boundary (GIT_DISCOVERY_ACROSS_FILESYSTEM not set).
2025-02-12 18:40:32.416 [info] > git config --get commit.template [73ms]
2025-02-12 18:40:32.515 [info] > git status -z -uall [739ms]
2025-02-12 18:40:32.516 [info] > git config --get --local branch.master.vscode-merge-base [109ms]
2025-02-12 18:40:32.572 [info] > git status -z -uall [134ms]
2025-02-12 18:40:32.573 [info] > git rev-parse --show-toplevel [61ms]
2025-02-12 18:40:32.573 [info] fatal: not a git repository (or any parent up to mount point /)
Stopping at filesystem boundary (GIT_DISCOVERY_ACROSS_FILESYSTEM not set).
2025-02-12 18:40:32.573 [info] > git for-each-ref --sort -committerdate --format %(refname) %(objectname) %(*objectname) [90ms]
2025-02-12 18:40:32.674 [info] > git for-each-ref --format=%(refname)%00%(upstream:short)%00%(objectname)%00%(upstream:track)%00%(upstream:remotename)%00%(upstream:remoteref) refs/heads/master refs/remotes/master [70ms]
2025-02-12 18:40:32.694 [info] > git for-each-ref --format=%(refname)%00%(upstream:short)%00%(objectname)%00%(upstream:track)%00%(upstream:remotename)%00%(upstream:remoteref) refs/heads/master refs/remotes/master [129ms]
2025-02-12 18:40:32.694 [info] > git for-each-ref --format=%(refname)%00%(upstream:short)%00%(objectname)%00%(upstream:track)%00%(upstream:remotename)%00%(upstream:remoteref) refs/heads/origin/master refs/remotes/origin/master [153ms]
2025-02-12 18:40:32.739 [warning] [Git][revParse] Unable to read file: ENOENT: no such file or directory, open '/home/juanluis/neofetch/.git/refs/remotes/origin/master'
2025-02-12 18:40:32.764 [info] > git config --get --local branch.master.vscode-merge-base [70ms]
2025-02-12 18:40:32.795 [info] > git config --get commit.template [132ms]
2025-02-12 18:40:32.795 [info] > git rev-parse --show-toplevel [158ms]
2025-02-12 18:40:32.795 [info] fatal: not a git repository (or any parent up to mount point /)
Stopping at filesystem boundary (GIT_DISCOVERY_ACROSS_FILESYSTEM not set).
2025-02-12 18:40:32.822 [info] > git for-each-ref --format=%(refname)%00%(upstream:short)%00%(objectname)%00%(upstream:track)%00%(upstream:remotename)%00%(upstream:remoteref) refs/heads/origin/master refs/remotes/origin/master [27ms]
2025-02-12 18:40:32.847 [info] > git rev-parse refs/remotes/origin/master [108ms]
2025-02-12 18:40:32.885 [info] > git merge-base refs/heads/master refs/remotes/origin/master [169ms]
2025-02-12 18:40:32.933 [info] > git status -z -uall [68ms]
2025-02-12 18:40:32.934 [info] > git for-each-ref --sort -committerdate --format %(refname) %(objectname) %(*objectname) [48ms]
2025-02-12 18:40:32.969 [info] > git merge-base refs/heads/master refs/remotes/origin/master [122ms]
2025-02-12 18:40:32.993 [info] > git rev-parse --show-toplevel [176ms]
2025-02-12 18:40:32.993 [info] fatal: not a git repository (or any parent up to mount point /)
Stopping at filesystem boundary (GIT_DISCOVERY_ACROSS_FILESYSTEM not set).
2025-02-12 18:40:33.003 [info] > git merge-base refs/heads/master refs/remotes/origin/master [36ms]
2025-02-12 18:40:33.026 [info] > git for-each-ref --format=%(refname)%00%(upstream:short)%00%(objectname)%00%(upstream:track)%00%(upstream:remotename)%00%(upstream:remoteref) refs/heads/master refs/remotes/master [101ms]
2025-02-12 18:40:33.026 [info] > git diff --name-status -z --diff-filter=ADMR ccd5d9f52609bbdcd5d8fa78c4fdb0f12954125f...refs/remotes/origin/master [121ms]
2025-02-12 18:40:33.050 [warning] [Git][revParse] Unable to read file: ENOENT: no such file or directory, open '/home/juanluis/fastfetch-examples/.git/refs/remotes/origin/master'
2025-02-12 18:40:33.060 [info] > git diff --name-status -z --diff-filter=ADMR d8c87da7bb43da2c1517d5c4be03a1b4bf1d9424...refs/remotes/origin/master [67ms]
2025-02-12 18:40:33.070 [info] > git rev-parse refs/remotes/origin/master [20ms]
2025-02-12 18:40:33.114 [info] > git diff --name-status -z --diff-filter=ADMR ccd5d9f52609bbdcd5d8fa78c4fdb0f12954125f...refs/remotes/origin/master [89ms]
2025-02-12 18:40:33.127 [info] > git for-each-ref --sort -committerdate --format %(refname) %(objectname) %(*objectname) [12ms]
2025-02-12 18:40:33.452 [info] > git config --get --local branch.master.github-pr-owner-number [284ms]
2025-02-12 18:40:33.452 [warning] [Git][config] git config failed: Failed to execute git
2025-02-12 18:40:33.575 [info] > git config --get --local branch.master.github-pr-owner-number [223ms]
2025-02-12 18:40:33.575 [warning] [Git][config] git config failed: Failed to execute git
2025-02-12 18:40:33.714 [info] > git status -z -uall [624ms]
2025-02-12 18:40:34.377 [info] > git config --get --local branch.master.github-pr-owner-number [219ms]
2025-02-12 18:40:34.377 [warning] [Git][config] git config failed: Failed to execute git
2025-02-12 18:40:35.603 [info] > git config --get --local branch.master.github-pr-owner-number [22ms]
2025-02-12 18:40:35.603 [warning] [Git][config] git config failed: Failed to execute git
2025-02-12 18:40:41.145 [info] > git config --get commit.template [17ms]
2025-02-12 18:40:41.145 [info] > git config --get commit.template [44ms]
2025-02-12 18:40:41.145 [info] > git config --get commit.template [66ms]
2025-02-12 18:40:41.215 [info] > git for-each-ref --format=%(refname)%00%(upstream:short)%00%(objectname)%00%(upstream:track)%00%(upstream:remotename)%00%(upstream:remoteref) refs/heads/master refs/remotes/master [26ms]
2025-02-12 18:40:41.216 [info] > git for-each-ref --format=%(refname)%00%(upstream:short)%00%(objectname)%00%(upstream:track)%00%(upstream:remotename)%00%(upstream:remoteref) refs/heads/master refs/remotes/master [49ms]
2025-02-12 18:40:41.243 [warning] [Git][revParse] Unable to read file: ENOENT: no such file or directory, open '/home/juanluis/fastfetch-examples/.git/refs/remotes/origin/master'
2025-02-12 18:40:41.244 [info] > git for-each-ref --format=%(refname)%00%(upstream:short)%00%(objectname)%00%(upstream:track)%00%(upstream:remotename)%00%(upstream:remoteref) refs/heads/master refs/remotes/master [33ms]
2025-02-12 18:40:41.274 [warning] [Git][revParse] Unable to read file: ENOENT: no such file or directory, open '/home/juanluis/neofetch/.git/refs/remotes/origin/master'
2025-02-12 18:40:41.280 [info] > git rev-parse refs/remotes/origin/master [6ms]
2025-02-12 18:40:41.338 [info] > git rev-parse refs/remotes/origin/master [95ms]
2025-02-12 18:40:41.479 [info] > git status -z -uall [170ms]
2025-02-12 18:40:41.480 [info] > git for-each-ref --sort -committerdate --format %(refname) %(objectname) %(*objectname) [84ms]
2025-02-12 18:40:41.485 [info] > git for-each-ref --sort -committerdate --format %(refname) %(objectname) %(*objectname) [148ms]
2025-02-12 18:40:41.504 [info] > git for-each-ref --sort -committerdate --format %(refname) %(objectname) %(*objectname) [26ms]
2025-02-12 18:40:41.583 [info] > git status -z -uall [154ms]
2025-02-12 18:40:42.162 [info] > git status -z -uall [797ms]
2025-02-12 18:59:47.356 [info] > git config --get commit.template [186ms]
2025-02-12 18:59:47.541 [info] > git for-each-ref --format=%(refname)%00%(upstream:short)%00%(objectname)%00%(upstream:track)%00%(upstream:remotename)%00%(upstream:remoteref) refs/heads/master refs/remotes/master [4ms]
2025-02-12 18:59:47.875 [info] > git status -z -uall [161ms]
2025-02-12 18:59:47.877 [info] > git for-each-ref --sort -committerdate --format %(refname) %(objectname) %(*objectname) [3ms]
