2025-02-12 19:04:42.831 [info] Reading sessions from keychain...
2025-02-12 19:04:42.831 [info] Getting sessions for all scopes...
2025-02-12 19:04:42.831 [info] Getting sessions for all scopes...
2025-02-12 19:04:42.831 [info] Getting sessions for all scopes...
2025-02-12 19:04:42.831 [info] Got stored sessions!
2025-02-12 19:04:42.831 [info] Got 2 verified sessions.
2025-02-12 19:04:42.831 [info] Got 2 sessions for ...
2025-02-12 19:04:42.831 [info] Got 2 sessions for ...
2025-02-12 19:04:42.831 [info] Got 2 sessions for ...
2025-02-12 19:04:42.844 [info] Getting sessions for all scopes...
2025-02-12 19:04:42.844 [info] Got 2 sessions for ...
2025-02-12 19:04:42.844 [info] Getting sessions for all scopes...
2025-02-12 19:04:42.844 [info] Got 2 sessions for ...
2025-02-12 19:04:42.845 [info] Getting sessions for all scopes...
2025-02-12 19:04:42.845 [info] Got 2 sessions for ...
2025-02-12 19:04:42.845 [info] Getting sessions for all scopes...
2025-02-12 19:04:42.845 [info] Got 2 sessions for ...
2025-02-12 19:04:42.845 [info] Getting sessions for all scopes...
2025-02-12 19:04:42.846 [info] Got 2 sessions for ...
2025-02-12 19:04:47.983 [info] Getting sessions for user:email...
2025-02-12 19:04:47.983 [info] Got 1 sessions for user:email...
2025-02-12 19:04:48.553 [info] Getting sessions for all scopes...
2025-02-12 19:04:48.553 [info] Got 2 sessions for ...
2025-02-12 19:04:48.964 [info] Getting sessions for read:user,repo,user:email,workflow...
2025-02-12 19:04:48.964 [info] Got 1 sessions for read:user,repo,user:email,workflow...
2025-02-12 19:04:49.016 [info] Getting sessions for read:user,repo,user:email...
2025-02-12 19:04:49.016 [info] Got 0 sessions for read:user,repo,user:email...
2025-02-12 19:04:49.016 [info] Getting sessions for read:user,repo,user:email,workflow...
2025-02-12 19:04:49.016 [info] Got 1 sessions for read:user,repo,user:email,workflow...
2025-02-12 19:04:49.160 [info] Getting sessions for all scopes...
2025-02-12 19:04:49.160 [info] Got 2 sessions for ...
2025-02-12 19:04:49.161 [info] Getting sessions for all scopes...
2025-02-12 19:04:49.161 [info] Got 2 sessions for ...
2025-02-12 19:04:49.213 [info] Getting sessions for project,read:org,read:user,repo,user:email,workflow...
2025-02-12 19:04:49.213 [info] Got 0 sessions for project,read:org,read:user,repo,user:email,workflow...
2025-02-12 19:04:49.461 [info] Getting sessions for read:user,repo,user:email,workflow...
2025-02-12 19:04:49.461 [info] Got 1 sessions for read:user,repo,user:email,workflow...
2025-02-12 19:04:49.518 [info] Getting sessions for read:user,repo,user:email,workflow...
2025-02-12 19:04:49.518 [info] Got 1 sessions for read:user,repo,user:email,workflow...
2025-02-12 19:04:49.813 [info] Getting sessions for all scopes...
2025-02-12 19:04:49.813 [info] Got 2 sessions for ...
2025-02-12 19:04:52.435 [info] Getting sessions for read:user,repo,user:email,workflow...
2025-02-12 19:04:52.436 [info] Got 1 sessions for read:user,repo,user:email,workflow...
2025-02-12 19:04:52.605 [info] Getting sessions for all scopes...
2025-02-12 19:04:52.605 [info] Got 2 sessions for ...
2025-02-12 19:04:52.658 [info] Getting sessions for read:user,repo,user:email,workflow...
2025-02-12 19:04:52.658 [info] Got 1 sessions for read:user,repo,user:email,workflow...
2025-02-12 19:04:53.442 [info] Getting sessions for read:user,repo,user:email...
2025-02-12 19:04:53.442 [info] Got 0 sessions for read:user,repo,user:email...
2025-02-12 19:04:53.531 [info] Getting sessions for all scopes...
2025-02-12 19:04:53.531 [info] Got 2 sessions for ...
2025-02-12 19:04:53.531 [info] Getting sessions for all scopes...
2025-02-12 19:04:53.531 [info] Got 2 sessions for ...
2025-02-12 19:04:53.653 [info] Getting sessions for read:user,repo,user:email...
2025-02-12 19:04:53.653 [info] Got 0 sessions for read:user,repo,user:email...
2025-02-12 19:04:53.751 [info] Getting sessions for read:user,repo,user:email,workflow...
2025-02-12 19:04:53.751 [info] Got 1 sessions for read:user,repo,user:email,workflow...
2025-02-12 19:04:53.898 [info] Getting sessions for read:user,repo,user:email...
2025-02-12 19:04:53.899 [info] Got 0 sessions for read:user,repo,user:email...
2025-02-12 19:04:53.899 [info] Getting sessions for read:user,repo,user:email,workflow...
2025-02-12 19:04:53.899 [info] Got 1 sessions for read:user,repo,user:email,workflow...
2025-02-12 19:04:53.987 [info] Getting sessions for all scopes...
2025-02-12 19:04:53.987 [info] Got 2 sessions for ...
2025-02-12 19:04:54.134 [info] Getting sessions for all scopes...
2025-02-12 19:04:54.134 [info] Got 2 sessions for ...
2025-02-12 19:04:54.375 [info] Getting sessions for read:user,repo,user:email,workflow...
2025-02-12 19:04:54.375 [info] Got 1 sessions for read:user,repo,user:email,workflow...
2025-02-12 19:04:55.026 [info] Getting sessions for read:user,repo,user:email,workflow...
2025-02-12 19:04:55.026 [info] Got 1 sessions for read:user,repo,user:email,workflow...
2025-02-12 19:04:55.299 [info] Getting sessions for all scopes...
2025-02-12 19:04:55.299 [info] Got 2 sessions for ...
2025-02-12 19:04:55.389 [info] Getting sessions for all scopes...
2025-02-12 19:04:55.389 [info] Got 2 sessions for ...
2025-02-12 19:04:55.417 [info] Getting sessions for read:user,repo,user:email,workflow...
2025-02-12 19:04:55.417 [info] Got 1 sessions for read:user,repo,user:email,workflow...
2025-02-12 19:04:55.642 [info] Getting sessions for all scopes...
2025-02-12 19:04:55.642 [info] Got 2 sessions for ...
2025-02-12 19:04:55.649 [info] Getting sessions for read:user,repo,user:email,workflow...
2025-02-12 19:04:55.649 [info] Got 1 sessions for read:user,repo,user:email,workflow...
2025-02-12 19:04:55.779 [info] Getting sessions for all scopes...
2025-02-12 19:04:55.779 [info] Got 2 sessions for ...
2025-02-12 19:04:55.780 [info] Getting sessions for read:user,repo,user:email,workflow...
2025-02-12 19:04:55.780 [info] Got 1 sessions for read:user,repo,user:email,workflow...
2025-02-12 19:05:03.519 [info] Reading sessions from keychain...
2025-02-12 19:05:03.519 [info] Getting sessions for all scopes...
2025-02-12 19:05:03.519 [info] Getting sessions for all scopes...
2025-02-12 19:05:03.519 [info] Got stored sessions!
2025-02-12 19:05:03.519 [info] Got 2 verified sessions.
2025-02-12 19:05:03.519 [info] Got 2 sessions for ...
2025-02-12 19:05:03.519 [info] Got 2 sessions for ...
2025-02-12 19:05:03.519 [info] Getting sessions for user:email...
2025-02-12 19:05:03.519 [info] Got 1 sessions for user:email...
2025-02-12 19:05:03.520 [info] Getting sessions for all scopes...
2025-02-12 19:05:03.520 [info] Got 2 sessions for ...
2025-02-12 19:05:03.520 [info] Getting sessions for all scopes...
2025-02-12 19:05:03.520 [info] Got 2 sessions for ...
2025-02-12 19:05:03.520 [info] Getting sessions for all scopes...
2025-02-12 19:05:03.520 [info] Got 2 sessions for ...
2025-02-12 19:05:03.520 [info] Getting sessions for all scopes...
2025-02-12 19:05:03.520 [info] Got 2 sessions for ...
2025-02-12 19:05:03.520 [info] Getting sessions for all scopes...
2025-02-12 19:05:03.520 [info] Got 2 sessions for ...
2025-02-12 19:05:06.410 [info] Getting sessions for all scopes...
2025-02-12 19:05:06.410 [info] Got 2 sessions for ...
2025-02-12 19:05:07.250 [info] Getting sessions for read:user,repo,user:email...
2025-02-12 19:05:07.250 [info] Got 0 sessions for read:user,repo,user:email...
2025-02-12 19:05:07.250 [info] Getting sessions for read:user,repo,user:email,workflow...
2025-02-12 19:05:07.250 [info] Got 1 sessions for read:user,repo,user:email,workflow...
2025-02-12 19:05:07.251 [info] Getting sessions for all scopes...
2025-02-12 19:05:07.251 [info] Got 2 sessions for ...
2025-02-12 19:05:07.251 [info] Getting sessions for all scopes...
2025-02-12 19:05:07.251 [info] Got 2 sessions for ...
2025-02-12 19:05:07.251 [info] Getting sessions for project,read:org,read:user,repo,user:email,workflow...
2025-02-12 19:05:07.251 [info] Got 0 sessions for project,read:org,read:user,repo,user:email,workflow...
2025-02-12 19:05:07.414 [info] Getting sessions for read:user,repo,user:email,workflow...
2025-02-12 19:05:07.414 [info] Got 1 sessions for read:user,repo,user:email,workflow...
2025-02-12 19:05:07.415 [info] Getting sessions for read:user,repo,user:email,workflow...
2025-02-12 19:05:07.415 [info] Got 1 sessions for read:user,repo,user:email,workflow...
2025-02-12 19:05:09.444 [info] Getting sessions for all scopes...
2025-02-12 19:05:09.444 [info] Got 2 sessions for ...
2025-02-12 19:05:09.841 [info] Getting sessions for read:user,repo,user:email...
2025-02-12 19:05:09.841 [info] Got 0 sessions for read:user,repo,user:email...
2025-02-12 19:05:09.909 [info] Getting sessions for read:user,repo,user:email,workflow...
2025-02-12 19:05:09.909 [info] Got 1 sessions for read:user,repo,user:email,workflow...
2025-02-12 19:05:09.940 [info] Getting sessions for read:user,repo,user:email,workflow...
2025-02-12 19:05:09.940 [info] Got 1 sessions for read:user,repo,user:email,workflow...
2025-02-12 19:05:10.085 [info] Getting sessions for all scopes...
2025-02-12 19:05:10.085 [info] Got 2 sessions for ...
2025-02-12 19:05:10.407 [info] Getting sessions for read:user,repo,user:email,workflow...
2025-02-12 19:05:10.408 [info] Got 1 sessions for read:user,repo,user:email,workflow...
2025-02-12 19:05:10.708 [info] Getting sessions for all scopes...
2025-02-12 19:05:10.708 [info] Got 2 sessions for ...
2025-02-12 19:05:10.771 [info] Getting sessions for read:user,repo,user:email,workflow...
2025-02-12 19:05:10.772 [info] Got 1 sessions for read:user,repo,user:email,workflow...
2025-02-12 19:05:10.806 [info] Getting sessions for read:user,repo,user:email,workflow...
2025-02-12 19:05:10.806 [info] Got 1 sessions for read:user,repo,user:email,workflow...
2025-02-12 19:05:11.029 [info] Getting sessions for all scopes...
2025-02-12 19:05:11.029 [info] Got 2 sessions for ...
2025-02-12 19:05:11.029 [info] Getting sessions for all scopes...
2025-02-12 19:05:11.029 [info] Got 2 sessions for ...
2025-02-12 19:05:11.048 [info] Getting sessions for read:user,repo,user:email,workflow...
2025-02-12 19:05:11.048 [info] Got 1 sessions for read:user,repo,user:email,workflow...
2025-02-12 19:05:11.051 [info] Getting sessions for all scopes...
2025-02-12 19:05:11.051 [info] Got 2 sessions for ...
2025-02-12 19:05:11.053 [info] Getting sessions for read:user,repo,user:email,workflow...
2025-02-12 19:05:11.053 [info] Got 1 sessions for read:user,repo,user:email,workflow...
2025-02-12 19:05:11.202 [info] Getting sessions for all scopes...
2025-02-12 19:05:11.202 [info] Got 2 sessions for ...
2025-02-12 19:05:11.249 [info] Getting sessions for read:user,repo,user:email,workflow...
2025-02-12 19:05:11.249 [info] Got 1 sessions for read:user,repo,user:email,workflow...
2025-02-12 19:05:12.223 [info] Getting sessions for all scopes...
2025-02-12 19:05:12.223 [info] Got 2 sessions for ...
2025-02-12 19:05:12.225 [info] Getting sessions for read:user,repo,user:email,workflow...
2025-02-12 19:05:12.225 [info] Got 1 sessions for read:user,repo,user:email,workflow...
2025-02-12 19:11:14.220 [info] Getting sessions for all scopes...
2025-02-12 19:11:14.221 [info] Got 2 sessions for ...
2025-02-12 19:11:14.222 [info] Getting sessions for read:user,repo,user:email,workflow...
2025-02-12 19:11:14.222 [info] Got 1 sessions for read:user,repo,user:email,workflow...
2025-02-12 19:11:15.402 [info] Getting sessions for all scopes...
2025-02-12 19:11:15.402 [info] Got 2 sessions for ...
2025-02-12 19:11:15.445 [info] Getting sessions for read:user,repo,user:email,workflow...
2025-02-12 19:11:15.445 [info] Got 1 sessions for read:user,repo,user:email,workflow...
2025-02-12 19:11:16.351 [info] Getting sessions for all scopes...
2025-02-12 19:11:16.351 [info] Got 2 sessions for ...
2025-02-12 19:11:16.375 [info] Getting sessions for read:user,repo,user:email,workflow...
2025-02-12 19:11:16.375 [info] Got 1 sessions for read:user,repo,user:email,workflow...
2025-02-12 19:20:12.232 [info] Getting sessions for all scopes...
2025-02-12 19:20:12.232 [info] Got 2 sessions for ...
2025-02-12 19:20:12.238 [info] Getting sessions for read:user,repo,user:email,workflow...
2025-02-12 19:20:12.238 [info] Got 1 sessions for read:user,repo,user:email,workflow...
2025-02-12 19:30:11.008 [info] Getting sessions for all scopes...
2025-02-12 19:30:11.008 [info] Got 2 sessions for ...
2025-02-12 19:30:11.010 [info] Getting sessions for read:user,repo,user:email,workflow...
2025-02-12 19:30:11.010 [info] Got 1 sessions for read:user,repo,user:email,workflow...
2025-02-12 19:30:11.824 [info] Getting sessions for all scopes...
2025-02-12 19:30:11.824 [info] Got 2 sessions for ...
2025-02-12 19:30:11.824 [info] Getting sessions for all scopes...
2025-02-12 19:30:11.824 [info] Got 2 sessions for ...
2025-02-12 19:30:11.825 [info] Getting sessions for read:user,repo,user:email,workflow...
2025-02-12 19:30:11.825 [info] Got 1 sessions for read:user,repo,user:email,workflow...
2025-02-12 19:30:11.826 [info] Getting sessions for all scopes...
2025-02-12 19:30:11.827 [info] Got 2 sessions for ...
2025-02-12 19:30:11.828 [info] Getting sessions for read:user,repo,user:email,workflow...
2025-02-12 19:30:11.828 [info] Got 1 sessions for read:user,repo,user:email,workflow...
2025-02-12 19:30:11.838 [info] Getting sessions for all scopes...
2025-02-12 19:30:11.838 [info] Got 2 sessions for ...
2025-02-12 19:30:11.839 [info] Getting sessions for read:user,repo,user:email,workflow...
2025-02-12 19:30:11.839 [info] Got 1 sessions for read:user,repo,user:email,workflow...
2025-02-12 19:45:11.844 [info] Getting sessions for all scopes...
2025-02-12 19:45:11.844 [info] Got 2 sessions for ...
2025-02-12 19:45:11.845 [info] Getting sessions for read:user,repo,user:email,workflow...
2025-02-12 19:45:11.845 [info] Got 1 sessions for read:user,repo,user:email,workflow...
2025-02-12 19:54:28.445 [info] Getting sessions for read:user,repo,user:email,workflow...
2025-02-12 19:54:28.445 [info] Got 1 sessions for read:user,repo,user:email,workflow...
2025-02-12 19:55:11.826 [info] Getting sessions for all scopes...
2025-02-12 19:55:11.826 [info] Got 2 sessions for ...
2025-02-12 19:55:11.827 [info] Getting sessions for read:user,repo,user:email,workflow...
2025-02-12 19:55:11.827 [info] Got 1 sessions for read:user,repo,user:email,workflow...
2025-02-12 19:55:12.625 [info] Getting sessions for all scopes...
2025-02-12 19:55:12.625 [info] Got 2 sessions for ...
2025-02-12 19:55:12.625 [info] Getting sessions for all scopes...
2025-02-12 19:55:12.625 [info] Got 2 sessions for ...
2025-02-12 19:55:12.626 [info] Getting sessions for read:user,repo,user:email,workflow...
2025-02-12 19:55:12.626 [info] Got 1 sessions for read:user,repo,user:email,workflow...
2025-02-12 19:55:12.628 [info] Getting sessions for all scopes...
2025-02-12 19:55:12.628 [info] Got 2 sessions for ...
2025-02-12 19:55:12.629 [info] Getting sessions for read:user,repo,user:email,workflow...
2025-02-12 19:55:12.629 [info] Got 1 sessions for read:user,repo,user:email,workflow...
2025-02-12 19:55:12.636 [info] Getting sessions for all scopes...
2025-02-12 19:55:12.636 [info] Got 2 sessions for ...
2025-02-12 19:55:12.638 [info] Getting sessions for read:user,repo,user:email,workflow...
2025-02-12 19:55:12.638 [info] Got 1 sessions for read:user,repo,user:email,workflow...
2025-02-12 19:55:12.641 [info] Getting sessions for all scopes...
2025-02-12 19:55:12.641 [info] Got 2 sessions for ...
2025-02-12 19:55:12.642 [info] Getting sessions for read:user,repo,user:email,workflow...
2025-02-12 19:55:12.643 [info] Got 1 sessions for read:user,repo,user:email,workflow...
2025-02-12 19:56:44.691 [info] Getting sessions for all scopes...
2025-02-12 19:56:44.692 [info] Got 2 sessions for ...
2025-02-12 19:56:44.711 [info] Getting sessions for read:user,repo,user:email,workflow...
2025-02-12 19:56:44.711 [info] Got 1 sessions for read:user,repo,user:email,workflow...
2025-02-12 19:56:45.103 [info] Getting sessions for all scopes...
2025-02-12 19:56:45.103 [info] Got 2 sessions for ...
2025-02-12 19:56:45.114 [info] Getting sessions for read:user,repo,user:email,workflow...
2025-02-12 19:56:45.114 [info] Got 1 sessions for read:user,repo,user:email,workflow...
2025-02-12 19:56:57.505 [info] Getting sessions for all scopes...
2025-02-12 19:56:57.505 [info] Got 2 sessions for ...
2025-02-12 19:56:57.534 [info] Getting sessions for read:user,repo,user:email,workflow...
2025-02-12 19:56:57.534 [info] Got 1 sessions for read:user,repo,user:email,workflow...
2025-02-12 19:57:49.745 [info] Getting sessions for all scopes...
2025-02-12 19:57:49.745 [info] Got 2 sessions for ...
2025-02-12 19:57:49.756 [info] Getting sessions for read:user,repo,user:email,workflow...
2025-02-12 19:57:49.756 [info] Got 1 sessions for read:user,repo,user:email,workflow...
2025-02-12 19:57:50.229 [info] Getting sessions for all scopes...
2025-02-12 19:57:50.229 [info] Got 2 sessions for ...
2025-02-12 19:57:50.239 [info] Getting sessions for read:user,repo,user:email,workflow...
2025-02-12 19:57:50.239 [info] Got 1 sessions for read:user,repo,user:email,workflow...
2025-02-12 19:57:52.373 [info] Getting sessions for all scopes...
2025-02-12 19:57:52.373 [info] Got 2 sessions for ...
2025-02-12 19:57:52.384 [info] Getting sessions for read:user,repo,user:email,workflow...
2025-02-12 19:57:52.384 [info] Got 1 sessions for read:user,repo,user:email,workflow...
2025-02-12 19:58:51.236 [info] Getting sessions for all scopes...
2025-02-12 19:58:51.236 [info] Got 2 sessions for ...
2025-02-12 19:58:51.337 [info] Getting sessions for read:user,repo,user:email,workflow...
2025-02-12 19:58:51.337 [info] Got 1 sessions for read:user,repo,user:email,workflow...
2025-02-12 19:58:51.775 [info] Getting sessions for all scopes...
2025-02-12 19:58:51.775 [info] Got 2 sessions for ...
2025-02-12 19:58:51.784 [info] Getting sessions for read:user,repo,user:email,workflow...
2025-02-12 19:58:51.784 [info] Got 1 sessions for read:user,repo,user:email,workflow...
2025-02-12 19:58:54.690 [info] Getting sessions for all scopes...
2025-02-12 19:58:54.690 [info] Got 2 sessions for ...
2025-02-12 19:58:54.702 [info] Getting sessions for read:user,repo,user:email,workflow...
2025-02-12 19:58:54.702 [info] Got 1 sessions for read:user,repo,user:email,workflow...
2025-02-12 20:02:42.117 [info] Getting sessions for all scopes...
2025-02-12 20:02:42.117 [info] Got 2 sessions for ...
2025-02-12 20:02:42.119 [info] Getting sessions for read:user,repo,user:email,workflow...
2025-02-12 20:02:42.119 [info] Got 1 sessions for read:user,repo,user:email,workflow...
2025-02-12 20:02:42.792 [info] Getting sessions for all scopes...
2025-02-12 20:02:42.793 [info] Got 2 sessions for ...
2025-02-12 20:02:42.802 [info] Getting sessions for read:user,repo,user:email,workflow...
2025-02-12 20:02:42.802 [info] Got 1 sessions for read:user,repo,user:email,workflow...
2025-02-12 20:02:47.229 [info] Getting sessions for all scopes...
2025-02-12 20:02:47.229 [info] Got 2 sessions for ...
2025-02-12 20:02:47.233 [info] Getting sessions for read:user,repo,user:email,workflow...
2025-02-12 20:02:47.233 [info] Got 1 sessions for read:user,repo,user:email,workflow...
2025-02-12 20:10:13.245 [info] Getting sessions for all scopes...
2025-02-12 20:10:13.245 [info] Got 2 sessions for ...
2025-02-12 20:10:13.246 [info] Getting sessions for read:user,repo,user:email,workflow...
2025-02-12 20:10:13.246 [info] Got 1 sessions for read:user,repo,user:email,workflow...
2025-02-12 20:10:13.248 [info] Getting sessions for all scopes...
2025-02-12 20:10:13.248 [info] Got 2 sessions for ...
2025-02-12 20:10:13.249 [info] Getting sessions for read:user,repo,user:email,workflow...
2025-02-12 20:10:13.249 [info] Got 1 sessions for read:user,repo,user:email,workflow...
2025-02-12 20:19:28.251 [info] Getting sessions for read:user,repo,user:email,workflow...
2025-02-12 20:19:28.251 [info] Got 1 sessions for read:user,repo,user:email,workflow...
2025-02-12 20:20:12.625 [info] Getting sessions for all scopes...
2025-02-12 20:20:12.625 [info] Got 2 sessions for ...
2025-02-12 20:20:12.627 [info] Getting sessions for read:user,repo,user:email,workflow...
2025-02-12 20:20:12.627 [info] Got 1 sessions for read:user,repo,user:email,workflow...
2025-02-12 20:20:13.356 [info] Getting sessions for all scopes...
2025-02-12 20:20:13.356 [info] Got 2 sessions for ...
2025-02-12 20:20:13.373 [info] Getting sessions for all scopes...
2025-02-12 20:20:13.373 [info] Got 2 sessions for ...
2025-02-12 20:20:13.374 [info] Getting sessions for read:user,repo,user:email,workflow...
2025-02-12 20:20:13.374 [info] Got 1 sessions for read:user,repo,user:email,workflow...
2025-02-12 20:20:13.376 [info] Getting sessions for all scopes...
2025-02-12 20:20:13.376 [info] Got 2 sessions for ...
2025-02-12 20:20:13.377 [info] Getting sessions for read:user,repo,user:email,workflow...
2025-02-12 20:20:13.377 [info] Got 1 sessions for read:user,repo,user:email,workflow...
2025-02-12 20:20:13.392 [info] Getting sessions for all scopes...
2025-02-12 20:20:13.393 [info] Got 2 sessions for ...
2025-02-12 20:20:13.394 [info] Getting sessions for read:user,repo,user:email,workflow...
2025-02-12 20:20:13.394 [info] Got 1 sessions for read:user,repo,user:email,workflow...
2025-02-12 20:25:53.292 [info] Getting sessions for read:user,repo,user:email...
2025-02-12 20:25:53.292 [info] Got 0 sessions for read:user,repo,user:email...
