2025-02-12 19:04:41.636 [info] [AutoSync] Using settings sync service https://vscode-sync.trafficmanager.net/
2025-02-12 19:04:41.636 [info] [AutoSync] Enabled.
2025-02-12 19:04:41.636 [info] [AutoSync] Suspended until auth token is available.
2025-02-12 19:04:48.066 [info] [AutoSync] Triggered by Interval
2025-02-12 19:04:48.066 [info] Sync started.
2025-02-12 19:04:48.584 [info] Settings: No changes found during synchronizing settings.
2025-02-12 19:04:48.618 [info] Keybindings: No changes found during synchronizing keybindings.
2025-02-12 19:04:48.622 [info] Snippets: No changes found during synchronizing snippets.
2025-02-12 19:04:48.624 [info] Tasks: No changes found during synchronizing tasks.
2025-02-12 19:04:49.237 [info] GlobalState: Updated remote ui state. Updated: commandPalette.mru.cache,commandPalette.mru.counter.
2025-02-12 19:04:49.243 [info] GlobalState: Updated last synchronized ui state
2025-02-12 19:04:49.358 [info] Extensions: No changes found during synchronizing extensions.
2025-02-12 19:04:49.361 [info] Profiles: No changes found during synchronizing profiles.
2025-02-12 19:04:49.367 [info] Sync done. Took 1301ms
2025-02-12 19:09:49.378 [info] [AutoSync] Triggered by Interval
2025-02-12 19:09:49.379 [info] Sync started.
2025-02-12 19:09:49.638 [info] Settings: No changes found during synchronizing settings.
2025-02-12 19:09:49.664 [info] Keybindings: No changes found during synchronizing keybindings.
2025-02-12 19:09:49.667 [info] Snippets: No changes found during synchronizing snippets.
2025-02-12 19:09:49.670 [info] Tasks: No changes found during synchronizing tasks.
2025-02-12 19:09:49.676 [info] GlobalState: No changes found during synchronizing ui state.
2025-02-12 19:09:49.819 [info] Extensions: No changes found during synchronizing extensions.
2025-02-12 19:09:49.821 [info] Profiles: No changes found during synchronizing profiles.
2025-02-12 19:09:49.823 [info] Sync done. Took 447ms
2025-02-12 19:11:15.710 [info] [AutoSync] Triggered by Activity
2025-02-12 19:11:15.711 [info] Sync started.
2025-02-12 19:11:15.795 [info] Settings: No changes found during synchronizing settings.
2025-02-12 19:11:15.804 [info] Keybindings: No changes found during synchronizing keybindings.
2025-02-12 19:11:15.807 [info] Snippets: No changes found during synchronizing snippets.
2025-02-12 19:11:15.810 [info] Tasks: No changes found during synchronizing tasks.
2025-02-12 19:11:16.253 [info] GlobalState: Updated remote ui state. Updated: extension.features.state.
2025-02-12 19:11:16.261 [info] GlobalState: Updated last synchronized ui state
2025-02-12 19:11:16.453 [info] Extensions: No changes found during synchronizing extensions.
2025-02-12 19:11:16.454 [info] Profiles: No changes found during synchronizing profiles.
2025-02-12 19:11:16.456 [info] Sync done. Took 746ms
2025-02-12 19:11:19.204 [info] [AutoSync] Triggered by Activity
2025-02-12 19:11:19.204 [info] Sync started.
2025-02-12 19:11:19.303 [info] Settings: No changes found during synchronizing settings.
2025-02-12 19:11:19.312 [info] Keybindings: No changes found during synchronizing keybindings.
2025-02-12 19:11:19.317 [info] Snippets: No changes found during synchronizing snippets.
2025-02-12 19:11:19.319 [info] Tasks: No changes found during synchronizing tasks.
2025-02-12 19:11:19.875 [info] GlobalState: Updated remote ui state. Updated: extension.features.state.
2025-02-12 19:11:19.884 [info] GlobalState: Updated last synchronized ui state
2025-02-12 19:11:20.014 [info] Extensions: No changes found during synchronizing extensions.
2025-02-12 19:11:20.015 [info] Profiles: No changes found during synchronizing profiles.
2025-02-12 19:11:20.016 [info] Sync done. Took 812ms
2025-02-12 19:16:20.059 [info] [AutoSync] Triggered by Interval
2025-02-12 19:16:20.060 [info] Sync started.
2025-02-12 19:16:20.380 [info] Settings: No changes found during synchronizing settings.
2025-02-12 19:16:20.417 [info] Keybindings: No changes found during synchronizing keybindings.
2025-02-12 19:16:20.420 [info] Snippets: No changes found during synchronizing snippets.
2025-02-12 19:16:20.422 [info] Tasks: No changes found during synchronizing tasks.
2025-02-12 19:16:20.426 [info] GlobalState: No changes found during synchronizing ui state.
2025-02-12 19:16:20.520 [info] Extensions: No changes found during synchronizing extensions.
2025-02-12 19:16:20.521 [info] Profiles: No changes found during synchronizing profiles.
2025-02-12 19:16:20.523 [info] Sync done. Took 467ms
2025-02-12 19:21:20.565 [info] [AutoSync] Triggered by Interval
2025-02-12 19:21:20.566 [info] Sync started.
2025-02-12 19:21:20.857 [info] Settings: No changes found during synchronizing settings.
2025-02-12 19:21:20.864 [info] Keybindings: No changes found during synchronizing keybindings.
2025-02-12 19:21:20.868 [info] Snippets: No changes found during synchronizing snippets.
2025-02-12 19:21:20.871 [info] Tasks: No changes found during synchronizing tasks.
2025-02-12 19:21:20.877 [info] GlobalState: No changes found during synchronizing ui state.
2025-02-12 19:21:20.974 [info] Extensions: No changes found during synchronizing extensions.
2025-02-12 19:21:20.976 [info] Profiles: No changes found during synchronizing profiles.
2025-02-12 19:21:20.978 [info] Sync done. Took 415ms
2025-02-12 19:24:47.965 [info] [AutoSync] Triggered by Activity
2025-02-12 19:24:47.966 [info] Sync started.
2025-02-12 19:24:48.260 [info] Settings: No changes found during synchronizing settings.
2025-02-12 19:24:48.265 [info] Keybindings: No changes found during synchronizing keybindings.
2025-02-12 19:24:48.268 [info] Snippets: No changes found during synchronizing snippets.
2025-02-12 19:24:48.271 [info] Tasks: No changes found during synchronizing tasks.
2025-02-12 19:24:48.275 [info] GlobalState: No changes found during synchronizing ui state.
2025-02-12 19:24:48.377 [info] Extensions: No changes found during synchronizing extensions.
2025-02-12 19:24:48.381 [info] Profiles: No changes found during synchronizing profiles.
2025-02-12 19:24:48.383 [info] Sync done. Took 420ms
2025-02-12 19:25:00.234 [info] [AutoSync] Triggered by Activity
2025-02-12 19:25:00.235 [info] Sync started.
2025-02-12 19:25:00.320 [info] Settings: No changes found during synchronizing settings.
2025-02-12 19:25:00.325 [info] Keybindings: No changes found during synchronizing keybindings.
2025-02-12 19:25:00.328 [info] Snippets: No changes found during synchronizing snippets.
2025-02-12 19:25:00.330 [info] Tasks: No changes found during synchronizing tasks.
2025-02-12 19:25:00.334 [info] GlobalState: No changes found during synchronizing ui state.
2025-02-12 19:25:00.432 [info] Extensions: No changes found during synchronizing extensions.
2025-02-12 19:25:00.433 [info] Profiles: No changes found during synchronizing profiles.
2025-02-12 19:25:00.435 [info] Sync done. Took 202ms
2025-02-12 19:27:49.289 [info] [AutoSync] Triggered by Activity
2025-02-12 19:27:49.289 [info] Sync started.
2025-02-12 19:27:49.528 [info] Settings: No changes found during synchronizing settings.
2025-02-12 19:27:49.533 [info] Keybindings: No changes found during synchronizing keybindings.
2025-02-12 19:27:49.537 [info] Snippets: No changes found during synchronizing snippets.
2025-02-12 19:27:49.540 [info] Tasks: No changes found during synchronizing tasks.
2025-02-12 19:27:49.553 [info] GlobalState: No changes found during synchronizing ui state.
2025-02-12 19:27:49.722 [info] Extensions: No changes found during synchronizing extensions.
2025-02-12 19:27:49.723 [info] Profiles: No changes found during synchronizing profiles.
2025-02-12 19:27:49.725 [info] Sync done. Took 436ms
2025-02-12 19:28:41.066 [info] [AutoSync] Triggered by Activity
2025-02-12 19:28:41.066 [info] Sync started.
2025-02-12 19:28:41.142 [info] Settings: No changes found during synchronizing settings.
2025-02-12 19:28:41.148 [info] Keybindings: No changes found during synchronizing keybindings.
2025-02-12 19:28:41.151 [info] Snippets: No changes found during synchronizing snippets.
2025-02-12 19:28:41.153 [info] Tasks: No changes found during synchronizing tasks.
2025-02-12 19:28:41.157 [info] GlobalState: No changes found during synchronizing ui state.
2025-02-12 19:28:41.274 [info] Extensions: No changes found during synchronizing extensions.
2025-02-12 19:28:41.277 [info] Profiles: No changes found during synchronizing profiles.
2025-02-12 19:28:41.278 [info] Sync done. Took 213ms
2025-02-12 19:33:41.338 [info] [AutoSync] Triggered by Interval
2025-02-12 19:33:41.338 [info] Sync started.
2025-02-12 19:33:41.593 [info] Settings: No changes found during synchronizing settings.
2025-02-12 19:33:41.600 [info] Keybindings: No changes found during synchronizing keybindings.
2025-02-12 19:33:41.603 [info] Snippets: No changes found during synchronizing snippets.
2025-02-12 19:33:41.605 [info] Tasks: No changes found during synchronizing tasks.
2025-02-12 19:33:41.609 [info] GlobalState: No changes found during synchronizing ui state.
2025-02-12 19:33:41.714 [info] Extensions: No changes found during synchronizing extensions.
2025-02-12 19:33:41.716 [info] Profiles: No changes found during synchronizing profiles.
2025-02-12 19:33:41.718 [info] Sync done. Took 380ms
2025-02-12 19:36:14.037 [info] [AutoSync] Triggered by Activity
2025-02-12 19:36:14.038 [info] Sync started.
2025-02-12 19:36:14.318 [info] Settings: No changes found during synchronizing settings.
2025-02-12 19:36:14.322 [info] Keybindings: No changes found during synchronizing keybindings.
2025-02-12 19:36:14.325 [info] Snippets: No changes found during synchronizing snippets.
2025-02-12 19:36:14.327 [info] Tasks: No changes found during synchronizing tasks.
2025-02-12 19:36:14.331 [info] GlobalState: No changes found during synchronizing ui state.
2025-02-12 19:36:14.431 [info] Extensions: No changes found during synchronizing extensions.
2025-02-12 19:36:14.433 [info] Profiles: No changes found during synchronizing profiles.
2025-02-12 19:36:14.434 [info] Sync done. Took 396ms
2025-02-12 19:41:14.466 [info] [AutoSync] Triggered by Interval
2025-02-12 19:41:14.466 [info] Sync started.
2025-02-12 19:41:14.691 [info] Settings: No changes found during synchronizing settings.
2025-02-12 19:41:14.697 [info] Keybindings: No changes found during synchronizing keybindings.
2025-02-12 19:41:14.700 [info] Snippets: No changes found during synchronizing snippets.
2025-02-12 19:41:14.703 [info] Tasks: No changes found during synchronizing tasks.
2025-02-12 19:41:14.707 [info] GlobalState: No changes found during synchronizing ui state.
2025-02-12 19:41:14.802 [info] Extensions: No changes found during synchronizing extensions.
2025-02-12 19:41:14.805 [info] Profiles: No changes found during synchronizing profiles.
2025-02-12 19:41:14.806 [info] Sync done. Took 340ms
2025-02-12 19:46:14.839 [info] [AutoSync] Triggered by Interval
2025-02-12 19:46:14.839 [info] Sync started.
2025-02-12 19:46:15.071 [info] Settings: No changes found during synchronizing settings.
2025-02-12 19:46:15.076 [info] Keybindings: No changes found during synchronizing keybindings.
2025-02-12 19:46:15.079 [info] Snippets: No changes found during synchronizing snippets.
2025-02-12 19:46:15.081 [info] Tasks: No changes found during synchronizing tasks.
2025-02-12 19:46:15.085 [info] GlobalState: No changes found during synchronizing ui state.
2025-02-12 19:46:15.184 [info] Extensions: No changes found during synchronizing extensions.
2025-02-12 19:46:15.185 [info] Profiles: No changes found during synchronizing profiles.
2025-02-12 19:46:15.187 [info] Sync done. Took 348ms
2025-02-12 19:51:15.219 [info] [AutoSync] Triggered by Interval
2025-02-12 19:51:15.219 [info] Sync started.
2025-02-12 19:51:15.463 [info] Settings: No changes found during synchronizing settings.
2025-02-12 19:51:15.468 [info] Keybindings: No changes found during synchronizing keybindings.
2025-02-12 19:51:15.471 [info] Snippets: No changes found during synchronizing snippets.
2025-02-12 19:51:15.473 [info] Tasks: No changes found during synchronizing tasks.
2025-02-12 19:51:15.478 [info] GlobalState: No changes found during synchronizing ui state.
2025-02-12 19:51:15.574 [info] Extensions: No changes found during synchronizing extensions.
2025-02-12 19:51:15.576 [info] Profiles: No changes found during synchronizing profiles.
2025-02-12 19:51:15.578 [info] Sync done. Took 359ms
2025-02-12 19:53:01.473 [info] [AutoSync] Triggered by Activity
2025-02-12 19:53:01.473 [info] Sync started.
2025-02-12 19:53:01.543 [info] Settings: No changes found during synchronizing settings.
2025-02-12 19:53:01.548 [info] Keybindings: No changes found during synchronizing keybindings.
2025-02-12 19:53:01.551 [info] Snippets: No changes found during synchronizing snippets.
2025-02-12 19:53:01.553 [info] Tasks: No changes found during synchronizing tasks.
2025-02-12 19:53:01.557 [info] GlobalState: No changes found during synchronizing ui state.
2025-02-12 19:53:01.649 [info] Extensions: No changes found during synchronizing extensions.
2025-02-12 19:53:01.651 [info] Profiles: No changes found during synchronizing profiles.
2025-02-12 19:53:01.652 [info] Sync done. Took 180ms
2025-02-12 19:53:37.523 [info] [AutoSync] Triggered by Activity
2025-02-12 19:53:37.524 [info] Sync started.
2025-02-12 19:53:37.594 [info] Settings: No changes found during synchronizing settings.
2025-02-12 19:53:37.600 [info] Keybindings: No changes found during synchronizing keybindings.
2025-02-12 19:53:37.603 [info] Snippets: No changes found during synchronizing snippets.
2025-02-12 19:53:37.605 [info] Tasks: No changes found during synchronizing tasks.
2025-02-12 19:53:37.609 [info] GlobalState: No changes found during synchronizing ui state.
2025-02-12 19:53:37.741 [info] Extensions: No changes found during synchronizing extensions.
2025-02-12 19:53:37.742 [info] Profiles: No changes found during synchronizing profiles.
2025-02-12 19:53:37.744 [info] Sync done. Took 221ms
2025-02-12 19:54:14.931 [info] [AutoSync] Triggered by Activity
2025-02-12 19:54:14.931 [info] Sync started.
2025-02-12 19:54:15.004 [info] Settings: No changes found during synchronizing settings.
2025-02-12 19:54:15.009 [info] Keybindings: No changes found during synchronizing keybindings.
2025-02-12 19:54:15.012 [info] Snippets: No changes found during synchronizing snippets.
2025-02-12 19:54:15.014 [info] Tasks: No changes found during synchronizing tasks.
2025-02-12 19:54:15.018 [info] GlobalState: No changes found during synchronizing ui state.
2025-02-12 19:54:15.108 [info] Extensions: No changes found during synchronizing extensions.
2025-02-12 19:54:15.109 [info] Profiles: No changes found during synchronizing profiles.
2025-02-12 19:54:15.110 [info] Sync done. Took 180ms
2025-02-12 19:56:45.373 [info] [AutoSync] Triggered by Activity
2025-02-12 19:56:45.373 [info] Sync started.
2025-02-12 19:56:45.591 [info] Settings: No changes found during synchronizing settings.
2025-02-12 19:56:45.595 [info] Keybindings: No changes found during synchronizing keybindings.
2025-02-12 19:56:45.598 [info] Snippets: No changes found during synchronizing snippets.
2025-02-12 19:56:45.600 [info] Tasks: No changes found during synchronizing tasks.
2025-02-12 19:56:46.321 [info] GlobalState: Updated remote ui state. Updated: extension.features.state.
2025-02-12 19:56:46.326 [info] GlobalState: Updated last synchronized ui state
2025-02-12 19:56:46.449 [info] Extensions: No changes found during synchronizing extensions.
2025-02-12 19:56:46.452 [info] Profiles: No changes found during synchronizing profiles.
2025-02-12 19:56:46.453 [info] Sync done. Took 1081ms
2025-02-12 19:56:50.872 [info] [AutoSync] Triggered by Activity
2025-02-12 19:56:50.872 [info] Sync started.
2025-02-12 19:56:50.937 [info] Settings: No changes found during synchronizing settings.
2025-02-12 19:56:50.949 [info] Keybindings: No changes found during synchronizing keybindings.
2025-02-12 19:56:50.952 [info] Snippets: No changes found during synchronizing snippets.
2025-02-12 19:56:50.956 [info] Tasks: No changes found during synchronizing tasks.
2025-02-12 19:56:51.653 [info] GlobalState: Updated remote ui state. Updated: extension.features.state.
2025-02-12 19:56:51.657 [info] GlobalState: Updated last synchronized ui state
2025-02-12 19:56:51.765 [info] Extensions: No changes found during synchronizing extensions.
2025-02-12 19:56:51.766 [info] Profiles: No changes found during synchronizing profiles.
2025-02-12 19:56:51.767 [info] Sync done. Took 896ms
2025-02-12 19:57:50.496 [info] [AutoSync] Triggered by Activity
2025-02-12 19:57:50.497 [info] Sync started.
2025-02-12 19:57:50.577 [info] Settings: No changes found during synchronizing settings.
2025-02-12 19:57:50.582 [info] Keybindings: No changes found during synchronizing keybindings.
2025-02-12 19:57:50.585 [info] Snippets: No changes found during synchronizing snippets.
2025-02-12 19:57:50.588 [info] Tasks: No changes found during synchronizing tasks.
2025-02-12 19:57:51.146 [info] GlobalState: Updated remote ui state. Updated: extension.features.state.
2025-02-12 19:57:51.150 [info] GlobalState: Updated last synchronized ui state
2025-02-12 19:57:51.271 [info] Extensions: No changes found during synchronizing extensions.
2025-02-12 19:57:51.274 [info] Profiles: No changes found during synchronizing profiles.
2025-02-12 19:57:51.275 [info] Sync done. Took 778ms
2025-02-12 19:57:54.273 [info] [AutoSync] Triggered by Activity
2025-02-12 19:57:54.273 [info] Sync started.
2025-02-12 19:57:54.346 [info] Settings: No changes found during synchronizing settings.
2025-02-12 19:57:54.352 [info] Keybindings: No changes found during synchronizing keybindings.
2025-02-12 19:57:54.356 [info] Snippets: No changes found during synchronizing snippets.
2025-02-12 19:57:54.358 [info] Tasks: No changes found during synchronizing tasks.
2025-02-12 19:57:55.042 [info] GlobalState: Updated remote ui state. Updated: extension.features.state.
2025-02-12 19:57:55.046 [info] GlobalState: Updated last synchronized ui state
2025-02-12 19:57:55.144 [info] Extensions: No changes found during synchronizing extensions.
2025-02-12 19:57:55.146 [info] Profiles: No changes found during synchronizing profiles.
2025-02-12 19:57:55.147 [info] Sync done. Took 874ms
2025-02-12 19:58:52.042 [info] [AutoSync] Triggered by Activity
2025-02-12 19:58:52.042 [info] Sync started.
2025-02-12 19:58:52.122 [info] Settings: No changes found during synchronizing settings.
2025-02-12 19:58:52.127 [info] Keybindings: No changes found during synchronizing keybindings.
2025-02-12 19:58:52.131 [info] Snippets: No changes found during synchronizing snippets.
2025-02-12 19:58:52.136 [info] Tasks: No changes found during synchronizing tasks.
2025-02-12 19:58:52.564 [info] GlobalState: Updated remote ui state. Updated: extension.features.state.
2025-02-12 19:58:52.569 [info] GlobalState: Updated last synchronized ui state
2025-02-12 19:58:52.704 [info] Extensions: No changes found during synchronizing extensions.
2025-02-12 19:58:52.709 [info] Profiles: No changes found during synchronizing profiles.
2025-02-12 19:58:52.710 [info] Sync done. Took 668ms
2025-02-12 19:58:55.672 [info] [AutoSync] Triggered by Activity
2025-02-12 19:58:55.673 [info] Sync started.
2025-02-12 19:58:55.750 [info] Settings: No changes found during synchronizing settings.
2025-02-12 19:58:55.756 [info] Keybindings: No changes found during synchronizing keybindings.
2025-02-12 19:58:55.761 [info] Snippets: No changes found during synchronizing snippets.
2025-02-12 19:58:55.763 [info] Tasks: No changes found during synchronizing tasks.
2025-02-12 19:58:56.473 [info] GlobalState: Updated remote ui state. Updated: extension.features.state.
2025-02-12 19:58:56.478 [info] GlobalState: Updated last synchronized ui state
2025-02-12 19:58:56.586 [info] Extensions: No changes found during synchronizing extensions.
2025-02-12 19:58:56.587 [info] Profiles: No changes found during synchronizing profiles.
2025-02-12 19:58:56.589 [info] Sync done. Took 917ms
2025-02-12 20:00:49.560 [info] [AutoSync] Triggered by Activity
2025-02-12 20:00:49.561 [info] Sync started.
2025-02-12 20:00:49.626 [info] Settings: No changes found during synchronizing settings.
2025-02-12 20:00:49.632 [info] Keybindings: No changes found during synchronizing keybindings.
2025-02-12 20:00:49.635 [info] Snippets: No changes found during synchronizing snippets.
2025-02-12 20:00:49.638 [info] Tasks: No changes found during synchronizing tasks.
2025-02-12 20:00:49.642 [info] GlobalState: No changes found during synchronizing ui state.
2025-02-12 20:00:49.774 [info] Extensions: No changes found during synchronizing extensions.
2025-02-12 20:00:49.776 [info] Profiles: No changes found during synchronizing profiles.
2025-02-12 20:00:49.778 [info] Sync done. Took 217ms
2025-02-12 20:01:01.081 [info] [AutoSync] Triggered by Activity
2025-02-12 20:01:01.081 [info] Sync started.
2025-02-12 20:01:01.157 [info] Settings: No changes found during synchronizing settings.
2025-02-12 20:01:01.163 [info] Keybindings: No changes found during synchronizing keybindings.
2025-02-12 20:01:01.167 [info] Snippets: No changes found during synchronizing snippets.
2025-02-12 20:01:01.169 [info] Tasks: No changes found during synchronizing tasks.
2025-02-12 20:01:01.173 [info] GlobalState: No changes found during synchronizing ui state.
2025-02-12 20:01:01.274 [info] Extensions: No changes found during synchronizing extensions.
2025-02-12 20:01:01.277 [info] Profiles: No changes found during synchronizing profiles.
2025-02-12 20:01:01.279 [info] Sync done. Took 198ms
2025-02-12 20:01:44.759 [info] [AutoSync] Triggered by Activity
2025-02-12 20:01:44.759 [info] Sync started.
2025-02-12 20:01:44.839 [info] Settings: No changes found during synchronizing settings.
2025-02-12 20:01:44.844 [info] Keybindings: No changes found during synchronizing keybindings.
2025-02-12 20:01:44.847 [info] Snippets: No changes found during synchronizing snippets.
2025-02-12 20:01:44.850 [info] Tasks: No changes found during synchronizing tasks.
2025-02-12 20:01:44.853 [info] GlobalState: No changes found during synchronizing ui state.
2025-02-12 20:01:44.954 [info] Extensions: No changes found during synchronizing extensions.
2025-02-12 20:01:44.956 [info] Profiles: No changes found during synchronizing profiles.
2025-02-12 20:01:44.957 [info] Sync done. Took 198ms
2025-02-12 20:02:20.815 [info] [AutoSync] Triggered by Activity
2025-02-12 20:02:20.816 [info] Sync started.
2025-02-12 20:02:20.880 [info] Settings: No changes found during synchronizing settings.
2025-02-12 20:02:20.885 [info] Keybindings: No changes found during synchronizing keybindings.
2025-02-12 20:02:20.888 [info] Snippets: No changes found during synchronizing snippets.
2025-02-12 20:02:20.890 [info] Tasks: No changes found during synchronizing tasks.
2025-02-12 20:02:20.894 [info] GlobalState: No changes found during synchronizing ui state.
2025-02-12 20:02:21.009 [info] Extensions: No changes found during synchronizing extensions.
2025-02-12 20:02:21.010 [info] Profiles: No changes found during synchronizing profiles.
2025-02-12 20:02:21.011 [info] Sync done. Took 195ms
2025-02-12 20:02:31.068 [info] [AutoSync] Triggered by Activity
2025-02-12 20:02:31.069 [info] Sync started.
2025-02-12 20:02:31.142 [info] Settings: No changes found during synchronizing settings.
2025-02-12 20:02:31.147 [info] Keybindings: No changes found during synchronizing keybindings.
2025-02-12 20:02:31.150 [info] Snippets: No changes found during synchronizing snippets.
2025-02-12 20:02:31.152 [info] Tasks: No changes found during synchronizing tasks.
2025-02-12 20:02:31.156 [info] GlobalState: No changes found during synchronizing ui state.
2025-02-12 20:02:31.266 [info] Extensions: No changes found during synchronizing extensions.
2025-02-12 20:02:31.272 [info] Profiles: No changes found during synchronizing profiles.
2025-02-12 20:02:31.274 [info] Sync done. Took 205ms
2025-02-12 20:02:43.060 [info] [AutoSync] Triggered by Activity
2025-02-12 20:02:43.060 [info] Sync started.
2025-02-12 20:02:43.121 [info] Settings: No changes found during synchronizing settings.
2025-02-12 20:02:43.125 [info] Keybindings: No changes found during synchronizing keybindings.
2025-02-12 20:02:43.127 [info] Snippets: No changes found during synchronizing snippets.
2025-02-12 20:02:43.130 [info] Tasks: No changes found during synchronizing tasks.
2025-02-12 20:02:43.805 [info] GlobalState: Updated remote ui state. Updated: extension.features.state.
2025-02-12 20:02:43.813 [info] GlobalState: Updated last synchronized ui state
2025-02-12 20:02:43.917 [info] Extensions: No changes found during synchronizing extensions.
2025-02-12 20:02:43.919 [info] Profiles: No changes found during synchronizing profiles.
2025-02-12 20:02:43.920 [info] Sync done. Took 860ms
2025-02-12 20:02:46.585 [info] [AutoSync] Triggered by Activity
2025-02-12 20:02:46.585 [info] Sync started.
2025-02-12 20:02:46.649 [info] Settings: No changes found during synchronizing settings.
2025-02-12 20:02:46.655 [info] Keybindings: No changes found during synchronizing keybindings.
2025-02-12 20:02:46.658 [info] Snippets: No changes found during synchronizing snippets.
2025-02-12 20:02:46.661 [info] Tasks: No changes found during synchronizing tasks.
2025-02-12 20:02:47.391 [info] GlobalState: Updated remote ui state. Updated: extension.features.state.
2025-02-12 20:02:47.398 [info] GlobalState: Updated last synchronized ui state
2025-02-12 20:02:47.543 [info] Extensions: No changes found during synchronizing extensions.
2025-02-12 20:02:47.550 [info] Profiles: No changes found during synchronizing profiles.
2025-02-12 20:02:47.552 [info] Sync done. Took 967ms
2025-02-12 20:03:51.227 [info] [AutoSync] Triggered by Activity
2025-02-12 20:03:51.228 [info] Sync started.
2025-02-12 20:03:51.294 [info] Settings: No changes found during synchronizing settings.
2025-02-12 20:03:51.300 [info] Keybindings: No changes found during synchronizing keybindings.
2025-02-12 20:03:51.304 [info] Snippets: No changes found during synchronizing snippets.
2025-02-12 20:03:51.306 [info] Tasks: No changes found during synchronizing tasks.
2025-02-12 20:03:51.311 [info] GlobalState: No changes found during synchronizing ui state.
2025-02-12 20:03:51.428 [info] Extensions: No changes found during synchronizing extensions.
2025-02-12 20:03:51.430 [info] Profiles: No changes found during synchronizing profiles.
2025-02-12 20:03:51.431 [info] Sync done. Took 203ms
2025-02-12 20:07:30.459 [info] [AutoSync] Triggered by Activity
2025-02-12 20:07:30.459 [info] Sync started.
2025-02-12 20:07:30.744 [info] Settings: No changes found during synchronizing settings.
2025-02-12 20:07:30.749 [info] Keybindings: No changes found during synchronizing keybindings.
2025-02-12 20:07:30.753 [info] Snippets: No changes found during synchronizing snippets.
2025-02-12 20:07:30.755 [info] Tasks: No changes found during synchronizing tasks.
2025-02-12 20:07:30.759 [info] GlobalState: No changes found during synchronizing ui state.
2025-02-12 20:07:30.887 [info] Extensions: No changes found during synchronizing extensions.
2025-02-12 20:07:30.889 [info] Profiles: No changes found during synchronizing profiles.
2025-02-12 20:07:30.892 [info] Sync done. Took 433ms
2025-02-12 20:09:02.877 [info] [AutoSync] Triggered by Activity
2025-02-12 20:09:02.877 [info] Sync started.
2025-02-12 20:09:02.948 [info] Settings: No changes found during synchronizing settings.
2025-02-12 20:09:02.954 [info] Keybindings: No changes found during synchronizing keybindings.
2025-02-12 20:09:02.958 [info] Snippets: No changes found during synchronizing snippets.
2025-02-12 20:09:02.960 [info] Tasks: No changes found during synchronizing tasks.
2025-02-12 20:09:02.964 [info] GlobalState: No changes found during synchronizing ui state.
2025-02-12 20:09:03.070 [info] Extensions: No changes found during synchronizing extensions.
2025-02-12 20:09:03.071 [info] Profiles: No changes found during synchronizing profiles.
2025-02-12 20:09:03.073 [info] Sync done. Took 196ms
2025-02-12 20:09:32.971 [info] [AutoSync] Triggered by Activity
2025-02-12 20:09:32.972 [info] Sync started.
2025-02-12 20:09:33.064 [info] Settings: No changes found during synchronizing settings.
2025-02-12 20:09:33.069 [info] Keybindings: No changes found during synchronizing keybindings.
2025-02-12 20:09:33.072 [info] Snippets: No changes found during synchronizing snippets.
2025-02-12 20:09:33.074 [info] Tasks: No changes found during synchronizing tasks.
2025-02-12 20:09:33.078 [info] GlobalState: No changes found during synchronizing ui state.
2025-02-12 20:09:33.200 [info] Extensions: No changes found during synchronizing extensions.
2025-02-12 20:09:33.202 [info] Profiles: No changes found during synchronizing profiles.
2025-02-12 20:09:33.203 [info] Sync done. Took 233ms
2025-02-12 20:10:03.115 [info] [AutoSync] Triggered by Activity
2025-02-12 20:10:03.115 [info] Sync started.
2025-02-12 20:10:03.200 [info] Settings: No changes found during synchronizing settings.
2025-02-12 20:10:03.205 [info] Keybindings: No changes found during synchronizing keybindings.
2025-02-12 20:10:03.208 [info] Snippets: No changes found during synchronizing snippets.
2025-02-12 20:10:03.210 [info] Tasks: No changes found during synchronizing tasks.
2025-02-12 20:10:03.213 [info] GlobalState: No changes found during synchronizing ui state.
2025-02-12 20:10:03.331 [info] Extensions: No changes found during synchronizing extensions.
2025-02-12 20:10:03.333 [info] Profiles: No changes found during synchronizing profiles.
2025-02-12 20:10:03.334 [info] Sync done. Took 220ms
2025-02-12 20:11:01.904 [info] [AutoSync] Triggered by Activity
2025-02-12 20:11:01.904 [info] Sync started.
2025-02-12 20:11:01.982 [info] Settings: No changes found during synchronizing settings.
2025-02-12 20:11:01.988 [info] Keybindings: No changes found during synchronizing keybindings.
2025-02-12 20:11:01.990 [info] Snippets: No changes found during synchronizing snippets.
2025-02-12 20:11:01.993 [info] Tasks: No changes found during synchronizing tasks.
2025-02-12 20:11:01.996 [info] GlobalState: No changes found during synchronizing ui state.
2025-02-12 20:11:02.103 [info] Extensions: No changes found during synchronizing extensions.
2025-02-12 20:11:02.105 [info] Profiles: No changes found during synchronizing profiles.
2025-02-12 20:11:02.106 [info] Sync done. Took 203ms
2025-02-12 20:11:16.246 [info] [AutoSync] Triggered by Activity
2025-02-12 20:11:16.246 [info] Sync started.
2025-02-12 20:11:16.324 [info] Settings: No changes found during synchronizing settings.
2025-02-12 20:11:16.329 [info] Keybindings: No changes found during synchronizing keybindings.
2025-02-12 20:11:16.331 [info] Snippets: No changes found during synchronizing snippets.
2025-02-12 20:11:16.334 [info] Tasks: No changes found during synchronizing tasks.
2025-02-12 20:11:16.339 [info] GlobalState: No changes found during synchronizing ui state.
2025-02-12 20:11:16.453 [info] Extensions: No changes found during synchronizing extensions.
2025-02-12 20:11:16.454 [info] Profiles: No changes found during synchronizing profiles.
2025-02-12 20:11:16.455 [info] Sync done. Took 210ms
2025-02-12 20:12:37.250 [info] [AutoSync] Triggered by Activity
2025-02-12 20:12:37.251 [info] Sync started.
2025-02-12 20:12:37.330 [info] Settings: No changes found during synchronizing settings.
2025-02-12 20:12:37.336 [info] Keybindings: No changes found during synchronizing keybindings.
2025-02-12 20:12:37.339 [info] Snippets: No changes found during synchronizing snippets.
2025-02-12 20:12:37.341 [info] Tasks: No changes found during synchronizing tasks.
2025-02-12 20:12:37.346 [info] GlobalState: No changes found during synchronizing ui state.
2025-02-12 20:12:37.439 [info] Extensions: No changes found during synchronizing extensions.
2025-02-12 20:12:37.440 [info] Profiles: No changes found during synchronizing profiles.
2025-02-12 20:12:37.442 [info] Sync done. Took 191ms
2025-02-12 20:13:28.793 [info] [AutoSync] Triggered by Activity
2025-02-12 20:13:28.793 [info] Sync started.
2025-02-12 20:13:28.873 [info] Settings: No changes found during synchronizing settings.
2025-02-12 20:13:28.879 [info] Keybindings: No changes found during synchronizing keybindings.
2025-02-12 20:13:28.882 [info] Snippets: No changes found during synchronizing snippets.
2025-02-12 20:13:28.885 [info] Tasks: No changes found during synchronizing tasks.
2025-02-12 20:13:28.889 [info] GlobalState: No changes found during synchronizing ui state.
2025-02-12 20:13:29.019 [info] Extensions: No changes found during synchronizing extensions.
2025-02-12 20:13:29.020 [info] Profiles: No changes found during synchronizing profiles.
2025-02-12 20:13:29.021 [info] Sync done. Took 230ms
2025-02-12 20:14:08.485 [info] [AutoSync] Triggered by Activity
2025-02-12 20:14:08.485 [info] Sync started.
2025-02-12 20:14:08.570 [info] Settings: No changes found during synchronizing settings.
2025-02-12 20:14:08.575 [info] Keybindings: No changes found during synchronizing keybindings.
2025-02-12 20:14:08.579 [info] Snippets: No changes found during synchronizing snippets.
2025-02-12 20:14:08.581 [info] Tasks: No changes found during synchronizing tasks.
2025-02-12 20:14:08.585 [info] GlobalState: No changes found during synchronizing ui state.
2025-02-12 20:14:08.687 [info] Extensions: No changes found during synchronizing extensions.
2025-02-12 20:14:08.688 [info] Profiles: No changes found during synchronizing profiles.
2025-02-12 20:14:08.689 [info] Sync done. Took 205ms
2025-02-12 20:15:55.385 [info] [AutoSync] Triggered by Activity
2025-02-12 20:15:55.386 [info] Sync started.
2025-02-12 20:15:55.489 [info] Settings: No changes found during synchronizing settings.
2025-02-12 20:15:55.495 [info] Keybindings: No changes found during synchronizing keybindings.
2025-02-12 20:15:55.499 [info] Snippets: No changes found during synchronizing snippets.
2025-02-12 20:15:55.502 [info] Tasks: No changes found during synchronizing tasks.
2025-02-12 20:15:55.507 [info] GlobalState: No changes found during synchronizing ui state.
2025-02-12 20:15:55.621 [info] Extensions: No changes found during synchronizing extensions.
2025-02-12 20:15:55.622 [info] Profiles: No changes found during synchronizing profiles.
2025-02-12 20:15:55.624 [info] Sync done. Took 239ms
2025-02-12 20:20:55.625 [info] [AutoSync] Triggered by Interval
2025-02-12 20:20:55.625 [info] Sync started.
2025-02-12 20:20:56.088 [info] Settings: No changes found during synchronizing settings.
2025-02-12 20:20:56.096 [info] Keybindings: No changes found during synchronizing keybindings.
2025-02-12 20:20:56.100 [info] Snippets: No changes found during synchronizing snippets.
2025-02-12 20:20:56.104 [info] Tasks: No changes found during synchronizing tasks.
2025-02-12 20:20:56.109 [info] GlobalState: No changes found during synchronizing ui state.
2025-02-12 20:20:56.289 [info] Extensions: No changes found during synchronizing extensions.
2025-02-12 20:20:56.295 [info] Profiles: No changes found during synchronizing profiles.
2025-02-12 20:20:56.298 [info] Sync done. Took 673ms
2025-02-12 20:24:06.770 [info] [AutoSync] Triggered by Activity
2025-02-12 20:24:06.770 [info] Sync started.
2025-02-12 20:24:07.033 [info] Settings: No changes found during synchronizing settings.
2025-02-12 20:24:07.039 [info] Keybindings: No changes found during synchronizing keybindings.
2025-02-12 20:24:07.041 [info] Snippets: No changes found during synchronizing snippets.
2025-02-12 20:24:07.044 [info] Tasks: No changes found during synchronizing tasks.
2025-02-12 20:24:07.049 [info] GlobalState: No changes found during synchronizing ui state.
2025-02-12 20:24:07.145 [info] Extensions: No changes found during synchronizing extensions.
2025-02-12 20:24:07.147 [info] Profiles: No changes found during synchronizing profiles.
2025-02-12 20:24:07.149 [info] Sync done. Took 379ms
