2025-02-15 12:10:01.255 [warning] /home/juanluis/.ssh/config: ENOENT: no such file or directory, open '/home/juanluis/.ssh/config'
2025-02-15 12:10:01.255 [info] Activation> Extension version: 0.104.1
2025-02-15 12:10:03.823 [info] Looking for git repository
2025-02-15 12:10:03.823 [info] Found 0 repositories during activation
2025-02-15 12:10:03.823 [info] Git repository found, initializing review manager and pr tree view.
2025-02-15 12:10:03.831 [info] Registering git provider
2025-02-15 12:10:03.831 [info] Review+0> Validate state in progress
2025-02-15 12:10:03.831 [info] Review+0> Validating state...
2025-02-15 12:10:03.971 [info] Found GitHub remote for folder /home/juanluis/git-repositories/TFM-BigData
2025-02-15 12:10:04.660 [info] Repo state for file:///home/juanluis/git-repositories/TFM-BigData changed.
2025-02-15 12:10:04.660 [info] Repo file:///home/juanluis/git-repositories/TFM-BigData has already been setup.
2025-02-15 12:10:05.449 [info] FolderRepositoryManager+0> Trying to use globalState for assignableUsers.
2025-02-15 12:10:05.665 [info] Review+0> No matching pull request metadata found locally for current branch main
2025-02-15 12:10:05.763 [info] FolderRepositoryManager+0> Using globalState assignableUsers for 1.
2025-02-15 12:10:06.305 [info] Review+0> No matching pull request metadata found on GitHub for current branch main
2025-02-15 12:24:22.460 [info] Review+0> Validate state in progress
2025-02-15 12:24:22.460 [info] Review+0> Validating state...
2025-02-15 12:24:22.607 [info] Found GitHub remote for folder /home/juanluis/git-repositories/TFM-BigData
2025-02-15 12:24:22.608 [info] Using in-memory cached assignable users.
2025-02-15 12:24:22.712 [info] Review+0> No matching pull request metadata found locally for current branch main
2025-02-15 12:24:23.130 [info] Review+0> No matching pull request metadata found on GitHub for current branch main
2025-02-15 12:24:31.905 [info] Review+0> Validate state in progress
2025-02-15 12:24:31.905 [info] Review+0> Validating state...
2025-02-15 12:24:31.947 [info] Found GitHub remote for folder /home/juanluis/git-repositories/TFM-BigData
2025-02-15 12:24:31.948 [info] Using in-memory cached assignable users.
2025-02-15 12:24:32.023 [info] Review+0> No matching pull request metadata found locally for current branch main
2025-02-15 12:24:32.561 [info] Review+0> No matching pull request metadata found on GitHub for current branch main
